TCP Ping trying to connect to server localhost (127.0.0.1) on port 1491
 ... connected to Pong server: asking for 501 repetitions of 32768 bytes TCP messages
 ... Pong server agreed :-)
tcp_ping received 32768 bytes back
Round trip time was 0.117024 milliseconds in repetition 1
tcp_ping received 32768 bytes back
Round trip time was 0.097743 milliseconds in repetition 2
tcp_ping received 32768 bytes back
Round trip time was 0.095208 milliseconds in repetition 3
tcp_ping received 32768 bytes back
Round trip time was 0.095561 milliseconds in repetition 4
tcp_ping received 32768 bytes back
Round trip time was 0.093882 milliseconds in repetition 5
tcp_ping received 32768 bytes back
Round trip time was 0.09583 milliseconds in repetition 6
tcp_ping received 32768 bytes back
Round trip time was 0.093735 milliseconds in repetition 7
tcp_ping received 32768 bytes back
Round trip time was 0.092821 milliseconds in repetition 8
tcp_ping received 32768 bytes back
Round trip time was 0.09389 milliseconds in repetition 9
tcp_ping received 32768 bytes back
Round trip time was 0.094865 milliseconds in repetition 10
tcp_ping received 32768 bytes back
Round trip time was 0.09275 milliseconds in repetition 11
tcp_ping received 32768 bytes back
Round trip time was 0.093412 milliseconds in repetition 12
tcp_ping received 32768 bytes back
Round trip time was 0.092895 milliseconds in repetition 13
tcp_ping received 32768 bytes back
Round trip time was 0.091307 milliseconds in repetition 14
tcp_ping received 32768 bytes back
Round trip time was 0.093305 milliseconds in repetition 15
tcp_ping received 32768 bytes back
Round trip time was 0.093071 milliseconds in repetition 16
tcp_ping received 32768 bytes back
Round trip time was 0.093851 milliseconds in repetition 17
tcp_ping received 32768 bytes back
Round trip time was 0.09212 milliseconds in repetition 18
tcp_ping received 32768 bytes back
Round trip time was 0.094019 milliseconds in repetition 19
tcp_ping received 32768 bytes back
Round trip time was 0.094389 milliseconds in repetition 20
tcp_ping received 32768 bytes back
Round trip time was 0.100769 milliseconds in repetition 21
tcp_ping received 32768 bytes back
Round trip time was 0.100965 milliseconds in repetition 22
tcp_ping received 32768 bytes back
Round trip time was 0.093388 milliseconds in repetition 23
tcp_ping received 32768 bytes back
Round trip time was 0.093409 milliseconds in repetition 24
tcp_ping received 32768 bytes back
Round trip time was 0.093394 milliseconds in repetition 25
tcp_ping received 32768 bytes back
Round trip time was 0.09273 milliseconds in repetition 26
tcp_ping received 32768 bytes back
Round trip time was 0.092592 milliseconds in repetition 27
tcp_ping received 32768 bytes back
Round trip time was 0.092785 milliseconds in repetition 28
tcp_ping received 32768 bytes back
Round trip time was 0.098014 milliseconds in repetition 29
tcp_ping received 32768 bytes back
Round trip time was 0.094086 milliseconds in repetition 30
tcp_ping received 32768 bytes back
Round trip time was 0.11049 milliseconds in repetition 31
tcp_ping received 32768 bytes back
Round trip time was 0.107021 milliseconds in repetition 32
tcp_ping received 32768 bytes back
Round trip time was 0.095134 milliseconds in repetition 33
tcp_ping received 32768 bytes back
Round trip time was 0.092654 milliseconds in repetition 34
tcp_ping received 32768 bytes back
Round trip time was 0.096069 milliseconds in repetition 35
tcp_ping received 32768 bytes back
Round trip time was 0.092436 milliseconds in repetition 36
tcp_ping received 32768 bytes back
Round trip time was 0.092726 milliseconds in repetition 37
tcp_ping received 32768 bytes back
Round trip time was 0.09288 milliseconds in repetition 38
tcp_ping received 32768 bytes back
Round trip time was 0.093636 milliseconds in repetition 39
tcp_ping received 32768 bytes back
Round trip time was 0.092011 milliseconds in repetition 40
tcp_ping received 32768 bytes back
Round trip time was 0.092564 milliseconds in repetition 41
tcp_ping received 32768 bytes back
Round trip time was 0.094459 milliseconds in repetition 42
tcp_ping received 32768 bytes back
Round trip time was 0.110283 milliseconds in repetition 43
tcp_ping received 32768 bytes back
Round trip time was 0.093942 milliseconds in repetition 44
tcp_ping received 32768 bytes back
Round trip time was 0.09439 milliseconds in repetition 45
tcp_ping received 32768 bytes back
Round trip time was 0.092454 milliseconds in repetition 46
tcp_ping received 32768 bytes back
Round trip time was 0.093158 milliseconds in repetition 47
tcp_ping received 32768 bytes back
Round trip time was 0.092572 milliseconds in repetition 48
tcp_ping received 32768 bytes back
Round trip time was 0.09433 milliseconds in repetition 49
tcp_ping received 32768 bytes back
Round trip time was 0.090967 milliseconds in repetition 50
tcp_ping received 32768 bytes back
Round trip time was 0.093832 milliseconds in repetition 51
tcp_ping received 32768 bytes back
Round trip time was 0.093369 milliseconds in repetition 52
tcp_ping received 32768 bytes back
Round trip time was 0.093168 milliseconds in repetition 53
tcp_ping received 32768 bytes back
Round trip time was 0.093051 milliseconds in repetition 54
tcp_ping received 32768 bytes back
Round trip time was 0.101566 milliseconds in repetition 55
tcp_ping received 32768 bytes back
Round trip time was 0.096398 milliseconds in repetition 56
tcp_ping received 32768 bytes back
Round trip time was 0.094471 milliseconds in repetition 57
tcp_ping received 32768 bytes back
Round trip time was 0.095896 milliseconds in repetition 58
tcp_ping received 32768 bytes back
Round trip time was 0.093159 milliseconds in repetition 59
tcp_ping received 32768 bytes back
Round trip time was 0.105246 milliseconds in repetition 60
tcp_ping received 32768 bytes back
Round trip time was 0.092584 milliseconds in repetition 61
tcp_ping received 32768 bytes back
Round trip time was 0.092052 milliseconds in repetition 62
tcp_ping received 32768 bytes back
Round trip time was 0.091929 milliseconds in repetition 63
tcp_ping received 32768 bytes back
Round trip time was 0.092516 milliseconds in repetition 64
tcp_ping received 32768 bytes back
Round trip time was 0.104308 milliseconds in repetition 65
tcp_ping received 32768 bytes back
Round trip time was 0.092784 milliseconds in repetition 66
tcp_ping received 32768 bytes back
Round trip time was 0.092339 milliseconds in repetition 67
tcp_ping received 32768 bytes back
Round trip time was 0.093023 milliseconds in repetition 68
tcp_ping received 32768 bytes back
Round trip time was 0.093634 milliseconds in repetition 69
tcp_ping received 32768 bytes back
Round trip time was 0.092856 milliseconds in repetition 70
tcp_ping received 32768 bytes back
Round trip time was 0.092604 milliseconds in repetition 71
tcp_ping received 32768 bytes back
Round trip time was 0.092549 milliseconds in repetition 72
tcp_ping received 32768 bytes back
Round trip time was 0.092626 milliseconds in repetition 73
tcp_ping received 32768 bytes back
Round trip time was 0.09635 milliseconds in repetition 74
tcp_ping received 32768 bytes back
Round trip time was 0.093957 milliseconds in repetition 75
tcp_ping received 32768 bytes back
Round trip time was 0.093864 milliseconds in repetition 76
tcp_ping received 32768 bytes back
Round trip time was 0.091684 milliseconds in repetition 77
tcp_ping received 32768 bytes back
Round trip time was 0.094318 milliseconds in repetition 78
tcp_ping received 32768 bytes back
Round trip time was 0.110038 milliseconds in repetition 79
tcp_ping received 32768 bytes back
Round trip time was 0.155764 milliseconds in repetition 80
tcp_ping received 32768 bytes back
Round trip time was 0.11413 milliseconds in repetition 81
tcp_ping received 32768 bytes back
Round trip time was 0.096375 milliseconds in repetition 82
tcp_ping received 32768 bytes back
Round trip time was 0.097384 milliseconds in repetition 83
tcp_ping received 32768 bytes back
Round trip time was 0.110291 milliseconds in repetition 84
tcp_ping received 32768 bytes back
Round trip time was 0.168407 milliseconds in repetition 85
tcp_ping received 32768 bytes back
Round trip time was 0.110825 milliseconds in repetition 86
tcp_ping received 32768 bytes back
Round trip time was 0.138121 milliseconds in repetition 87
tcp_ping received 32768 bytes back
Round trip time was 0.121927 milliseconds in repetition 88
tcp_ping received 32768 bytes back
Round trip time was 0.09451 milliseconds in repetition 89
tcp_ping received 32768 bytes back
Round trip time was 0.113344 milliseconds in repetition 90
tcp_ping received 32768 bytes back
Round trip time was 0.092379 milliseconds in repetition 91
tcp_ping received 32768 bytes back
Round trip time was 0.09215 milliseconds in repetition 92
tcp_ping received 32768 bytes back
Round trip time was 0.091551 milliseconds in repetition 93
tcp_ping received 32768 bytes back
Round trip time was 0.091853 milliseconds in repetition 94
tcp_ping received 32768 bytes back
Round trip time was 0.092771 milliseconds in repetition 95
tcp_ping received 32768 bytes back
Round trip time was 0.09383 milliseconds in repetition 96
tcp_ping received 32768 bytes back
Round trip time was 0.093229 milliseconds in repetition 97
tcp_ping received 32768 bytes back
Round trip time was 0.091044 milliseconds in repetition 98
tcp_ping received 32768 bytes back
Round trip time was 0.091554 milliseconds in repetition 99
tcp_ping received 32768 bytes back
Round trip time was 0.091646 milliseconds in repetition 100
tcp_ping received 32768 bytes back
Round trip time was 0.090992 milliseconds in repetition 101
tcp_ping received 32768 bytes back
Round trip time was 0.092572 milliseconds in repetition 102
tcp_ping received 32768 bytes back
Round trip time was 0.091303 milliseconds in repetition 103
tcp_ping received 32768 bytes back
Round trip time was 0.092101 milliseconds in repetition 104
tcp_ping received 32768 bytes back
Round trip time was 0.091409 milliseconds in repetition 105
tcp_ping received 32768 bytes back
Round trip time was 0.091834 milliseconds in repetition 106
tcp_ping received 32768 bytes back
Round trip time was 0.091651 milliseconds in repetition 107
tcp_ping received 32768 bytes back
Round trip time was 0.091576 milliseconds in repetition 108
tcp_ping received 32768 bytes back
Round trip time was 0.091351 milliseconds in repetition 109
tcp_ping received 32768 bytes back
Round trip time was 0.092435 milliseconds in repetition 110
tcp_ping received 32768 bytes back
Round trip time was 0.091527 milliseconds in repetition 111
tcp_ping received 32768 bytes back
Round trip time was 0.091557 milliseconds in repetition 112
tcp_ping received 32768 bytes back
Round trip time was 0.091362 milliseconds in repetition 113
tcp_ping received 32768 bytes back
Round trip time was 0.091866 milliseconds in repetition 114
tcp_ping received 32768 bytes back
Round trip time was 0.090855 milliseconds in repetition 115
tcp_ping received 32768 bytes back
Round trip time was 0.090105 milliseconds in repetition 116
tcp_ping received 32768 bytes back
Round trip time was 0.092277 milliseconds in repetition 117
tcp_ping received 32768 bytes back
Round trip time was 0.091454 milliseconds in repetition 118
tcp_ping received 32768 bytes back
Round trip time was 0.091328 milliseconds in repetition 119
tcp_ping received 32768 bytes back
Round trip time was 0.092733 milliseconds in repetition 120
tcp_ping received 32768 bytes back
Round trip time was 0.093548 milliseconds in repetition 121
tcp_ping received 32768 bytes back
Round trip time was 0.097988 milliseconds in repetition 122
tcp_ping received 32768 bytes back
Round trip time was 0.092501 milliseconds in repetition 123
tcp_ping received 32768 bytes back
Round trip time was 0.09046 milliseconds in repetition 124
tcp_ping received 32768 bytes back
Round trip time was 0.09358 milliseconds in repetition 125
tcp_ping received 32768 bytes back
Round trip time was 0.091664 milliseconds in repetition 126
tcp_ping received 32768 bytes back
Round trip time was 0.091366 milliseconds in repetition 127
tcp_ping received 32768 bytes back
Round trip time was 0.091486 milliseconds in repetition 128
tcp_ping received 32768 bytes back
Round trip time was 0.093324 milliseconds in repetition 129
tcp_ping received 32768 bytes back
Round trip time was 0.120333 milliseconds in repetition 130
tcp_ping received 32768 bytes back
Round trip time was 0.096527 milliseconds in repetition 131
tcp_ping received 32768 bytes back
Round trip time was 0.094674 milliseconds in repetition 132
tcp_ping received 32768 bytes back
Round trip time was 0.096388 milliseconds in repetition 133
tcp_ping received 32768 bytes back
Round trip time was 0.09527 milliseconds in repetition 134
tcp_ping received 32768 bytes back
Round trip time was 0.096304 milliseconds in repetition 135
tcp_ping received 32768 bytes back
Round trip time was 0.091901 milliseconds in repetition 136
tcp_ping received 32768 bytes back
Round trip time was 0.094573 milliseconds in repetition 137
tcp_ping received 32768 bytes back
Round trip time was 0.092981 milliseconds in repetition 138
tcp_ping received 32768 bytes back
Round trip time was 0.094155 milliseconds in repetition 139
tcp_ping received 32768 bytes back
Round trip time was 0.103197 milliseconds in repetition 140
tcp_ping received 32768 bytes back
Round trip time was 0.093302 milliseconds in repetition 141
tcp_ping received 32768 bytes back
Round trip time was 0.092815 milliseconds in repetition 142
tcp_ping received 32768 bytes back
Round trip time was 0.093444 milliseconds in repetition 143
tcp_ping received 32768 bytes back
Round trip time was 0.092744 milliseconds in repetition 144
tcp_ping received 32768 bytes back
Round trip time was 0.093728 milliseconds in repetition 145
tcp_ping received 32768 bytes back
Round trip time was 0.092653 milliseconds in repetition 146
tcp_ping received 32768 bytes back
Round trip time was 0.092688 milliseconds in repetition 147
tcp_ping received 32768 bytes back
Round trip time was 0.094356 milliseconds in repetition 148
tcp_ping received 32768 bytes back
Round trip time was 0.092682 milliseconds in repetition 149
tcp_ping received 32768 bytes back
Round trip time was 0.095942 milliseconds in repetition 150
tcp_ping received 32768 bytes back
Round trip time was 0.093498 milliseconds in repetition 151
tcp_ping received 32768 bytes back
Round trip time was 0.106397 milliseconds in repetition 152
tcp_ping received 32768 bytes back
Round trip time was 0.105092 milliseconds in repetition 153
tcp_ping received 32768 bytes back
Round trip time was 0.091784 milliseconds in repetition 154
tcp_ping received 32768 bytes back
Round trip time was 0.094048 milliseconds in repetition 155
tcp_ping received 32768 bytes back
Round trip time was 0.093337 milliseconds in repetition 156
tcp_ping received 32768 bytes back
Round trip time was 0.105071 milliseconds in repetition 157
tcp_ping received 32768 bytes back
Round trip time was 0.095086 milliseconds in repetition 158
tcp_ping received 32768 bytes back
Round trip time was 0.092941 milliseconds in repetition 159
tcp_ping received 32768 bytes back
Round trip time was 0.092984 milliseconds in repetition 160
tcp_ping received 32768 bytes back
Round trip time was 0.092097 milliseconds in repetition 161
tcp_ping received 32768 bytes back
Round trip time was 0.093627 milliseconds in repetition 162
tcp_ping received 32768 bytes back
Round trip time was 0.093218 milliseconds in repetition 163
tcp_ping received 32768 bytes back
Round trip time was 0.091419 milliseconds in repetition 164
tcp_ping received 32768 bytes back
Round trip time was 0.094605 milliseconds in repetition 165
tcp_ping received 32768 bytes back
Round trip time was 0.096474 milliseconds in repetition 166
tcp_ping received 32768 bytes back
Round trip time was 0.09336 milliseconds in repetition 167
tcp_ping received 32768 bytes back
Round trip time was 0.102247 milliseconds in repetition 168
tcp_ping received 32768 bytes back
Round trip time was 0.091833 milliseconds in repetition 169
tcp_ping received 32768 bytes back
Round trip time was 0.09693 milliseconds in repetition 170
tcp_ping received 32768 bytes back
Round trip time was 0.093798 milliseconds in repetition 171
tcp_ping received 32768 bytes back
Round trip time was 0.09333 milliseconds in repetition 172
tcp_ping received 32768 bytes back
Round trip time was 0.099201 milliseconds in repetition 173
tcp_ping received 32768 bytes back
Round trip time was 0.094104 milliseconds in repetition 174
tcp_ping received 32768 bytes back
Round trip time was 0.093274 milliseconds in repetition 175
tcp_ping received 32768 bytes back
Round trip time was 0.092885 milliseconds in repetition 176
tcp_ping received 32768 bytes back
Round trip time was 0.09515 milliseconds in repetition 177
tcp_ping received 32768 bytes back
Round trip time was 0.092369 milliseconds in repetition 178
tcp_ping received 32768 bytes back
Round trip time was 0.092514 milliseconds in repetition 179
tcp_ping received 32768 bytes back
Round trip time was 0.100389 milliseconds in repetition 180
tcp_ping received 32768 bytes back
Round trip time was 0.094181 milliseconds in repetition 181
tcp_ping received 32768 bytes back
Round trip time was 0.092138 milliseconds in repetition 182
tcp_ping received 32768 bytes back
Round trip time was 0.101572 milliseconds in repetition 183
tcp_ping received 32768 bytes back
Round trip time was 0.091975 milliseconds in repetition 184
tcp_ping received 32768 bytes back
Round trip time was 0.093575 milliseconds in repetition 185
tcp_ping received 32768 bytes back
Round trip time was 0.092519 milliseconds in repetition 186
tcp_ping received 32768 bytes back
Round trip time was 0.092407 milliseconds in repetition 187
tcp_ping received 32768 bytes back
Round trip time was 0.09721 milliseconds in repetition 188
tcp_ping received 32768 bytes back
Round trip time was 0.092889 milliseconds in repetition 189
tcp_ping received 32768 bytes back
Round trip time was 0.091828 milliseconds in repetition 190
tcp_ping received 32768 bytes back
Round trip time was 0.105218 milliseconds in repetition 191
tcp_ping received 32768 bytes back
Round trip time was 0.101259 milliseconds in repetition 192
tcp_ping received 32768 bytes back
Round trip time was 0.093399 milliseconds in repetition 193
tcp_ping received 32768 bytes back
Round trip time was 0.094504 milliseconds in repetition 194
tcp_ping received 32768 bytes back
Round trip time was 0.093097 milliseconds in repetition 195
tcp_ping received 32768 bytes back
Round trip time was 0.101674 milliseconds in repetition 196
tcp_ping received 32768 bytes back
Round trip time was 0.096141 milliseconds in repetition 197
tcp_ping received 32768 bytes back
Round trip time was 0.10171 milliseconds in repetition 198
tcp_ping received 32768 bytes back
Round trip time was 0.093044 milliseconds in repetition 199
tcp_ping received 32768 bytes back
Round trip time was 0.094705 milliseconds in repetition 200
tcp_ping received 32768 bytes back
Round trip time was 0.108911 milliseconds in repetition 201
tcp_ping received 32768 bytes back
Round trip time was 0.09535 milliseconds in repetition 202
tcp_ping received 32768 bytes back
Round trip time was 0.092795 milliseconds in repetition 203
tcp_ping received 32768 bytes back
Round trip time was 0.092651 milliseconds in repetition 204
tcp_ping received 32768 bytes back
Round trip time was 0.094514 milliseconds in repetition 205
tcp_ping received 32768 bytes back
Round trip time was 0.09283 milliseconds in repetition 206
tcp_ping received 32768 bytes back
Round trip time was 0.092619 milliseconds in repetition 207
tcp_ping received 32768 bytes back
Round trip time was 0.092305 milliseconds in repetition 208
tcp_ping received 32768 bytes back
Round trip time was 0.092695 milliseconds in repetition 209
tcp_ping received 32768 bytes back
Round trip time was 0.092611 milliseconds in repetition 210
tcp_ping received 32768 bytes back
Round trip time was 0.093237 milliseconds in repetition 211
tcp_ping received 32768 bytes back
Round trip time was 0.09298 milliseconds in repetition 212
tcp_ping received 32768 bytes back
Round trip time was 0.094154 milliseconds in repetition 213
tcp_ping received 32768 bytes back
Round trip time was 0.092519 milliseconds in repetition 214
tcp_ping received 32768 bytes back
Round trip time was 0.091183 milliseconds in repetition 215
tcp_ping received 32768 bytes back
Round trip time was 0.092662 milliseconds in repetition 216
tcp_ping received 32768 bytes back
Round trip time was 0.097773 milliseconds in repetition 217
tcp_ping received 32768 bytes back
Round trip time was 0.091453 milliseconds in repetition 218
tcp_ping received 32768 bytes back
Round trip time was 0.091838 milliseconds in repetition 219
tcp_ping received 32768 bytes back
Round trip time was 0.094306 milliseconds in repetition 220
tcp_ping received 32768 bytes back
Round trip time was 0.09316 milliseconds in repetition 221
tcp_ping received 32768 bytes back
Round trip time was 0.092663 milliseconds in repetition 222
tcp_ping received 32768 bytes back
Round trip time was 0.092106 milliseconds in repetition 223
tcp_ping received 32768 bytes back
Round trip time was 0.093278 milliseconds in repetition 224
tcp_ping received 32768 bytes back
Round trip time was 0.092668 milliseconds in repetition 225
tcp_ping received 32768 bytes back
Round trip time was 0.097178 milliseconds in repetition 226
tcp_ping received 32768 bytes back
Round trip time was 0.092804 milliseconds in repetition 227
tcp_ping received 32768 bytes back
Round trip time was 0.092536 milliseconds in repetition 228
tcp_ping received 32768 bytes back
Round trip time was 0.093977 milliseconds in repetition 229
tcp_ping received 32768 bytes back
Round trip time was 0.093887 milliseconds in repetition 230
tcp_ping received 32768 bytes back
Round trip time was 0.094128 milliseconds in repetition 231
tcp_ping received 32768 bytes back
Round trip time was 0.092889 milliseconds in repetition 232
tcp_ping received 32768 bytes back
Round trip time was 0.095062 milliseconds in repetition 233
tcp_ping received 32768 bytes back
Round trip time was 0.101662 milliseconds in repetition 234
tcp_ping received 32768 bytes back
Round trip time was 0.093349 milliseconds in repetition 235
tcp_ping received 32768 bytes back
Round trip time was 0.092851 milliseconds in repetition 236
tcp_ping received 32768 bytes back
Round trip time was 0.093748 milliseconds in repetition 237
tcp_ping received 32768 bytes back
Round trip time was 0.092457 milliseconds in repetition 238
tcp_ping received 32768 bytes back
Round trip time was 0.09249 milliseconds in repetition 239
tcp_ping received 32768 bytes back
Round trip time was 0.092727 milliseconds in repetition 240
tcp_ping received 32768 bytes back
Round trip time was 0.093651 milliseconds in repetition 241
tcp_ping received 32768 bytes back
Round trip time was 0.096849 milliseconds in repetition 242
tcp_ping received 32768 bytes back
Round trip time was 0.104139 milliseconds in repetition 243
tcp_ping received 32768 bytes back
Round trip time was 0.092872 milliseconds in repetition 244
tcp_ping received 32768 bytes back
Round trip time was 0.094296 milliseconds in repetition 245
tcp_ping received 32768 bytes back
Round trip time was 0.092668 milliseconds in repetition 246
tcp_ping received 32768 bytes back
Round trip time was 0.092513 milliseconds in repetition 247
tcp_ping received 32768 bytes back
Round trip time was 0.093021 milliseconds in repetition 248
tcp_ping received 32768 bytes back
Round trip time was 0.092327 milliseconds in repetition 249
tcp_ping received 32768 bytes back
Round trip time was 0.098159 milliseconds in repetition 250
tcp_ping received 32768 bytes back
Round trip time was 0.093175 milliseconds in repetition 251
tcp_ping received 32768 bytes back
Round trip time was 0.093036 milliseconds in repetition 252
tcp_ping received 32768 bytes back
Round trip time was 0.092599 milliseconds in repetition 253
tcp_ping received 32768 bytes back
Round trip time was 0.094661 milliseconds in repetition 254
tcp_ping received 32768 bytes back
Round trip time was 0.093113 milliseconds in repetition 255
tcp_ping received 32768 bytes back
Round trip time was 0.100324 milliseconds in repetition 256
tcp_ping received 32768 bytes back
Round trip time was 0.092452 milliseconds in repetition 257
tcp_ping received 32768 bytes back
Round trip time was 0.09246 milliseconds in repetition 258
tcp_ping received 32768 bytes back
Round trip time was 0.092512 milliseconds in repetition 259
tcp_ping received 32768 bytes back
Round trip time was 0.096482 milliseconds in repetition 260
tcp_ping received 32768 bytes back
Round trip time was 0.097501 milliseconds in repetition 261
tcp_ping received 32768 bytes back
Round trip time was 0.093297 milliseconds in repetition 262
tcp_ping received 32768 bytes back
Round trip time was 0.093095 milliseconds in repetition 263
tcp_ping received 32768 bytes back
Round trip time was 0.106372 milliseconds in repetition 264
tcp_ping received 32768 bytes back
Round trip time was 0.092453 milliseconds in repetition 265
tcp_ping received 32768 bytes back
Round trip time was 0.093151 milliseconds in repetition 266
tcp_ping received 32768 bytes back
Round trip time was 0.092696 milliseconds in repetition 267
tcp_ping received 32768 bytes back
Round trip time was 0.09281 milliseconds in repetition 268
tcp_ping received 32768 bytes back
Round trip time was 0.100562 milliseconds in repetition 269
tcp_ping received 32768 bytes back
Round trip time was 0.092629 milliseconds in repetition 270
tcp_ping received 32768 bytes back
Round trip time was 0.093141 milliseconds in repetition 271
tcp_ping received 32768 bytes back
Round trip time was 0.092806 milliseconds in repetition 272
tcp_ping received 32768 bytes back
Round trip time was 0.093035 milliseconds in repetition 273
tcp_ping received 32768 bytes back
Round trip time was 0.094019 milliseconds in repetition 274
tcp_ping received 32768 bytes back
Round trip time was 0.093094 milliseconds in repetition 275
tcp_ping received 32768 bytes back
Round trip time was 0.094571 milliseconds in repetition 276
tcp_ping received 32768 bytes back
Round trip time was 0.092747 milliseconds in repetition 277
tcp_ping received 32768 bytes back
Round trip time was 0.093552 milliseconds in repetition 278
tcp_ping received 32768 bytes back
Round trip time was 0.102421 milliseconds in repetition 279
tcp_ping received 32768 bytes back
Round trip time was 0.093827 milliseconds in repetition 280
tcp_ping received 32768 bytes back
Round trip time was 0.09402 milliseconds in repetition 281
tcp_ping received 32768 bytes back
Round trip time was 0.091326 milliseconds in repetition 282
tcp_ping received 32768 bytes back
Round trip time was 0.092974 milliseconds in repetition 283
tcp_ping received 32768 bytes back
Round trip time was 0.092697 milliseconds in repetition 284
tcp_ping received 32768 bytes back
Round trip time was 0.092613 milliseconds in repetition 285
tcp_ping received 32768 bytes back
Round trip time was 0.092779 milliseconds in repetition 286
tcp_ping received 32768 bytes back
Round trip time was 0.095208 milliseconds in repetition 287
tcp_ping received 32768 bytes back
Round trip time was 0.092979 milliseconds in repetition 288
tcp_ping received 32768 bytes back
Round trip time was 0.093228 milliseconds in repetition 289
tcp_ping received 32768 bytes back
Round trip time was 0.094747 milliseconds in repetition 290
tcp_ping received 32768 bytes back
Round trip time was 0.092633 milliseconds in repetition 291
tcp_ping received 32768 bytes back
Round trip time was 0.093233 milliseconds in repetition 292
tcp_ping received 32768 bytes back
Round trip time was 0.094325 milliseconds in repetition 293
tcp_ping received 32768 bytes back
Round trip time was 0.092691 milliseconds in repetition 294
tcp_ping received 32768 bytes back
Round trip time was 0.092581 milliseconds in repetition 295
tcp_ping received 32768 bytes back
Round trip time was 0.096557 milliseconds in repetition 296
tcp_ping received 32768 bytes back
Round trip time was 0.093133 milliseconds in repetition 297
tcp_ping received 32768 bytes back
Round trip time was 0.095303 milliseconds in repetition 298
tcp_ping received 32768 bytes back
Round trip time was 0.092702 milliseconds in repetition 299
tcp_ping received 32768 bytes back
Round trip time was 0.103673 milliseconds in repetition 300
tcp_ping received 32768 bytes back
Round trip time was 0.0934 milliseconds in repetition 301
tcp_ping received 32768 bytes back
Round trip time was 0.093382 milliseconds in repetition 302
tcp_ping received 32768 bytes back
Round trip time was 0.095611 milliseconds in repetition 303
tcp_ping received 32768 bytes back
Round trip time was 0.096886 milliseconds in repetition 304
tcp_ping received 32768 bytes back
Round trip time was 0.092289 milliseconds in repetition 305
tcp_ping received 32768 bytes back
Round trip time was 0.09813 milliseconds in repetition 306
tcp_ping received 32768 bytes back
Round trip time was 0.092853 milliseconds in repetition 307
tcp_ping received 32768 bytes back
Round trip time was 0.096337 milliseconds in repetition 308
tcp_ping received 32768 bytes back
Round trip time was 0.095001 milliseconds in repetition 309
tcp_ping received 32768 bytes back
Round trip time was 0.093061 milliseconds in repetition 310
tcp_ping received 32768 bytes back
Round trip time was 0.093713 milliseconds in repetition 311
tcp_ping received 32768 bytes back
Round trip time was 0.092321 milliseconds in repetition 312
tcp_ping received 32768 bytes back
Round trip time was 0.093811 milliseconds in repetition 313
tcp_ping received 32768 bytes back
Round trip time was 0.090152 milliseconds in repetition 314
tcp_ping received 32768 bytes back
Round trip time was 0.094196 milliseconds in repetition 315
tcp_ping received 32768 bytes back
Round trip time was 0.097514 milliseconds in repetition 316
tcp_ping received 32768 bytes back
Round trip time was 0.097939 milliseconds in repetition 317
tcp_ping received 32768 bytes back
Round trip time was 0.094022 milliseconds in repetition 318
tcp_ping received 32768 bytes back
Round trip time was 0.10414 milliseconds in repetition 319
tcp_ping received 32768 bytes back
Round trip time was 0.091144 milliseconds in repetition 320
tcp_ping received 32768 bytes back
Round trip time was 0.092748 milliseconds in repetition 321
tcp_ping received 32768 bytes back
Round trip time was 0.09495 milliseconds in repetition 322
tcp_ping received 32768 bytes back
Round trip time was 0.09647 milliseconds in repetition 323
tcp_ping received 32768 bytes back
Round trip time was 0.094097 milliseconds in repetition 324
tcp_ping received 32768 bytes back
Round trip time was 0.099817 milliseconds in repetition 325
tcp_ping received 32768 bytes back
Round trip time was 0.091997 milliseconds in repetition 326
tcp_ping received 32768 bytes back
Round trip time was 0.092732 milliseconds in repetition 327
tcp_ping received 32768 bytes back
Round trip time was 0.097608 milliseconds in repetition 328
tcp_ping received 32768 bytes back
Round trip time was 0.096416 milliseconds in repetition 329
tcp_ping received 32768 bytes back
Round trip time was 0.093714 milliseconds in repetition 330
tcp_ping received 32768 bytes back
Round trip time was 0.100108 milliseconds in repetition 331
tcp_ping received 32768 bytes back
Round trip time was 0.092577 milliseconds in repetition 332
tcp_ping received 32768 bytes back
Round trip time was 0.093171 milliseconds in repetition 333
tcp_ping received 32768 bytes back
Round trip time was 0.094414 milliseconds in repetition 334
tcp_ping received 32768 bytes back
Round trip time was 0.092696 milliseconds in repetition 335
tcp_ping received 32768 bytes back
Round trip time was 0.092792 milliseconds in repetition 336
tcp_ping received 32768 bytes back
Round trip time was 0.096242 milliseconds in repetition 337
tcp_ping received 32768 bytes back
Round trip time was 0.094387 milliseconds in repetition 338
tcp_ping received 32768 bytes back
Round trip time was 0.093218 milliseconds in repetition 339
tcp_ping received 32768 bytes back
Round trip time was 0.090114 milliseconds in repetition 340
tcp_ping received 32768 bytes back
Round trip time was 0.092616 milliseconds in repetition 341
tcp_ping received 32768 bytes back
Round trip time was 0.095104 milliseconds in repetition 342
tcp_ping received 32768 bytes back
Round trip time was 0.091948 milliseconds in repetition 343
tcp_ping received 32768 bytes back
Round trip time was 0.102646 milliseconds in repetition 344
tcp_ping received 32768 bytes back
Round trip time was 0.09209 milliseconds in repetition 345
tcp_ping received 32768 bytes back
Round trip time was 0.097677 milliseconds in repetition 346
tcp_ping received 32768 bytes back
Round trip time was 0.09316 milliseconds in repetition 347
tcp_ping received 32768 bytes back
Round trip time was 0.104392 milliseconds in repetition 348
tcp_ping received 32768 bytes back
Round trip time was 0.092815 milliseconds in repetition 349
tcp_ping received 32768 bytes back
Round trip time was 0.095029 milliseconds in repetition 350
tcp_ping received 32768 bytes back
Round trip time was 0.094416 milliseconds in repetition 351
tcp_ping received 32768 bytes back
Round trip time was 0.093448 milliseconds in repetition 352
tcp_ping received 32768 bytes back
Round trip time was 0.091759 milliseconds in repetition 353
tcp_ping received 32768 bytes back
Round trip time was 0.092932 milliseconds in repetition 354
tcp_ping received 32768 bytes back
Round trip time was 0.092706 milliseconds in repetition 355
tcp_ping received 32768 bytes back
Round trip time was 0.097265 milliseconds in repetition 356
tcp_ping received 32768 bytes back
Round trip time was 0.09271 milliseconds in repetition 357
tcp_ping received 32768 bytes back
Round trip time was 0.09276 milliseconds in repetition 358
tcp_ping received 32768 bytes back
Round trip time was 0.092991 milliseconds in repetition 359
tcp_ping received 32768 bytes back
Round trip time was 0.093987 milliseconds in repetition 360
tcp_ping received 32768 bytes back
Round trip time was 0.093101 milliseconds in repetition 361
tcp_ping received 32768 bytes back
Round trip time was 0.091727 milliseconds in repetition 362
tcp_ping received 32768 bytes back
Round trip time was 0.092823 milliseconds in repetition 363
tcp_ping received 32768 bytes back
Round trip time was 0.093106 milliseconds in repetition 364
tcp_ping received 32768 bytes back
Round trip time was 0.093844 milliseconds in repetition 365
tcp_ping received 32768 bytes back
Round trip time was 0.097321 milliseconds in repetition 366
tcp_ping received 32768 bytes back
Round trip time was 0.093635 milliseconds in repetition 367
tcp_ping received 32768 bytes back
Round trip time was 0.093569 milliseconds in repetition 368
tcp_ping received 32768 bytes back
Round trip time was 0.094754 milliseconds in repetition 369
tcp_ping received 32768 bytes back
Round trip time was 0.095016 milliseconds in repetition 370
tcp_ping received 32768 bytes back
Round trip time was 0.096267 milliseconds in repetition 371
tcp_ping received 32768 bytes back
Round trip time was 0.093114 milliseconds in repetition 372
tcp_ping received 32768 bytes back
Round trip time was 0.092511 milliseconds in repetition 373
tcp_ping received 32768 bytes back
Round trip time was 0.093323 milliseconds in repetition 374
tcp_ping received 32768 bytes back
Round trip time was 0.094184 milliseconds in repetition 375
tcp_ping received 32768 bytes back
Round trip time was 0.093981 milliseconds in repetition 376
tcp_ping received 32768 bytes back
Round trip time was 0.093026 milliseconds in repetition 377
tcp_ping received 32768 bytes back
Round trip time was 0.092436 milliseconds in repetition 378
tcp_ping received 32768 bytes back
Round trip time was 0.093955 milliseconds in repetition 379
tcp_ping received 32768 bytes back
Round trip time was 0.092867 milliseconds in repetition 380
tcp_ping received 32768 bytes back
Round trip time was 0.092538 milliseconds in repetition 381
tcp_ping received 32768 bytes back
Round trip time was 0.092502 milliseconds in repetition 382
tcp_ping received 32768 bytes back
Round trip time was 0.093336 milliseconds in repetition 383
tcp_ping received 32768 bytes back
Round trip time was 0.093127 milliseconds in repetition 384
tcp_ping received 32768 bytes back
Round trip time was 0.101791 milliseconds in repetition 385
tcp_ping received 32768 bytes back
Round trip time was 0.092692 milliseconds in repetition 386
tcp_ping received 32768 bytes back
Round trip time was 0.09355 milliseconds in repetition 387
tcp_ping received 32768 bytes back
Round trip time was 0.09612 milliseconds in repetition 388
tcp_ping received 32768 bytes back
Round trip time was 0.097102 milliseconds in repetition 389
tcp_ping received 32768 bytes back
Round trip time was 0.093244 milliseconds in repetition 390
tcp_ping received 32768 bytes back
Round trip time was 0.092092 milliseconds in repetition 391
tcp_ping received 32768 bytes back
Round trip time was 0.093035 milliseconds in repetition 392
tcp_ping received 32768 bytes back
Round trip time was 0.093295 milliseconds in repetition 393
tcp_ping received 32768 bytes back
Round trip time was 0.094954 milliseconds in repetition 394
tcp_ping received 32768 bytes back
Round trip time was 0.091237 milliseconds in repetition 395
tcp_ping received 32768 bytes back
Round trip time was 0.093102 milliseconds in repetition 396
tcp_ping received 32768 bytes back
Round trip time was 0.094321 milliseconds in repetition 397
tcp_ping received 32768 bytes back
Round trip time was 0.092858 milliseconds in repetition 398
tcp_ping received 32768 bytes back
Round trip time was 0.092928 milliseconds in repetition 399
tcp_ping received 32768 bytes back
Round trip time was 0.09268 milliseconds in repetition 400
tcp_ping received 32768 bytes back
Round trip time was 0.096507 milliseconds in repetition 401
tcp_ping received 32768 bytes back
Round trip time was 0.09499 milliseconds in repetition 402
tcp_ping received 32768 bytes back
Round trip time was 0.094466 milliseconds in repetition 403
tcp_ping received 32768 bytes back
Round trip time was 0.09289 milliseconds in repetition 404
tcp_ping received 32768 bytes back
Round trip time was 0.092669 milliseconds in repetition 405
tcp_ping received 32768 bytes back
Round trip time was 0.094837 milliseconds in repetition 406
tcp_ping received 32768 bytes back
Round trip time was 0.09268 milliseconds in repetition 407
tcp_ping received 32768 bytes back
Round trip time was 0.092684 milliseconds in repetition 408
tcp_ping received 32768 bytes back
Round trip time was 0.093144 milliseconds in repetition 409
tcp_ping received 32768 bytes back
Round trip time was 0.09244 milliseconds in repetition 410
tcp_ping received 32768 bytes back
Round trip time was 0.091883 milliseconds in repetition 411
tcp_ping received 32768 bytes back
Round trip time was 0.092928 milliseconds in repetition 412
tcp_ping received 32768 bytes back
Round trip time was 0.093685 milliseconds in repetition 413
tcp_ping received 32768 bytes back
Round trip time was 0.093762 milliseconds in repetition 414
tcp_ping received 32768 bytes back
Round trip time was 0.092675 milliseconds in repetition 415
tcp_ping received 32768 bytes back
Round trip time was 0.092702 milliseconds in repetition 416
tcp_ping received 32768 bytes back
Round trip time was 0.091795 milliseconds in repetition 417
tcp_ping received 32768 bytes back
Round trip time was 0.091253 milliseconds in repetition 418
tcp_ping received 32768 bytes back
Round trip time was 0.092619 milliseconds in repetition 419
tcp_ping received 32768 bytes back
Round trip time was 0.093651 milliseconds in repetition 420
tcp_ping received 32768 bytes back
Round trip time was 0.094657 milliseconds in repetition 421
tcp_ping received 32768 bytes back
Round trip time was 0.092629 milliseconds in repetition 422
tcp_ping received 32768 bytes back
Round trip time was 0.092308 milliseconds in repetition 423
tcp_ping received 32768 bytes back
Round trip time was 0.097378 milliseconds in repetition 424
tcp_ping received 32768 bytes back
Round trip time was 0.092891 milliseconds in repetition 425
tcp_ping received 32768 bytes back
Round trip time was 0.093072 milliseconds in repetition 426
tcp_ping received 32768 bytes back
Round trip time was 0.092029 milliseconds in repetition 427
tcp_ping received 32768 bytes back
Round trip time was 0.094308 milliseconds in repetition 428
tcp_ping received 32768 bytes back
Round trip time was 0.094193 milliseconds in repetition 429
tcp_ping received 32768 bytes back
Round trip time was 0.095736 milliseconds in repetition 430
tcp_ping received 32768 bytes back
Round trip time was 0.09272 milliseconds in repetition 431
tcp_ping received 32768 bytes back
Round trip time was 0.095206 milliseconds in repetition 432
tcp_ping received 32768 bytes back
Round trip time was 0.093735 milliseconds in repetition 433
tcp_ping received 32768 bytes back
Round trip time was 0.092795 milliseconds in repetition 434
tcp_ping received 32768 bytes back
Round trip time was 0.093947 milliseconds in repetition 435
tcp_ping received 32768 bytes back
Round trip time was 0.097927 milliseconds in repetition 436
tcp_ping received 32768 bytes back
Round trip time was 0.094686 milliseconds in repetition 437
tcp_ping received 32768 bytes back
Round trip time was 0.093786 milliseconds in repetition 438
tcp_ping received 32768 bytes back
Round trip time was 0.09247 milliseconds in repetition 439
tcp_ping received 32768 bytes back
Round trip time was 0.094879 milliseconds in repetition 440
tcp_ping received 32768 bytes back
Round trip time was 0.092949 milliseconds in repetition 441
tcp_ping received 32768 bytes back
Round trip time was 0.093941 milliseconds in repetition 442
tcp_ping received 32768 bytes back
Round trip time was 0.093933 milliseconds in repetition 443
tcp_ping received 32768 bytes back
Round trip time was 0.093252 milliseconds in repetition 444
tcp_ping received 32768 bytes back
Round trip time was 0.092998 milliseconds in repetition 445
tcp_ping received 32768 bytes back
Round trip time was 0.093582 milliseconds in repetition 446
tcp_ping received 32768 bytes back
Round trip time was 0.092919 milliseconds in repetition 447
tcp_ping received 32768 bytes back
Round trip time was 0.09482 milliseconds in repetition 448
tcp_ping received 32768 bytes back
Round trip time was 0.092559 milliseconds in repetition 449
tcp_ping received 32768 bytes back
Round trip time was 0.092997 milliseconds in repetition 450
tcp_ping received 32768 bytes back
Round trip time was 0.096539 milliseconds in repetition 451
tcp_ping received 32768 bytes back
Round trip time was 0.094456 milliseconds in repetition 452
tcp_ping received 32768 bytes back
Round trip time was 0.094807 milliseconds in repetition 453
tcp_ping received 32768 bytes back
Round trip time was 0.092696 milliseconds in repetition 454
tcp_ping received 32768 bytes back
Round trip time was 0.09254 milliseconds in repetition 455
tcp_ping received 32768 bytes back
Round trip time was 0.104581 milliseconds in repetition 456
tcp_ping received 32768 bytes back
Round trip time was 0.092702 milliseconds in repetition 457
tcp_ping received 32768 bytes back
Round trip time was 0.092621 milliseconds in repetition 458
tcp_ping received 32768 bytes back
Round trip time was 0.092877 milliseconds in repetition 459
tcp_ping received 32768 bytes back
Round trip time was 0.094711 milliseconds in repetition 460
tcp_ping received 32768 bytes back
Round trip time was 0.094704 milliseconds in repetition 461
tcp_ping received 32768 bytes back
Round trip time was 0.092833 milliseconds in repetition 462
tcp_ping received 32768 bytes back
Round trip time was 0.092493 milliseconds in repetition 463
tcp_ping received 32768 bytes back
Round trip time was 0.092762 milliseconds in repetition 464
tcp_ping received 32768 bytes back
Round trip time was 0.091938 milliseconds in repetition 465
tcp_ping received 32768 bytes back
Round trip time was 0.093499 milliseconds in repetition 466
tcp_ping received 32768 bytes back
Round trip time was 0.091788 milliseconds in repetition 467
tcp_ping received 32768 bytes back
Round trip time was 0.093929 milliseconds in repetition 468
tcp_ping received 32768 bytes back
Round trip time was 0.093964 milliseconds in repetition 469
tcp_ping received 32768 bytes back
Round trip time was 0.093797 milliseconds in repetition 470
tcp_ping received 32768 bytes back
Round trip time was 0.098929 milliseconds in repetition 471
tcp_ping received 32768 bytes back
Round trip time was 0.093763 milliseconds in repetition 472
tcp_ping received 32768 bytes back
Round trip time was 0.095563 milliseconds in repetition 473
tcp_ping received 32768 bytes back
Round trip time was 0.092759 milliseconds in repetition 474
tcp_ping received 32768 bytes back
Round trip time was 0.094454 milliseconds in repetition 475
tcp_ping received 32768 bytes back
Round trip time was 0.097607 milliseconds in repetition 476
tcp_ping received 32768 bytes back
Round trip time was 0.093168 milliseconds in repetition 477
tcp_ping received 32768 bytes back
Round trip time was 0.09434 milliseconds in repetition 478
tcp_ping received 32768 bytes back
Round trip time was 0.095355 milliseconds in repetition 479
tcp_ping received 32768 bytes back
Round trip time was 0.093732 milliseconds in repetition 480
tcp_ping received 32768 bytes back
Round trip time was 0.092801 milliseconds in repetition 481
tcp_ping received 32768 bytes back
Round trip time was 0.094502 milliseconds in repetition 482
tcp_ping received 32768 bytes back
Round trip time was 0.09314 milliseconds in repetition 483
tcp_ping received 32768 bytes back
Round trip time was 0.093459 milliseconds in repetition 484
tcp_ping received 32768 bytes back
Round trip time was 0.093263 milliseconds in repetition 485
tcp_ping received 32768 bytes back
Round trip time was 0.092826 milliseconds in repetition 486
tcp_ping received 32768 bytes back
Round trip time was 0.092588 milliseconds in repetition 487
tcp_ping received 32768 bytes back
Round trip time was 0.092791 milliseconds in repetition 488
tcp_ping received 32768 bytes back
Round trip time was 0.095266 milliseconds in repetition 489
tcp_ping received 32768 bytes back
Round trip time was 0.093246 milliseconds in repetition 490
tcp_ping received 32768 bytes back
Round trip time was 0.092562 milliseconds in repetition 491
tcp_ping received 32768 bytes back
Round trip time was 0.092673 milliseconds in repetition 492
tcp_ping received 32768 bytes back
Round trip time was 0.094169 milliseconds in repetition 493
tcp_ping received 32768 bytes back
Round trip time was 0.093887 milliseconds in repetition 494
tcp_ping received 32768 bytes back
Round trip time was 0.091979 milliseconds in repetition 495
tcp_ping received 32768 bytes back
Round trip time was 0.092901 milliseconds in repetition 496
tcp_ping received 32768 bytes back
Round trip time was 0.092798 milliseconds in repetition 497
tcp_ping received 32768 bytes back
Round trip time was 0.091939 milliseconds in repetition 498
tcp_ping received 32768 bytes back
Round trip time was 0.092954 milliseconds in repetition 499
tcp_ping received 32768 bytes back
Round trip time was 0.092885 milliseconds in repetition 500
tcp_ping received 32768 bytes back
Round trip time was 0.093105 milliseconds in repetition 501

 ... clock resolution was 1e-06
TCP Ping:  Statistics over 501 repetitions of 32768 byte messages

RTT : percentile 10: 0.091975, median: 0.093233, percentile 90: 0.097988, average: 0.0948954, variance: 3.80828e-05

RTT histogram:
0.0901045 56
0.0940196 356
0.0979348 45
0.10185 18
0.105765 12
0.10968 6
0.113595 2
0.117511 1
0.121426 2
0.125341 0
0.129256 0
0.133171 0
0.137086 1
0.141001 0
0.144917 0
0.148832 0
0.152747 0
0.156662 1
0.160577 0
0.164492 0
0.168408 1

   median Throughput : 702927 KB/s   overall Throughput : 690613 KB/s

