TCP Ping trying to connect to server localhost (127.0.0.1) on port 1491
 ... connected to Pong server: asking for 501 repetitions of 131072 bytes TCP messages
 ... Pong server agreed :-)
tcp_ping received 131072 bytes back
Round trip time was 0.553403 milliseconds in repetition 1
tcp_ping received 131072 bytes back
Round trip time was 0.426687 milliseconds in repetition 2
tcp_ping received 131072 bytes back
Round trip time was 0.384896 milliseconds in repetition 3
tcp_ping received 131072 bytes back
Round trip time was 0.395765 milliseconds in repetition 4
tcp_ping received 131072 bytes back
Round trip time was 0.387556 milliseconds in repetition 5
tcp_ping received 131072 bytes back
Round trip time was 0.395944 milliseconds in repetition 6
tcp_ping received 131072 bytes back
Round trip time was 0.434736 milliseconds in repetition 7
tcp_ping received 131072 bytes back
Round trip time was 0.421219 milliseconds in repetition 8
tcp_ping received 131072 bytes back
Round trip time was 0.442304 milliseconds in repetition 9
tcp_ping received 131072 bytes back
Round trip time was 0.462702 milliseconds in repetition 10
tcp_ping received 131072 bytes back
Round trip time was 0.420614 milliseconds in repetition 11
tcp_ping received 131072 bytes back
Round trip time was 0.43857 milliseconds in repetition 12
tcp_ping received 131072 bytes back
Round trip time was 0.387887 milliseconds in repetition 13
tcp_ping received 131072 bytes back
Round trip time was 0.373182 milliseconds in repetition 14
tcp_ping received 131072 bytes back
Round trip time was 0.387349 milliseconds in repetition 15
tcp_ping received 131072 bytes back
Round trip time was 0.414894 milliseconds in repetition 16
tcp_ping received 131072 bytes back
Round trip time was 0.395148 milliseconds in repetition 17
tcp_ping received 131072 bytes back
Round trip time was 0.422152 milliseconds in repetition 18
tcp_ping received 131072 bytes back
Round trip time was 0.360492 milliseconds in repetition 19
tcp_ping received 131072 bytes back
Round trip time was 0.396343 milliseconds in repetition 20
tcp_ping received 131072 bytes back
Round trip time was 0.401404 milliseconds in repetition 21
tcp_ping received 131072 bytes back
Round trip time was 0.358695 milliseconds in repetition 22
tcp_ping received 131072 bytes back
Round trip time was 0.401895 milliseconds in repetition 23
tcp_ping received 131072 bytes back
Round trip time was 0.384164 milliseconds in repetition 24
tcp_ping received 131072 bytes back
Round trip time was 0.37966 milliseconds in repetition 25
tcp_ping received 131072 bytes back
Round trip time was 0.392479 milliseconds in repetition 26
tcp_ping received 131072 bytes back
Round trip time was 0.38366 milliseconds in repetition 27
tcp_ping received 131072 bytes back
Round trip time was 0.390815 milliseconds in repetition 28
tcp_ping received 131072 bytes back
Round trip time was 0.38125 milliseconds in repetition 29
tcp_ping received 131072 bytes back
Round trip time was 0.398692 milliseconds in repetition 30
tcp_ping received 131072 bytes back
Round trip time was 0.375736 milliseconds in repetition 31
tcp_ping received 131072 bytes back
Round trip time was 0.430829 milliseconds in repetition 32
tcp_ping received 131072 bytes back
Round trip time was 0.386704 milliseconds in repetition 33
tcp_ping received 131072 bytes back
Round trip time was 0.387924 milliseconds in repetition 34
tcp_ping received 131072 bytes back
Round trip time was 0.391478 milliseconds in repetition 35
tcp_ping received 131072 bytes back
Round trip time was 0.38063 milliseconds in repetition 36
tcp_ping received 131072 bytes back
Round trip time was 0.389465 milliseconds in repetition 37
tcp_ping received 131072 bytes back
Round trip time was 0.384589 milliseconds in repetition 38
tcp_ping received 131072 bytes back
Round trip time was 0.388593 milliseconds in repetition 39
tcp_ping received 131072 bytes back
Round trip time was 0.389043 milliseconds in repetition 40
tcp_ping received 131072 bytes back
Round trip time was 0.383864 milliseconds in repetition 41
tcp_ping received 131072 bytes back
Round trip time was 0.393744 milliseconds in repetition 42
tcp_ping received 131072 bytes back
Round trip time was 0.387901 milliseconds in repetition 43
tcp_ping received 131072 bytes back
Round trip time was 0.380251 milliseconds in repetition 44
tcp_ping received 131072 bytes back
Round trip time was 0.388484 milliseconds in repetition 45
tcp_ping received 131072 bytes back
Round trip time was 0.391671 milliseconds in repetition 46
tcp_ping received 131072 bytes back
Round trip time was 0.381968 milliseconds in repetition 47
tcp_ping received 131072 bytes back
Round trip time was 0.362556 milliseconds in repetition 48
tcp_ping received 131072 bytes back
Round trip time was 0.373053 milliseconds in repetition 49
tcp_ping received 131072 bytes back
Round trip time was 0.355453 milliseconds in repetition 50
tcp_ping received 131072 bytes back
Round trip time was 0.359398 milliseconds in repetition 51
tcp_ping received 131072 bytes back
Round trip time was 0.351983 milliseconds in repetition 52
tcp_ping received 131072 bytes back
Round trip time was 0.366422 milliseconds in repetition 53
tcp_ping received 131072 bytes back
Round trip time was 0.350703 milliseconds in repetition 54
tcp_ping received 131072 bytes back
Round trip time was 0.352004 milliseconds in repetition 55
tcp_ping received 131072 bytes back
Round trip time was 0.352389 milliseconds in repetition 56
tcp_ping received 131072 bytes back
Round trip time was 0.363465 milliseconds in repetition 57
tcp_ping received 131072 bytes back
Round trip time was 0.361241 milliseconds in repetition 58
tcp_ping received 131072 bytes back
Round trip time was 0.348916 milliseconds in repetition 59
tcp_ping received 131072 bytes back
Round trip time was 0.349022 milliseconds in repetition 60
tcp_ping received 131072 bytes back
Round trip time was 0.359646 milliseconds in repetition 61
tcp_ping received 131072 bytes back
Round trip time was 0.351572 milliseconds in repetition 62
tcp_ping received 131072 bytes back
Round trip time was 0.351051 milliseconds in repetition 63
tcp_ping received 131072 bytes back
Round trip time was 0.352096 milliseconds in repetition 64
tcp_ping received 131072 bytes back
Round trip time was 0.348031 milliseconds in repetition 65
tcp_ping received 131072 bytes back
Round trip time was 0.357082 milliseconds in repetition 66
tcp_ping received 131072 bytes back
Round trip time was 0.359288 milliseconds in repetition 67
tcp_ping received 131072 bytes back
Round trip time was 0.358036 milliseconds in repetition 68
tcp_ping received 131072 bytes back
Round trip time was 0.350364 milliseconds in repetition 69
tcp_ping received 131072 bytes back
Round trip time was 0.352883 milliseconds in repetition 70
tcp_ping received 131072 bytes back
Round trip time was 0.352537 milliseconds in repetition 71
tcp_ping received 131072 bytes back
Round trip time was 0.35124 milliseconds in repetition 72
tcp_ping received 131072 bytes back
Round trip time was 0.349399 milliseconds in repetition 73
tcp_ping received 131072 bytes back
Round trip time was 0.350983 milliseconds in repetition 74
tcp_ping received 131072 bytes back
Round trip time was 0.348634 milliseconds in repetition 75
tcp_ping received 131072 bytes back
Round trip time was 0.355777 milliseconds in repetition 76
tcp_ping received 131072 bytes back
Round trip time was 0.368607 milliseconds in repetition 77
tcp_ping received 131072 bytes back
Round trip time was 0.353715 milliseconds in repetition 78
tcp_ping received 131072 bytes back
Round trip time was 0.350738 milliseconds in repetition 79
tcp_ping received 131072 bytes back
Round trip time was 0.536767 milliseconds in repetition 80
tcp_ping received 131072 bytes back
Round trip time was 0.438865 milliseconds in repetition 81
tcp_ping received 131072 bytes back
Round trip time was 0.397799 milliseconds in repetition 82
tcp_ping received 131072 bytes back
Round trip time was 0.419485 milliseconds in repetition 83
tcp_ping received 131072 bytes back
Round trip time was 0.363096 milliseconds in repetition 84
tcp_ping received 131072 bytes back
Round trip time was 0.356282 milliseconds in repetition 85
tcp_ping received 131072 bytes back
Round trip time was 0.367285 milliseconds in repetition 86
tcp_ping received 131072 bytes back
Round trip time was 0.357702 milliseconds in repetition 87
tcp_ping received 131072 bytes back
Round trip time was 0.353749 milliseconds in repetition 88
tcp_ping received 131072 bytes back
Round trip time was 0.371814 milliseconds in repetition 89
tcp_ping received 131072 bytes back
Round trip time was 0.348557 milliseconds in repetition 90
tcp_ping received 131072 bytes back
Round trip time was 0.348528 milliseconds in repetition 91
tcp_ping received 131072 bytes back
Round trip time was 0.351867 milliseconds in repetition 92
tcp_ping received 131072 bytes back
Round trip time was 0.350641 milliseconds in repetition 93
tcp_ping received 131072 bytes back
Round trip time was 0.358618 milliseconds in repetition 94
tcp_ping received 131072 bytes back
Round trip time was 0.368806 milliseconds in repetition 95
tcp_ping received 131072 bytes back
Round trip time was 0.368724 milliseconds in repetition 96
tcp_ping received 131072 bytes back
Round trip time was 0.353107 milliseconds in repetition 97
tcp_ping received 131072 bytes back
Round trip time was 0.375784 milliseconds in repetition 98
tcp_ping received 131072 bytes back
Round trip time was 0.3523 milliseconds in repetition 99
tcp_ping received 131072 bytes back
Round trip time was 0.350077 milliseconds in repetition 100
tcp_ping received 131072 bytes back
Round trip time was 0.348301 milliseconds in repetition 101
tcp_ping received 131072 bytes back
Round trip time was 0.350882 milliseconds in repetition 102
tcp_ping received 131072 bytes back
Round trip time was 0.360111 milliseconds in repetition 103
tcp_ping received 131072 bytes back
Round trip time was 0.360022 milliseconds in repetition 104
tcp_ping received 131072 bytes back
Round trip time was 0.347978 milliseconds in repetition 105
tcp_ping received 131072 bytes back
Round trip time was 0.358592 milliseconds in repetition 106
tcp_ping received 131072 bytes back
Round trip time was 0.351249 milliseconds in repetition 107
tcp_ping received 131072 bytes back
Round trip time was 0.351276 milliseconds in repetition 108
tcp_ping received 131072 bytes back
Round trip time was 0.355565 milliseconds in repetition 109
tcp_ping received 131072 bytes back
Round trip time was 0.351601 milliseconds in repetition 110
tcp_ping received 131072 bytes back
Round trip time was 0.34891 milliseconds in repetition 111
tcp_ping received 131072 bytes back
Round trip time was 0.35379 milliseconds in repetition 112
tcp_ping received 131072 bytes back
Round trip time was 0.352136 milliseconds in repetition 113
tcp_ping received 131072 bytes back
Round trip time was 0.352693 milliseconds in repetition 114
tcp_ping received 131072 bytes back
Round trip time was 0.358149 milliseconds in repetition 115
tcp_ping received 131072 bytes back
Round trip time was 0.351349 milliseconds in repetition 116
tcp_ping received 131072 bytes back
Round trip time was 0.357843 milliseconds in repetition 117
tcp_ping received 131072 bytes back
Round trip time was 0.37067 milliseconds in repetition 118
tcp_ping received 131072 bytes back
Round trip time was 0.35557 milliseconds in repetition 119
tcp_ping received 131072 bytes back
Round trip time was 0.349235 milliseconds in repetition 120
tcp_ping received 131072 bytes back
Round trip time was 0.349525 milliseconds in repetition 121
tcp_ping received 131072 bytes back
Round trip time was 0.361983 milliseconds in repetition 122
tcp_ping received 131072 bytes back
Round trip time was 0.359661 milliseconds in repetition 123
tcp_ping received 131072 bytes back
Round trip time was 0.348882 milliseconds in repetition 124
tcp_ping received 131072 bytes back
Round trip time was 0.35116 milliseconds in repetition 125
tcp_ping received 131072 bytes back
Round trip time was 0.356855 milliseconds in repetition 126
tcp_ping received 131072 bytes back
Round trip time was 0.351656 milliseconds in repetition 127
tcp_ping received 131072 bytes back
Round trip time was 0.371954 milliseconds in repetition 128
tcp_ping received 131072 bytes back
Round trip time was 0.350227 milliseconds in repetition 129
tcp_ping received 131072 bytes back
Round trip time was 0.358122 milliseconds in repetition 130
tcp_ping received 131072 bytes back
Round trip time was 0.352349 milliseconds in repetition 131
tcp_ping received 131072 bytes back
Round trip time was 0.364533 milliseconds in repetition 132
tcp_ping received 131072 bytes back
Round trip time was 0.349008 milliseconds in repetition 133
tcp_ping received 131072 bytes back
Round trip time was 0.358005 milliseconds in repetition 134
tcp_ping received 131072 bytes back
Round trip time was 0.34732 milliseconds in repetition 135
tcp_ping received 131072 bytes back
Round trip time was 0.348774 milliseconds in repetition 136
tcp_ping received 131072 bytes back
Round trip time was 0.35066 milliseconds in repetition 137
tcp_ping received 131072 bytes back
Round trip time was 0.369205 milliseconds in repetition 138
tcp_ping received 131072 bytes back
Round trip time was 0.349519 milliseconds in repetition 139
tcp_ping received 131072 bytes back
Round trip time was 0.359666 milliseconds in repetition 140
tcp_ping received 131072 bytes back
Round trip time was 0.374194 milliseconds in repetition 141
tcp_ping received 131072 bytes back
Round trip time was 0.350754 milliseconds in repetition 142
tcp_ping received 131072 bytes back
Round trip time was 0.355958 milliseconds in repetition 143
tcp_ping received 131072 bytes back
Round trip time was 0.350404 milliseconds in repetition 144
tcp_ping received 131072 bytes back
Round trip time was 0.348106 milliseconds in repetition 145
tcp_ping received 131072 bytes back
Round trip time was 0.35566 milliseconds in repetition 146
tcp_ping received 131072 bytes back
Round trip time was 0.357245 milliseconds in repetition 147
tcp_ping received 131072 bytes back
Round trip time was 0.349683 milliseconds in repetition 148
tcp_ping received 131072 bytes back
Round trip time was 0.352198 milliseconds in repetition 149
tcp_ping received 131072 bytes back
Round trip time was 0.360391 milliseconds in repetition 150
tcp_ping received 131072 bytes back
Round trip time was 0.361793 milliseconds in repetition 151
tcp_ping received 131072 bytes back
Round trip time was 0.362104 milliseconds in repetition 152
tcp_ping received 131072 bytes back
Round trip time was 0.350891 milliseconds in repetition 153
tcp_ping received 131072 bytes back
Round trip time was 0.359579 milliseconds in repetition 154
tcp_ping received 131072 bytes back
Round trip time was 0.351188 milliseconds in repetition 155
tcp_ping received 131072 bytes back
Round trip time was 0.355124 milliseconds in repetition 156
tcp_ping received 131072 bytes back
Round trip time was 0.367309 milliseconds in repetition 157
tcp_ping received 131072 bytes back
Round trip time was 0.355492 milliseconds in repetition 158
tcp_ping received 131072 bytes back
Round trip time was 0.365736 milliseconds in repetition 159
tcp_ping received 131072 bytes back
Round trip time was 0.35537 milliseconds in repetition 160
tcp_ping received 131072 bytes back
Round trip time was 0.351398 milliseconds in repetition 161
tcp_ping received 131072 bytes back
Round trip time was 0.353701 milliseconds in repetition 162
tcp_ping received 131072 bytes back
Round trip time was 0.35383 milliseconds in repetition 163
tcp_ping received 131072 bytes back
Round trip time was 0.35009 milliseconds in repetition 164
tcp_ping received 131072 bytes back
Round trip time was 0.36106 milliseconds in repetition 165
tcp_ping received 131072 bytes back
Round trip time was 0.361062 milliseconds in repetition 166
tcp_ping received 131072 bytes back
Round trip time was 0.353606 milliseconds in repetition 167
tcp_ping received 131072 bytes back
Round trip time was 0.365493 milliseconds in repetition 168
tcp_ping received 131072 bytes back
Round trip time was 0.35313 milliseconds in repetition 169
tcp_ping received 131072 bytes back
Round trip time was 0.349454 milliseconds in repetition 170
tcp_ping received 131072 bytes back
Round trip time was 0.352005 milliseconds in repetition 171
tcp_ping received 131072 bytes back
Round trip time was 0.350253 milliseconds in repetition 172
tcp_ping received 131072 bytes back
Round trip time was 0.348064 milliseconds in repetition 173
tcp_ping received 131072 bytes back
Round trip time was 0.35405 milliseconds in repetition 174
tcp_ping received 131072 bytes back
Round trip time was 0.357506 milliseconds in repetition 175
tcp_ping received 131072 bytes back
Round trip time was 0.36264 milliseconds in repetition 176
tcp_ping received 131072 bytes back
Round trip time was 0.452549 milliseconds in repetition 177
tcp_ping received 131072 bytes back
Round trip time was 0.42877 milliseconds in repetition 178
tcp_ping received 131072 bytes back
Round trip time was 0.439077 milliseconds in repetition 179
tcp_ping received 131072 bytes back
Round trip time was 0.42406 milliseconds in repetition 180
tcp_ping received 131072 bytes back
Round trip time was 0.443942 milliseconds in repetition 181
tcp_ping received 131072 bytes back
Round trip time was 0.437416 milliseconds in repetition 182
tcp_ping received 131072 bytes back
Round trip time was 0.449984 milliseconds in repetition 183
tcp_ping received 131072 bytes back
Round trip time was 0.394209 milliseconds in repetition 184
tcp_ping received 131072 bytes back
Round trip time was 0.365523 milliseconds in repetition 185
tcp_ping received 131072 bytes back
Round trip time was 0.444475 milliseconds in repetition 186
tcp_ping received 131072 bytes back
Round trip time was 0.453282 milliseconds in repetition 187
tcp_ping received 131072 bytes back
Round trip time was 0.425183 milliseconds in repetition 188
tcp_ping received 131072 bytes back
Round trip time was 0.393369 milliseconds in repetition 189
tcp_ping received 131072 bytes back
Round trip time was 0.381411 milliseconds in repetition 190
tcp_ping received 131072 bytes back
Round trip time was 0.386879 milliseconds in repetition 191
tcp_ping received 131072 bytes back
Round trip time was 0.397945 milliseconds in repetition 192
tcp_ping received 131072 bytes back
Round trip time was 0.354443 milliseconds in repetition 193
tcp_ping received 131072 bytes back
Round trip time was 0.386885 milliseconds in repetition 194
tcp_ping received 131072 bytes back
Round trip time was 0.382074 milliseconds in repetition 195
tcp_ping received 131072 bytes back
Round trip time was 0.393327 milliseconds in repetition 196
tcp_ping received 131072 bytes back
Round trip time was 0.400414 milliseconds in repetition 197
tcp_ping received 131072 bytes back
Round trip time was 0.442647 milliseconds in repetition 198
tcp_ping received 131072 bytes back
Round trip time was 0.428933 milliseconds in repetition 199
tcp_ping received 131072 bytes back
Round trip time was 0.393103 milliseconds in repetition 200
tcp_ping received 131072 bytes back
Round trip time was 0.391097 milliseconds in repetition 201
tcp_ping received 131072 bytes back
Round trip time was 0.479299 milliseconds in repetition 202
tcp_ping received 131072 bytes back
Round trip time was 0.475853 milliseconds in repetition 203
tcp_ping received 131072 bytes back
Round trip time was 0.477634 milliseconds in repetition 204
tcp_ping received 131072 bytes back
Round trip time was 0.429478 milliseconds in repetition 205
tcp_ping received 131072 bytes back
Round trip time was 0.445667 milliseconds in repetition 206
tcp_ping received 131072 bytes back
Round trip time was 0.420936 milliseconds in repetition 207
tcp_ping received 131072 bytes back
Round trip time was 0.403508 milliseconds in repetition 208
tcp_ping received 131072 bytes back
Round trip time was 0.388834 milliseconds in repetition 209
tcp_ping received 131072 bytes back
Round trip time was 0.448126 milliseconds in repetition 210
tcp_ping received 131072 bytes back
Round trip time was 0.429021 milliseconds in repetition 211
tcp_ping received 131072 bytes back
Round trip time was 0.425541 milliseconds in repetition 212
tcp_ping received 131072 bytes back
Round trip time was 0.442194 milliseconds in repetition 213
tcp_ping received 131072 bytes back
Round trip time was 0.403261 milliseconds in repetition 214
tcp_ping received 131072 bytes back
Round trip time was 0.425637 milliseconds in repetition 215
tcp_ping received 131072 bytes back
Round trip time was 0.390159 milliseconds in repetition 216
tcp_ping received 131072 bytes back
Round trip time was 0.418443 milliseconds in repetition 217
tcp_ping received 131072 bytes back
Round trip time was 0.433415 milliseconds in repetition 218
tcp_ping received 131072 bytes back
Round trip time was 0.442598 milliseconds in repetition 219
tcp_ping received 131072 bytes back
Round trip time was 0.423084 milliseconds in repetition 220
tcp_ping received 131072 bytes back
Round trip time was 0.43611 milliseconds in repetition 221
tcp_ping received 131072 bytes back
Round trip time was 0.390014 milliseconds in repetition 222
tcp_ping received 131072 bytes back
Round trip time was 0.438403 milliseconds in repetition 223
tcp_ping received 131072 bytes back
Round trip time was 0.407561 milliseconds in repetition 224
tcp_ping received 131072 bytes back
Round trip time was 0.438763 milliseconds in repetition 225
tcp_ping received 131072 bytes back
Round trip time was 0.446445 milliseconds in repetition 226
tcp_ping received 131072 bytes back
Round trip time was 0.435083 milliseconds in repetition 227
tcp_ping received 131072 bytes back
Round trip time was 0.444357 milliseconds in repetition 228
tcp_ping received 131072 bytes back
Round trip time was 0.426101 milliseconds in repetition 229
tcp_ping received 131072 bytes back
Round trip time was 0.384427 milliseconds in repetition 230
tcp_ping received 131072 bytes back
Round trip time was 0.387562 milliseconds in repetition 231
tcp_ping received 131072 bytes back
Round trip time was 0.378675 milliseconds in repetition 232
tcp_ping received 131072 bytes back
Round trip time was 0.482925 milliseconds in repetition 233
tcp_ping received 131072 bytes back
Round trip time was 0.468803 milliseconds in repetition 234
tcp_ping received 131072 bytes back
Round trip time was 0.47582 milliseconds in repetition 235
tcp_ping received 131072 bytes back
Round trip time was 0.485717 milliseconds in repetition 236
tcp_ping received 131072 bytes back
Round trip time was 0.402136 milliseconds in repetition 237
tcp_ping received 131072 bytes back
Round trip time was 0.397743 milliseconds in repetition 238
tcp_ping received 131072 bytes back
Round trip time was 0.391129 milliseconds in repetition 239
tcp_ping received 131072 bytes back
Round trip time was 0.359296 milliseconds in repetition 240
tcp_ping received 131072 bytes back
Round trip time was 0.383055 milliseconds in repetition 241
tcp_ping received 131072 bytes back
Round trip time was 0.390131 milliseconds in repetition 242
tcp_ping received 131072 bytes back
Round trip time was 0.381932 milliseconds in repetition 243
tcp_ping received 131072 bytes back
Round trip time was 0.384533 milliseconds in repetition 244
tcp_ping received 131072 bytes back
Round trip time was 0.383892 milliseconds in repetition 245
tcp_ping received 131072 bytes back
Round trip time was 0.390349 milliseconds in repetition 246
tcp_ping received 131072 bytes back
Round trip time was 0.387836 milliseconds in repetition 247
tcp_ping received 131072 bytes back
Round trip time was 0.387392 milliseconds in repetition 248
tcp_ping received 131072 bytes back
Round trip time was 0.367203 milliseconds in repetition 249
tcp_ping received 131072 bytes back
Round trip time was 0.386364 milliseconds in repetition 250
tcp_ping received 131072 bytes back
Round trip time was 0.385056 milliseconds in repetition 251
tcp_ping received 131072 bytes back
Round trip time was 0.398313 milliseconds in repetition 252
tcp_ping received 131072 bytes back
Round trip time was 0.386953 milliseconds in repetition 253
tcp_ping received 131072 bytes back
Round trip time was 0.380037 milliseconds in repetition 254
tcp_ping received 131072 bytes back
Round trip time was 0.382981 milliseconds in repetition 255
tcp_ping received 131072 bytes back
Round trip time was 0.377979 milliseconds in repetition 256
tcp_ping received 131072 bytes back
Round trip time was 0.366836 milliseconds in repetition 257
tcp_ping received 131072 bytes back
Round trip time was 0.389919 milliseconds in repetition 258
tcp_ping received 131072 bytes back
Round trip time was 0.356372 milliseconds in repetition 259
tcp_ping received 131072 bytes back
Round trip time was 0.473893 milliseconds in repetition 260
tcp_ping received 131072 bytes back
Round trip time was 0.380176 milliseconds in repetition 261
tcp_ping received 131072 bytes back
Round trip time was 0.373852 milliseconds in repetition 262
tcp_ping received 131072 bytes back
Round trip time was 0.360417 milliseconds in repetition 263
tcp_ping received 131072 bytes back
Round trip time was 0.361246 milliseconds in repetition 264
tcp_ping received 131072 bytes back
Round trip time was 0.360376 milliseconds in repetition 265
tcp_ping received 131072 bytes back
Round trip time was 0.369233 milliseconds in repetition 266
tcp_ping received 131072 bytes back
Round trip time was 0.357137 milliseconds in repetition 267
tcp_ping received 131072 bytes back
Round trip time was 0.363173 milliseconds in repetition 268
tcp_ping received 131072 bytes back
Round trip time was 0.368662 milliseconds in repetition 269
tcp_ping received 131072 bytes back
Round trip time was 0.359171 milliseconds in repetition 270
tcp_ping received 131072 bytes back
Round trip time was 0.356661 milliseconds in repetition 271
tcp_ping received 131072 bytes back
Round trip time was 0.382355 milliseconds in repetition 272
tcp_ping received 131072 bytes back
Round trip time was 0.366172 milliseconds in repetition 273
tcp_ping received 131072 bytes back
Round trip time was 0.364572 milliseconds in repetition 274
tcp_ping received 131072 bytes back
Round trip time was 0.38413 milliseconds in repetition 275
tcp_ping received 131072 bytes back
Round trip time was 0.393176 milliseconds in repetition 276
tcp_ping received 131072 bytes back
Round trip time was 0.385155 milliseconds in repetition 277
tcp_ping received 131072 bytes back
Round trip time was 0.370108 milliseconds in repetition 278
tcp_ping received 131072 bytes back
Round trip time was 0.386453 milliseconds in repetition 279
tcp_ping received 131072 bytes back
Round trip time was 0.387376 milliseconds in repetition 280
tcp_ping received 131072 bytes back
Round trip time was 0.385072 milliseconds in repetition 281
tcp_ping received 131072 bytes back
Round trip time was 0.393398 milliseconds in repetition 282
tcp_ping received 131072 bytes back
Round trip time was 0.405956 milliseconds in repetition 283
tcp_ping received 131072 bytes back
Round trip time was 0.412061 milliseconds in repetition 284
tcp_ping received 131072 bytes back
Round trip time was 0.40572 milliseconds in repetition 285
tcp_ping received 131072 bytes back
Round trip time was 0.389752 milliseconds in repetition 286
tcp_ping received 131072 bytes back
Round trip time was 0.398035 milliseconds in repetition 287
tcp_ping received 131072 bytes back
Round trip time was 0.388551 milliseconds in repetition 288
tcp_ping received 131072 bytes back
Round trip time was 0.415316 milliseconds in repetition 289
tcp_ping received 131072 bytes back
Round trip time was 0.398432 milliseconds in repetition 290
tcp_ping received 131072 bytes back
Round trip time was 0.388681 milliseconds in repetition 291
tcp_ping received 131072 bytes back
Round trip time was 0.36258 milliseconds in repetition 292
tcp_ping received 131072 bytes back
Round trip time was 0.398098 milliseconds in repetition 293
tcp_ping received 131072 bytes back
Round trip time was 0.395693 milliseconds in repetition 294
tcp_ping received 131072 bytes back
Round trip time was 0.405859 milliseconds in repetition 295
tcp_ping received 131072 bytes back
Round trip time was 0.389612 milliseconds in repetition 296
tcp_ping received 131072 bytes back
Round trip time was 0.419853 milliseconds in repetition 297
tcp_ping received 131072 bytes back
Round trip time was 0.393553 milliseconds in repetition 298
tcp_ping received 131072 bytes back
Round trip time was 0.392395 milliseconds in repetition 299
tcp_ping received 131072 bytes back
Round trip time was 0.37061 milliseconds in repetition 300
tcp_ping received 131072 bytes back
Round trip time was 0.397023 milliseconds in repetition 301
tcp_ping received 131072 bytes back
Round trip time was 0.38787 milliseconds in repetition 302
tcp_ping received 131072 bytes back
Round trip time was 0.387171 milliseconds in repetition 303
tcp_ping received 131072 bytes back
Round trip time was 0.391968 milliseconds in repetition 304
tcp_ping received 131072 bytes back
Round trip time was 0.395468 milliseconds in repetition 305
tcp_ping received 131072 bytes back
Round trip time was 0.391481 milliseconds in repetition 306
tcp_ping received 131072 bytes back
Round trip time was 0.386014 milliseconds in repetition 307
tcp_ping received 131072 bytes back
Round trip time was 0.396616 milliseconds in repetition 308
tcp_ping received 131072 bytes back
Round trip time was 0.411242 milliseconds in repetition 309
tcp_ping received 131072 bytes back
Round trip time was 0.39257 milliseconds in repetition 310
tcp_ping received 131072 bytes back
Round trip time was 0.392498 milliseconds in repetition 311
tcp_ping received 131072 bytes back
Round trip time was 0.400099 milliseconds in repetition 312
tcp_ping received 131072 bytes back
Round trip time was 0.388329 milliseconds in repetition 313
tcp_ping received 131072 bytes back
Round trip time was 0.391874 milliseconds in repetition 314
tcp_ping received 131072 bytes back
Round trip time was 0.396625 milliseconds in repetition 315
tcp_ping received 131072 bytes back
Round trip time was 0.388682 milliseconds in repetition 316
tcp_ping received 131072 bytes back
Round trip time was 0.364237 milliseconds in repetition 317
tcp_ping received 131072 bytes back
Round trip time was 0.391905 milliseconds in repetition 318
tcp_ping received 131072 bytes back
Round trip time was 0.397289 milliseconds in repetition 319
tcp_ping received 131072 bytes back
Round trip time was 0.428811 milliseconds in repetition 320
tcp_ping received 131072 bytes back
Round trip time was 0.390721 milliseconds in repetition 321
tcp_ping received 131072 bytes back
Round trip time was 0.391616 milliseconds in repetition 322
tcp_ping received 131072 bytes back
Round trip time was 0.386467 milliseconds in repetition 323
tcp_ping received 131072 bytes back
Round trip time was 0.387594 milliseconds in repetition 324
tcp_ping received 131072 bytes back
Round trip time was 0.358665 milliseconds in repetition 325
tcp_ping received 131072 bytes back
Round trip time was 0.391455 milliseconds in repetition 326
tcp_ping received 131072 bytes back
Round trip time was 0.386233 milliseconds in repetition 327
tcp_ping received 131072 bytes back
Round trip time was 0.400514 milliseconds in repetition 328
tcp_ping received 131072 bytes back
Round trip time was 0.387275 milliseconds in repetition 329
tcp_ping received 131072 bytes back
Round trip time was 0.356466 milliseconds in repetition 330
tcp_ping received 131072 bytes back
Round trip time was 0.397332 milliseconds in repetition 331
tcp_ping received 131072 bytes back
Round trip time was 0.391643 milliseconds in repetition 332
tcp_ping received 131072 bytes back
Round trip time was 0.387316 milliseconds in repetition 333
tcp_ping received 131072 bytes back
Round trip time was 0.395403 milliseconds in repetition 334
tcp_ping received 131072 bytes back
Round trip time was 0.386754 milliseconds in repetition 335
tcp_ping received 131072 bytes back
Round trip time was 0.382341 milliseconds in repetition 336
tcp_ping received 131072 bytes back
Round trip time was 0.387493 milliseconds in repetition 337
tcp_ping received 131072 bytes back
Round trip time was 0.370364 milliseconds in repetition 338
tcp_ping received 131072 bytes back
Round trip time was 0.357641 milliseconds in repetition 339
tcp_ping received 131072 bytes back
Round trip time was 0.354035 milliseconds in repetition 340
tcp_ping received 131072 bytes back
Round trip time was 0.349751 milliseconds in repetition 341
tcp_ping received 131072 bytes back
Round trip time was 0.357275 milliseconds in repetition 342
tcp_ping received 131072 bytes back
Round trip time was 0.367374 milliseconds in repetition 343
tcp_ping received 131072 bytes back
Round trip time was 0.350626 milliseconds in repetition 344
tcp_ping received 131072 bytes back
Round trip time was 0.352736 milliseconds in repetition 345
tcp_ping received 131072 bytes back
Round trip time was 0.357286 milliseconds in repetition 346
tcp_ping received 131072 bytes back
Round trip time was 0.353207 milliseconds in repetition 347
tcp_ping received 131072 bytes back
Round trip time was 0.355682 milliseconds in repetition 348
tcp_ping received 131072 bytes back
Round trip time was 0.360043 milliseconds in repetition 349
tcp_ping received 131072 bytes back
Round trip time was 0.352441 milliseconds in repetition 350
tcp_ping received 131072 bytes back
Round trip time was 0.352841 milliseconds in repetition 351
tcp_ping received 131072 bytes back
Round trip time was 0.349577 milliseconds in repetition 352
tcp_ping received 131072 bytes back
Round trip time was 0.365052 milliseconds in repetition 353
tcp_ping received 131072 bytes back
Round trip time was 0.35438 milliseconds in repetition 354
tcp_ping received 131072 bytes back
Round trip time was 0.356014 milliseconds in repetition 355
tcp_ping received 131072 bytes back
Round trip time was 0.352954 milliseconds in repetition 356
tcp_ping received 131072 bytes back
Round trip time was 0.353194 milliseconds in repetition 357
tcp_ping received 131072 bytes back
Round trip time was 0.349605 milliseconds in repetition 358
tcp_ping received 131072 bytes back
Round trip time was 0.353038 milliseconds in repetition 359
tcp_ping received 131072 bytes back
Round trip time was 0.37512 milliseconds in repetition 360
tcp_ping received 131072 bytes back
Round trip time was 0.368154 milliseconds in repetition 361
tcp_ping received 131072 bytes back
Round trip time was 0.364347 milliseconds in repetition 362
tcp_ping received 131072 bytes back
Round trip time was 0.353115 milliseconds in repetition 363
tcp_ping received 131072 bytes back
Round trip time was 0.354403 milliseconds in repetition 364
tcp_ping received 131072 bytes back
Round trip time was 0.352079 milliseconds in repetition 365
tcp_ping received 131072 bytes back
Round trip time was 0.360966 milliseconds in repetition 366
tcp_ping received 131072 bytes back
Round trip time was 0.356213 milliseconds in repetition 367
tcp_ping received 131072 bytes back
Round trip time was 0.353818 milliseconds in repetition 368
tcp_ping received 131072 bytes back
Round trip time was 0.349756 milliseconds in repetition 369
tcp_ping received 131072 bytes back
Round trip time was 0.366145 milliseconds in repetition 370
tcp_ping received 131072 bytes back
Round trip time was 0.353421 milliseconds in repetition 371
tcp_ping received 131072 bytes back
Round trip time was 0.364243 milliseconds in repetition 372
tcp_ping received 131072 bytes back
Round trip time was 0.361999 milliseconds in repetition 373
tcp_ping received 131072 bytes back
Round trip time was 0.360688 milliseconds in repetition 374
tcp_ping received 131072 bytes back
Round trip time was 0.351651 milliseconds in repetition 375
tcp_ping received 131072 bytes back
Round trip time was 0.353053 milliseconds in repetition 376
tcp_ping received 131072 bytes back
Round trip time was 0.350349 milliseconds in repetition 377
tcp_ping received 131072 bytes back
Round trip time was 0.356031 milliseconds in repetition 378
tcp_ping received 131072 bytes back
Round trip time was 0.358691 milliseconds in repetition 379
tcp_ping received 131072 bytes back
Round trip time was 0.35242 milliseconds in repetition 380
tcp_ping received 131072 bytes back
Round trip time was 0.3627 milliseconds in repetition 381
tcp_ping received 131072 bytes back
Round trip time was 0.364357 milliseconds in repetition 382
tcp_ping received 131072 bytes back
Round trip time was 0.354282 milliseconds in repetition 383
tcp_ping received 131072 bytes back
Round trip time was 0.35376 milliseconds in repetition 384
tcp_ping received 131072 bytes back
Round trip time was 0.355575 milliseconds in repetition 385
tcp_ping received 131072 bytes back
Round trip time was 0.351904 milliseconds in repetition 386
tcp_ping received 131072 bytes back
Round trip time was 0.354511 milliseconds in repetition 387
tcp_ping received 131072 bytes back
Round trip time was 0.353438 milliseconds in repetition 388
tcp_ping received 131072 bytes back
Round trip time was 0.348955 milliseconds in repetition 389
tcp_ping received 131072 bytes back
Round trip time was 0.361577 milliseconds in repetition 390
tcp_ping received 131072 bytes back
Round trip time was 0.362754 milliseconds in repetition 391
tcp_ping received 131072 bytes back
Round trip time was 0.351377 milliseconds in repetition 392
tcp_ping received 131072 bytes back
Round trip time was 0.351348 milliseconds in repetition 393
tcp_ping received 131072 bytes back
Round trip time was 0.350416 milliseconds in repetition 394
tcp_ping received 131072 bytes back
Round trip time was 0.362541 milliseconds in repetition 395
tcp_ping received 131072 bytes back
Round trip time was 0.364017 milliseconds in repetition 396
tcp_ping received 131072 bytes back
Round trip time was 0.353712 milliseconds in repetition 397
tcp_ping received 131072 bytes back
Round trip time was 0.350934 milliseconds in repetition 398
tcp_ping received 131072 bytes back
Round trip time was 0.362175 milliseconds in repetition 399
tcp_ping received 131072 bytes back
Round trip time was 0.358538 milliseconds in repetition 400
tcp_ping received 131072 bytes back
Round trip time was 0.362317 milliseconds in repetition 401
tcp_ping received 131072 bytes back
Round trip time was 0.353597 milliseconds in repetition 402
tcp_ping received 131072 bytes back
Round trip time was 0.359549 milliseconds in repetition 403
tcp_ping received 131072 bytes back
Round trip time was 0.371493 milliseconds in repetition 404
tcp_ping received 131072 bytes back
Round trip time was 0.348944 milliseconds in repetition 405
tcp_ping received 131072 bytes back
Round trip time was 0.353703 milliseconds in repetition 406
tcp_ping received 131072 bytes back
Round trip time was 0.357629 milliseconds in repetition 407
tcp_ping received 131072 bytes back
Round trip time was 0.356928 milliseconds in repetition 408
tcp_ping received 131072 bytes back
Round trip time was 0.357264 milliseconds in repetition 409
tcp_ping received 131072 bytes back
Round trip time was 0.351218 milliseconds in repetition 410
tcp_ping received 131072 bytes back
Round trip time was 0.353237 milliseconds in repetition 411
tcp_ping received 131072 bytes back
Round trip time was 0.349731 milliseconds in repetition 412
tcp_ping received 131072 bytes back
Round trip time was 0.353851 milliseconds in repetition 413
tcp_ping received 131072 bytes back
Round trip time was 0.356429 milliseconds in repetition 414
tcp_ping received 131072 bytes back
Round trip time was 0.355188 milliseconds in repetition 415
tcp_ping received 131072 bytes back
Round trip time was 0.352107 milliseconds in repetition 416
tcp_ping received 131072 bytes back
Round trip time was 0.356044 milliseconds in repetition 417
tcp_ping received 131072 bytes back
Round trip time was 0.36489 milliseconds in repetition 418
tcp_ping received 131072 bytes back
Round trip time was 0.357969 milliseconds in repetition 419
tcp_ping received 131072 bytes back
Round trip time was 0.363859 milliseconds in repetition 420
tcp_ping received 131072 bytes back
Round trip time was 0.354914 milliseconds in repetition 421
tcp_ping received 131072 bytes back
Round trip time was 0.350906 milliseconds in repetition 422
tcp_ping received 131072 bytes back
Round trip time was 0.353482 milliseconds in repetition 423
tcp_ping received 131072 bytes back
Round trip time was 0.356913 milliseconds in repetition 424
tcp_ping received 131072 bytes back
Round trip time was 0.35837 milliseconds in repetition 425
tcp_ping received 131072 bytes back
Round trip time was 0.356258 milliseconds in repetition 426
tcp_ping received 131072 bytes back
Round trip time was 0.36461 milliseconds in repetition 427
tcp_ping received 131072 bytes back
Round trip time was 0.355139 milliseconds in repetition 428
tcp_ping received 131072 bytes back
Round trip time was 0.35225 milliseconds in repetition 429
tcp_ping received 131072 bytes back
Round trip time was 0.358101 milliseconds in repetition 430
tcp_ping received 131072 bytes back
Round trip time was 0.348528 milliseconds in repetition 431
tcp_ping received 131072 bytes back
Round trip time was 0.365445 milliseconds in repetition 432
tcp_ping received 131072 bytes back
Round trip time was 0.359713 milliseconds in repetition 433
tcp_ping received 131072 bytes back
Round trip time was 0.348408 milliseconds in repetition 434
tcp_ping received 131072 bytes back
Round trip time was 0.353433 milliseconds in repetition 435
tcp_ping received 131072 bytes back
Round trip time was 0.358305 milliseconds in repetition 436
tcp_ping received 131072 bytes back
Round trip time was 0.356818 milliseconds in repetition 437
tcp_ping received 131072 bytes back
Round trip time was 0.361872 milliseconds in repetition 438
tcp_ping received 131072 bytes back
Round trip time was 0.355386 milliseconds in repetition 439
tcp_ping received 131072 bytes back
Round trip time was 0.34949 milliseconds in repetition 440
tcp_ping received 131072 bytes back
Round trip time was 0.361087 milliseconds in repetition 441
tcp_ping received 131072 bytes back
Round trip time was 0.35557 milliseconds in repetition 442
tcp_ping received 131072 bytes back
Round trip time was 0.352137 milliseconds in repetition 443
tcp_ping received 131072 bytes back
Round trip time was 0.355024 milliseconds in repetition 444
tcp_ping received 131072 bytes back
Round trip time was 0.352724 milliseconds in repetition 445
tcp_ping received 131072 bytes back
Round trip time was 0.363765 milliseconds in repetition 446
tcp_ping received 131072 bytes back
Round trip time was 0.346898 milliseconds in repetition 447
tcp_ping received 131072 bytes back
Round trip time was 0.359048 milliseconds in repetition 448
tcp_ping received 131072 bytes back
Round trip time was 0.359397 milliseconds in repetition 449
tcp_ping received 131072 bytes back
Round trip time was 0.354072 milliseconds in repetition 450
tcp_ping received 131072 bytes back
Round trip time was 0.35509 milliseconds in repetition 451
tcp_ping received 131072 bytes back
Round trip time was 0.357498 milliseconds in repetition 452
tcp_ping received 131072 bytes back
Round trip time was 0.361204 milliseconds in repetition 453
tcp_ping received 131072 bytes back
Round trip time was 0.352139 milliseconds in repetition 454
tcp_ping received 131072 bytes back
Round trip time was 0.371359 milliseconds in repetition 455
tcp_ping received 131072 bytes back
Round trip time was 0.356592 milliseconds in repetition 456
tcp_ping received 131072 bytes back
Round trip time was 0.34947 milliseconds in repetition 457
tcp_ping received 131072 bytes back
Round trip time was 0.347799 milliseconds in repetition 458
tcp_ping received 131072 bytes back
Round trip time was 0.356227 milliseconds in repetition 459
tcp_ping received 131072 bytes back
Round trip time was 0.363309 milliseconds in repetition 460
tcp_ping received 131072 bytes back
Round trip time was 0.3498 milliseconds in repetition 461
tcp_ping received 131072 bytes back
Round trip time was 0.353931 milliseconds in repetition 462
tcp_ping received 131072 bytes back
Round trip time was 0.354163 milliseconds in repetition 463
tcp_ping received 131072 bytes back
Round trip time was 0.362433 milliseconds in repetition 464
tcp_ping received 131072 bytes back
Round trip time was 0.352087 milliseconds in repetition 465
tcp_ping received 131072 bytes back
Round trip time was 0.350442 milliseconds in repetition 466
tcp_ping received 131072 bytes back
Round trip time was 0.348522 milliseconds in repetition 467
tcp_ping received 131072 bytes back
Round trip time was 0.350281 milliseconds in repetition 468
tcp_ping received 131072 bytes back
Round trip time was 0.349745 milliseconds in repetition 469
tcp_ping received 131072 bytes back
Round trip time was 0.356971 milliseconds in repetition 470
tcp_ping received 131072 bytes back
Round trip time was 0.360461 milliseconds in repetition 471
tcp_ping received 131072 bytes back
Round trip time was 0.360774 milliseconds in repetition 472
tcp_ping received 131072 bytes back
Round trip time was 0.353375 milliseconds in repetition 473
tcp_ping received 131072 bytes back
Round trip time was 0.359468 milliseconds in repetition 474
tcp_ping received 131072 bytes back
Round trip time was 0.353111 milliseconds in repetition 475
tcp_ping received 131072 bytes back
Round trip time was 0.355084 milliseconds in repetition 476
tcp_ping received 131072 bytes back
Round trip time was 0.355385 milliseconds in repetition 477
tcp_ping received 131072 bytes back
Round trip time was 0.352289 milliseconds in repetition 478
tcp_ping received 131072 bytes back
Round trip time was 0.34942 milliseconds in repetition 479
tcp_ping received 131072 bytes back
Round trip time was 0.366284 milliseconds in repetition 480
tcp_ping received 131072 bytes back
Round trip time was 0.357361 milliseconds in repetition 481
tcp_ping received 131072 bytes back
Round trip time was 0.358759 milliseconds in repetition 482
tcp_ping received 131072 bytes back
Round trip time was 0.363836 milliseconds in repetition 483
tcp_ping received 131072 bytes back
Round trip time was 0.355597 milliseconds in repetition 484
tcp_ping received 131072 bytes back
Round trip time was 0.358491 milliseconds in repetition 485
tcp_ping received 131072 bytes back
Round trip time was 0.363102 milliseconds in repetition 486
tcp_ping received 131072 bytes back
Round trip time was 0.357486 milliseconds in repetition 487
tcp_ping received 131072 bytes back
Round trip time was 0.355933 milliseconds in repetition 488
tcp_ping received 131072 bytes back
Round trip time was 0.349612 milliseconds in repetition 489
tcp_ping received 131072 bytes back
Round trip time was 0.360508 milliseconds in repetition 490
tcp_ping received 131072 bytes back
Round trip time was 0.352805 milliseconds in repetition 491
tcp_ping received 131072 bytes back
Round trip time was 0.364011 milliseconds in repetition 492
tcp_ping received 131072 bytes back
Round trip time was 0.37528 milliseconds in repetition 493
tcp_ping received 131072 bytes back
Round trip time was 0.357519 milliseconds in repetition 494
tcp_ping received 131072 bytes back
Round trip time was 0.353886 milliseconds in repetition 495
tcp_ping received 131072 bytes back
Round trip time was 0.350737 milliseconds in repetition 496
tcp_ping received 131072 bytes back
Round trip time was 0.354934 milliseconds in repetition 497
tcp_ping received 131072 bytes back
Round trip time was 0.350896 milliseconds in repetition 498
tcp_ping received 131072 bytes back
Round trip time was 0.351306 milliseconds in repetition 499
tcp_ping received 131072 bytes back
Round trip time was 0.350888 milliseconds in repetition 500
tcp_ping received 131072 bytes back
Round trip time was 0.356882 milliseconds in repetition 501

 ... clock resolution was 1e-06
TCP Ping:  Statistics over 501 repetitions of 131072 byte messages

RTT : percentile 10: 0.350641, median: 0.361983, percentile 90: 0.420614, average: 0.375249, variance: 0.000926659

RTT histogram:
0.346897 84
0.357223 171
0.367548 54
0.377873 23
0.388199 74
0.398524 33
0.408849 6
0.419175 11
0.4295 12
0.439825 16
0.45015 6
0.460476 1
0.470801 4
0.481126 4
0.491452 0
0.501777 0
0.512102 0
0.522428 0
0.532753 1
0.543078 0
0.553403 1

   median Throughput : 724189 KB/s   overall Throughput : 698586 KB/s

