TCP Ping trying to connect to server localhost (127.0.0.1) on port 1491
 ... connected to Pong server: asking for 501 repetitions of 2048 bytes TCP messages
 ... Pong server agreed :-)
tcp_ping received 2048 bytes back
Round trip time was 0.020061 milliseconds in repetition 1
tcp_ping received 2048 bytes back
Round trip time was 0.013126 milliseconds in repetition 2
tcp_ping received 2048 bytes back
Round trip time was 0.012402 milliseconds in repetition 3
tcp_ping received 2048 bytes back
Round trip time was 0.012311 milliseconds in repetition 4
tcp_ping received 2048 bytes back
Round trip time was 0.012355 milliseconds in repetition 5
tcp_ping received 2048 bytes back
Round trip time was 0.012285 milliseconds in repetition 6
tcp_ping received 2048 bytes back
Round trip time was 0.012397 milliseconds in repetition 7
tcp_ping received 2048 bytes back
Round trip time was 0.012084 milliseconds in repetition 8
tcp_ping received 2048 bytes back
Round trip time was 0.012055 milliseconds in repetition 9
tcp_ping received 2048 bytes back
Round trip time was 0.011996 milliseconds in repetition 10
tcp_ping received 2048 bytes back
Round trip time was 0.012526 milliseconds in repetition 11
tcp_ping received 2048 bytes back
Round trip time was 0.012206 milliseconds in repetition 12
tcp_ping received 2048 bytes back
Round trip time was 0.012096 milliseconds in repetition 13
tcp_ping received 2048 bytes back
Round trip time was 0.011989 milliseconds in repetition 14
tcp_ping received 2048 bytes back
Round trip time was 0.012069 milliseconds in repetition 15
tcp_ping received 2048 bytes back
Round trip time was 0.012098 milliseconds in repetition 16
tcp_ping received 2048 bytes back
Round trip time was 0.011984 milliseconds in repetition 17
tcp_ping received 2048 bytes back
Round trip time was 0.012438 milliseconds in repetition 18
tcp_ping received 2048 bytes back
Round trip time was 0.012052 milliseconds in repetition 19
tcp_ping received 2048 bytes back
Round trip time was 0.012068 milliseconds in repetition 20
tcp_ping received 2048 bytes back
Round trip time was 0.012144 milliseconds in repetition 21
tcp_ping received 2048 bytes back
Round trip time was 0.012386 milliseconds in repetition 22
tcp_ping received 2048 bytes back
Round trip time was 0.011972 milliseconds in repetition 23
tcp_ping received 2048 bytes back
Round trip time was 0.011977 milliseconds in repetition 24
tcp_ping received 2048 bytes back
Round trip time was 0.011913 milliseconds in repetition 25
tcp_ping received 2048 bytes back
Round trip time was 0.012028 milliseconds in repetition 26
tcp_ping received 2048 bytes back
Round trip time was 0.012142 milliseconds in repetition 27
tcp_ping received 2048 bytes back
Round trip time was 0.012232 milliseconds in repetition 28
tcp_ping received 2048 bytes back
Round trip time was 0.012055 milliseconds in repetition 29
tcp_ping received 2048 bytes back
Round trip time was 0.011981 milliseconds in repetition 30
tcp_ping received 2048 bytes back
Round trip time was 0.012044 milliseconds in repetition 31
tcp_ping received 2048 bytes back
Round trip time was 0.013283 milliseconds in repetition 32
tcp_ping received 2048 bytes back
Round trip time was 0.014783 milliseconds in repetition 33
tcp_ping received 2048 bytes back
Round trip time was 0.01208 milliseconds in repetition 34
tcp_ping received 2048 bytes back
Round trip time was 0.012083 milliseconds in repetition 35
tcp_ping received 2048 bytes back
Round trip time was 0.012082 milliseconds in repetition 36
tcp_ping received 2048 bytes back
Round trip time was 0.012209 milliseconds in repetition 37
tcp_ping received 2048 bytes back
Round trip time was 0.011973 milliseconds in repetition 38
tcp_ping received 2048 bytes back
Round trip time was 0.012036 milliseconds in repetition 39
tcp_ping received 2048 bytes back
Round trip time was 0.012187 milliseconds in repetition 40
tcp_ping received 2048 bytes back
Round trip time was 0.012032 milliseconds in repetition 41
tcp_ping received 2048 bytes back
Round trip time was 0.012226 milliseconds in repetition 42
tcp_ping received 2048 bytes back
Round trip time was 0.012156 milliseconds in repetition 43
tcp_ping received 2048 bytes back
Round trip time was 0.018332 milliseconds in repetition 44
tcp_ping received 2048 bytes back
Round trip time was 0.013739 milliseconds in repetition 45
tcp_ping received 2048 bytes back
Round trip time was 0.012243 milliseconds in repetition 46
tcp_ping received 2048 bytes back
Round trip time was 0.012269 milliseconds in repetition 47
tcp_ping received 2048 bytes back
Round trip time was 0.012052 milliseconds in repetition 48
tcp_ping received 2048 bytes back
Round trip time was 0.012055 milliseconds in repetition 49
tcp_ping received 2048 bytes back
Round trip time was 0.011986 milliseconds in repetition 50
tcp_ping received 2048 bytes back
Round trip time was 0.011975 milliseconds in repetition 51
tcp_ping received 2048 bytes back
Round trip time was 0.01199 milliseconds in repetition 52
tcp_ping received 2048 bytes back
Round trip time was 0.011928 milliseconds in repetition 53
tcp_ping received 2048 bytes back
Round trip time was 0.012085 milliseconds in repetition 54
tcp_ping received 2048 bytes back
Round trip time was 0.011843 milliseconds in repetition 55
tcp_ping received 2048 bytes back
Round trip time was 0.01174 milliseconds in repetition 56
tcp_ping received 2048 bytes back
Round trip time was 0.012053 milliseconds in repetition 57
tcp_ping received 2048 bytes back
Round trip time was 0.011852 milliseconds in repetition 58
tcp_ping received 2048 bytes back
Round trip time was 0.012054 milliseconds in repetition 59
tcp_ping received 2048 bytes back
Round trip time was 0.012723 milliseconds in repetition 60
tcp_ping received 2048 bytes back
Round trip time was 0.012008 milliseconds in repetition 61
tcp_ping received 2048 bytes back
Round trip time was 0.012009 milliseconds in repetition 62
tcp_ping received 2048 bytes back
Round trip time was 0.011932 milliseconds in repetition 63
tcp_ping received 2048 bytes back
Round trip time was 0.012154 milliseconds in repetition 64
tcp_ping received 2048 bytes back
Round trip time was 0.011844 milliseconds in repetition 65
tcp_ping received 2048 bytes back
Round trip time was 0.011906 milliseconds in repetition 66
tcp_ping received 2048 bytes back
Round trip time was 0.012023 milliseconds in repetition 67
tcp_ping received 2048 bytes back
Round trip time was 0.011892 milliseconds in repetition 68
tcp_ping received 2048 bytes back
Round trip time was 0.012053 milliseconds in repetition 69
tcp_ping received 2048 bytes back
Round trip time was 0.011818 milliseconds in repetition 70
tcp_ping received 2048 bytes back
Round trip time was 0.011912 milliseconds in repetition 71
tcp_ping received 2048 bytes back
Round trip time was 0.012208 milliseconds in repetition 72
tcp_ping received 2048 bytes back
Round trip time was 0.012011 milliseconds in repetition 73
tcp_ping received 2048 bytes back
Round trip time was 0.012078 milliseconds in repetition 74
tcp_ping received 2048 bytes back
Round trip time was 0.012142 milliseconds in repetition 75
tcp_ping received 2048 bytes back
Round trip time was 0.01206 milliseconds in repetition 76
tcp_ping received 2048 bytes back
Round trip time was 0.012025 milliseconds in repetition 77
tcp_ping received 2048 bytes back
Round trip time was 0.011951 milliseconds in repetition 78
tcp_ping received 2048 bytes back
Round trip time was 0.011907 milliseconds in repetition 79
tcp_ping received 2048 bytes back
Round trip time was 0.011875 milliseconds in repetition 80
tcp_ping received 2048 bytes back
Round trip time was 0.011872 milliseconds in repetition 81
tcp_ping received 2048 bytes back
Round trip time was 0.011902 milliseconds in repetition 82
tcp_ping received 2048 bytes back
Round trip time was 0.011975 milliseconds in repetition 83
tcp_ping received 2048 bytes back
Round trip time was 0.011951 milliseconds in repetition 84
tcp_ping received 2048 bytes back
Round trip time was 0.011862 milliseconds in repetition 85
tcp_ping received 2048 bytes back
Round trip time was 0.011892 milliseconds in repetition 86
tcp_ping received 2048 bytes back
Round trip time was 0.011951 milliseconds in repetition 87
tcp_ping received 2048 bytes back
Round trip time was 0.01538 milliseconds in repetition 88
tcp_ping received 2048 bytes back
Round trip time was 0.012599 milliseconds in repetition 89
tcp_ping received 2048 bytes back
Round trip time was 0.012025 milliseconds in repetition 90
tcp_ping received 2048 bytes back
Round trip time was 0.01212 milliseconds in repetition 91
tcp_ping received 2048 bytes back
Round trip time was 0.012266 milliseconds in repetition 92
tcp_ping received 2048 bytes back
Round trip time was 0.011952 milliseconds in repetition 93
tcp_ping received 2048 bytes back
Round trip time was 0.012054 milliseconds in repetition 94
tcp_ping received 2048 bytes back
Round trip time was 0.012681 milliseconds in repetition 95
tcp_ping received 2048 bytes back
Round trip time was 0.012541 milliseconds in repetition 96
tcp_ping received 2048 bytes back
Round trip time was 0.012118 milliseconds in repetition 97
tcp_ping received 2048 bytes back
Round trip time was 0.012915 milliseconds in repetition 98
tcp_ping received 2048 bytes back
Round trip time was 0.01264 milliseconds in repetition 99
tcp_ping received 2048 bytes back
Round trip time was 0.012092 milliseconds in repetition 100
tcp_ping received 2048 bytes back
Round trip time was 0.012809 milliseconds in repetition 101
tcp_ping received 2048 bytes back
Round trip time was 0.012569 milliseconds in repetition 102
tcp_ping received 2048 bytes back
Round trip time was 0.01203 milliseconds in repetition 103
tcp_ping received 2048 bytes back
Round trip time was 0.012071 milliseconds in repetition 104
tcp_ping received 2048 bytes back
Round trip time was 0.012016 milliseconds in repetition 105
tcp_ping received 2048 bytes back
Round trip time was 0.011955 milliseconds in repetition 106
tcp_ping received 2048 bytes back
Round trip time was 0.012036 milliseconds in repetition 107
tcp_ping received 2048 bytes back
Round trip time was 0.01264 milliseconds in repetition 108
tcp_ping received 2048 bytes back
Round trip time was 0.012002 milliseconds in repetition 109
tcp_ping received 2048 bytes back
Round trip time was 0.011966 milliseconds in repetition 110
tcp_ping received 2048 bytes back
Round trip time was 0.01254 milliseconds in repetition 111
tcp_ping received 2048 bytes back
Round trip time was 0.012054 milliseconds in repetition 112
tcp_ping received 2048 bytes back
Round trip time was 0.012021 milliseconds in repetition 113
tcp_ping received 2048 bytes back
Round trip time was 0.011916 milliseconds in repetition 114
tcp_ping received 2048 bytes back
Round trip time was 0.011911 milliseconds in repetition 115
tcp_ping received 2048 bytes back
Round trip time was 0.012574 milliseconds in repetition 116
tcp_ping received 2048 bytes back
Round trip time was 0.012645 milliseconds in repetition 117
tcp_ping received 2048 bytes back
Round trip time was 0.011911 milliseconds in repetition 118
tcp_ping received 2048 bytes back
Round trip time was 0.011824 milliseconds in repetition 119
tcp_ping received 2048 bytes back
Round trip time was 0.011996 milliseconds in repetition 120
tcp_ping received 2048 bytes back
Round trip time was 0.011825 milliseconds in repetition 121
tcp_ping received 2048 bytes back
Round trip time was 0.012792 milliseconds in repetition 122
tcp_ping received 2048 bytes back
Round trip time was 0.012761 milliseconds in repetition 123
tcp_ping received 2048 bytes back
Round trip time was 0.01224 milliseconds in repetition 124
tcp_ping received 2048 bytes back
Round trip time was 0.012017 milliseconds in repetition 125
tcp_ping received 2048 bytes back
Round trip time was 0.012694 milliseconds in repetition 126
tcp_ping received 2048 bytes back
Round trip time was 0.012716 milliseconds in repetition 127
tcp_ping received 2048 bytes back
Round trip time was 0.01283 milliseconds in repetition 128
tcp_ping received 2048 bytes back
Round trip time was 0.011934 milliseconds in repetition 129
tcp_ping received 2048 bytes back
Round trip time was 0.012004 milliseconds in repetition 130
tcp_ping received 2048 bytes back
Round trip time was 0.012695 milliseconds in repetition 131
tcp_ping received 2048 bytes back
Round trip time was 0.014912 milliseconds in repetition 132
tcp_ping received 2048 bytes back
Round trip time was 0.012288 milliseconds in repetition 133
tcp_ping received 2048 bytes back
Round trip time was 0.012085 milliseconds in repetition 134
tcp_ping received 2048 bytes back
Round trip time was 0.012018 milliseconds in repetition 135
tcp_ping received 2048 bytes back
Round trip time was 0.011979 milliseconds in repetition 136
tcp_ping received 2048 bytes back
Round trip time was 0.012911 milliseconds in repetition 137
tcp_ping received 2048 bytes back
Round trip time was 0.012077 milliseconds in repetition 138
tcp_ping received 2048 bytes back
Round trip time was 0.012063 milliseconds in repetition 139
tcp_ping received 2048 bytes back
Round trip time was 0.012003 milliseconds in repetition 140
tcp_ping received 2048 bytes back
Round trip time was 0.011987 milliseconds in repetition 141
tcp_ping received 2048 bytes back
Round trip time was 0.01198 milliseconds in repetition 142
tcp_ping received 2048 bytes back
Round trip time was 0.012873 milliseconds in repetition 143
tcp_ping received 2048 bytes back
Round trip time was 0.012085 milliseconds in repetition 144
tcp_ping received 2048 bytes back
Round trip time was 0.011992 milliseconds in repetition 145
tcp_ping received 2048 bytes back
Round trip time was 0.012034 milliseconds in repetition 146
tcp_ping received 2048 bytes back
Round trip time was 0.012023 milliseconds in repetition 147
tcp_ping received 2048 bytes back
Round trip time was 0.011901 milliseconds in repetition 148
tcp_ping received 2048 bytes back
Round trip time was 0.011929 milliseconds in repetition 149
tcp_ping received 2048 bytes back
Round trip time was 0.017049 milliseconds in repetition 150
tcp_ping received 2048 bytes back
Round trip time was 0.012284 milliseconds in repetition 151
tcp_ping received 2048 bytes back
Round trip time was 0.012216 milliseconds in repetition 152
tcp_ping received 2048 bytes back
Round trip time was 0.012031 milliseconds in repetition 153
tcp_ping received 2048 bytes back
Round trip time was 0.012052 milliseconds in repetition 154
tcp_ping received 2048 bytes back
Round trip time was 0.011988 milliseconds in repetition 155
tcp_ping received 2048 bytes back
Round trip time was 0.01272 milliseconds in repetition 156
tcp_ping received 2048 bytes back
Round trip time was 0.012771 milliseconds in repetition 157
tcp_ping received 2048 bytes back
Round trip time was 0.011974 milliseconds in repetition 158
tcp_ping received 2048 bytes back
Round trip time was 0.012014 milliseconds in repetition 159
tcp_ping received 2048 bytes back
Round trip time was 0.011882 milliseconds in repetition 160
tcp_ping received 2048 bytes back
Round trip time was 0.011911 milliseconds in repetition 161
tcp_ping received 2048 bytes back
Round trip time was 0.011983 milliseconds in repetition 162
tcp_ping received 2048 bytes back
Round trip time was 0.011855 milliseconds in repetition 163
tcp_ping received 2048 bytes back
Round trip time was 0.011888 milliseconds in repetition 164
tcp_ping received 2048 bytes back
Round trip time was 0.011908 milliseconds in repetition 165
tcp_ping received 2048 bytes back
Round trip time was 0.012081 milliseconds in repetition 166
tcp_ping received 2048 bytes back
Round trip time was 0.012057 milliseconds in repetition 167
tcp_ping received 2048 bytes back
Round trip time was 0.011956 milliseconds in repetition 168
tcp_ping received 2048 bytes back
Round trip time was 0.011953 milliseconds in repetition 169
tcp_ping received 2048 bytes back
Round trip time was 0.012489 milliseconds in repetition 170
tcp_ping received 2048 bytes back
Round trip time was 0.013036 milliseconds in repetition 171
tcp_ping received 2048 bytes back
Round trip time was 0.012153 milliseconds in repetition 172
tcp_ping received 2048 bytes back
Round trip time was 0.012139 milliseconds in repetition 173
tcp_ping received 2048 bytes back
Round trip time was 0.01202 milliseconds in repetition 174
tcp_ping received 2048 bytes back
Round trip time was 0.016275 milliseconds in repetition 175
tcp_ping received 2048 bytes back
Round trip time was 0.012246 milliseconds in repetition 176
tcp_ping received 2048 bytes back
Round trip time was 0.011966 milliseconds in repetition 177
tcp_ping received 2048 bytes back
Round trip time was 0.012096 milliseconds in repetition 178
tcp_ping received 2048 bytes back
Round trip time was 0.012034 milliseconds in repetition 179
tcp_ping received 2048 bytes back
Round trip time was 0.012077 milliseconds in repetition 180
tcp_ping received 2048 bytes back
Round trip time was 0.011977 milliseconds in repetition 181
tcp_ping received 2048 bytes back
Round trip time was 0.012018 milliseconds in repetition 182
tcp_ping received 2048 bytes back
Round trip time was 0.011963 milliseconds in repetition 183
tcp_ping received 2048 bytes back
Round trip time was 0.011954 milliseconds in repetition 184
tcp_ping received 2048 bytes back
Round trip time was 0.011977 milliseconds in repetition 185
tcp_ping received 2048 bytes back
Round trip time was 0.011906 milliseconds in repetition 186
tcp_ping received 2048 bytes back
Round trip time was 0.012147 milliseconds in repetition 187
tcp_ping received 2048 bytes back
Round trip time was 0.012153 milliseconds in repetition 188
tcp_ping received 2048 bytes back
Round trip time was 0.011841 milliseconds in repetition 189
tcp_ping received 2048 bytes back
Round trip time was 0.011948 milliseconds in repetition 190
tcp_ping received 2048 bytes back
Round trip time was 0.012643 milliseconds in repetition 191
tcp_ping received 2048 bytes back
Round trip time was 0.01205 milliseconds in repetition 192
tcp_ping received 2048 bytes back
Round trip time was 0.011976 milliseconds in repetition 193
tcp_ping received 2048 bytes back
Round trip time was 0.011995 milliseconds in repetition 194
tcp_ping received 2048 bytes back
Round trip time was 0.011986 milliseconds in repetition 195
tcp_ping received 2048 bytes back
Round trip time was 0.011736 milliseconds in repetition 196
tcp_ping received 2048 bytes back
Round trip time was 0.011998 milliseconds in repetition 197
tcp_ping received 2048 bytes back
Round trip time was 0.012687 milliseconds in repetition 198
tcp_ping received 2048 bytes back
Round trip time was 0.01281 milliseconds in repetition 199
tcp_ping received 2048 bytes back
Round trip time was 0.011971 milliseconds in repetition 200
tcp_ping received 2048 bytes back
Round trip time was 0.011948 milliseconds in repetition 201
tcp_ping received 2048 bytes back
Round trip time was 0.011961 milliseconds in repetition 202
tcp_ping received 2048 bytes back
Round trip time was 0.012088 milliseconds in repetition 203
tcp_ping received 2048 bytes back
Round trip time was 0.012009 milliseconds in repetition 204
tcp_ping received 2048 bytes back
Round trip time was 0.011938 milliseconds in repetition 205
tcp_ping received 2048 bytes back
Round trip time was 0.011977 milliseconds in repetition 206
tcp_ping received 2048 bytes back
Round trip time was 0.012019 milliseconds in repetition 207
tcp_ping received 2048 bytes back
Round trip time was 0.012654 milliseconds in repetition 208
tcp_ping received 2048 bytes back
Round trip time was 0.012752 milliseconds in repetition 209
tcp_ping received 2048 bytes back
Round trip time was 0.011872 milliseconds in repetition 210
tcp_ping received 2048 bytes back
Round trip time was 0.011889 milliseconds in repetition 211
tcp_ping received 2048 bytes back
Round trip time was 0.012001 milliseconds in repetition 212
tcp_ping received 2048 bytes back
Round trip time was 0.011908 milliseconds in repetition 213
tcp_ping received 2048 bytes back
Round trip time was 0.011978 milliseconds in repetition 214
tcp_ping received 2048 bytes back
Round trip time was 0.01296 milliseconds in repetition 215
tcp_ping received 2048 bytes back
Round trip time was 0.01202 milliseconds in repetition 216
tcp_ping received 2048 bytes back
Round trip time was 0.012054 milliseconds in repetition 217
tcp_ping received 2048 bytes back
Round trip time was 0.012402 milliseconds in repetition 218
tcp_ping received 2048 bytes back
Round trip time was 0.059279 milliseconds in repetition 219
tcp_ping received 2048 bytes back
Round trip time was 0.016142 milliseconds in repetition 220
tcp_ping received 2048 bytes back
Round trip time was 0.01208 milliseconds in repetition 221
tcp_ping received 2048 bytes back
Round trip time was 0.0122 milliseconds in repetition 222
tcp_ping received 2048 bytes back
Round trip time was 0.01309 milliseconds in repetition 223
tcp_ping received 2048 bytes back
Round trip time was 0.01212 milliseconds in repetition 224
tcp_ping received 2048 bytes back
Round trip time was 0.012847 milliseconds in repetition 225
tcp_ping received 2048 bytes back
Round trip time was 0.012115 milliseconds in repetition 226
tcp_ping received 2048 bytes back
Round trip time was 0.011904 milliseconds in repetition 227
tcp_ping received 2048 bytes back
Round trip time was 0.012155 milliseconds in repetition 228
tcp_ping received 2048 bytes back
Round trip time was 0.011995 milliseconds in repetition 229
tcp_ping received 2048 bytes back
Round trip time was 0.012197 milliseconds in repetition 230
tcp_ping received 2048 bytes back
Round trip time was 0.011917 milliseconds in repetition 231
tcp_ping received 2048 bytes back
Round trip time was 0.011874 milliseconds in repetition 232
tcp_ping received 2048 bytes back
Round trip time was 0.011955 milliseconds in repetition 233
tcp_ping received 2048 bytes back
Round trip time was 0.011874 milliseconds in repetition 234
tcp_ping received 2048 bytes back
Round trip time was 0.012019 milliseconds in repetition 235
tcp_ping received 2048 bytes back
Round trip time was 0.012827 milliseconds in repetition 236
tcp_ping received 2048 bytes back
Round trip time was 0.011889 milliseconds in repetition 237
tcp_ping received 2048 bytes back
Round trip time was 0.011985 milliseconds in repetition 238
tcp_ping received 2048 bytes back
Round trip time was 0.011871 milliseconds in repetition 239
tcp_ping received 2048 bytes back
Round trip time was 0.0119 milliseconds in repetition 240
tcp_ping received 2048 bytes back
Round trip time was 0.011796 milliseconds in repetition 241
tcp_ping received 2048 bytes back
Round trip time was 0.011865 milliseconds in repetition 242
tcp_ping received 2048 bytes back
Round trip time was 0.012085 milliseconds in repetition 243
tcp_ping received 2048 bytes back
Round trip time was 0.012002 milliseconds in repetition 244
tcp_ping received 2048 bytes back
Round trip time was 0.011879 milliseconds in repetition 245
tcp_ping received 2048 bytes back
Round trip time was 0.011888 milliseconds in repetition 246
tcp_ping received 2048 bytes back
Round trip time was 0.012023 milliseconds in repetition 247
tcp_ping received 2048 bytes back
Round trip time was 0.012004 milliseconds in repetition 248
tcp_ping received 2048 bytes back
Round trip time was 0.011871 milliseconds in repetition 249
tcp_ping received 2048 bytes back
Round trip time was 0.011857 milliseconds in repetition 250
tcp_ping received 2048 bytes back
Round trip time was 0.012014 milliseconds in repetition 251
tcp_ping received 2048 bytes back
Round trip time was 0.011938 milliseconds in repetition 252
tcp_ping received 2048 bytes back
Round trip time was 0.012616 milliseconds in repetition 253
tcp_ping received 2048 bytes back
Round trip time was 0.011949 milliseconds in repetition 254
tcp_ping received 2048 bytes back
Round trip time was 0.011991 milliseconds in repetition 255
tcp_ping received 2048 bytes back
Round trip time was 0.011919 milliseconds in repetition 256
tcp_ping received 2048 bytes back
Round trip time was 0.01204 milliseconds in repetition 257
tcp_ping received 2048 bytes back
Round trip time was 0.011987 milliseconds in repetition 258
tcp_ping received 2048 bytes back
Round trip time was 0.011798 milliseconds in repetition 259
tcp_ping received 2048 bytes back
Round trip time was 0.012007 milliseconds in repetition 260
tcp_ping received 2048 bytes back
Round trip time was 0.011853 milliseconds in repetition 261
tcp_ping received 2048 bytes back
Round trip time was 0.02338 milliseconds in repetition 262
tcp_ping received 2048 bytes back
Round trip time was 0.012668 milliseconds in repetition 263
tcp_ping received 2048 bytes back
Round trip time was 0.012097 milliseconds in repetition 264
tcp_ping received 2048 bytes back
Round trip time was 0.01215 milliseconds in repetition 265
tcp_ping received 2048 bytes back
Round trip time was 0.012727 milliseconds in repetition 266
tcp_ping received 2048 bytes back
Round trip time was 0.012609 milliseconds in repetition 267
tcp_ping received 2048 bytes back
Round trip time was 0.012101 milliseconds in repetition 268
tcp_ping received 2048 bytes back
Round trip time was 0.012478 milliseconds in repetition 269
tcp_ping received 2048 bytes back
Round trip time was 0.012761 milliseconds in repetition 270
tcp_ping received 2048 bytes back
Round trip time was 0.012496 milliseconds in repetition 271
tcp_ping received 2048 bytes back
Round trip time was 0.012772 milliseconds in repetition 272
tcp_ping received 2048 bytes back
Round trip time was 0.011814 milliseconds in repetition 273
tcp_ping received 2048 bytes back
Round trip time was 0.012518 milliseconds in repetition 274
tcp_ping received 2048 bytes back
Round trip time was 0.012507 milliseconds in repetition 275
tcp_ping received 2048 bytes back
Round trip time was 0.011908 milliseconds in repetition 276
tcp_ping received 2048 bytes back
Round trip time was 0.011897 milliseconds in repetition 277
tcp_ping received 2048 bytes back
Round trip time was 0.012685 milliseconds in repetition 278
tcp_ping received 2048 bytes back
Round trip time was 0.012131 milliseconds in repetition 279
tcp_ping received 2048 bytes back
Round trip time was 0.01249 milliseconds in repetition 280
tcp_ping received 2048 bytes back
Round trip time was 0.012013 milliseconds in repetition 281
tcp_ping received 2048 bytes back
Round trip time was 0.012494 milliseconds in repetition 282
tcp_ping received 2048 bytes back
Round trip time was 0.012591 milliseconds in repetition 283
tcp_ping received 2048 bytes back
Round trip time was 0.012784 milliseconds in repetition 284
tcp_ping received 2048 bytes back
Round trip time was 0.012411 milliseconds in repetition 285
tcp_ping received 2048 bytes back
Round trip time was 0.012498 milliseconds in repetition 286
tcp_ping received 2048 bytes back
Round trip time was 0.012032 milliseconds in repetition 287
tcp_ping received 2048 bytes back
Round trip time was 0.01193 milliseconds in repetition 288
tcp_ping received 2048 bytes back
Round trip time was 0.012523 milliseconds in repetition 289
tcp_ping received 2048 bytes back
Round trip time was 0.012377 milliseconds in repetition 290
tcp_ping received 2048 bytes back
Round trip time was 0.011822 milliseconds in repetition 291
tcp_ping received 2048 bytes back
Round trip time was 0.012572 milliseconds in repetition 292
tcp_ping received 2048 bytes back
Round trip time was 0.012441 milliseconds in repetition 293
tcp_ping received 2048 bytes back
Round trip time was 0.012466 milliseconds in repetition 294
tcp_ping received 2048 bytes back
Round trip time was 0.01264 milliseconds in repetition 295
tcp_ping received 2048 bytes back
Round trip time was 0.012562 milliseconds in repetition 296
tcp_ping received 2048 bytes back
Round trip time was 0.012449 milliseconds in repetition 297
tcp_ping received 2048 bytes back
Round trip time was 0.012612 milliseconds in repetition 298
tcp_ping received 2048 bytes back
Round trip time was 0.01261 milliseconds in repetition 299
tcp_ping received 2048 bytes back
Round trip time was 0.012652 milliseconds in repetition 300
tcp_ping received 2048 bytes back
Round trip time was 0.013238 milliseconds in repetition 301
tcp_ping received 2048 bytes back
Round trip time was 0.012492 milliseconds in repetition 302
tcp_ping received 2048 bytes back
Round trip time was 0.012681 milliseconds in repetition 303
tcp_ping received 2048 bytes back
Round trip time was 0.012363 milliseconds in repetition 304
tcp_ping received 2048 bytes back
Round trip time was 0.012463 milliseconds in repetition 305
tcp_ping received 2048 bytes back
Round trip time was 0.017726 milliseconds in repetition 306
tcp_ping received 2048 bytes back
Round trip time was 0.013942 milliseconds in repetition 307
tcp_ping received 2048 bytes back
Round trip time was 0.01373 milliseconds in repetition 308
tcp_ping received 2048 bytes back
Round trip time was 0.013805 milliseconds in repetition 309
tcp_ping received 2048 bytes back
Round trip time was 0.013703 milliseconds in repetition 310
tcp_ping received 2048 bytes back
Round trip time was 0.013723 milliseconds in repetition 311
tcp_ping received 2048 bytes back
Round trip time was 0.013574 milliseconds in repetition 312
tcp_ping received 2048 bytes back
Round trip time was 0.013758 milliseconds in repetition 313
tcp_ping received 2048 bytes back
Round trip time was 0.013674 milliseconds in repetition 314
tcp_ping received 2048 bytes back
Round trip time was 0.013671 milliseconds in repetition 315
tcp_ping received 2048 bytes back
Round trip time was 0.013578 milliseconds in repetition 316
tcp_ping received 2048 bytes back
Round trip time was 0.013653 milliseconds in repetition 317
tcp_ping received 2048 bytes back
Round trip time was 0.013724 milliseconds in repetition 318
tcp_ping received 2048 bytes back
Round trip time was 0.013744 milliseconds in repetition 319
tcp_ping received 2048 bytes back
Round trip time was 0.013581 milliseconds in repetition 320
tcp_ping received 2048 bytes back
Round trip time was 0.013693 milliseconds in repetition 321
tcp_ping received 2048 bytes back
Round trip time was 0.013744 milliseconds in repetition 322
tcp_ping received 2048 bytes back
Round trip time was 0.013764 milliseconds in repetition 323
tcp_ping received 2048 bytes back
Round trip time was 0.013805 milliseconds in repetition 324
tcp_ping received 2048 bytes back
Round trip time was 0.013632 milliseconds in repetition 325
tcp_ping received 2048 bytes back
Round trip time was 0.013756 milliseconds in repetition 326
tcp_ping received 2048 bytes back
Round trip time was 0.013652 milliseconds in repetition 327
tcp_ping received 2048 bytes back
Round trip time was 0.013713 milliseconds in repetition 328
tcp_ping received 2048 bytes back
Round trip time was 0.013685 milliseconds in repetition 329
tcp_ping received 2048 bytes back
Round trip time was 0.013642 milliseconds in repetition 330
tcp_ping received 2048 bytes back
Round trip time was 0.013612 milliseconds in repetition 331
tcp_ping received 2048 bytes back
Round trip time was 0.013608 milliseconds in repetition 332
tcp_ping received 2048 bytes back
Round trip time was 0.013797 milliseconds in repetition 333
tcp_ping received 2048 bytes back
Round trip time was 0.013711 milliseconds in repetition 334
tcp_ping received 2048 bytes back
Round trip time was 0.013572 milliseconds in repetition 335
tcp_ping received 2048 bytes back
Round trip time was 0.013592 milliseconds in repetition 336
tcp_ping received 2048 bytes back
Round trip time was 0.013691 milliseconds in repetition 337
tcp_ping received 2048 bytes back
Round trip time was 0.013829 milliseconds in repetition 338
tcp_ping received 2048 bytes back
Round trip time was 0.013763 milliseconds in repetition 339
tcp_ping received 2048 bytes back
Round trip time was 0.013598 milliseconds in repetition 340
tcp_ping received 2048 bytes back
Round trip time was 0.013689 milliseconds in repetition 341
tcp_ping received 2048 bytes back
Round trip time was 0.013738 milliseconds in repetition 342
tcp_ping received 2048 bytes back
Round trip time was 0.013834 milliseconds in repetition 343
tcp_ping received 2048 bytes back
Round trip time was 0.013733 milliseconds in repetition 344
tcp_ping received 2048 bytes back
Round trip time was 0.013716 milliseconds in repetition 345
tcp_ping received 2048 bytes back
Round trip time was 0.01398 milliseconds in repetition 346
tcp_ping received 2048 bytes back
Round trip time was 0.013749 milliseconds in repetition 347
tcp_ping received 2048 bytes back
Round trip time was 0.013739 milliseconds in repetition 348
tcp_ping received 2048 bytes back
Round trip time was 0.013734 milliseconds in repetition 349
tcp_ping received 2048 bytes back
Round trip time was 0.014505 milliseconds in repetition 350
tcp_ping received 2048 bytes back
Round trip time was 0.013689 milliseconds in repetition 351
tcp_ping received 2048 bytes back
Round trip time was 0.013559 milliseconds in repetition 352
tcp_ping received 2048 bytes back
Round trip time was 0.013588 milliseconds in repetition 353
tcp_ping received 2048 bytes back
Round trip time was 0.013776 milliseconds in repetition 354
tcp_ping received 2048 bytes back
Round trip time was 0.013725 milliseconds in repetition 355
tcp_ping received 2048 bytes back
Round trip time was 0.013553 milliseconds in repetition 356
tcp_ping received 2048 bytes back
Round trip time was 0.013579 milliseconds in repetition 357
tcp_ping received 2048 bytes back
Round trip time was 0.013571 milliseconds in repetition 358
tcp_ping received 2048 bytes back
Round trip time was 0.013735 milliseconds in repetition 359
tcp_ping received 2048 bytes back
Round trip time was 0.013667 milliseconds in repetition 360
tcp_ping received 2048 bytes back
Round trip time was 0.013635 milliseconds in repetition 361
tcp_ping received 2048 bytes back
Round trip time was 0.013678 milliseconds in repetition 362
tcp_ping received 2048 bytes back
Round trip time was 0.0137 milliseconds in repetition 363
tcp_ping received 2048 bytes back
Round trip time was 0.013653 milliseconds in repetition 364
tcp_ping received 2048 bytes back
Round trip time was 0.013536 milliseconds in repetition 365
tcp_ping received 2048 bytes back
Round trip time was 0.013635 milliseconds in repetition 366
tcp_ping received 2048 bytes back
Round trip time was 0.013683 milliseconds in repetition 367
tcp_ping received 2048 bytes back
Round trip time was 0.013663 milliseconds in repetition 368
tcp_ping received 2048 bytes back
Round trip time was 0.013624 milliseconds in repetition 369
tcp_ping received 2048 bytes back
Round trip time was 0.013688 milliseconds in repetition 370
tcp_ping received 2048 bytes back
Round trip time was 0.013677 milliseconds in repetition 371
tcp_ping received 2048 bytes back
Round trip time was 0.013762 milliseconds in repetition 372
tcp_ping received 2048 bytes back
Round trip time was 0.013698 milliseconds in repetition 373
tcp_ping received 2048 bytes back
Round trip time was 0.013579 milliseconds in repetition 374
tcp_ping received 2048 bytes back
Round trip time was 0.013746 milliseconds in repetition 375
tcp_ping received 2048 bytes back
Round trip time was 0.013666 milliseconds in repetition 376
tcp_ping received 2048 bytes back
Round trip time was 0.013658 milliseconds in repetition 377
tcp_ping received 2048 bytes back
Round trip time was 0.013742 milliseconds in repetition 378
tcp_ping received 2048 bytes back
Round trip time was 0.013721 milliseconds in repetition 379
tcp_ping received 2048 bytes back
Round trip time was 0.013624 milliseconds in repetition 380
tcp_ping received 2048 bytes back
Round trip time was 0.018866 milliseconds in repetition 381
tcp_ping received 2048 bytes back
Round trip time was 0.014354 milliseconds in repetition 382
tcp_ping received 2048 bytes back
Round trip time was 0.013862 milliseconds in repetition 383
tcp_ping received 2048 bytes back
Round trip time was 0.013826 milliseconds in repetition 384
tcp_ping received 2048 bytes back
Round trip time was 0.013611 milliseconds in repetition 385
tcp_ping received 2048 bytes back
Round trip time was 0.013779 milliseconds in repetition 386
tcp_ping received 2048 bytes back
Round trip time was 0.013762 milliseconds in repetition 387
tcp_ping received 2048 bytes back
Round trip time was 0.01367 milliseconds in repetition 388
tcp_ping received 2048 bytes back
Round trip time was 0.013574 milliseconds in repetition 389
tcp_ping received 2048 bytes back
Round trip time was 0.013653 milliseconds in repetition 390
tcp_ping received 2048 bytes back
Round trip time was 0.013803 milliseconds in repetition 391
tcp_ping received 2048 bytes back
Round trip time was 0.013701 milliseconds in repetition 392
tcp_ping received 2048 bytes back
Round trip time was 0.014107 milliseconds in repetition 393
tcp_ping received 2048 bytes back
Round trip time was 0.014016 milliseconds in repetition 394
tcp_ping received 2048 bytes back
Round trip time was 0.013588 milliseconds in repetition 395
tcp_ping received 2048 bytes back
Round trip time was 0.013754 milliseconds in repetition 396
tcp_ping received 2048 bytes back
Round trip time was 0.013674 milliseconds in repetition 397
tcp_ping received 2048 bytes back
Round trip time was 0.013656 milliseconds in repetition 398
tcp_ping received 2048 bytes back
Round trip time was 0.013698 milliseconds in repetition 399
tcp_ping received 2048 bytes back
Round trip time was 0.013804 milliseconds in repetition 400
tcp_ping received 2048 bytes back
Round trip time was 0.013667 milliseconds in repetition 401
tcp_ping received 2048 bytes back
Round trip time was 0.013802 milliseconds in repetition 402
tcp_ping received 2048 bytes back
Round trip time was 0.013779 milliseconds in repetition 403
tcp_ping received 2048 bytes back
Round trip time was 0.01373 milliseconds in repetition 404
tcp_ping received 2048 bytes back
Round trip time was 0.013683 milliseconds in repetition 405
tcp_ping received 2048 bytes back
Round trip time was 0.013534 milliseconds in repetition 406
tcp_ping received 2048 bytes back
Round trip time was 0.01369 milliseconds in repetition 407
tcp_ping received 2048 bytes back
Round trip time was 0.013691 milliseconds in repetition 408
tcp_ping received 2048 bytes back
Round trip time was 0.013627 milliseconds in repetition 409
tcp_ping received 2048 bytes back
Round trip time was 0.013574 milliseconds in repetition 410
tcp_ping received 2048 bytes back
Round trip time was 0.013594 milliseconds in repetition 411
tcp_ping received 2048 bytes back
Round trip time was 0.013593 milliseconds in repetition 412
tcp_ping received 2048 bytes back
Round trip time was 0.013648 milliseconds in repetition 413
tcp_ping received 2048 bytes back
Round trip time was 0.013705 milliseconds in repetition 414
tcp_ping received 2048 bytes back
Round trip time was 0.013595 milliseconds in repetition 415
tcp_ping received 2048 bytes back
Round trip time was 0.013729 milliseconds in repetition 416
tcp_ping received 2048 bytes back
Round trip time was 0.013643 milliseconds in repetition 417
tcp_ping received 2048 bytes back
Round trip time was 0.013856 milliseconds in repetition 418
tcp_ping received 2048 bytes back
Round trip time was 0.013669 milliseconds in repetition 419
tcp_ping received 2048 bytes back
Round trip time was 0.013614 milliseconds in repetition 420
tcp_ping received 2048 bytes back
Round trip time was 0.013664 milliseconds in repetition 421
tcp_ping received 2048 bytes back
Round trip time was 0.013602 milliseconds in repetition 422
tcp_ping received 2048 bytes back
Round trip time was 0.013659 milliseconds in repetition 423
tcp_ping received 2048 bytes back
Round trip time was 0.013634 milliseconds in repetition 424
tcp_ping received 2048 bytes back
Round trip time was 0.013623 milliseconds in repetition 425
tcp_ping received 2048 bytes back
Round trip time was 0.013702 milliseconds in repetition 426
tcp_ping received 2048 bytes back
Round trip time was 0.013805 milliseconds in repetition 427
tcp_ping received 2048 bytes back
Round trip time was 0.013651 milliseconds in repetition 428
tcp_ping received 2048 bytes back
Round trip time was 0.013614 milliseconds in repetition 429
tcp_ping received 2048 bytes back
Round trip time was 0.013587 milliseconds in repetition 430
tcp_ping received 2048 bytes back
Round trip time was 0.013583 milliseconds in repetition 431
tcp_ping received 2048 bytes back
Round trip time was 0.014987 milliseconds in repetition 432
tcp_ping received 2048 bytes back
Round trip time was 0.01349 milliseconds in repetition 433
tcp_ping received 2048 bytes back
Round trip time was 0.013612 milliseconds in repetition 434
tcp_ping received 2048 bytes back
Round trip time was 0.013762 milliseconds in repetition 435
tcp_ping received 2048 bytes back
Round trip time was 0.013692 milliseconds in repetition 436
tcp_ping received 2048 bytes back
Round trip time was 0.013922 milliseconds in repetition 437
tcp_ping received 2048 bytes back
Round trip time was 0.013786 milliseconds in repetition 438
tcp_ping received 2048 bytes back
Round trip time was 0.013756 milliseconds in repetition 439
tcp_ping received 2048 bytes back
Round trip time was 0.013793 milliseconds in repetition 440
tcp_ping received 2048 bytes back
Round trip time was 0.01369 milliseconds in repetition 441
tcp_ping received 2048 bytes back
Round trip time was 0.013691 milliseconds in repetition 442
tcp_ping received 2048 bytes back
Round trip time was 0.013827 milliseconds in repetition 443
tcp_ping received 2048 bytes back
Round trip time was 0.013761 milliseconds in repetition 444
tcp_ping received 2048 bytes back
Round trip time was 0.01381 milliseconds in repetition 445
tcp_ping received 2048 bytes back
Round trip time was 0.013683 milliseconds in repetition 446
tcp_ping received 2048 bytes back
Round trip time was 0.013601 milliseconds in repetition 447
tcp_ping received 2048 bytes back
Round trip time was 0.013767 milliseconds in repetition 448
tcp_ping received 2048 bytes back
Round trip time was 0.013745 milliseconds in repetition 449
tcp_ping received 2048 bytes back
Round trip time was 0.013686 milliseconds in repetition 450
tcp_ping received 2048 bytes back
Round trip time was 0.013639 milliseconds in repetition 451
tcp_ping received 2048 bytes back
Round trip time was 0.013606 milliseconds in repetition 452
tcp_ping received 2048 bytes back
Round trip time was 0.013659 milliseconds in repetition 453
tcp_ping received 2048 bytes back
Round trip time was 0.013791 milliseconds in repetition 454
tcp_ping received 2048 bytes back
Round trip time was 0.013719 milliseconds in repetition 455
tcp_ping received 2048 bytes back
Round trip time was 0.013605 milliseconds in repetition 456
tcp_ping received 2048 bytes back
Round trip time was 0.013675 milliseconds in repetition 457
tcp_ping received 2048 bytes back
Round trip time was 0.013647 milliseconds in repetition 458
tcp_ping received 2048 bytes back
Round trip time was 0.01368 milliseconds in repetition 459
tcp_ping received 2048 bytes back
Round trip time was 0.013584 milliseconds in repetition 460
tcp_ping received 2048 bytes back
Round trip time was 0.013673 milliseconds in repetition 461
tcp_ping received 2048 bytes back
Round trip time was 0.01367 milliseconds in repetition 462
tcp_ping received 2048 bytes back
Round trip time was 0.013765 milliseconds in repetition 463
tcp_ping received 2048 bytes back
Round trip time was 0.013683 milliseconds in repetition 464
tcp_ping received 2048 bytes back
Round trip time was 0.013691 milliseconds in repetition 465
tcp_ping received 2048 bytes back
Round trip time was 0.013538 milliseconds in repetition 466
tcp_ping received 2048 bytes back
Round trip time was 0.013619 milliseconds in repetition 467
tcp_ping received 2048 bytes back
Round trip time was 0.013671 milliseconds in repetition 468
tcp_ping received 2048 bytes back
Round trip time was 0.01369 milliseconds in repetition 469
tcp_ping received 2048 bytes back
Round trip time was 0.013628 milliseconds in repetition 470
tcp_ping received 2048 bytes back
Round trip time was 0.013784 milliseconds in repetition 471
tcp_ping received 2048 bytes back
Round trip time was 0.013608 milliseconds in repetition 472
tcp_ping received 2048 bytes back
Round trip time was 0.013759 milliseconds in repetition 473
tcp_ping received 2048 bytes back
Round trip time was 0.013709 milliseconds in repetition 474
tcp_ping received 2048 bytes back
Round trip time was 0.0136 milliseconds in repetition 475
tcp_ping received 2048 bytes back
Round trip time was 0.013601 milliseconds in repetition 476
tcp_ping received 2048 bytes back
Round trip time was 0.013731 milliseconds in repetition 477
tcp_ping received 2048 bytes back
Round trip time was 0.013602 milliseconds in repetition 478
tcp_ping received 2048 bytes back
Round trip time was 0.013632 milliseconds in repetition 479
tcp_ping received 2048 bytes back
Round trip time was 0.013562 milliseconds in repetition 480
tcp_ping received 2048 bytes back
Round trip time was 0.015341 milliseconds in repetition 481
tcp_ping received 2048 bytes back
Round trip time was 0.013718 milliseconds in repetition 482
tcp_ping received 2048 bytes back
Round trip time was 0.013665 milliseconds in repetition 483
tcp_ping received 2048 bytes back
Round trip time was 0.013616 milliseconds in repetition 484
tcp_ping received 2048 bytes back
Round trip time was 0.013601 milliseconds in repetition 485
tcp_ping received 2048 bytes back
Round trip time was 0.013596 milliseconds in repetition 486
tcp_ping received 2048 bytes back
Round trip time was 0.013747 milliseconds in repetition 487
tcp_ping received 2048 bytes back
Round trip time was 0.013707 milliseconds in repetition 488
tcp_ping received 2048 bytes back
Round trip time was 0.013583 milliseconds in repetition 489
tcp_ping received 2048 bytes back
Round trip time was 0.013675 milliseconds in repetition 490
tcp_ping received 2048 bytes back
Round trip time was 0.01371 milliseconds in repetition 491
tcp_ping received 2048 bytes back
Round trip time was 0.013567 milliseconds in repetition 492
tcp_ping received 2048 bytes back
Round trip time was 0.013597 milliseconds in repetition 493
tcp_ping received 2048 bytes back
Round trip time was 0.013627 milliseconds in repetition 494
tcp_ping received 2048 bytes back
Round trip time was 0.013685 milliseconds in repetition 495
tcp_ping received 2048 bytes back
Round trip time was 0.013577 milliseconds in repetition 496
tcp_ping received 2048 bytes back
Round trip time was 0.013693 milliseconds in repetition 497
tcp_ping received 2048 bytes back
Round trip time was 0.013669 milliseconds in repetition 498
tcp_ping received 2048 bytes back
Round trip time was 0.013645 milliseconds in repetition 499
tcp_ping received 2048 bytes back
Round trip time was 0.013677 milliseconds in repetition 500
tcp_ping received 2048 bytes back
Round trip time was 0.013556 milliseconds in repetition 501

 ... clock resolution was 1e-06
TCP Ping:  Statistics over 501 repetitions of 2048 byte messages

RTT : percentile 10: 0.011917, median: 0.012599, percentile 90: 0.013759, average: 0.0129823, variance: 5.53808e-06

RTT histogram:
0.0117355 288
0.0141127 202
0.0164899 5
0.0188671 3
0.0212443 1
0.0236215 1
0.0259987 0
0.0283759 0
0.0307531 0
0.0331303 0
0.0355075 0
0.0378847 0
0.0402619 0
0.0426391 0
0.0450163 0
0.0473935 0
0.0497707 0
0.0521479 0
0.0545251 0
0.0569023 0
0.0592795 1

   median Throughput : 325105 KB/s   overall Throughput : 315505 KB/s

