TCP Ping trying to connect to server localhost (127.0.0.1) on port 1491
 ... connected to Pong server: asking for 501 repetitions of 393216 bytes TCP messages
 ... Pong server agreed :-)
tcp_ping received 393216 bytes back
Round trip time was 1.32223 milliseconds in repetition 1
tcp_ping received 393216 bytes back
Round trip time was 1.12381 milliseconds in repetition 2
tcp_ping received 393216 bytes back
Round trip time was 1.12 milliseconds in repetition 3
tcp_ping received 393216 bytes back
Round trip time was 1.16366 milliseconds in repetition 4
tcp_ping received 393216 bytes back
Round trip time was 1.09869 milliseconds in repetition 5
tcp_ping received 393216 bytes back
Round trip time was 1.13748 milliseconds in repetition 6
tcp_ping received 393216 bytes back
Round trip time was 1.08847 milliseconds in repetition 7
tcp_ping received 393216 bytes back
Round trip time was 1.22595 milliseconds in repetition 8
tcp_ping received 393216 bytes back
Round trip time was 1.26927 milliseconds in repetition 9
tcp_ping received 393216 bytes back
Round trip time was 1.18262 milliseconds in repetition 10
tcp_ping received 393216 bytes back
Round trip time was 1.18657 milliseconds in repetition 11
tcp_ping received 393216 bytes back
Round trip time was 1.22555 milliseconds in repetition 12
tcp_ping received 393216 bytes back
Round trip time was 1.19795 milliseconds in repetition 13
tcp_ping received 393216 bytes back
Round trip time was 1.19149 milliseconds in repetition 14
tcp_ping received 393216 bytes back
Round trip time was 1.18771 milliseconds in repetition 15
tcp_ping received 393216 bytes back
Round trip time was 1.18263 milliseconds in repetition 16
tcp_ping received 393216 bytes back
Round trip time was 1.14176 milliseconds in repetition 17
tcp_ping received 393216 bytes back
Round trip time was 1.22218 milliseconds in repetition 18
tcp_ping received 393216 bytes back
Round trip time was 1.1707 milliseconds in repetition 19
tcp_ping received 393216 bytes back
Round trip time was 1.2048 milliseconds in repetition 20
tcp_ping received 393216 bytes back
Round trip time was 1.15954 milliseconds in repetition 21
tcp_ping received 393216 bytes back
Round trip time was 1.17781 milliseconds in repetition 22
tcp_ping received 393216 bytes back
Round trip time was 1.18843 milliseconds in repetition 23
tcp_ping received 393216 bytes back
Round trip time was 1.17204 milliseconds in repetition 24
tcp_ping received 393216 bytes back
Round trip time was 1.19633 milliseconds in repetition 25
tcp_ping received 393216 bytes back
Round trip time was 1.18181 milliseconds in repetition 26
tcp_ping received 393216 bytes back
Round trip time was 1.17797 milliseconds in repetition 27
tcp_ping received 393216 bytes back
Round trip time was 1.16732 milliseconds in repetition 28
tcp_ping received 393216 bytes back
Round trip time was 1.17467 milliseconds in repetition 29
tcp_ping received 393216 bytes back
Round trip time was 1.25897 milliseconds in repetition 30
tcp_ping received 393216 bytes back
Round trip time was 1.13967 milliseconds in repetition 31
tcp_ping received 393216 bytes back
Round trip time was 1.16963 milliseconds in repetition 32
tcp_ping received 393216 bytes back
Round trip time was 1.18433 milliseconds in repetition 33
tcp_ping received 393216 bytes back
Round trip time was 1.20375 milliseconds in repetition 34
tcp_ping received 393216 bytes back
Round trip time was 1.21746 milliseconds in repetition 35
tcp_ping received 393216 bytes back
Round trip time was 1.21861 milliseconds in repetition 36
tcp_ping received 393216 bytes back
Round trip time was 1.2076 milliseconds in repetition 37
tcp_ping received 393216 bytes back
Round trip time was 1.17604 milliseconds in repetition 38
tcp_ping received 393216 bytes back
Round trip time was 1.16778 milliseconds in repetition 39
tcp_ping received 393216 bytes back
Round trip time was 1.18869 milliseconds in repetition 40
tcp_ping received 393216 bytes back
Round trip time was 1.21346 milliseconds in repetition 41
tcp_ping received 393216 bytes back
Round trip time was 1.16247 milliseconds in repetition 42
tcp_ping received 393216 bytes back
Round trip time was 1.18701 milliseconds in repetition 43
tcp_ping received 393216 bytes back
Round trip time was 1.20213 milliseconds in repetition 44
tcp_ping received 393216 bytes back
Round trip time was 1.12097 milliseconds in repetition 45
tcp_ping received 393216 bytes back
Round trip time was 1.16663 milliseconds in repetition 46
tcp_ping received 393216 bytes back
Round trip time was 1.19056 milliseconds in repetition 47
tcp_ping received 393216 bytes back
Round trip time was 1.18681 milliseconds in repetition 48
tcp_ping received 393216 bytes back
Round trip time was 1.18985 milliseconds in repetition 49
tcp_ping received 393216 bytes back
Round trip time was 1.18729 milliseconds in repetition 50
tcp_ping received 393216 bytes back
Round trip time was 1.22882 milliseconds in repetition 51
tcp_ping received 393216 bytes back
Round trip time was 1.19135 milliseconds in repetition 52
tcp_ping received 393216 bytes back
Round trip time was 1.22121 milliseconds in repetition 53
tcp_ping received 393216 bytes back
Round trip time was 1.22223 milliseconds in repetition 54
tcp_ping received 393216 bytes back
Round trip time was 1.22024 milliseconds in repetition 55
tcp_ping received 393216 bytes back
Round trip time was 1.2613 milliseconds in repetition 56
tcp_ping received 393216 bytes back
Round trip time was 1.20925 milliseconds in repetition 57
tcp_ping received 393216 bytes back
Round trip time was 1.21883 milliseconds in repetition 58
tcp_ping received 393216 bytes back
Round trip time was 1.19114 milliseconds in repetition 59
tcp_ping received 393216 bytes back
Round trip time was 1.16392 milliseconds in repetition 60
tcp_ping received 393216 bytes back
Round trip time was 1.1706 milliseconds in repetition 61
tcp_ping received 393216 bytes back
Round trip time was 1.16105 milliseconds in repetition 62
tcp_ping received 393216 bytes back
Round trip time was 1.16759 milliseconds in repetition 63
tcp_ping received 393216 bytes back
Round trip time was 1.17091 milliseconds in repetition 64
tcp_ping received 393216 bytes back
Round trip time was 1.17582 milliseconds in repetition 65
tcp_ping received 393216 bytes back
Round trip time was 1.17981 milliseconds in repetition 66
tcp_ping received 393216 bytes back
Round trip time was 1.17277 milliseconds in repetition 67
tcp_ping received 393216 bytes back
Round trip time was 1.16598 milliseconds in repetition 68
tcp_ping received 393216 bytes back
Round trip time was 1.2608 milliseconds in repetition 69
tcp_ping received 393216 bytes back
Round trip time was 1.09371 milliseconds in repetition 70
tcp_ping received 393216 bytes back
Round trip time was 1.21602 milliseconds in repetition 71
tcp_ping received 393216 bytes back
Round trip time was 1.17697 milliseconds in repetition 72
tcp_ping received 393216 bytes back
Round trip time was 1.1993 milliseconds in repetition 73
tcp_ping received 393216 bytes back
Round trip time was 1.15445 milliseconds in repetition 74
tcp_ping received 393216 bytes back
Round trip time was 1.18368 milliseconds in repetition 75
tcp_ping received 393216 bytes back
Round trip time was 1.16239 milliseconds in repetition 76
tcp_ping received 393216 bytes back
Round trip time was 1.18746 milliseconds in repetition 77
tcp_ping received 393216 bytes back
Round trip time was 1.18129 milliseconds in repetition 78
tcp_ping received 393216 bytes back
Round trip time was 1.16813 milliseconds in repetition 79
tcp_ping received 393216 bytes back
Round trip time was 1.18103 milliseconds in repetition 80
tcp_ping received 393216 bytes back
Round trip time was 1.20443 milliseconds in repetition 81
tcp_ping received 393216 bytes back
Round trip time was 1.15742 milliseconds in repetition 82
tcp_ping received 393216 bytes back
Round trip time was 1.17694 milliseconds in repetition 83
tcp_ping received 393216 bytes back
Round trip time was 1.17342 milliseconds in repetition 84
tcp_ping received 393216 bytes back
Round trip time was 1.20402 milliseconds in repetition 85
tcp_ping received 393216 bytes back
Round trip time was 1.26221 milliseconds in repetition 86
tcp_ping received 393216 bytes back
Round trip time was 1.28223 milliseconds in repetition 87
tcp_ping received 393216 bytes back
Round trip time was 1.22124 milliseconds in repetition 88
tcp_ping received 393216 bytes back
Round trip time was 1.21056 milliseconds in repetition 89
tcp_ping received 393216 bytes back
Round trip time was 1.18894 milliseconds in repetition 90
tcp_ping received 393216 bytes back
Round trip time was 1.22442 milliseconds in repetition 91
tcp_ping received 393216 bytes back
Round trip time was 1.27065 milliseconds in repetition 92
tcp_ping received 393216 bytes back
Round trip time was 1.19545 milliseconds in repetition 93
tcp_ping received 393216 bytes back
Round trip time was 1.18399 milliseconds in repetition 94
tcp_ping received 393216 bytes back
Round trip time was 1.13613 milliseconds in repetition 95
tcp_ping received 393216 bytes back
Round trip time was 1.17379 milliseconds in repetition 96
tcp_ping received 393216 bytes back
Round trip time was 1.18579 milliseconds in repetition 97
tcp_ping received 393216 bytes back
Round trip time was 1.23049 milliseconds in repetition 98
tcp_ping received 393216 bytes back
Round trip time was 1.17873 milliseconds in repetition 99
tcp_ping received 393216 bytes back
Round trip time was 1.18074 milliseconds in repetition 100
tcp_ping received 393216 bytes back
Round trip time was 1.20671 milliseconds in repetition 101
tcp_ping received 393216 bytes back
Round trip time was 1.17473 milliseconds in repetition 102
tcp_ping received 393216 bytes back
Round trip time was 1.19451 milliseconds in repetition 103
tcp_ping received 393216 bytes back
Round trip time was 1.18126 milliseconds in repetition 104
tcp_ping received 393216 bytes back
Round trip time was 1.18697 milliseconds in repetition 105
tcp_ping received 393216 bytes back
Round trip time was 1.16047 milliseconds in repetition 106
tcp_ping received 393216 bytes back
Round trip time was 1.18183 milliseconds in repetition 107
tcp_ping received 393216 bytes back
Round trip time was 1.19471 milliseconds in repetition 108
tcp_ping received 393216 bytes back
Round trip time was 1.19943 milliseconds in repetition 109
tcp_ping received 393216 bytes back
Round trip time was 1.16782 milliseconds in repetition 110
tcp_ping received 393216 bytes back
Round trip time was 1.21597 milliseconds in repetition 111
tcp_ping received 393216 bytes back
Round trip time was 1.20638 milliseconds in repetition 112
tcp_ping received 393216 bytes back
Round trip time was 1.19481 milliseconds in repetition 113
tcp_ping received 393216 bytes back
Round trip time was 1.17121 milliseconds in repetition 114
tcp_ping received 393216 bytes back
Round trip time was 1.20456 milliseconds in repetition 115
tcp_ping received 393216 bytes back
Round trip time was 1.18076 milliseconds in repetition 116
tcp_ping received 393216 bytes back
Round trip time was 1.17464 milliseconds in repetition 117
tcp_ping received 393216 bytes back
Round trip time was 1.19435 milliseconds in repetition 118
tcp_ping received 393216 bytes back
Round trip time was 1.19335 milliseconds in repetition 119
tcp_ping received 393216 bytes back
Round trip time was 1.1531 milliseconds in repetition 120
tcp_ping received 393216 bytes back
Round trip time was 1.19744 milliseconds in repetition 121
tcp_ping received 393216 bytes back
Round trip time was 1.185 milliseconds in repetition 122
tcp_ping received 393216 bytes back
Round trip time was 1.17993 milliseconds in repetition 123
tcp_ping received 393216 bytes back
Round trip time was 1.17223 milliseconds in repetition 124
tcp_ping received 393216 bytes back
Round trip time was 1.19185 milliseconds in repetition 125
tcp_ping received 393216 bytes back
Round trip time was 1.23884 milliseconds in repetition 126
tcp_ping received 393216 bytes back
Round trip time was 1.17501 milliseconds in repetition 127
tcp_ping received 393216 bytes back
Round trip time was 1.17322 milliseconds in repetition 128
tcp_ping received 393216 bytes back
Round trip time was 1.15708 milliseconds in repetition 129
tcp_ping received 393216 bytes back
Round trip time was 1.17649 milliseconds in repetition 130
tcp_ping received 393216 bytes back
Round trip time was 1.17622 milliseconds in repetition 131
tcp_ping received 393216 bytes back
Round trip time was 1.20764 milliseconds in repetition 132
tcp_ping received 393216 bytes back
Round trip time was 1.16189 milliseconds in repetition 133
tcp_ping received 393216 bytes back
Round trip time was 1.17015 milliseconds in repetition 134
tcp_ping received 393216 bytes back
Round trip time was 1.16495 milliseconds in repetition 135
tcp_ping received 393216 bytes back
Round trip time was 1.18973 milliseconds in repetition 136
tcp_ping received 393216 bytes back
Round trip time was 1.17021 milliseconds in repetition 137
tcp_ping received 393216 bytes back
Round trip time was 1.16451 milliseconds in repetition 138
tcp_ping received 393216 bytes back
Round trip time was 1.16041 milliseconds in repetition 139
tcp_ping received 393216 bytes back
Round trip time was 1.12592 milliseconds in repetition 140
tcp_ping received 393216 bytes back
Round trip time was 1.18689 milliseconds in repetition 141
tcp_ping received 393216 bytes back
Round trip time was 1.16885 milliseconds in repetition 142
tcp_ping received 393216 bytes back
Round trip time was 1.16581 milliseconds in repetition 143
tcp_ping received 393216 bytes back
Round trip time was 1.16578 milliseconds in repetition 144
tcp_ping received 393216 bytes back
Round trip time was 1.17962 milliseconds in repetition 145
tcp_ping received 393216 bytes back
Round trip time was 1.18351 milliseconds in repetition 146
tcp_ping received 393216 bytes back
Round trip time was 1.26677 milliseconds in repetition 147
tcp_ping received 393216 bytes back
Round trip time was 1.17837 milliseconds in repetition 148
tcp_ping received 393216 bytes back
Round trip time was 1.17332 milliseconds in repetition 149
tcp_ping received 393216 bytes back
Round trip time was 1.226 milliseconds in repetition 150
tcp_ping received 393216 bytes back
Round trip time was 1.22541 milliseconds in repetition 151
tcp_ping received 393216 bytes back
Round trip time was 1.15771 milliseconds in repetition 152
tcp_ping received 393216 bytes back
Round trip time was 1.20409 milliseconds in repetition 153
tcp_ping received 393216 bytes back
Round trip time was 1.14571 milliseconds in repetition 154
tcp_ping received 393216 bytes back
Round trip time was 1.22326 milliseconds in repetition 155
tcp_ping received 393216 bytes back
Round trip time was 1.1755 milliseconds in repetition 156
tcp_ping received 393216 bytes back
Round trip time was 1.17234 milliseconds in repetition 157
tcp_ping received 393216 bytes back
Round trip time was 1.15932 milliseconds in repetition 158
tcp_ping received 393216 bytes back
Round trip time was 1.21985 milliseconds in repetition 159
tcp_ping received 393216 bytes back
Round trip time was 1.16781 milliseconds in repetition 160
tcp_ping received 393216 bytes back
Round trip time was 1.27845 milliseconds in repetition 161
tcp_ping received 393216 bytes back
Round trip time was 1.15435 milliseconds in repetition 162
tcp_ping received 393216 bytes back
Round trip time was 1.19015 milliseconds in repetition 163
tcp_ping received 393216 bytes back
Round trip time was 1.18796 milliseconds in repetition 164
tcp_ping received 393216 bytes back
Round trip time was 1.19954 milliseconds in repetition 165
tcp_ping received 393216 bytes back
Round trip time was 1.21305 milliseconds in repetition 166
tcp_ping received 393216 bytes back
Round trip time was 1.26 milliseconds in repetition 167
tcp_ping received 393216 bytes back
Round trip time was 1.23427 milliseconds in repetition 168
tcp_ping received 393216 bytes back
Round trip time was 1.22192 milliseconds in repetition 169
tcp_ping received 393216 bytes back
Round trip time was 1.18492 milliseconds in repetition 170
tcp_ping received 393216 bytes back
Round trip time was 1.20208 milliseconds in repetition 171
tcp_ping received 393216 bytes back
Round trip time was 1.19079 milliseconds in repetition 172
tcp_ping received 393216 bytes back
Round trip time was 1.21128 milliseconds in repetition 173
tcp_ping received 393216 bytes back
Round trip time was 1.17907 milliseconds in repetition 174
tcp_ping received 393216 bytes back
Round trip time was 1.17281 milliseconds in repetition 175
tcp_ping received 393216 bytes back
Round trip time was 1.1193 milliseconds in repetition 176
tcp_ping received 393216 bytes back
Round trip time was 1.17717 milliseconds in repetition 177
tcp_ping received 393216 bytes back
Round trip time was 1.13742 milliseconds in repetition 178
tcp_ping received 393216 bytes back
Round trip time was 1.17114 milliseconds in repetition 179
tcp_ping received 393216 bytes back
Round trip time was 1.28622 milliseconds in repetition 180
tcp_ping received 393216 bytes back
Round trip time was 1.21169 milliseconds in repetition 181
tcp_ping received 393216 bytes back
Round trip time was 1.13293 milliseconds in repetition 182
tcp_ping received 393216 bytes back
Round trip time was 1.20076 milliseconds in repetition 183
tcp_ping received 393216 bytes back
Round trip time was 1.21835 milliseconds in repetition 184
tcp_ping received 393216 bytes back
Round trip time was 1.17292 milliseconds in repetition 185
tcp_ping received 393216 bytes back
Round trip time was 1.20365 milliseconds in repetition 186
tcp_ping received 393216 bytes back
Round trip time was 1.19278 milliseconds in repetition 187
tcp_ping received 393216 bytes back
Round trip time was 1.19072 milliseconds in repetition 188
tcp_ping received 393216 bytes back
Round trip time was 1.1736 milliseconds in repetition 189
tcp_ping received 393216 bytes back
Round trip time was 1.17823 milliseconds in repetition 190
tcp_ping received 393216 bytes back
Round trip time was 1.19581 milliseconds in repetition 191
tcp_ping received 393216 bytes back
Round trip time was 1.25341 milliseconds in repetition 192
tcp_ping received 393216 bytes back
Round trip time was 1.21781 milliseconds in repetition 193
tcp_ping received 393216 bytes back
Round trip time was 1.2396 milliseconds in repetition 194
tcp_ping received 393216 bytes back
Round trip time was 1.21255 milliseconds in repetition 195
tcp_ping received 393216 bytes back
Round trip time was 1.18505 milliseconds in repetition 196
tcp_ping received 393216 bytes back
Round trip time was 1.21391 milliseconds in repetition 197
tcp_ping received 393216 bytes back
Round trip time was 1.21725 milliseconds in repetition 198
tcp_ping received 393216 bytes back
Round trip time was 1.16724 milliseconds in repetition 199
tcp_ping received 393216 bytes back
Round trip time was 1.21954 milliseconds in repetition 200
tcp_ping received 393216 bytes back
Round trip time was 1.23049 milliseconds in repetition 201
tcp_ping received 393216 bytes back
Round trip time was 1.17736 milliseconds in repetition 202
tcp_ping received 393216 bytes back
Round trip time was 1.1695 milliseconds in repetition 203
tcp_ping received 393216 bytes back
Round trip time was 1.17691 milliseconds in repetition 204
tcp_ping received 393216 bytes back
Round trip time was 1.17137 milliseconds in repetition 205
tcp_ping received 393216 bytes back
Round trip time was 1.19714 milliseconds in repetition 206
tcp_ping received 393216 bytes back
Round trip time was 1.1459 milliseconds in repetition 207
tcp_ping received 393216 bytes back
Round trip time was 1.19508 milliseconds in repetition 208
tcp_ping received 393216 bytes back
Round trip time was 1.22682 milliseconds in repetition 209
tcp_ping received 393216 bytes back
Round trip time was 1.1997 milliseconds in repetition 210
tcp_ping received 393216 bytes back
Round trip time was 1.21855 milliseconds in repetition 211
tcp_ping received 393216 bytes back
Round trip time was 1.2037 milliseconds in repetition 212
tcp_ping received 393216 bytes back
Round trip time was 1.18385 milliseconds in repetition 213
tcp_ping received 393216 bytes back
Round trip time was 1.18356 milliseconds in repetition 214
tcp_ping received 393216 bytes back
Round trip time was 1.16773 milliseconds in repetition 215
tcp_ping received 393216 bytes back
Round trip time was 1.21651 milliseconds in repetition 216
tcp_ping received 393216 bytes back
Round trip time was 1.10945 milliseconds in repetition 217
tcp_ping received 393216 bytes back
Round trip time was 1.2024 milliseconds in repetition 218
tcp_ping received 393216 bytes back
Round trip time was 1.17146 milliseconds in repetition 219
tcp_ping received 393216 bytes back
Round trip time was 1.20022 milliseconds in repetition 220
tcp_ping received 393216 bytes back
Round trip time was 1.1839 milliseconds in repetition 221
tcp_ping received 393216 bytes back
Round trip time was 1.23373 milliseconds in repetition 222
tcp_ping received 393216 bytes back
Round trip time was 1.18901 milliseconds in repetition 223
tcp_ping received 393216 bytes back
Round trip time was 1.19258 milliseconds in repetition 224
tcp_ping received 393216 bytes back
Round trip time was 1.17857 milliseconds in repetition 225
tcp_ping received 393216 bytes back
Round trip time was 1.21607 milliseconds in repetition 226
tcp_ping received 393216 bytes back
Round trip time was 1.18183 milliseconds in repetition 227
tcp_ping received 393216 bytes back
Round trip time was 1.18507 milliseconds in repetition 228
tcp_ping received 393216 bytes back
Round trip time was 1.16948 milliseconds in repetition 229
tcp_ping received 393216 bytes back
Round trip time was 1.14106 milliseconds in repetition 230
tcp_ping received 393216 bytes back
Round trip time was 1.19023 milliseconds in repetition 231
tcp_ping received 393216 bytes back
Round trip time was 1.14733 milliseconds in repetition 232
tcp_ping received 393216 bytes back
Round trip time was 1.16648 milliseconds in repetition 233
tcp_ping received 393216 bytes back
Round trip time was 1.18039 milliseconds in repetition 234
tcp_ping received 393216 bytes back
Round trip time was 1.20708 milliseconds in repetition 235
tcp_ping received 393216 bytes back
Round trip time was 1.17084 milliseconds in repetition 236
tcp_ping received 393216 bytes back
Round trip time was 1.17467 milliseconds in repetition 237
tcp_ping received 393216 bytes back
Round trip time was 1.21338 milliseconds in repetition 238
tcp_ping received 393216 bytes back
Round trip time was 1.17698 milliseconds in repetition 239
tcp_ping received 393216 bytes back
Round trip time was 1.16402 milliseconds in repetition 240
tcp_ping received 393216 bytes back
Round trip time was 1.17455 milliseconds in repetition 241
tcp_ping received 393216 bytes back
Round trip time was 1.17457 milliseconds in repetition 242
tcp_ping received 393216 bytes back
Round trip time was 1.20359 milliseconds in repetition 243
tcp_ping received 393216 bytes back
Round trip time was 1.18454 milliseconds in repetition 244
tcp_ping received 393216 bytes back
Round trip time was 1.20208 milliseconds in repetition 245
tcp_ping received 393216 bytes back
Round trip time was 1.13526 milliseconds in repetition 246
tcp_ping received 393216 bytes back
Round trip time was 1.17882 milliseconds in repetition 247
tcp_ping received 393216 bytes back
Round trip time was 1.17768 milliseconds in repetition 248
tcp_ping received 393216 bytes back
Round trip time was 1.2144 milliseconds in repetition 249
tcp_ping received 393216 bytes back
Round trip time was 1.17195 milliseconds in repetition 250
tcp_ping received 393216 bytes back
Round trip time was 1.17945 milliseconds in repetition 251
tcp_ping received 393216 bytes back
Round trip time was 1.19448 milliseconds in repetition 252
tcp_ping received 393216 bytes back
Round trip time was 1.1869 milliseconds in repetition 253
tcp_ping received 393216 bytes back
Round trip time was 1.15567 milliseconds in repetition 254
tcp_ping received 393216 bytes back
Round trip time was 1.19705 milliseconds in repetition 255
tcp_ping received 393216 bytes back
Round trip time was 1.20622 milliseconds in repetition 256
tcp_ping received 393216 bytes back
Round trip time was 1.18775 milliseconds in repetition 257
tcp_ping received 393216 bytes back
Round trip time was 1.19356 milliseconds in repetition 258
tcp_ping received 393216 bytes back
Round trip time was 1.20997 milliseconds in repetition 259
tcp_ping received 393216 bytes back
Round trip time was 1.27483 milliseconds in repetition 260
tcp_ping received 393216 bytes back
Round trip time was 1.13479 milliseconds in repetition 261
tcp_ping received 393216 bytes back
Round trip time was 1.18507 milliseconds in repetition 262
tcp_ping received 393216 bytes back
Round trip time was 1.16759 milliseconds in repetition 263
tcp_ping received 393216 bytes back
Round trip time was 1.1847 milliseconds in repetition 264
tcp_ping received 393216 bytes back
Round trip time was 1.16993 milliseconds in repetition 265
tcp_ping received 393216 bytes back
Round trip time was 1.18735 milliseconds in repetition 266
tcp_ping received 393216 bytes back
Round trip time was 1.18686 milliseconds in repetition 267
tcp_ping received 393216 bytes back
Round trip time was 1.14954 milliseconds in repetition 268
tcp_ping received 393216 bytes back
Round trip time was 1.1701 milliseconds in repetition 269
tcp_ping received 393216 bytes back
Round trip time was 1.20224 milliseconds in repetition 270
tcp_ping received 393216 bytes back
Round trip time was 1.16953 milliseconds in repetition 271
tcp_ping received 393216 bytes back
Round trip time was 1.16573 milliseconds in repetition 272
tcp_ping received 393216 bytes back
Round trip time was 1.21866 milliseconds in repetition 273
tcp_ping received 393216 bytes back
Round trip time was 1.15662 milliseconds in repetition 274
tcp_ping received 393216 bytes back
Round trip time was 1.23187 milliseconds in repetition 275
tcp_ping received 393216 bytes back
Round trip time was 1.21707 milliseconds in repetition 276
tcp_ping received 393216 bytes back
Round trip time was 1.22033 milliseconds in repetition 277
tcp_ping received 393216 bytes back
Round trip time was 1.17842 milliseconds in repetition 278
tcp_ping received 393216 bytes back
Round trip time was 1.17889 milliseconds in repetition 279
tcp_ping received 393216 bytes back
Round trip time was 1.194 milliseconds in repetition 280
tcp_ping received 393216 bytes back
Round trip time was 1.18969 milliseconds in repetition 281
tcp_ping received 393216 bytes back
Round trip time was 1.20937 milliseconds in repetition 282
tcp_ping received 393216 bytes back
Round trip time was 1.16525 milliseconds in repetition 283
tcp_ping received 393216 bytes back
Round trip time was 1.20737 milliseconds in repetition 284
tcp_ping received 393216 bytes back
Round trip time was 1.18046 milliseconds in repetition 285
tcp_ping received 393216 bytes back
Round trip time was 1.20612 milliseconds in repetition 286
tcp_ping received 393216 bytes back
Round trip time was 1.26836 milliseconds in repetition 287
tcp_ping received 393216 bytes back
Round trip time was 1.21392 milliseconds in repetition 288
tcp_ping received 393216 bytes back
Round trip time was 1.22025 milliseconds in repetition 289
tcp_ping received 393216 bytes back
Round trip time was 1.22395 milliseconds in repetition 290
tcp_ping received 393216 bytes back
Round trip time was 1.18962 milliseconds in repetition 291
tcp_ping received 393216 bytes back
Round trip time was 1.20627 milliseconds in repetition 292
tcp_ping received 393216 bytes back
Round trip time was 1.16639 milliseconds in repetition 293
tcp_ping received 393216 bytes back
Round trip time was 1.18328 milliseconds in repetition 294
tcp_ping received 393216 bytes back
Round trip time was 1.18749 milliseconds in repetition 295
tcp_ping received 393216 bytes back
Round trip time was 1.19943 milliseconds in repetition 296
tcp_ping received 393216 bytes back
Round trip time was 1.19214 milliseconds in repetition 297
tcp_ping received 393216 bytes back
Round trip time was 1.20091 milliseconds in repetition 298
tcp_ping received 393216 bytes back
Round trip time was 1.15946 milliseconds in repetition 299
tcp_ping received 393216 bytes back
Round trip time was 1.20118 milliseconds in repetition 300
tcp_ping received 393216 bytes back
Round trip time was 1.22858 milliseconds in repetition 301
tcp_ping received 393216 bytes back
Round trip time was 1.29797 milliseconds in repetition 302
tcp_ping received 393216 bytes back
Round trip time was 1.20202 milliseconds in repetition 303
tcp_ping received 393216 bytes back
Round trip time was 1.18038 milliseconds in repetition 304
tcp_ping received 393216 bytes back
Round trip time was 1.19555 milliseconds in repetition 305
tcp_ping received 393216 bytes back
Round trip time was 1.17618 milliseconds in repetition 306
tcp_ping received 393216 bytes back
Round trip time was 1.18082 milliseconds in repetition 307
tcp_ping received 393216 bytes back
Round trip time was 1.16601 milliseconds in repetition 308
tcp_ping received 393216 bytes back
Round trip time was 1.18485 milliseconds in repetition 309
tcp_ping received 393216 bytes back
Round trip time was 1.17172 milliseconds in repetition 310
tcp_ping received 393216 bytes back
Round trip time was 1.16214 milliseconds in repetition 311
tcp_ping received 393216 bytes back
Round trip time was 1.19787 milliseconds in repetition 312
tcp_ping received 393216 bytes back
Round trip time was 1.12712 milliseconds in repetition 313
tcp_ping received 393216 bytes back
Round trip time was 1.1676 milliseconds in repetition 314
tcp_ping received 393216 bytes back
Round trip time was 1.16712 milliseconds in repetition 315
tcp_ping received 393216 bytes back
Round trip time was 1.21149 milliseconds in repetition 316
tcp_ping received 393216 bytes back
Round trip time was 1.1823 milliseconds in repetition 317
tcp_ping received 393216 bytes back
Round trip time was 1.16939 milliseconds in repetition 318
tcp_ping received 393216 bytes back
Round trip time was 1.20269 milliseconds in repetition 319
tcp_ping received 393216 bytes back
Round trip time was 1.18323 milliseconds in repetition 320
tcp_ping received 393216 bytes back
Round trip time was 1.16649 milliseconds in repetition 321
tcp_ping received 393216 bytes back
Round trip time was 1.18992 milliseconds in repetition 322
tcp_ping received 393216 bytes back
Round trip time was 1.18742 milliseconds in repetition 323
tcp_ping received 393216 bytes back
Round trip time was 1.17797 milliseconds in repetition 324
tcp_ping received 393216 bytes back
Round trip time was 1.20685 milliseconds in repetition 325
tcp_ping received 393216 bytes back
Round trip time was 1.2677 milliseconds in repetition 326
tcp_ping received 393216 bytes back
Round trip time was 1.19848 milliseconds in repetition 327
tcp_ping received 393216 bytes back
Round trip time was 1.2162 milliseconds in repetition 328
tcp_ping received 393216 bytes back
Round trip time was 1.21197 milliseconds in repetition 329
tcp_ping received 393216 bytes back
Round trip time was 1.19671 milliseconds in repetition 330
tcp_ping received 393216 bytes back
Round trip time was 1.20876 milliseconds in repetition 331
tcp_ping received 393216 bytes back
Round trip time was 1.16665 milliseconds in repetition 332
tcp_ping received 393216 bytes back
Round trip time was 1.17176 milliseconds in repetition 333
tcp_ping received 393216 bytes back
Round trip time was 1.18008 milliseconds in repetition 334
tcp_ping received 393216 bytes back
Round trip time was 1.17859 milliseconds in repetition 335
tcp_ping received 393216 bytes back
Round trip time was 1.17834 milliseconds in repetition 336
tcp_ping received 393216 bytes back
Round trip time was 1.18344 milliseconds in repetition 337
tcp_ping received 393216 bytes back
Round trip time was 1.1712 milliseconds in repetition 338
tcp_ping received 393216 bytes back
Round trip time was 1.17666 milliseconds in repetition 339
tcp_ping received 393216 bytes back
Round trip time was 1.19267 milliseconds in repetition 340
tcp_ping received 393216 bytes back
Round trip time was 1.20902 milliseconds in repetition 341
tcp_ping received 393216 bytes back
Round trip time was 1.18679 milliseconds in repetition 342
tcp_ping received 393216 bytes back
Round trip time was 1.17135 milliseconds in repetition 343
tcp_ping received 393216 bytes back
Round trip time was 1.16305 milliseconds in repetition 344
tcp_ping received 393216 bytes back
Round trip time was 1.19751 milliseconds in repetition 345
tcp_ping received 393216 bytes back
Round trip time was 1.21431 milliseconds in repetition 346
tcp_ping received 393216 bytes back
Round trip time was 1.17329 milliseconds in repetition 347
tcp_ping received 393216 bytes back
Round trip time was 1.233 milliseconds in repetition 348
tcp_ping received 393216 bytes back
Round trip time was 1.1684 milliseconds in repetition 349
tcp_ping received 393216 bytes back
Round trip time was 1.17073 milliseconds in repetition 350
tcp_ping received 393216 bytes back
Round trip time was 1.18338 milliseconds in repetition 351
tcp_ping received 393216 bytes back
Round trip time was 1.18274 milliseconds in repetition 352
tcp_ping received 393216 bytes back
Round trip time was 1.17572 milliseconds in repetition 353
tcp_ping received 393216 bytes back
Round trip time was 1.17014 milliseconds in repetition 354
tcp_ping received 393216 bytes back
Round trip time was 1.09788 milliseconds in repetition 355
tcp_ping received 393216 bytes back
Round trip time was 1.17288 milliseconds in repetition 356
tcp_ping received 393216 bytes back
Round trip time was 1.16582 milliseconds in repetition 357
tcp_ping received 393216 bytes back
Round trip time was 1.22482 milliseconds in repetition 358
tcp_ping received 393216 bytes back
Round trip time was 1.17484 milliseconds in repetition 359
tcp_ping received 393216 bytes back
Round trip time was 1.17508 milliseconds in repetition 360
tcp_ping received 393216 bytes back
Round trip time was 1.19735 milliseconds in repetition 361
tcp_ping received 393216 bytes back
Round trip time was 1.18605 milliseconds in repetition 362
tcp_ping received 393216 bytes back
Round trip time was 1.18168 milliseconds in repetition 363
tcp_ping received 393216 bytes back
Round trip time was 1.16459 milliseconds in repetition 364
tcp_ping received 393216 bytes back
Round trip time was 1.20187 milliseconds in repetition 365
tcp_ping received 393216 bytes back
Round trip time was 1.16003 milliseconds in repetition 366
tcp_ping received 393216 bytes back
Round trip time was 1.18191 milliseconds in repetition 367
tcp_ping received 393216 bytes back
Round trip time was 1.20644 milliseconds in repetition 368
tcp_ping received 393216 bytes back
Round trip time was 1.08996 milliseconds in repetition 369
tcp_ping received 393216 bytes back
Round trip time was 1.1614 milliseconds in repetition 370
tcp_ping received 393216 bytes back
Round trip time was 1.1909 milliseconds in repetition 371
tcp_ping received 393216 bytes back
Round trip time was 1.14043 milliseconds in repetition 372
tcp_ping received 393216 bytes back
Round trip time was 1.18392 milliseconds in repetition 373
tcp_ping received 393216 bytes back
Round trip time was 1.16709 milliseconds in repetition 374
tcp_ping received 393216 bytes back
Round trip time was 1.22273 milliseconds in repetition 375
tcp_ping received 393216 bytes back
Round trip time was 1.17219 milliseconds in repetition 376
tcp_ping received 393216 bytes back
Round trip time was 1.17155 milliseconds in repetition 377
tcp_ping received 393216 bytes back
Round trip time was 1.18516 milliseconds in repetition 378
tcp_ping received 393216 bytes back
Round trip time was 1.18366 milliseconds in repetition 379
tcp_ping received 393216 bytes back
Round trip time was 1.17229 milliseconds in repetition 380
tcp_ping received 393216 bytes back
Round trip time was 1.18041 milliseconds in repetition 381
tcp_ping received 393216 bytes back
Round trip time was 1.19143 milliseconds in repetition 382
tcp_ping received 393216 bytes back
Round trip time was 1.16797 milliseconds in repetition 383
tcp_ping received 393216 bytes back
Round trip time was 1.17253 milliseconds in repetition 384
tcp_ping received 393216 bytes back
Round trip time was 1.20215 milliseconds in repetition 385
tcp_ping received 393216 bytes back
Round trip time was 1.14812 milliseconds in repetition 386
tcp_ping received 393216 bytes back
Round trip time was 1.17273 milliseconds in repetition 387
tcp_ping received 393216 bytes back
Round trip time was 1.18396 milliseconds in repetition 388
tcp_ping received 393216 bytes back
Round trip time was 1.1744 milliseconds in repetition 389
tcp_ping received 393216 bytes back
Round trip time was 1.17747 milliseconds in repetition 390
tcp_ping received 393216 bytes back
Round trip time was 1.21723 milliseconds in repetition 391
tcp_ping received 393216 bytes back
Round trip time was 1.18114 milliseconds in repetition 392
tcp_ping received 393216 bytes back
Round trip time was 1.17522 milliseconds in repetition 393
tcp_ping received 393216 bytes back
Round trip time was 1.18784 milliseconds in repetition 394
tcp_ping received 393216 bytes back
Round trip time was 1.17261 milliseconds in repetition 395
tcp_ping received 393216 bytes back
Round trip time was 1.16308 milliseconds in repetition 396
tcp_ping received 393216 bytes back
Round trip time was 1.34526 milliseconds in repetition 397
tcp_ping received 393216 bytes back
Round trip time was 1.24522 milliseconds in repetition 398
tcp_ping received 393216 bytes back
Round trip time was 1.23244 milliseconds in repetition 399
tcp_ping received 393216 bytes back
Round trip time was 1.23214 milliseconds in repetition 400
tcp_ping received 393216 bytes back
Round trip time was 1.10846 milliseconds in repetition 401
tcp_ping received 393216 bytes back
Round trip time was 1.09496 milliseconds in repetition 402
tcp_ping received 393216 bytes back
Round trip time was 1.2029 milliseconds in repetition 403
tcp_ping received 393216 bytes back
Round trip time was 1.10474 milliseconds in repetition 404
tcp_ping received 393216 bytes back
Round trip time was 1.14144 milliseconds in repetition 405
tcp_ping received 393216 bytes back
Round trip time was 1.11672 milliseconds in repetition 406
tcp_ping received 393216 bytes back
Round trip time was 1.11928 milliseconds in repetition 407
tcp_ping received 393216 bytes back
Round trip time was 1.12151 milliseconds in repetition 408
tcp_ping received 393216 bytes back
Round trip time was 1.10942 milliseconds in repetition 409
tcp_ping received 393216 bytes back
Round trip time was 1.12256 milliseconds in repetition 410
tcp_ping received 393216 bytes back
Round trip time was 1.12661 milliseconds in repetition 411
tcp_ping received 393216 bytes back
Round trip time was 1.11857 milliseconds in repetition 412
tcp_ping received 393216 bytes back
Round trip time was 1.10663 milliseconds in repetition 413
tcp_ping received 393216 bytes back
Round trip time was 1.09367 milliseconds in repetition 414
tcp_ping received 393216 bytes back
Round trip time was 1.18177 milliseconds in repetition 415
tcp_ping received 393216 bytes back
Round trip time was 1.10349 milliseconds in repetition 416
tcp_ping received 393216 bytes back
Round trip time was 1.12142 milliseconds in repetition 417
tcp_ping received 393216 bytes back
Round trip time was 1.18921 milliseconds in repetition 418
tcp_ping received 393216 bytes back
Round trip time was 1.10856 milliseconds in repetition 419
tcp_ping received 393216 bytes back
Round trip time was 1.11424 milliseconds in repetition 420
tcp_ping received 393216 bytes back
Round trip time was 1.10649 milliseconds in repetition 421
tcp_ping received 393216 bytes back
Round trip time was 1.1828 milliseconds in repetition 422
tcp_ping received 393216 bytes back
Round trip time was 1.08827 milliseconds in repetition 423
tcp_ping received 393216 bytes back
Round trip time was 1.1314 milliseconds in repetition 424
tcp_ping received 393216 bytes back
Round trip time was 1.18431 milliseconds in repetition 425
tcp_ping received 393216 bytes back
Round trip time was 1.09847 milliseconds in repetition 426
tcp_ping received 393216 bytes back
Round trip time was 1.13804 milliseconds in repetition 427
tcp_ping received 393216 bytes back
Round trip time was 1.09823 milliseconds in repetition 428
tcp_ping received 393216 bytes back
Round trip time was 1.10739 milliseconds in repetition 429
tcp_ping received 393216 bytes back
Round trip time was 1.14361 milliseconds in repetition 430
tcp_ping received 393216 bytes back
Round trip time was 1.10036 milliseconds in repetition 431
tcp_ping received 393216 bytes back
Round trip time was 1.0995 milliseconds in repetition 432
tcp_ping received 393216 bytes back
Round trip time was 1.13083 milliseconds in repetition 433
tcp_ping received 393216 bytes back
Round trip time was 1.0978 milliseconds in repetition 434
tcp_ping received 393216 bytes back
Round trip time was 1.11667 milliseconds in repetition 435
tcp_ping received 393216 bytes back
Round trip time was 1.22382 milliseconds in repetition 436
tcp_ping received 393216 bytes back
Round trip time was 1.17647 milliseconds in repetition 437
tcp_ping received 393216 bytes back
Round trip time was 1.15755 milliseconds in repetition 438
tcp_ping received 393216 bytes back
Round trip time was 1.17254 milliseconds in repetition 439
tcp_ping received 393216 bytes back
Round trip time was 1.22908 milliseconds in repetition 440
tcp_ping received 393216 bytes back
Round trip time was 1.1926 milliseconds in repetition 441
tcp_ping received 393216 bytes back
Round trip time was 1.17527 milliseconds in repetition 442
tcp_ping received 393216 bytes back
Round trip time was 1.09305 milliseconds in repetition 443
tcp_ping received 393216 bytes back
Round trip time was 1.10455 milliseconds in repetition 444
tcp_ping received 393216 bytes back
Round trip time was 1.08719 milliseconds in repetition 445
tcp_ping received 393216 bytes back
Round trip time was 1.08942 milliseconds in repetition 446
tcp_ping received 393216 bytes back
Round trip time was 1.12684 milliseconds in repetition 447
tcp_ping received 393216 bytes back
Round trip time was 1.09888 milliseconds in repetition 448
tcp_ping received 393216 bytes back
Round trip time was 1.09338 milliseconds in repetition 449
tcp_ping received 393216 bytes back
Round trip time was 1.12472 milliseconds in repetition 450
tcp_ping received 393216 bytes back
Round trip time was 1.20312 milliseconds in repetition 451
tcp_ping received 393216 bytes back
Round trip time was 1.10013 milliseconds in repetition 452
tcp_ping received 393216 bytes back
Round trip time was 1.1233 milliseconds in repetition 453
tcp_ping received 393216 bytes back
Round trip time was 1.10717 milliseconds in repetition 454
tcp_ping received 393216 bytes back
Round trip time was 1.11604 milliseconds in repetition 455
tcp_ping received 393216 bytes back
Round trip time was 1.09898 milliseconds in repetition 456
tcp_ping received 393216 bytes back
Round trip time was 1.10644 milliseconds in repetition 457
tcp_ping received 393216 bytes back
Round trip time was 1.13005 milliseconds in repetition 458
tcp_ping received 393216 bytes back
Round trip time was 1.12895 milliseconds in repetition 459
tcp_ping received 393216 bytes back
Round trip time was 1.09628 milliseconds in repetition 460
tcp_ping received 393216 bytes back
Round trip time was 1.12447 milliseconds in repetition 461
tcp_ping received 393216 bytes back
Round trip time was 1.0901 milliseconds in repetition 462
tcp_ping received 393216 bytes back
Round trip time was 1.15202 milliseconds in repetition 463
tcp_ping received 393216 bytes back
Round trip time was 1.11381 milliseconds in repetition 464
tcp_ping received 393216 bytes back
Round trip time was 1.09989 milliseconds in repetition 465
tcp_ping received 393216 bytes back
Round trip time was 1.12233 milliseconds in repetition 466
tcp_ping received 393216 bytes back
Round trip time was 1.10066 milliseconds in repetition 467
tcp_ping received 393216 bytes back
Round trip time was 1.10515 milliseconds in repetition 468
tcp_ping received 393216 bytes back
Round trip time was 1.10199 milliseconds in repetition 469
tcp_ping received 393216 bytes back
Round trip time was 1.09121 milliseconds in repetition 470
tcp_ping received 393216 bytes back
Round trip time was 1.10013 milliseconds in repetition 471
tcp_ping received 393216 bytes back
Round trip time was 1.13998 milliseconds in repetition 472
tcp_ping received 393216 bytes back
Round trip time was 1.08637 milliseconds in repetition 473
tcp_ping received 393216 bytes back
Round trip time was 1.20243 milliseconds in repetition 474
tcp_ping received 393216 bytes back
Round trip time was 1.15286 milliseconds in repetition 475
tcp_ping received 393216 bytes back
Round trip time was 1.16196 milliseconds in repetition 476
tcp_ping received 393216 bytes back
Round trip time was 1.74256 milliseconds in repetition 477
tcp_ping received 393216 bytes back
Round trip time was 1.69786 milliseconds in repetition 478
tcp_ping received 393216 bytes back
Round trip time was 1.72827 milliseconds in repetition 479
tcp_ping received 393216 bytes back
Round trip time was 1.25012 milliseconds in repetition 480
tcp_ping received 393216 bytes back
Round trip time was 1.30847 milliseconds in repetition 481
tcp_ping received 393216 bytes back
Round trip time was 1.21704 milliseconds in repetition 482
tcp_ping received 393216 bytes back
Round trip time was 1.16914 milliseconds in repetition 483
tcp_ping received 393216 bytes back
Round trip time was 1.19202 milliseconds in repetition 484
tcp_ping received 393216 bytes back
Round trip time was 1.30141 milliseconds in repetition 485
tcp_ping received 393216 bytes back
Round trip time was 1.37068 milliseconds in repetition 486
tcp_ping received 393216 bytes back
Round trip time was 1.38459 milliseconds in repetition 487
tcp_ping received 393216 bytes back
Round trip time was 1.12358 milliseconds in repetition 488
tcp_ping received 393216 bytes back
Round trip time was 1.11831 milliseconds in repetition 489
tcp_ping received 393216 bytes back
Round trip time was 1.16153 milliseconds in repetition 490
tcp_ping received 393216 bytes back
Round trip time was 1.17273 milliseconds in repetition 491
tcp_ping received 393216 bytes back
Round trip time was 1.09962 milliseconds in repetition 492
tcp_ping received 393216 bytes back
Round trip time was 1.11673 milliseconds in repetition 493
tcp_ping received 393216 bytes back
Round trip time was 1.12159 milliseconds in repetition 494
tcp_ping received 393216 bytes back
Round trip time was 1.72782 milliseconds in repetition 495
tcp_ping received 393216 bytes back
Round trip time was 1.4683 milliseconds in repetition 496
tcp_ping received 393216 bytes back
Round trip time was 1.71356 milliseconds in repetition 497
tcp_ping received 393216 bytes back
Round trip time was 1.46132 milliseconds in repetition 498
tcp_ping received 393216 bytes back
Round trip time was 1.20369 milliseconds in repetition 499
tcp_ping received 393216 bytes back
Round trip time was 1.23442 milliseconds in repetition 500
tcp_ping received 393216 bytes back
Round trip time was 1.12641 milliseconds in repetition 501

 ... clock resolution was 1e-06
TCP Ping:  Statistics over 501 repetitions of 393216 byte messages

RTT : percentile 10: 1.11928, median: 1.18076, percentile 90: 1.22482, average: 1.18604, variance: 0.00499373

RTT histogram:
1.08637 29
1.11918 47
1.15199 74
1.1848 218
1.21761 98
1.25042 13
1.28323 9
1.31604 3
1.34885 1
1.38166 2
1.41446 0
1.44727 1
1.48008 1
1.51289 0
1.5457 0
1.57851 0
1.61132 0
1.64413 0
1.67694 0
1.70975 2
1.74256 3

   median Throughput : 666041 KB/s   overall Throughput : 663074 KB/s

