TCP Ping trying to connect to server localhost (127.0.0.1) on port 1491
 ... connected to Pong server: asking for 501 repetitions of 49152 bytes TCP messages
 ... Pong server agreed :-)
tcp_ping received 49152 bytes back
Round trip time was 0.173273 milliseconds in repetition 1
tcp_ping received 49152 bytes back
Round trip time was 0.140479 milliseconds in repetition 2
tcp_ping received 49152 bytes back
Round trip time was 0.143223 milliseconds in repetition 3
tcp_ping received 49152 bytes back
Round trip time was 0.141587 milliseconds in repetition 4
tcp_ping received 49152 bytes back
Round trip time was 0.143067 milliseconds in repetition 5
tcp_ping received 49152 bytes back
Round trip time was 0.138139 milliseconds in repetition 6
tcp_ping received 49152 bytes back
Round trip time was 0.138022 milliseconds in repetition 7
tcp_ping received 49152 bytes back
Round trip time was 0.146369 milliseconds in repetition 8
tcp_ping received 49152 bytes back
Round trip time was 0.139715 milliseconds in repetition 9
tcp_ping received 49152 bytes back
Round trip time was 0.137945 milliseconds in repetition 10
tcp_ping received 49152 bytes back
Round trip time was 0.137469 milliseconds in repetition 11
tcp_ping received 49152 bytes back
Round trip time was 0.13902 milliseconds in repetition 12
tcp_ping received 49152 bytes back
Round trip time was 0.138199 milliseconds in repetition 13
tcp_ping received 49152 bytes back
Round trip time was 0.13863 milliseconds in repetition 14
tcp_ping received 49152 bytes back
Round trip time was 0.137105 milliseconds in repetition 15
tcp_ping received 49152 bytes back
Round trip time was 0.137446 milliseconds in repetition 16
tcp_ping received 49152 bytes back
Round trip time was 0.167819 milliseconds in repetition 17
tcp_ping received 49152 bytes back
Round trip time was 0.14013 milliseconds in repetition 18
tcp_ping received 49152 bytes back
Round trip time was 0.137383 milliseconds in repetition 19
tcp_ping received 49152 bytes back
Round trip time was 0.136744 milliseconds in repetition 20
tcp_ping received 49152 bytes back
Round trip time was 0.137737 milliseconds in repetition 21
tcp_ping received 49152 bytes back
Round trip time was 0.136599 milliseconds in repetition 22
tcp_ping received 49152 bytes back
Round trip time was 0.137485 milliseconds in repetition 23
tcp_ping received 49152 bytes back
Round trip time was 0.160055 milliseconds in repetition 24
tcp_ping received 49152 bytes back
Round trip time was 0.138199 milliseconds in repetition 25
tcp_ping received 49152 bytes back
Round trip time was 0.13816 milliseconds in repetition 26
tcp_ping received 49152 bytes back
Round trip time was 0.138184 milliseconds in repetition 27
tcp_ping received 49152 bytes back
Round trip time was 0.149883 milliseconds in repetition 28
tcp_ping received 49152 bytes back
Round trip time was 0.137592 milliseconds in repetition 29
tcp_ping received 49152 bytes back
Round trip time was 0.149848 milliseconds in repetition 30
tcp_ping received 49152 bytes back
Round trip time was 0.137397 milliseconds in repetition 31
tcp_ping received 49152 bytes back
Round trip time was 0.138492 milliseconds in repetition 32
tcp_ping received 49152 bytes back
Round trip time was 0.145921 milliseconds in repetition 33
tcp_ping received 49152 bytes back
Round trip time was 0.136909 milliseconds in repetition 34
tcp_ping received 49152 bytes back
Round trip time was 0.143287 milliseconds in repetition 35
tcp_ping received 49152 bytes back
Round trip time was 0.147944 milliseconds in repetition 36
tcp_ping received 49152 bytes back
Round trip time was 0.14791 milliseconds in repetition 37
tcp_ping received 49152 bytes back
Round trip time was 0.138603 milliseconds in repetition 38
tcp_ping received 49152 bytes back
Round trip time was 0.143776 milliseconds in repetition 39
tcp_ping received 49152 bytes back
Round trip time was 0.148428 milliseconds in repetition 40
tcp_ping received 49152 bytes back
Round trip time was 0.148779 milliseconds in repetition 41
tcp_ping received 49152 bytes back
Round trip time was 0.139505 milliseconds in repetition 42
tcp_ping received 49152 bytes back
Round trip time was 0.151373 milliseconds in repetition 43
tcp_ping received 49152 bytes back
Round trip time was 0.140647 milliseconds in repetition 44
tcp_ping received 49152 bytes back
Round trip time was 0.137419 milliseconds in repetition 45
tcp_ping received 49152 bytes back
Round trip time was 0.137769 milliseconds in repetition 46
tcp_ping received 49152 bytes back
Round trip time was 0.137838 milliseconds in repetition 47
tcp_ping received 49152 bytes back
Round trip time was 0.140898 milliseconds in repetition 48
tcp_ping received 49152 bytes back
Round trip time was 0.149145 milliseconds in repetition 49
tcp_ping received 49152 bytes back
Round trip time was 0.13777 milliseconds in repetition 50
tcp_ping received 49152 bytes back
Round trip time was 0.160656 milliseconds in repetition 51
tcp_ping received 49152 bytes back
Round trip time was 0.204931 milliseconds in repetition 52
tcp_ping received 49152 bytes back
Round trip time was 0.147594 milliseconds in repetition 53
tcp_ping received 49152 bytes back
Round trip time was 0.145574 milliseconds in repetition 54
tcp_ping received 49152 bytes back
Round trip time was 0.145977 milliseconds in repetition 55
tcp_ping received 49152 bytes back
Round trip time was 0.143585 milliseconds in repetition 56
tcp_ping received 49152 bytes back
Round trip time was 0.277065 milliseconds in repetition 57
tcp_ping received 49152 bytes back
Round trip time was 0.19347 milliseconds in repetition 58
tcp_ping received 49152 bytes back
Round trip time was 0.159628 milliseconds in repetition 59
tcp_ping received 49152 bytes back
Round trip time was 0.15403 milliseconds in repetition 60
tcp_ping received 49152 bytes back
Round trip time was 0.138841 milliseconds in repetition 61
tcp_ping received 49152 bytes back
Round trip time was 0.135339 milliseconds in repetition 62
tcp_ping received 49152 bytes back
Round trip time was 0.134503 milliseconds in repetition 63
tcp_ping received 49152 bytes back
Round trip time was 0.134345 milliseconds in repetition 64
tcp_ping received 49152 bytes back
Round trip time was 0.137027 milliseconds in repetition 65
tcp_ping received 49152 bytes back
Round trip time was 0.136198 milliseconds in repetition 66
tcp_ping received 49152 bytes back
Round trip time was 0.133722 milliseconds in repetition 67
tcp_ping received 49152 bytes back
Round trip time was 0.140524 milliseconds in repetition 68
tcp_ping received 49152 bytes back
Round trip time was 0.134307 milliseconds in repetition 69
tcp_ping received 49152 bytes back
Round trip time was 0.137673 milliseconds in repetition 70
tcp_ping received 49152 bytes back
Round trip time was 0.134223 milliseconds in repetition 71
tcp_ping received 49152 bytes back
Round trip time was 0.137658 milliseconds in repetition 72
tcp_ping received 49152 bytes back
Round trip time was 0.141126 milliseconds in repetition 73
tcp_ping received 49152 bytes back
Round trip time was 0.16276 milliseconds in repetition 74
tcp_ping received 49152 bytes back
Round trip time was 0.13783 milliseconds in repetition 75
tcp_ping received 49152 bytes back
Round trip time was 0.137395 milliseconds in repetition 76
tcp_ping received 49152 bytes back
Round trip time was 0.13942 milliseconds in repetition 77
tcp_ping received 49152 bytes back
Round trip time was 0.136988 milliseconds in repetition 78
tcp_ping received 49152 bytes back
Round trip time was 0.140943 milliseconds in repetition 79
tcp_ping received 49152 bytes back
Round trip time was 0.137774 milliseconds in repetition 80
tcp_ping received 49152 bytes back
Round trip time was 0.140329 milliseconds in repetition 81
tcp_ping received 49152 bytes back
Round trip time was 0.135995 milliseconds in repetition 82
tcp_ping received 49152 bytes back
Round trip time was 0.137227 milliseconds in repetition 83
tcp_ping received 49152 bytes back
Round trip time was 0.139383 milliseconds in repetition 84
tcp_ping received 49152 bytes back
Round trip time was 0.13737 milliseconds in repetition 85
tcp_ping received 49152 bytes back
Round trip time was 0.138515 milliseconds in repetition 86
tcp_ping received 49152 bytes back
Round trip time was 0.152308 milliseconds in repetition 87
tcp_ping received 49152 bytes back
Round trip time was 0.139527 milliseconds in repetition 88
tcp_ping received 49152 bytes back
Round trip time was 0.14456 milliseconds in repetition 89
tcp_ping received 49152 bytes back
Round trip time was 0.136846 milliseconds in repetition 90
tcp_ping received 49152 bytes back
Round trip time was 0.136996 milliseconds in repetition 91
tcp_ping received 49152 bytes back
Round trip time was 0.148406 milliseconds in repetition 92
tcp_ping received 49152 bytes back
Round trip time was 0.143841 milliseconds in repetition 93
tcp_ping received 49152 bytes back
Round trip time was 0.144322 milliseconds in repetition 94
tcp_ping received 49152 bytes back
Round trip time was 0.146448 milliseconds in repetition 95
tcp_ping received 49152 bytes back
Round trip time was 0.146751 milliseconds in repetition 96
tcp_ping received 49152 bytes back
Round trip time was 0.142837 milliseconds in repetition 97
tcp_ping received 49152 bytes back
Round trip time was 0.135447 milliseconds in repetition 98
tcp_ping received 49152 bytes back
Round trip time was 0.146965 milliseconds in repetition 99
tcp_ping received 49152 bytes back
Round trip time was 0.140155 milliseconds in repetition 100
tcp_ping received 49152 bytes back
Round trip time was 0.151092 milliseconds in repetition 101
tcp_ping received 49152 bytes back
Round trip time was 0.1378 milliseconds in repetition 102
tcp_ping received 49152 bytes back
Round trip time was 0.140963 milliseconds in repetition 103
tcp_ping received 49152 bytes back
Round trip time was 0.13705 milliseconds in repetition 104
tcp_ping received 49152 bytes back
Round trip time was 0.138684 milliseconds in repetition 105
tcp_ping received 49152 bytes back
Round trip time was 0.167058 milliseconds in repetition 106
tcp_ping received 49152 bytes back
Round trip time was 0.14067 milliseconds in repetition 107
tcp_ping received 49152 bytes back
Round trip time was 0.138548 milliseconds in repetition 108
tcp_ping received 49152 bytes back
Round trip time was 0.139904 milliseconds in repetition 109
tcp_ping received 49152 bytes back
Round trip time was 0.13787 milliseconds in repetition 110
tcp_ping received 49152 bytes back
Round trip time was 0.137117 milliseconds in repetition 111
tcp_ping received 49152 bytes back
Round trip time was 0.137015 milliseconds in repetition 112
tcp_ping received 49152 bytes back
Round trip time was 0.151889 milliseconds in repetition 113
tcp_ping received 49152 bytes back
Round trip time was 0.137138 milliseconds in repetition 114
tcp_ping received 49152 bytes back
Round trip time was 0.137337 milliseconds in repetition 115
tcp_ping received 49152 bytes back
Round trip time was 0.136547 milliseconds in repetition 116
tcp_ping received 49152 bytes back
Round trip time was 0.143251 milliseconds in repetition 117
tcp_ping received 49152 bytes back
Round trip time was 0.135943 milliseconds in repetition 118
tcp_ping received 49152 bytes back
Round trip time was 0.156941 milliseconds in repetition 119
tcp_ping received 49152 bytes back
Round trip time was 0.139698 milliseconds in repetition 120
tcp_ping received 49152 bytes back
Round trip time was 0.138602 milliseconds in repetition 121
tcp_ping received 49152 bytes back
Round trip time was 0.153538 milliseconds in repetition 122
tcp_ping received 49152 bytes back
Round trip time was 0.137743 milliseconds in repetition 123
tcp_ping received 49152 bytes back
Round trip time was 0.137457 milliseconds in repetition 124
tcp_ping received 49152 bytes back
Round trip time was 0.137892 milliseconds in repetition 125
tcp_ping received 49152 bytes back
Round trip time was 0.151812 milliseconds in repetition 126
tcp_ping received 49152 bytes back
Round trip time was 0.140261 milliseconds in repetition 127
tcp_ping received 49152 bytes back
Round trip time was 0.146986 milliseconds in repetition 128
tcp_ping received 49152 bytes back
Round trip time was 0.13884 milliseconds in repetition 129
tcp_ping received 49152 bytes back
Round trip time was 0.147028 milliseconds in repetition 130
tcp_ping received 49152 bytes back
Round trip time was 0.137667 milliseconds in repetition 131
tcp_ping received 49152 bytes back
Round trip time was 0.137287 milliseconds in repetition 132
tcp_ping received 49152 bytes back
Round trip time was 0.137828 milliseconds in repetition 133
tcp_ping received 49152 bytes back
Round trip time was 0.137939 milliseconds in repetition 134
tcp_ping received 49152 bytes back
Round trip time was 0.136688 milliseconds in repetition 135
tcp_ping received 49152 bytes back
Round trip time was 0.137519 milliseconds in repetition 136
tcp_ping received 49152 bytes back
Round trip time was 0.137985 milliseconds in repetition 137
tcp_ping received 49152 bytes back
Round trip time was 0.140704 milliseconds in repetition 138
tcp_ping received 49152 bytes back
Round trip time was 0.136156 milliseconds in repetition 139
tcp_ping received 49152 bytes back
Round trip time was 0.137528 milliseconds in repetition 140
tcp_ping received 49152 bytes back
Round trip time was 0.137153 milliseconds in repetition 141
tcp_ping received 49152 bytes back
Round trip time was 0.142214 milliseconds in repetition 142
tcp_ping received 49152 bytes back
Round trip time was 0.14194 milliseconds in repetition 143
tcp_ping received 49152 bytes back
Round trip time was 0.137322 milliseconds in repetition 144
tcp_ping received 49152 bytes back
Round trip time was 0.137026 milliseconds in repetition 145
tcp_ping received 49152 bytes back
Round trip time was 0.136844 milliseconds in repetition 146
tcp_ping received 49152 bytes back
Round trip time was 0.156476 milliseconds in repetition 147
tcp_ping received 49152 bytes back
Round trip time was 0.137379 milliseconds in repetition 148
tcp_ping received 49152 bytes back
Round trip time was 0.13847 milliseconds in repetition 149
tcp_ping received 49152 bytes back
Round trip time was 0.137028 milliseconds in repetition 150
tcp_ping received 49152 bytes back
Round trip time was 0.137182 milliseconds in repetition 151
tcp_ping received 49152 bytes back
Round trip time was 0.137036 milliseconds in repetition 152
tcp_ping received 49152 bytes back
Round trip time was 0.137257 milliseconds in repetition 153
tcp_ping received 49152 bytes back
Round trip time was 0.137818 milliseconds in repetition 154
tcp_ping received 49152 bytes back
Round trip time was 0.136972 milliseconds in repetition 155
tcp_ping received 49152 bytes back
Round trip time was 0.137582 milliseconds in repetition 156
tcp_ping received 49152 bytes back
Round trip time was 0.138505 milliseconds in repetition 157
tcp_ping received 49152 bytes back
Round trip time was 0.138026 milliseconds in repetition 158
tcp_ping received 49152 bytes back
Round trip time was 0.140358 milliseconds in repetition 159
tcp_ping received 49152 bytes back
Round trip time was 0.137809 milliseconds in repetition 160
tcp_ping received 49152 bytes back
Round trip time was 0.140083 milliseconds in repetition 161
tcp_ping received 49152 bytes back
Round trip time was 0.136596 milliseconds in repetition 162
tcp_ping received 49152 bytes back
Round trip time was 0.139122 milliseconds in repetition 163
tcp_ping received 49152 bytes back
Round trip time was 0.140556 milliseconds in repetition 164
tcp_ping received 49152 bytes back
Round trip time was 0.137452 milliseconds in repetition 165
tcp_ping received 49152 bytes back
Round trip time was 0.135619 milliseconds in repetition 166
tcp_ping received 49152 bytes back
Round trip time was 0.145873 milliseconds in repetition 167
tcp_ping received 49152 bytes back
Round trip time was 0.137731 milliseconds in repetition 168
tcp_ping received 49152 bytes back
Round trip time was 0.140219 milliseconds in repetition 169
tcp_ping received 49152 bytes back
Round trip time was 0.137079 milliseconds in repetition 170
tcp_ping received 49152 bytes back
Round trip time was 0.139467 milliseconds in repetition 171
tcp_ping received 49152 bytes back
Round trip time was 0.136832 milliseconds in repetition 172
tcp_ping received 49152 bytes back
Round trip time was 0.143863 milliseconds in repetition 173
tcp_ping received 49152 bytes back
Round trip time was 0.140476 milliseconds in repetition 174
tcp_ping received 49152 bytes back
Round trip time was 0.137325 milliseconds in repetition 175
tcp_ping received 49152 bytes back
Round trip time was 0.140702 milliseconds in repetition 176
tcp_ping received 49152 bytes back
Round trip time was 0.139222 milliseconds in repetition 177
tcp_ping received 49152 bytes back
Round trip time was 0.138799 milliseconds in repetition 178
tcp_ping received 49152 bytes back
Round trip time was 0.139282 milliseconds in repetition 179
tcp_ping received 49152 bytes back
Round trip time was 0.138459 milliseconds in repetition 180
tcp_ping received 49152 bytes back
Round trip time was 0.137766 milliseconds in repetition 181
tcp_ping received 49152 bytes back
Round trip time was 0.140076 milliseconds in repetition 182
tcp_ping received 49152 bytes back
Round trip time was 0.144314 milliseconds in repetition 183
tcp_ping received 49152 bytes back
Round trip time was 0.143976 milliseconds in repetition 184
tcp_ping received 49152 bytes back
Round trip time was 0.139847 milliseconds in repetition 185
tcp_ping received 49152 bytes back
Round trip time was 0.137177 milliseconds in repetition 186
tcp_ping received 49152 bytes back
Round trip time was 0.137127 milliseconds in repetition 187
tcp_ping received 49152 bytes back
Round trip time was 0.141448 milliseconds in repetition 188
tcp_ping received 49152 bytes back
Round trip time was 0.136728 milliseconds in repetition 189
tcp_ping received 49152 bytes back
Round trip time was 0.139271 milliseconds in repetition 190
tcp_ping received 49152 bytes back
Round trip time was 0.137582 milliseconds in repetition 191
tcp_ping received 49152 bytes back
Round trip time was 0.138923 milliseconds in repetition 192
tcp_ping received 49152 bytes back
Round trip time was 0.143713 milliseconds in repetition 193
tcp_ping received 49152 bytes back
Round trip time was 0.139699 milliseconds in repetition 194
tcp_ping received 49152 bytes back
Round trip time was 0.13744 milliseconds in repetition 195
tcp_ping received 49152 bytes back
Round trip time was 0.13814 milliseconds in repetition 196
tcp_ping received 49152 bytes back
Round trip time was 0.14016 milliseconds in repetition 197
tcp_ping received 49152 bytes back
Round trip time was 0.140007 milliseconds in repetition 198
tcp_ping received 49152 bytes back
Round trip time was 0.136251 milliseconds in repetition 199
tcp_ping received 49152 bytes back
Round trip time was 0.137391 milliseconds in repetition 200
tcp_ping received 49152 bytes back
Round trip time was 0.139276 milliseconds in repetition 201
tcp_ping received 49152 bytes back
Round trip time was 0.14068 milliseconds in repetition 202
tcp_ping received 49152 bytes back
Round trip time was 0.136466 milliseconds in repetition 203
tcp_ping received 49152 bytes back
Round trip time was 0.137714 milliseconds in repetition 204
tcp_ping received 49152 bytes back
Round trip time was 0.137182 milliseconds in repetition 205
tcp_ping received 49152 bytes back
Round trip time was 0.149044 milliseconds in repetition 206
tcp_ping received 49152 bytes back
Round trip time was 0.139193 milliseconds in repetition 207
tcp_ping received 49152 bytes back
Round trip time was 0.137014 milliseconds in repetition 208
tcp_ping received 49152 bytes back
Round trip time was 0.137247 milliseconds in repetition 209
tcp_ping received 49152 bytes back
Round trip time was 0.138439 milliseconds in repetition 210
tcp_ping received 49152 bytes back
Round trip time was 0.138404 milliseconds in repetition 211
tcp_ping received 49152 bytes back
Round trip time was 0.136886 milliseconds in repetition 212
tcp_ping received 49152 bytes back
Round trip time was 0.138427 milliseconds in repetition 213
tcp_ping received 49152 bytes back
Round trip time was 0.1408 milliseconds in repetition 214
tcp_ping received 49152 bytes back
Round trip time was 0.136992 milliseconds in repetition 215
tcp_ping received 49152 bytes back
Round trip time was 0.137419 milliseconds in repetition 216
tcp_ping received 49152 bytes back
Round trip time was 0.14598 milliseconds in repetition 217
tcp_ping received 49152 bytes back
Round trip time was 0.139303 milliseconds in repetition 218
tcp_ping received 49152 bytes back
Round trip time was 0.143847 milliseconds in repetition 219
tcp_ping received 49152 bytes back
Round trip time was 0.137829 milliseconds in repetition 220
tcp_ping received 49152 bytes back
Round trip time was 0.14018 milliseconds in repetition 221
tcp_ping received 49152 bytes back
Round trip time was 0.138824 milliseconds in repetition 222
tcp_ping received 49152 bytes back
Round trip time was 0.136881 milliseconds in repetition 223
tcp_ping received 49152 bytes back
Round trip time was 0.137236 milliseconds in repetition 224
tcp_ping received 49152 bytes back
Round trip time was 0.141365 milliseconds in repetition 225
tcp_ping received 49152 bytes back
Round trip time was 0.138675 milliseconds in repetition 226
tcp_ping received 49152 bytes back
Round trip time was 0.136913 milliseconds in repetition 227
tcp_ping received 49152 bytes back
Round trip time was 0.136877 milliseconds in repetition 228
tcp_ping received 49152 bytes back
Round trip time was 0.137055 milliseconds in repetition 229
tcp_ping received 49152 bytes back
Round trip time was 0.138599 milliseconds in repetition 230
tcp_ping received 49152 bytes back
Round trip time was 0.140073 milliseconds in repetition 231
tcp_ping received 49152 bytes back
Round trip time was 0.150333 milliseconds in repetition 232
tcp_ping received 49152 bytes back
Round trip time was 0.140089 milliseconds in repetition 233
tcp_ping received 49152 bytes back
Round trip time was 0.137057 milliseconds in repetition 234
tcp_ping received 49152 bytes back
Round trip time was 0.138667 milliseconds in repetition 235
tcp_ping received 49152 bytes back
Round trip time was 0.1371 milliseconds in repetition 236
tcp_ping received 49152 bytes back
Round trip time was 0.136528 milliseconds in repetition 237
tcp_ping received 49152 bytes back
Round trip time was 0.150077 milliseconds in repetition 238
tcp_ping received 49152 bytes back
Round trip time was 0.138043 milliseconds in repetition 239
tcp_ping received 49152 bytes back
Round trip time was 0.139267 milliseconds in repetition 240
tcp_ping received 49152 bytes back
Round trip time was 0.138752 milliseconds in repetition 241
tcp_ping received 49152 bytes back
Round trip time was 0.137306 milliseconds in repetition 242
tcp_ping received 49152 bytes back
Round trip time was 0.138406 milliseconds in repetition 243
tcp_ping received 49152 bytes back
Round trip time was 0.137195 milliseconds in repetition 244
tcp_ping received 49152 bytes back
Round trip time was 0.139222 milliseconds in repetition 245
tcp_ping received 49152 bytes back
Round trip time was 0.13835 milliseconds in repetition 246
tcp_ping received 49152 bytes back
Round trip time was 0.139868 milliseconds in repetition 247
tcp_ping received 49152 bytes back
Round trip time was 0.140097 milliseconds in repetition 248
tcp_ping received 49152 bytes back
Round trip time was 0.138715 milliseconds in repetition 249
tcp_ping received 49152 bytes back
Round trip time was 0.139176 milliseconds in repetition 250
tcp_ping received 49152 bytes back
Round trip time was 0.137727 milliseconds in repetition 251
tcp_ping received 49152 bytes back
Round trip time was 0.13806 milliseconds in repetition 252
tcp_ping received 49152 bytes back
Round trip time was 0.137493 milliseconds in repetition 253
tcp_ping received 49152 bytes back
Round trip time was 0.138857 milliseconds in repetition 254
tcp_ping received 49152 bytes back
Round trip time was 0.136135 milliseconds in repetition 255
tcp_ping received 49152 bytes back
Round trip time was 0.142886 milliseconds in repetition 256
tcp_ping received 49152 bytes back
Round trip time was 0.15239 milliseconds in repetition 257
tcp_ping received 49152 bytes back
Round trip time was 0.138124 milliseconds in repetition 258
tcp_ping received 49152 bytes back
Round trip time was 0.136482 milliseconds in repetition 259
tcp_ping received 49152 bytes back
Round trip time was 0.144497 milliseconds in repetition 260
tcp_ping received 49152 bytes back
Round trip time was 0.140668 milliseconds in repetition 261
tcp_ping received 49152 bytes back
Round trip time was 0.137762 milliseconds in repetition 262
tcp_ping received 49152 bytes back
Round trip time was 0.139723 milliseconds in repetition 263
tcp_ping received 49152 bytes back
Round trip time was 0.138107 milliseconds in repetition 264
tcp_ping received 49152 bytes back
Round trip time was 0.165059 milliseconds in repetition 265
tcp_ping received 49152 bytes back
Round trip time was 0.138532 milliseconds in repetition 266
tcp_ping received 49152 bytes back
Round trip time was 0.140527 milliseconds in repetition 267
tcp_ping received 49152 bytes back
Round trip time was 0.141613 milliseconds in repetition 268
tcp_ping received 49152 bytes back
Round trip time was 0.139884 milliseconds in repetition 269
tcp_ping received 49152 bytes back
Round trip time was 0.142179 milliseconds in repetition 270
tcp_ping received 49152 bytes back
Round trip time was 0.137551 milliseconds in repetition 271
tcp_ping received 49152 bytes back
Round trip time was 0.143287 milliseconds in repetition 272
tcp_ping received 49152 bytes back
Round trip time was 0.140406 milliseconds in repetition 273
tcp_ping received 49152 bytes back
Round trip time was 0.137794 milliseconds in repetition 274
tcp_ping received 49152 bytes back
Round trip time was 0.136485 milliseconds in repetition 275
tcp_ping received 49152 bytes back
Round trip time was 0.136621 milliseconds in repetition 276
tcp_ping received 49152 bytes back
Round trip time was 0.140309 milliseconds in repetition 277
tcp_ping received 49152 bytes back
Round trip time was 0.162396 milliseconds in repetition 278
tcp_ping received 49152 bytes back
Round trip time was 0.15375 milliseconds in repetition 279
tcp_ping received 49152 bytes back
Round trip time was 0.136275 milliseconds in repetition 280
tcp_ping received 49152 bytes back
Round trip time was 0.134598 milliseconds in repetition 281
tcp_ping received 49152 bytes back
Round trip time was 0.14224 milliseconds in repetition 282
tcp_ping received 49152 bytes back
Round trip time was 0.136979 milliseconds in repetition 283
tcp_ping received 49152 bytes back
Round trip time was 0.143985 milliseconds in repetition 284
tcp_ping received 49152 bytes back
Round trip time was 0.14384 milliseconds in repetition 285
tcp_ping received 49152 bytes back
Round trip time was 0.138614 milliseconds in repetition 286
tcp_ping received 49152 bytes back
Round trip time was 0.155895 milliseconds in repetition 287
tcp_ping received 49152 bytes back
Round trip time was 0.137827 milliseconds in repetition 288
tcp_ping received 49152 bytes back
Round trip time was 0.137138 milliseconds in repetition 289
tcp_ping received 49152 bytes back
Round trip time was 0.137655 milliseconds in repetition 290
tcp_ping received 49152 bytes back
Round trip time was 0.136407 milliseconds in repetition 291
tcp_ping received 49152 bytes back
Round trip time was 0.13758 milliseconds in repetition 292
tcp_ping received 49152 bytes back
Round trip time was 0.13708 milliseconds in repetition 293
tcp_ping received 49152 bytes back
Round trip time was 0.141757 milliseconds in repetition 294
tcp_ping received 49152 bytes back
Round trip time was 0.137045 milliseconds in repetition 295
tcp_ping received 49152 bytes back
Round trip time was 0.1359 milliseconds in repetition 296
tcp_ping received 49152 bytes back
Round trip time was 0.139231 milliseconds in repetition 297
tcp_ping received 49152 bytes back
Round trip time was 0.134938 milliseconds in repetition 298
tcp_ping received 49152 bytes back
Round trip time was 0.138388 milliseconds in repetition 299
tcp_ping received 49152 bytes back
Round trip time was 0.138019 milliseconds in repetition 300
tcp_ping received 49152 bytes back
Round trip time was 0.137691 milliseconds in repetition 301
tcp_ping received 49152 bytes back
Round trip time was 0.137854 milliseconds in repetition 302
tcp_ping received 49152 bytes back
Round trip time was 0.141819 milliseconds in repetition 303
tcp_ping received 49152 bytes back
Round trip time was 0.13746 milliseconds in repetition 304
tcp_ping received 49152 bytes back
Round trip time was 0.141564 milliseconds in repetition 305
tcp_ping received 49152 bytes back
Round trip time was 0.139193 milliseconds in repetition 306
tcp_ping received 49152 bytes back
Round trip time was 0.137878 milliseconds in repetition 307
tcp_ping received 49152 bytes back
Round trip time was 0.139905 milliseconds in repetition 308
tcp_ping received 49152 bytes back
Round trip time was 0.136859 milliseconds in repetition 309
tcp_ping received 49152 bytes back
Round trip time was 0.140051 milliseconds in repetition 310
tcp_ping received 49152 bytes back
Round trip time was 0.138721 milliseconds in repetition 311
tcp_ping received 49152 bytes back
Round trip time was 0.137214 milliseconds in repetition 312
tcp_ping received 49152 bytes back
Round trip time was 0.143169 milliseconds in repetition 313
tcp_ping received 49152 bytes back
Round trip time was 0.136904 milliseconds in repetition 314
tcp_ping received 49152 bytes back
Round trip time was 0.144655 milliseconds in repetition 315
tcp_ping received 49152 bytes back
Round trip time was 0.138735 milliseconds in repetition 316
tcp_ping received 49152 bytes back
Round trip time was 0.137147 milliseconds in repetition 317
tcp_ping received 49152 bytes back
Round trip time was 0.137033 milliseconds in repetition 318
tcp_ping received 49152 bytes back
Round trip time was 0.136358 milliseconds in repetition 319
tcp_ping received 49152 bytes back
Round trip time was 0.136842 milliseconds in repetition 320
tcp_ping received 49152 bytes back
Round trip time was 0.135467 milliseconds in repetition 321
tcp_ping received 49152 bytes back
Round trip time was 0.14091 milliseconds in repetition 322
tcp_ping received 49152 bytes back
Round trip time was 0.138948 milliseconds in repetition 323
tcp_ping received 49152 bytes back
Round trip time was 0.137136 milliseconds in repetition 324
tcp_ping received 49152 bytes back
Round trip time was 0.138218 milliseconds in repetition 325
tcp_ping received 49152 bytes back
Round trip time was 0.137984 milliseconds in repetition 326
tcp_ping received 49152 bytes back
Round trip time was 0.134908 milliseconds in repetition 327
tcp_ping received 49152 bytes back
Round trip time was 0.140623 milliseconds in repetition 328
tcp_ping received 49152 bytes back
Round trip time was 0.137297 milliseconds in repetition 329
tcp_ping received 49152 bytes back
Round trip time was 0.139097 milliseconds in repetition 330
tcp_ping received 49152 bytes back
Round trip time was 0.136676 milliseconds in repetition 331
tcp_ping received 49152 bytes back
Round trip time was 0.145318 milliseconds in repetition 332
tcp_ping received 49152 bytes back
Round trip time was 0.137943 milliseconds in repetition 333
tcp_ping received 49152 bytes back
Round trip time was 0.137685 milliseconds in repetition 334
tcp_ping received 49152 bytes back
Round trip time was 0.138467 milliseconds in repetition 335
tcp_ping received 49152 bytes back
Round trip time was 0.164683 milliseconds in repetition 336
tcp_ping received 49152 bytes back
Round trip time was 0.137757 milliseconds in repetition 337
tcp_ping received 49152 bytes back
Round trip time was 0.140563 milliseconds in repetition 338
tcp_ping received 49152 bytes back
Round trip time was 0.136715 milliseconds in repetition 339
tcp_ping received 49152 bytes back
Round trip time was 0.138514 milliseconds in repetition 340
tcp_ping received 49152 bytes back
Round trip time was 0.144257 milliseconds in repetition 341
tcp_ping received 49152 bytes back
Round trip time was 0.138423 milliseconds in repetition 342
tcp_ping received 49152 bytes back
Round trip time was 0.137228 milliseconds in repetition 343
tcp_ping received 49152 bytes back
Round trip time was 0.139616 milliseconds in repetition 344
tcp_ping received 49152 bytes back
Round trip time was 0.13775 milliseconds in repetition 345
tcp_ping received 49152 bytes back
Round trip time was 0.140209 milliseconds in repetition 346
tcp_ping received 49152 bytes back
Round trip time was 0.138376 milliseconds in repetition 347
tcp_ping received 49152 bytes back
Round trip time was 0.137764 milliseconds in repetition 348
tcp_ping received 49152 bytes back
Round trip time was 0.137421 milliseconds in repetition 349
tcp_ping received 49152 bytes back
Round trip time was 0.13665 milliseconds in repetition 350
tcp_ping received 49152 bytes back
Round trip time was 0.141508 milliseconds in repetition 351
tcp_ping received 49152 bytes back
Round trip time was 0.138324 milliseconds in repetition 352
tcp_ping received 49152 bytes back
Round trip time was 0.137823 milliseconds in repetition 353
tcp_ping received 49152 bytes back
Round trip time was 0.144441 milliseconds in repetition 354
tcp_ping received 49152 bytes back
Round trip time was 0.138339 milliseconds in repetition 355
tcp_ping received 49152 bytes back
Round trip time was 0.142232 milliseconds in repetition 356
tcp_ping received 49152 bytes back
Round trip time was 0.135539 milliseconds in repetition 357
tcp_ping received 49152 bytes back
Round trip time was 0.138891 milliseconds in repetition 358
tcp_ping received 49152 bytes back
Round trip time was 0.137174 milliseconds in repetition 359
tcp_ping received 49152 bytes back
Round trip time was 0.140783 milliseconds in repetition 360
tcp_ping received 49152 bytes back
Round trip time was 0.138321 milliseconds in repetition 361
tcp_ping received 49152 bytes back
Round trip time was 0.137348 milliseconds in repetition 362
tcp_ping received 49152 bytes back
Round trip time was 0.136232 milliseconds in repetition 363
tcp_ping received 49152 bytes back
Round trip time was 0.14207 milliseconds in repetition 364
tcp_ping received 49152 bytes back
Round trip time was 0.143924 milliseconds in repetition 365
tcp_ping received 49152 bytes back
Round trip time was 0.134705 milliseconds in repetition 366
tcp_ping received 49152 bytes back
Round trip time was 0.135896 milliseconds in repetition 367
tcp_ping received 49152 bytes back
Round trip time was 0.136723 milliseconds in repetition 368
tcp_ping received 49152 bytes back
Round trip time was 0.134366 milliseconds in repetition 369
tcp_ping received 49152 bytes back
Round trip time was 0.139601 milliseconds in repetition 370
tcp_ping received 49152 bytes back
Round trip time was 0.133649 milliseconds in repetition 371
tcp_ping received 49152 bytes back
Round trip time was 0.136599 milliseconds in repetition 372
tcp_ping received 49152 bytes back
Round trip time was 0.135785 milliseconds in repetition 373
tcp_ping received 49152 bytes back
Round trip time was 0.137905 milliseconds in repetition 374
tcp_ping received 49152 bytes back
Round trip time was 0.134804 milliseconds in repetition 375
tcp_ping received 49152 bytes back
Round trip time was 0.134497 milliseconds in repetition 376
tcp_ping received 49152 bytes back
Round trip time was 0.135018 milliseconds in repetition 377
tcp_ping received 49152 bytes back
Round trip time was 0.135501 milliseconds in repetition 378
tcp_ping received 49152 bytes back
Round trip time was 0.134942 milliseconds in repetition 379
tcp_ping received 49152 bytes back
Round trip time was 0.141052 milliseconds in repetition 380
tcp_ping received 49152 bytes back
Round trip time was 0.138114 milliseconds in repetition 381
tcp_ping received 49152 bytes back
Round trip time was 0.134982 milliseconds in repetition 382
tcp_ping received 49152 bytes back
Round trip time was 0.134571 milliseconds in repetition 383
tcp_ping received 49152 bytes back
Round trip time was 0.13791 milliseconds in repetition 384
tcp_ping received 49152 bytes back
Round trip time was 0.13509 milliseconds in repetition 385
tcp_ping received 49152 bytes back
Round trip time was 0.137769 milliseconds in repetition 386
tcp_ping received 49152 bytes back
Round trip time was 0.138342 milliseconds in repetition 387
tcp_ping received 49152 bytes back
Round trip time was 0.135796 milliseconds in repetition 388
tcp_ping received 49152 bytes back
Round trip time was 0.200313 milliseconds in repetition 389
tcp_ping received 49152 bytes back
Round trip time was 0.149369 milliseconds in repetition 390
tcp_ping received 49152 bytes back
Round trip time was 0.148428 milliseconds in repetition 391
tcp_ping received 49152 bytes back
Round trip time was 0.151365 milliseconds in repetition 392
tcp_ping received 49152 bytes back
Round trip time was 0.140005 milliseconds in repetition 393
tcp_ping received 49152 bytes back
Round trip time was 0.137472 milliseconds in repetition 394
tcp_ping received 49152 bytes back
Round trip time was 0.137425 milliseconds in repetition 395
tcp_ping received 49152 bytes back
Round trip time was 0.136566 milliseconds in repetition 396
tcp_ping received 49152 bytes back
Round trip time was 0.141183 milliseconds in repetition 397
tcp_ping received 49152 bytes back
Round trip time was 0.139661 milliseconds in repetition 398
tcp_ping received 49152 bytes back
Round trip time was 0.140038 milliseconds in repetition 399
tcp_ping received 49152 bytes back
Round trip time was 0.13603 milliseconds in repetition 400
tcp_ping received 49152 bytes back
Round trip time was 0.1378 milliseconds in repetition 401
tcp_ping received 49152 bytes back
Round trip time was 0.136339 milliseconds in repetition 402
tcp_ping received 49152 bytes back
Round trip time was 0.14081 milliseconds in repetition 403
tcp_ping received 49152 bytes back
Round trip time was 0.139109 milliseconds in repetition 404
tcp_ping received 49152 bytes back
Round trip time was 0.137438 milliseconds in repetition 405
tcp_ping received 49152 bytes back
Round trip time was 0.13717 milliseconds in repetition 406
tcp_ping received 49152 bytes back
Round trip time was 0.140001 milliseconds in repetition 407
tcp_ping received 49152 bytes back
Round trip time was 0.140216 milliseconds in repetition 408
tcp_ping received 49152 bytes back
Round trip time was 0.137559 milliseconds in repetition 409
tcp_ping received 49152 bytes back
Round trip time was 0.141435 milliseconds in repetition 410
tcp_ping received 49152 bytes back
Round trip time was 0.137398 milliseconds in repetition 411
tcp_ping received 49152 bytes back
Round trip time was 0.138891 milliseconds in repetition 412
tcp_ping received 49152 bytes back
Round trip time was 0.136637 milliseconds in repetition 413
tcp_ping received 49152 bytes back
Round trip time was 0.138937 milliseconds in repetition 414
tcp_ping received 49152 bytes back
Round trip time was 0.138485 milliseconds in repetition 415
tcp_ping received 49152 bytes back
Round trip time was 0.139575 milliseconds in repetition 416
tcp_ping received 49152 bytes back
Round trip time was 0.138657 milliseconds in repetition 417
tcp_ping received 49152 bytes back
Round trip time was 0.141619 milliseconds in repetition 418
tcp_ping received 49152 bytes back
Round trip time was 0.137644 milliseconds in repetition 419
tcp_ping received 49152 bytes back
Round trip time was 0.139788 milliseconds in repetition 420
tcp_ping received 49152 bytes back
Round trip time was 0.139184 milliseconds in repetition 421
tcp_ping received 49152 bytes back
Round trip time was 0.139859 milliseconds in repetition 422
tcp_ping received 49152 bytes back
Round trip time was 0.13912 milliseconds in repetition 423
tcp_ping received 49152 bytes back
Round trip time was 0.147058 milliseconds in repetition 424
tcp_ping received 49152 bytes back
Round trip time was 0.137703 milliseconds in repetition 425
tcp_ping received 49152 bytes back
Round trip time was 0.136793 milliseconds in repetition 426
tcp_ping received 49152 bytes back
Round trip time was 0.139112 milliseconds in repetition 427
tcp_ping received 49152 bytes back
Round trip time was 0.141803 milliseconds in repetition 428
tcp_ping received 49152 bytes back
Round trip time was 0.137547 milliseconds in repetition 429
tcp_ping received 49152 bytes back
Round trip time was 0.138672 milliseconds in repetition 430
tcp_ping received 49152 bytes back
Round trip time was 0.138132 milliseconds in repetition 431
tcp_ping received 49152 bytes back
Round trip time was 0.149969 milliseconds in repetition 432
tcp_ping received 49152 bytes back
Round trip time was 0.138458 milliseconds in repetition 433
tcp_ping received 49152 bytes back
Round trip time was 0.138204 milliseconds in repetition 434
tcp_ping received 49152 bytes back
Round trip time was 0.139776 milliseconds in repetition 435
tcp_ping received 49152 bytes back
Round trip time was 0.136936 milliseconds in repetition 436
tcp_ping received 49152 bytes back
Round trip time was 0.141523 milliseconds in repetition 437
tcp_ping received 49152 bytes back
Round trip time was 0.138799 milliseconds in repetition 438
tcp_ping received 49152 bytes back
Round trip time was 0.137205 milliseconds in repetition 439
tcp_ping received 49152 bytes back
Round trip time was 0.137391 milliseconds in repetition 440
tcp_ping received 49152 bytes back
Round trip time was 0.137305 milliseconds in repetition 441
tcp_ping received 49152 bytes back
Round trip time was 0.13782 milliseconds in repetition 442
tcp_ping received 49152 bytes back
Round trip time was 0.140861 milliseconds in repetition 443
tcp_ping received 49152 bytes back
Round trip time was 0.14798 milliseconds in repetition 444
tcp_ping received 49152 bytes back
Round trip time was 0.137597 milliseconds in repetition 445
tcp_ping received 49152 bytes back
Round trip time was 0.137044 milliseconds in repetition 446
tcp_ping received 49152 bytes back
Round trip time was 0.137698 milliseconds in repetition 447
tcp_ping received 49152 bytes back
Round trip time was 0.14731 milliseconds in repetition 448
tcp_ping received 49152 bytes back
Round trip time was 0.13732 milliseconds in repetition 449
tcp_ping received 49152 bytes back
Round trip time was 0.135328 milliseconds in repetition 450
tcp_ping received 49152 bytes back
Round trip time was 0.144268 milliseconds in repetition 451
tcp_ping received 49152 bytes back
Round trip time was 0.137321 milliseconds in repetition 452
tcp_ping received 49152 bytes back
Round trip time was 0.13552 milliseconds in repetition 453
tcp_ping received 49152 bytes back
Round trip time was 0.138079 milliseconds in repetition 454
tcp_ping received 49152 bytes back
Round trip time was 0.137265 milliseconds in repetition 455
tcp_ping received 49152 bytes back
Round trip time was 0.137002 milliseconds in repetition 456
tcp_ping received 49152 bytes back
Round trip time was 0.157542 milliseconds in repetition 457
tcp_ping received 49152 bytes back
Round trip time was 0.136937 milliseconds in repetition 458
tcp_ping received 49152 bytes back
Round trip time was 0.137005 milliseconds in repetition 459
tcp_ping received 49152 bytes back
Round trip time was 0.138371 milliseconds in repetition 460
tcp_ping received 49152 bytes back
Round trip time was 0.13719 milliseconds in repetition 461
tcp_ping received 49152 bytes back
Round trip time was 0.136742 milliseconds in repetition 462
tcp_ping received 49152 bytes back
Round trip time was 0.139655 milliseconds in repetition 463
tcp_ping received 49152 bytes back
Round trip time was 0.137145 milliseconds in repetition 464
tcp_ping received 49152 bytes back
Round trip time was 0.137375 milliseconds in repetition 465
tcp_ping received 49152 bytes back
Round trip time was 0.138587 milliseconds in repetition 466
tcp_ping received 49152 bytes back
Round trip time was 0.142382 milliseconds in repetition 467
tcp_ping received 49152 bytes back
Round trip time was 0.141926 milliseconds in repetition 468
tcp_ping received 49152 bytes back
Round trip time was 0.135906 milliseconds in repetition 469
tcp_ping received 49152 bytes back
Round trip time was 0.134618 milliseconds in repetition 470
tcp_ping received 49152 bytes back
Round trip time was 0.13817 milliseconds in repetition 471
tcp_ping received 49152 bytes back
Round trip time was 0.139491 milliseconds in repetition 472
tcp_ping received 49152 bytes back
Round trip time was 0.137711 milliseconds in repetition 473
tcp_ping received 49152 bytes back
Round trip time was 0.143679 milliseconds in repetition 474
tcp_ping received 49152 bytes back
Round trip time was 0.14688 milliseconds in repetition 475
tcp_ping received 49152 bytes back
Round trip time was 0.141313 milliseconds in repetition 476
tcp_ping received 49152 bytes back
Round trip time was 0.13987 milliseconds in repetition 477
tcp_ping received 49152 bytes back
Round trip time was 0.137235 milliseconds in repetition 478
tcp_ping received 49152 bytes back
Round trip time was 0.138825 milliseconds in repetition 479
tcp_ping received 49152 bytes back
Round trip time was 0.147309 milliseconds in repetition 480
tcp_ping received 49152 bytes back
Round trip time was 0.147207 milliseconds in repetition 481
tcp_ping received 49152 bytes back
Round trip time was 0.135022 milliseconds in repetition 482
tcp_ping received 49152 bytes back
Round trip time was 0.139839 milliseconds in repetition 483
tcp_ping received 49152 bytes back
Round trip time was 0.136991 milliseconds in repetition 484
tcp_ping received 49152 bytes back
Round trip time was 0.137039 milliseconds in repetition 485
tcp_ping received 49152 bytes back
Round trip time was 0.137689 milliseconds in repetition 486
tcp_ping received 49152 bytes back
Round trip time was 0.137107 milliseconds in repetition 487
tcp_ping received 49152 bytes back
Round trip time was 0.13983 milliseconds in repetition 488
tcp_ping received 49152 bytes back
Round trip time was 0.138836 milliseconds in repetition 489
tcp_ping received 49152 bytes back
Round trip time was 0.13764 milliseconds in repetition 490
tcp_ping received 49152 bytes back
Round trip time was 0.136869 milliseconds in repetition 491
tcp_ping received 49152 bytes back
Round trip time was 0.13543 milliseconds in repetition 492
tcp_ping received 49152 bytes back
Round trip time was 0.136727 milliseconds in repetition 493
tcp_ping received 49152 bytes back
Round trip time was 0.136841 milliseconds in repetition 494
tcp_ping received 49152 bytes back
Round trip time was 0.138372 milliseconds in repetition 495
tcp_ping received 49152 bytes back
Round trip time was 0.135386 milliseconds in repetition 496
tcp_ping received 49152 bytes back
Round trip time was 0.138843 milliseconds in repetition 497
tcp_ping received 49152 bytes back
Round trip time was 0.139056 milliseconds in repetition 498
tcp_ping received 49152 bytes back
Round trip time was 0.137581 milliseconds in repetition 499
tcp_ping received 49152 bytes back
Round trip time was 0.137901 milliseconds in repetition 500
tcp_ping received 49152 bytes back
Round trip time was 0.137807 milliseconds in repetition 501

 ... clock resolution was 1e-06
TCP Ping:  Statistics over 501 repetitions of 49152 byte messages

RTT : percentile 10: 0.136528, median: 0.138342, percentile 90: 0.146965, average: 0.140645, variance: 8.6242e-05

RTT histogram:
0.133649 128
0.140819 308
0.14799 40
0.155161 11
0.162332 7
0.169503 2
0.176674 1
0.183844 0
0.191015 1
0.198186 1
0.205357 1
0.212528 0
0.219699 0
0.22687 0
0.23404 0
0.241211 0
0.248382 0
0.255553 0
0.262724 0
0.269895 0
0.277066 1

   median Throughput : 710587 KB/s   overall Throughput : 698953 KB/s

