TCP Ping trying to connect to server localhost (127.0.0.1) on port 1491
 ... connected to Pong server: asking for 501 repetitions of 48 bytes TCP messages
 ... Pong server agreed :-)
tcp_ping received 48 bytes back
Round trip time was 0.020753 milliseconds in repetition 1
tcp_ping received 48 bytes back
Round trip time was 0.008606 milliseconds in repetition 2
tcp_ping received 48 bytes back
Round trip time was 0.007394 milliseconds in repetition 3
tcp_ping received 48 bytes back
Round trip time was 0.007388 milliseconds in repetition 4
tcp_ping received 48 bytes back
Round trip time was 0.006863 milliseconds in repetition 5
tcp_ping received 48 bytes back
Round trip time was 0.007052 milliseconds in repetition 6
tcp_ping received 48 bytes back
Round trip time was 0.006926 milliseconds in repetition 7
tcp_ping received 48 bytes back
Round trip time was 0.006987 milliseconds in repetition 8
tcp_ping received 48 bytes back
Round trip time was 0.006829 milliseconds in repetition 9
tcp_ping received 48 bytes back
Round trip time was 0.007046 milliseconds in repetition 10
tcp_ping received 48 bytes back
Round trip time was 0.006902 milliseconds in repetition 11
tcp_ping received 48 bytes back
Round trip time was 0.006838 milliseconds in repetition 12
tcp_ping received 48 bytes back
Round trip time was 0.006813 milliseconds in repetition 13
tcp_ping received 48 bytes back
Round trip time was 0.006836 milliseconds in repetition 14
tcp_ping received 48 bytes back
Round trip time was 0.006906 milliseconds in repetition 15
tcp_ping received 48 bytes back
Round trip time was 0.006903 milliseconds in repetition 16
tcp_ping received 48 bytes back
Round trip time was 0.00713 milliseconds in repetition 17
tcp_ping received 48 bytes back
Round trip time was 0.006829 milliseconds in repetition 18
tcp_ping received 48 bytes back
Round trip time was 0.006781 milliseconds in repetition 19
tcp_ping received 48 bytes back
Round trip time was 0.006817 milliseconds in repetition 20
tcp_ping received 48 bytes back
Round trip time was 0.006791 milliseconds in repetition 21
tcp_ping received 48 bytes back
Round trip time was 0.006904 milliseconds in repetition 22
tcp_ping received 48 bytes back
Round trip time was 0.007211 milliseconds in repetition 23
tcp_ping received 48 bytes back
Round trip time was 0.006904 milliseconds in repetition 24
tcp_ping received 48 bytes back
Round trip time was 0.007029 milliseconds in repetition 25
tcp_ping received 48 bytes back
Round trip time was 0.006917 milliseconds in repetition 26
tcp_ping received 48 bytes back
Round trip time was 0.006813 milliseconds in repetition 27
tcp_ping received 48 bytes back
Round trip time was 0.006803 milliseconds in repetition 28
tcp_ping received 48 bytes back
Round trip time was 0.006855 milliseconds in repetition 29
tcp_ping received 48 bytes back
Round trip time was 0.006741 milliseconds in repetition 30
tcp_ping received 48 bytes back
Round trip time was 0.006815 milliseconds in repetition 31
tcp_ping received 48 bytes back
Round trip time was 0.0068 milliseconds in repetition 32
tcp_ping received 48 bytes back
Round trip time was 0.006828 milliseconds in repetition 33
tcp_ping received 48 bytes back
Round trip time was 0.00682 milliseconds in repetition 34
tcp_ping received 48 bytes back
Round trip time was 0.006694 milliseconds in repetition 35
tcp_ping received 48 bytes back
Round trip time was 0.006811 milliseconds in repetition 36
tcp_ping received 48 bytes back
Round trip time was 0.006707 milliseconds in repetition 37
tcp_ping received 48 bytes back
Round trip time was 0.006927 milliseconds in repetition 38
tcp_ping received 48 bytes back
Round trip time was 0.006894 milliseconds in repetition 39
tcp_ping received 48 bytes back
Round trip time was 0.006823 milliseconds in repetition 40
tcp_ping received 48 bytes back
Round trip time was 0.006927 milliseconds in repetition 41
tcp_ping received 48 bytes back
Round trip time was 0.007002 milliseconds in repetition 42
tcp_ping received 48 bytes back
Round trip time was 0.006811 milliseconds in repetition 43
tcp_ping received 48 bytes back
Round trip time was 0.006742 milliseconds in repetition 44
tcp_ping received 48 bytes back
Round trip time was 0.016165 milliseconds in repetition 45
tcp_ping received 48 bytes back
Round trip time was 0.010294 milliseconds in repetition 46
tcp_ping received 48 bytes back
Round trip time was 0.0073 milliseconds in repetition 47
tcp_ping received 48 bytes back
Round trip time was 0.007114 milliseconds in repetition 48
tcp_ping received 48 bytes back
Round trip time was 0.007126 milliseconds in repetition 49
tcp_ping received 48 bytes back
Round trip time was 0.007032 milliseconds in repetition 50
tcp_ping received 48 bytes back
Round trip time was 0.006838 milliseconds in repetition 51
tcp_ping received 48 bytes back
Round trip time was 0.006697 milliseconds in repetition 52
tcp_ping received 48 bytes back
Round trip time was 0.006699 milliseconds in repetition 53
tcp_ping received 48 bytes back
Round trip time was 0.006959 milliseconds in repetition 54
tcp_ping received 48 bytes back
Round trip time was 0.006725 milliseconds in repetition 55
tcp_ping received 48 bytes back
Round trip time was 0.006932 milliseconds in repetition 56
tcp_ping received 48 bytes back
Round trip time was 0.006935 milliseconds in repetition 57
tcp_ping received 48 bytes back
Round trip time was 0.006978 milliseconds in repetition 58
tcp_ping received 48 bytes back
Round trip time was 0.00695 milliseconds in repetition 59
tcp_ping received 48 bytes back
Round trip time was 0.006769 milliseconds in repetition 60
tcp_ping received 48 bytes back
Round trip time was 0.006723 milliseconds in repetition 61
tcp_ping received 48 bytes back
Round trip time was 0.006847 milliseconds in repetition 62
tcp_ping received 48 bytes back
Round trip time was 0.006724 milliseconds in repetition 63
tcp_ping received 48 bytes back
Round trip time was 0.006761 milliseconds in repetition 64
tcp_ping received 48 bytes back
Round trip time was 0.00688 milliseconds in repetition 65
tcp_ping received 48 bytes back
Round trip time was 0.006788 milliseconds in repetition 66
tcp_ping received 48 bytes back
Round trip time was 0.006716 milliseconds in repetition 67
tcp_ping received 48 bytes back
Round trip time was 0.006714 milliseconds in repetition 68
tcp_ping received 48 bytes back
Round trip time was 0.006697 milliseconds in repetition 69
tcp_ping received 48 bytes back
Round trip time was 0.006815 milliseconds in repetition 70
tcp_ping received 48 bytes back
Round trip time was 0.006909 milliseconds in repetition 71
tcp_ping received 48 bytes back
Round trip time was 0.006739 milliseconds in repetition 72
tcp_ping received 48 bytes back
Round trip time was 0.006843 milliseconds in repetition 73
tcp_ping received 48 bytes back
Round trip time was 0.006901 milliseconds in repetition 74
tcp_ping received 48 bytes back
Round trip time was 0.006885 milliseconds in repetition 75
tcp_ping received 48 bytes back
Round trip time was 0.006791 milliseconds in repetition 76
tcp_ping received 48 bytes back
Round trip time was 0.006834 milliseconds in repetition 77
tcp_ping received 48 bytes back
Round trip time was 0.006896 milliseconds in repetition 78
tcp_ping received 48 bytes back
Round trip time was 0.006822 milliseconds in repetition 79
tcp_ping received 48 bytes back
Round trip time was 0.006633 milliseconds in repetition 80
tcp_ping received 48 bytes back
Round trip time was 0.006704 milliseconds in repetition 81
tcp_ping received 48 bytes back
Round trip time was 0.006759 milliseconds in repetition 82
tcp_ping received 48 bytes back
Round trip time was 0.006728 milliseconds in repetition 83
tcp_ping received 48 bytes back
Round trip time was 0.006746 milliseconds in repetition 84
tcp_ping received 48 bytes back
Round trip time was 0.006825 milliseconds in repetition 85
tcp_ping received 48 bytes back
Round trip time was 0.00686 milliseconds in repetition 86
tcp_ping received 48 bytes back
Round trip time was 0.006723 milliseconds in repetition 87
tcp_ping received 48 bytes back
Round trip time was 0.006747 milliseconds in repetition 88
tcp_ping received 48 bytes back
Round trip time was 0.006855 milliseconds in repetition 89
tcp_ping received 48 bytes back
Round trip time was 0.010186 milliseconds in repetition 90
tcp_ping received 48 bytes back
Round trip time was 0.007243 milliseconds in repetition 91
tcp_ping received 48 bytes back
Round trip time was 0.006959 milliseconds in repetition 92
tcp_ping received 48 bytes back
Round trip time was 0.006895 milliseconds in repetition 93
tcp_ping received 48 bytes back
Round trip time was 0.006914 milliseconds in repetition 94
tcp_ping received 48 bytes back
Round trip time was 0.006728 milliseconds in repetition 95
tcp_ping received 48 bytes back
Round trip time was 0.006717 milliseconds in repetition 96
tcp_ping received 48 bytes back
Round trip time was 0.006705 milliseconds in repetition 97
tcp_ping received 48 bytes back
Round trip time was 0.006876 milliseconds in repetition 98
tcp_ping received 48 bytes back
Round trip time was 0.006775 milliseconds in repetition 99
tcp_ping received 48 bytes back
Round trip time was 0.00667 milliseconds in repetition 100
tcp_ping received 48 bytes back
Round trip time was 0.006748 milliseconds in repetition 101
tcp_ping received 48 bytes back
Round trip time was 0.006837 milliseconds in repetition 102
tcp_ping received 48 bytes back
Round trip time was 0.006739 milliseconds in repetition 103
tcp_ping received 48 bytes back
Round trip time was 0.006737 milliseconds in repetition 104
tcp_ping received 48 bytes back
Round trip time was 0.006857 milliseconds in repetition 105
tcp_ping received 48 bytes back
Round trip time was 0.006937 milliseconds in repetition 106
tcp_ping received 48 bytes back
Round trip time was 0.006827 milliseconds in repetition 107
tcp_ping received 48 bytes back
Round trip time was 0.006743 milliseconds in repetition 108
tcp_ping received 48 bytes back
Round trip time was 0.006871 milliseconds in repetition 109
tcp_ping received 48 bytes back
Round trip time was 0.006833 milliseconds in repetition 110
tcp_ping received 48 bytes back
Round trip time was 0.006799 milliseconds in repetition 111
tcp_ping received 48 bytes back
Round trip time was 0.006737 milliseconds in repetition 112
tcp_ping received 48 bytes back
Round trip time was 0.006813 milliseconds in repetition 113
tcp_ping received 48 bytes back
Round trip time was 0.006902 milliseconds in repetition 114
tcp_ping received 48 bytes back
Round trip time was 0.006687 milliseconds in repetition 115
tcp_ping received 48 bytes back
Round trip time was 0.006782 milliseconds in repetition 116
tcp_ping received 48 bytes back
Round trip time was 0.006733 milliseconds in repetition 117
tcp_ping received 48 bytes back
Round trip time was 0.006833 milliseconds in repetition 118
tcp_ping received 48 bytes back
Round trip time was 0.006805 milliseconds in repetition 119
tcp_ping received 48 bytes back
Round trip time was 0.006794 milliseconds in repetition 120
tcp_ping received 48 bytes back
Round trip time was 0.006824 milliseconds in repetition 121
tcp_ping received 48 bytes back
Round trip time was 0.006913 milliseconds in repetition 122
tcp_ping received 48 bytes back
Round trip time was 0.006863 milliseconds in repetition 123
tcp_ping received 48 bytes back
Round trip time was 0.006645 milliseconds in repetition 124
tcp_ping received 48 bytes back
Round trip time was 0.006753 milliseconds in repetition 125
tcp_ping received 48 bytes back
Round trip time was 0.006846 milliseconds in repetition 126
tcp_ping received 48 bytes back
Round trip time was 0.006777 milliseconds in repetition 127
tcp_ping received 48 bytes back
Round trip time was 0.006787 milliseconds in repetition 128
tcp_ping received 48 bytes back
Round trip time was 0.00677 milliseconds in repetition 129
tcp_ping received 48 bytes back
Round trip time was 0.006833 milliseconds in repetition 130
tcp_ping received 48 bytes back
Round trip time was 0.006669 milliseconds in repetition 131
tcp_ping received 48 bytes back
Round trip time was 0.006714 milliseconds in repetition 132
tcp_ping received 48 bytes back
Round trip time was 0.006746 milliseconds in repetition 133
tcp_ping received 48 bytes back
Round trip time was 0.00995 milliseconds in repetition 134
tcp_ping received 48 bytes back
Round trip time was 0.007347 milliseconds in repetition 135
tcp_ping received 48 bytes back
Round trip time was 0.006966 milliseconds in repetition 136
tcp_ping received 48 bytes back
Round trip time was 0.007033 milliseconds in repetition 137
tcp_ping received 48 bytes back
Round trip time was 0.006907 milliseconds in repetition 138
tcp_ping received 48 bytes back
Round trip time was 0.006783 milliseconds in repetition 139
tcp_ping received 48 bytes back
Round trip time was 0.006848 milliseconds in repetition 140
tcp_ping received 48 bytes back
Round trip time was 0.006803 milliseconds in repetition 141
tcp_ping received 48 bytes back
Round trip time was 0.006797 milliseconds in repetition 142
tcp_ping received 48 bytes back
Round trip time was 0.006827 milliseconds in repetition 143
tcp_ping received 48 bytes back
Round trip time was 0.006732 milliseconds in repetition 144
tcp_ping received 48 bytes back
Round trip time was 0.006744 milliseconds in repetition 145
tcp_ping received 48 bytes back
Round trip time was 0.006821 milliseconds in repetition 146
tcp_ping received 48 bytes back
Round trip time was 0.006878 milliseconds in repetition 147
tcp_ping received 48 bytes back
Round trip time was 0.006886 milliseconds in repetition 148
tcp_ping received 48 bytes back
Round trip time was 0.006752 milliseconds in repetition 149
tcp_ping received 48 bytes back
Round trip time was 0.00682 milliseconds in repetition 150
tcp_ping received 48 bytes back
Round trip time was 0.006811 milliseconds in repetition 151
tcp_ping received 48 bytes back
Round trip time was 0.006735 milliseconds in repetition 152
tcp_ping received 48 bytes back
Round trip time was 0.006827 milliseconds in repetition 153
tcp_ping received 48 bytes back
Round trip time was 0.006811 milliseconds in repetition 154
tcp_ping received 48 bytes back
Round trip time was 0.006774 milliseconds in repetition 155
tcp_ping received 48 bytes back
Round trip time was 0.006745 milliseconds in repetition 156
tcp_ping received 48 bytes back
Round trip time was 0.006778 milliseconds in repetition 157
tcp_ping received 48 bytes back
Round trip time was 0.006788 milliseconds in repetition 158
tcp_ping received 48 bytes back
Round trip time was 0.006656 milliseconds in repetition 159
tcp_ping received 48 bytes back
Round trip time was 0.00672 milliseconds in repetition 160
tcp_ping received 48 bytes back
Round trip time was 0.006786 milliseconds in repetition 161
tcp_ping received 48 bytes back
Round trip time was 0.006782 milliseconds in repetition 162
tcp_ping received 48 bytes back
Round trip time was 0.006693 milliseconds in repetition 163
tcp_ping received 48 bytes back
Round trip time was 0.006744 milliseconds in repetition 164
tcp_ping received 48 bytes back
Round trip time was 0.006801 milliseconds in repetition 165
tcp_ping received 48 bytes back
Round trip time was 0.006733 milliseconds in repetition 166
tcp_ping received 48 bytes back
Round trip time was 0.006742 milliseconds in repetition 167
tcp_ping received 48 bytes back
Round trip time was 0.006768 milliseconds in repetition 168
tcp_ping received 48 bytes back
Round trip time was 0.006948 milliseconds in repetition 169
tcp_ping received 48 bytes back
Round trip time was 0.006936 milliseconds in repetition 170
tcp_ping received 48 bytes back
Round trip time was 0.006806 milliseconds in repetition 171
tcp_ping received 48 bytes back
Round trip time was 0.006808 milliseconds in repetition 172
tcp_ping received 48 bytes back
Round trip time was 0.006818 milliseconds in repetition 173
tcp_ping received 48 bytes back
Round trip time was 0.006791 milliseconds in repetition 174
tcp_ping received 48 bytes back
Round trip time was 0.006781 milliseconds in repetition 175
tcp_ping received 48 bytes back
Round trip time was 0.006722 milliseconds in repetition 176
tcp_ping received 48 bytes back
Round trip time was 0.006814 milliseconds in repetition 177
tcp_ping received 48 bytes back
Round trip time was 0.006813 milliseconds in repetition 178
tcp_ping received 48 bytes back
Round trip time was 0.009889 milliseconds in repetition 179
tcp_ping received 48 bytes back
Round trip time was 0.007046 milliseconds in repetition 180
tcp_ping received 48 bytes back
Round trip time was 0.006822 milliseconds in repetition 181
tcp_ping received 48 bytes back
Round trip time was 0.006837 milliseconds in repetition 182
tcp_ping received 48 bytes back
Round trip time was 0.006859 milliseconds in repetition 183
tcp_ping received 48 bytes back
Round trip time was 0.006794 milliseconds in repetition 184
tcp_ping received 48 bytes back
Round trip time was 0.006842 milliseconds in repetition 185
tcp_ping received 48 bytes back
Round trip time was 0.006889 milliseconds in repetition 186
tcp_ping received 48 bytes back
Round trip time was 0.006871 milliseconds in repetition 187
tcp_ping received 48 bytes back
Round trip time was 0.006781 milliseconds in repetition 188
tcp_ping received 48 bytes back
Round trip time was 0.006784 milliseconds in repetition 189
tcp_ping received 48 bytes back
Round trip time was 0.006866 milliseconds in repetition 190
tcp_ping received 48 bytes back
Round trip time was 0.006768 milliseconds in repetition 191
tcp_ping received 48 bytes back
Round trip time was 0.006822 milliseconds in repetition 192
tcp_ping received 48 bytes back
Round trip time was 0.006779 milliseconds in repetition 193
tcp_ping received 48 bytes back
Round trip time was 0.006819 milliseconds in repetition 194
tcp_ping received 48 bytes back
Round trip time was 0.006708 milliseconds in repetition 195
tcp_ping received 48 bytes back
Round trip time was 0.006774 milliseconds in repetition 196
tcp_ping received 48 bytes back
Round trip time was 0.006851 milliseconds in repetition 197
tcp_ping received 48 bytes back
Round trip time was 0.006886 milliseconds in repetition 198
tcp_ping received 48 bytes back
Round trip time was 0.006706 milliseconds in repetition 199
tcp_ping received 48 bytes back
Round trip time was 0.006747 milliseconds in repetition 200
tcp_ping received 48 bytes back
Round trip time was 0.006867 milliseconds in repetition 201
tcp_ping received 48 bytes back
Round trip time was 0.00684 milliseconds in repetition 202
tcp_ping received 48 bytes back
Round trip time was 0.006857 milliseconds in repetition 203
tcp_ping received 48 bytes back
Round trip time was 0.006856 milliseconds in repetition 204
tcp_ping received 48 bytes back
Round trip time was 0.006716 milliseconds in repetition 205
tcp_ping received 48 bytes back
Round trip time was 0.006868 milliseconds in repetition 206
tcp_ping received 48 bytes back
Round trip time was 0.006787 milliseconds in repetition 207
tcp_ping received 48 bytes back
Round trip time was 0.006777 milliseconds in repetition 208
tcp_ping received 48 bytes back
Round trip time was 0.006725 milliseconds in repetition 209
tcp_ping received 48 bytes back
Round trip time was 0.006881 milliseconds in repetition 210
tcp_ping received 48 bytes back
Round trip time was 0.006748 milliseconds in repetition 211
tcp_ping received 48 bytes back
Round trip time was 0.006811 milliseconds in repetition 212
tcp_ping received 48 bytes back
Round trip time was 0.006759 milliseconds in repetition 213
tcp_ping received 48 bytes back
Round trip time was 0.006732 milliseconds in repetition 214
tcp_ping received 48 bytes back
Round trip time was 0.006767 milliseconds in repetition 215
tcp_ping received 48 bytes back
Round trip time was 0.006761 milliseconds in repetition 216
tcp_ping received 48 bytes back
Round trip time was 0.006815 milliseconds in repetition 217
tcp_ping received 48 bytes back
Round trip time was 0.006815 milliseconds in repetition 218
tcp_ping received 48 bytes back
Round trip time was 0.006848 milliseconds in repetition 219
tcp_ping received 48 bytes back
Round trip time was 0.006868 milliseconds in repetition 220
tcp_ping received 48 bytes back
Round trip time was 0.006796 milliseconds in repetition 221
tcp_ping received 48 bytes back
Round trip time was 0.006928 milliseconds in repetition 222
tcp_ping received 48 bytes back
Round trip time was 0.009654 milliseconds in repetition 223
tcp_ping received 48 bytes back
Round trip time was 0.007262 milliseconds in repetition 224
tcp_ping received 48 bytes back
Round trip time was 0.00695 milliseconds in repetition 225
tcp_ping received 48 bytes back
Round trip time was 0.006899 milliseconds in repetition 226
tcp_ping received 48 bytes back
Round trip time was 0.006765 milliseconds in repetition 227
tcp_ping received 48 bytes back
Round trip time was 0.006619 milliseconds in repetition 228
tcp_ping received 48 bytes back
Round trip time was 0.006676 milliseconds in repetition 229
tcp_ping received 48 bytes back
Round trip time was 0.006812 milliseconds in repetition 230
tcp_ping received 48 bytes back
Round trip time was 0.006741 milliseconds in repetition 231
tcp_ping received 48 bytes back
Round trip time was 0.006708 milliseconds in repetition 232
tcp_ping received 48 bytes back
Round trip time was 0.006821 milliseconds in repetition 233
tcp_ping received 48 bytes back
Round trip time was 0.006857 milliseconds in repetition 234
tcp_ping received 48 bytes back
Round trip time was 0.006798 milliseconds in repetition 235
tcp_ping received 48 bytes back
Round trip time was 0.006794 milliseconds in repetition 236
tcp_ping received 48 bytes back
Round trip time was 0.006737 milliseconds in repetition 237
tcp_ping received 48 bytes back
Round trip time was 0.006748 milliseconds in repetition 238
tcp_ping received 48 bytes back
Round trip time was 0.006888 milliseconds in repetition 239
tcp_ping received 48 bytes back
Round trip time was 0.006692 milliseconds in repetition 240
tcp_ping received 48 bytes back
Round trip time was 0.006797 milliseconds in repetition 241
tcp_ping received 48 bytes back
Round trip time was 0.006693 milliseconds in repetition 242
tcp_ping received 48 bytes back
Round trip time was 0.006765 milliseconds in repetition 243
tcp_ping received 48 bytes back
Round trip time was 0.006819 milliseconds in repetition 244
tcp_ping received 48 bytes back
Round trip time was 0.006673 milliseconds in repetition 245
tcp_ping received 48 bytes back
Round trip time was 0.006854 milliseconds in repetition 246
tcp_ping received 48 bytes back
Round trip time was 0.006919 milliseconds in repetition 247
tcp_ping received 48 bytes back
Round trip time was 0.006697 milliseconds in repetition 248
tcp_ping received 48 bytes back
Round trip time was 0.006772 milliseconds in repetition 249
tcp_ping received 48 bytes back
Round trip time was 0.006778 milliseconds in repetition 250
tcp_ping received 48 bytes back
Round trip time was 0.006881 milliseconds in repetition 251
tcp_ping received 48 bytes back
Round trip time was 0.006733 milliseconds in repetition 252
tcp_ping received 48 bytes back
Round trip time was 0.006907 milliseconds in repetition 253
tcp_ping received 48 bytes back
Round trip time was 0.006814 milliseconds in repetition 254
tcp_ping received 48 bytes back
Round trip time was 0.006702 milliseconds in repetition 255
tcp_ping received 48 bytes back
Round trip time was 0.006702 milliseconds in repetition 256
tcp_ping received 48 bytes back
Round trip time was 0.006796 milliseconds in repetition 257
tcp_ping received 48 bytes back
Round trip time was 0.006765 milliseconds in repetition 258
tcp_ping received 48 bytes back
Round trip time was 0.006637 milliseconds in repetition 259
tcp_ping received 48 bytes back
Round trip time was 0.006894 milliseconds in repetition 260
tcp_ping received 48 bytes back
Round trip time was 0.006754 milliseconds in repetition 261
tcp_ping received 48 bytes back
Round trip time was 0.006805 milliseconds in repetition 262
tcp_ping received 48 bytes back
Round trip time was 0.006785 milliseconds in repetition 263
tcp_ping received 48 bytes back
Round trip time was 0.006711 milliseconds in repetition 264
tcp_ping received 48 bytes back
Round trip time was 0.006902 milliseconds in repetition 265
tcp_ping received 48 bytes back
Round trip time was 0.006796 milliseconds in repetition 266
tcp_ping received 48 bytes back
Round trip time was 0.006824 milliseconds in repetition 267
tcp_ping received 48 bytes back
Round trip time was 0.009524 milliseconds in repetition 268
tcp_ping received 48 bytes back
Round trip time was 0.007084 milliseconds in repetition 269
tcp_ping received 48 bytes back
Round trip time was 0.006844 milliseconds in repetition 270
tcp_ping received 48 bytes back
Round trip time was 0.006727 milliseconds in repetition 271
tcp_ping received 48 bytes back
Round trip time was 0.006809 milliseconds in repetition 272
tcp_ping received 48 bytes back
Round trip time was 0.006626 milliseconds in repetition 273
tcp_ping received 48 bytes back
Round trip time was 0.006918 milliseconds in repetition 274
tcp_ping received 48 bytes back
Round trip time was 0.006744 milliseconds in repetition 275
tcp_ping received 48 bytes back
Round trip time was 0.006814 milliseconds in repetition 276
tcp_ping received 48 bytes back
Round trip time was 0.006711 milliseconds in repetition 277
tcp_ping received 48 bytes back
Round trip time was 0.006803 milliseconds in repetition 278
tcp_ping received 48 bytes back
Round trip time was 0.006726 milliseconds in repetition 279
tcp_ping received 48 bytes back
Round trip time was 0.006828 milliseconds in repetition 280
tcp_ping received 48 bytes back
Round trip time was 0.006885 milliseconds in repetition 281
tcp_ping received 48 bytes back
Round trip time was 0.006908 milliseconds in repetition 282
tcp_ping received 48 bytes back
Round trip time was 0.006797 milliseconds in repetition 283
tcp_ping received 48 bytes back
Round trip time was 0.006818 milliseconds in repetition 284
tcp_ping received 48 bytes back
Round trip time was 0.006721 milliseconds in repetition 285
tcp_ping received 48 bytes back
Round trip time was 0.006809 milliseconds in repetition 286
tcp_ping received 48 bytes back
Round trip time was 0.006622 milliseconds in repetition 287
tcp_ping received 48 bytes back
Round trip time was 0.00682 milliseconds in repetition 288
tcp_ping received 48 bytes back
Round trip time was 0.006776 milliseconds in repetition 289
tcp_ping received 48 bytes back
Round trip time was 0.006804 milliseconds in repetition 290
tcp_ping received 48 bytes back
Round trip time was 0.006761 milliseconds in repetition 291
tcp_ping received 48 bytes back
Round trip time was 0.006707 milliseconds in repetition 292
tcp_ping received 48 bytes back
Round trip time was 0.00939 milliseconds in repetition 293
tcp_ping received 48 bytes back
Round trip time was 0.006748 milliseconds in repetition 294
tcp_ping received 48 bytes back
Round trip time was 0.006745 milliseconds in repetition 295
tcp_ping received 48 bytes back
Round trip time was 0.00674 milliseconds in repetition 296
tcp_ping received 48 bytes back
Round trip time was 0.006744 milliseconds in repetition 297
tcp_ping received 48 bytes back
Round trip time was 0.00677 milliseconds in repetition 298
tcp_ping received 48 bytes back
Round trip time was 0.006792 milliseconds in repetition 299
tcp_ping received 48 bytes back
Round trip time was 0.006834 milliseconds in repetition 300
tcp_ping received 48 bytes back
Round trip time was 0.006712 milliseconds in repetition 301
tcp_ping received 48 bytes back
Round trip time was 0.006788 milliseconds in repetition 302
tcp_ping received 48 bytes back
Round trip time was 0.006775 milliseconds in repetition 303
tcp_ping received 48 bytes back
Round trip time was 0.006827 milliseconds in repetition 304
tcp_ping received 48 bytes back
Round trip time was 0.007082 milliseconds in repetition 305
tcp_ping received 48 bytes back
Round trip time was 0.006809 milliseconds in repetition 306
tcp_ping received 48 bytes back
Round trip time was 0.006784 milliseconds in repetition 307
tcp_ping received 48 bytes back
Round trip time was 0.006784 milliseconds in repetition 308
tcp_ping received 48 bytes back
Round trip time was 0.006796 milliseconds in repetition 309
tcp_ping received 48 bytes back
Round trip time was 0.006735 milliseconds in repetition 310
tcp_ping received 48 bytes back
Round trip time was 0.006735 milliseconds in repetition 311
tcp_ping received 48 bytes back
Round trip time was 0.00668 milliseconds in repetition 312
tcp_ping received 48 bytes back
Round trip time was 0.009027 milliseconds in repetition 313
tcp_ping received 48 bytes back
Round trip time was 0.007063 milliseconds in repetition 314
tcp_ping received 48 bytes back
Round trip time was 0.006866 milliseconds in repetition 315
tcp_ping received 48 bytes back
Round trip time was 0.006787 milliseconds in repetition 316
tcp_ping received 48 bytes back
Round trip time was 0.006699 milliseconds in repetition 317
tcp_ping received 48 bytes back
Round trip time was 0.006788 milliseconds in repetition 318
tcp_ping received 48 bytes back
Round trip time was 0.006835 milliseconds in repetition 319
tcp_ping received 48 bytes back
Round trip time was 0.006683 milliseconds in repetition 320
tcp_ping received 48 bytes back
Round trip time was 0.006649 milliseconds in repetition 321
tcp_ping received 48 bytes back
Round trip time was 0.006784 milliseconds in repetition 322
tcp_ping received 48 bytes back
Round trip time was 0.006737 milliseconds in repetition 323
tcp_ping received 48 bytes back
Round trip time was 0.006754 milliseconds in repetition 324
tcp_ping received 48 bytes back
Round trip time was 0.006678 milliseconds in repetition 325
tcp_ping received 48 bytes back
Round trip time was 0.006797 milliseconds in repetition 326
tcp_ping received 48 bytes back
Round trip time was 0.006638 milliseconds in repetition 327
tcp_ping received 48 bytes back
Round trip time was 0.006758 milliseconds in repetition 328
tcp_ping received 48 bytes back
Round trip time was 0.0068 milliseconds in repetition 329
tcp_ping received 48 bytes back
Round trip time was 0.006858 milliseconds in repetition 330
tcp_ping received 48 bytes back
Round trip time was 0.006821 milliseconds in repetition 331
tcp_ping received 48 bytes back
Round trip time was 0.006799 milliseconds in repetition 332
tcp_ping received 48 bytes back
Round trip time was 0.006608 milliseconds in repetition 333
tcp_ping received 48 bytes back
Round trip time was 0.006748 milliseconds in repetition 334
tcp_ping received 48 bytes back
Round trip time was 0.006713 milliseconds in repetition 335
tcp_ping received 48 bytes back
Round trip time was 0.006557 milliseconds in repetition 336
tcp_ping received 48 bytes back
Round trip time was 0.006747 milliseconds in repetition 337
tcp_ping received 48 bytes back
Round trip time was 0.006812 milliseconds in repetition 338
tcp_ping received 48 bytes back
Round trip time was 0.006664 milliseconds in repetition 339
tcp_ping received 48 bytes back
Round trip time was 0.006735 milliseconds in repetition 340
tcp_ping received 48 bytes back
Round trip time was 0.006718 milliseconds in repetition 341
tcp_ping received 48 bytes back
Round trip time was 0.006791 milliseconds in repetition 342
tcp_ping received 48 bytes back
Round trip time was 0.006791 milliseconds in repetition 343
tcp_ping received 48 bytes back
Round trip time was 0.006765 milliseconds in repetition 344
tcp_ping received 48 bytes back
Round trip time was 0.006816 milliseconds in repetition 345
tcp_ping received 48 bytes back
Round trip time was 0.006836 milliseconds in repetition 346
tcp_ping received 48 bytes back
Round trip time was 0.00686 milliseconds in repetition 347
tcp_ping received 48 bytes back
Round trip time was 0.006705 milliseconds in repetition 348
tcp_ping received 48 bytes back
Round trip time was 0.006688 milliseconds in repetition 349
tcp_ping received 48 bytes back
Round trip time was 0.006797 milliseconds in repetition 350
tcp_ping received 48 bytes back
Round trip time was 0.006686 milliseconds in repetition 351
tcp_ping received 48 bytes back
Round trip time was 0.006761 milliseconds in repetition 352
tcp_ping received 48 bytes back
Round trip time was 0.006702 milliseconds in repetition 353
tcp_ping received 48 bytes back
Round trip time was 0.00681 milliseconds in repetition 354
tcp_ping received 48 bytes back
Round trip time was 0.006756 milliseconds in repetition 355
tcp_ping received 48 bytes back
Round trip time was 0.006698 milliseconds in repetition 356
tcp_ping received 48 bytes back
Round trip time was 0.009384 milliseconds in repetition 357
tcp_ping received 48 bytes back
Round trip time was 0.007311 milliseconds in repetition 358
tcp_ping received 48 bytes back
Round trip time was 0.00696 milliseconds in repetition 359
tcp_ping received 48 bytes back
Round trip time was 0.006771 milliseconds in repetition 360
tcp_ping received 48 bytes back
Round trip time was 0.006807 milliseconds in repetition 361
tcp_ping received 48 bytes back
Round trip time was 0.014216 milliseconds in repetition 362
tcp_ping received 48 bytes back
Round trip time was 0.008442 milliseconds in repetition 363
tcp_ping received 48 bytes back
Round trip time was 0.007148 milliseconds in repetition 364
tcp_ping received 48 bytes back
Round trip time was 0.006958 milliseconds in repetition 365
tcp_ping received 48 bytes back
Round trip time was 0.006912 milliseconds in repetition 366
tcp_ping received 48 bytes back
Round trip time was 0.006714 milliseconds in repetition 367
tcp_ping received 48 bytes back
Round trip time was 0.006709 milliseconds in repetition 368
tcp_ping received 48 bytes back
Round trip time was 0.006636 milliseconds in repetition 369
tcp_ping received 48 bytes back
Round trip time was 0.006825 milliseconds in repetition 370
tcp_ping received 48 bytes back
Round trip time was 0.006718 milliseconds in repetition 371
tcp_ping received 48 bytes back
Round trip time was 0.006755 milliseconds in repetition 372
tcp_ping received 48 bytes back
Round trip time was 0.006778 milliseconds in repetition 373
tcp_ping received 48 bytes back
Round trip time was 0.006819 milliseconds in repetition 374
tcp_ping received 48 bytes back
Round trip time was 0.006692 milliseconds in repetition 375
tcp_ping received 48 bytes back
Round trip time was 0.00678 milliseconds in repetition 376
tcp_ping received 48 bytes back
Round trip time was 0.006761 milliseconds in repetition 377
tcp_ping received 48 bytes back
Round trip time was 0.00681 milliseconds in repetition 378
tcp_ping received 48 bytes back
Round trip time was 0.006886 milliseconds in repetition 379
tcp_ping received 48 bytes back
Round trip time was 0.006819 milliseconds in repetition 380
tcp_ping received 48 bytes back
Round trip time was 0.006798 milliseconds in repetition 381
tcp_ping received 48 bytes back
Round trip time was 0.006801 milliseconds in repetition 382
tcp_ping received 48 bytes back
Round trip time was 0.006739 milliseconds in repetition 383
tcp_ping received 48 bytes back
Round trip time was 0.006786 milliseconds in repetition 384
tcp_ping received 48 bytes back
Round trip time was 0.006731 milliseconds in repetition 385
tcp_ping received 48 bytes back
Round trip time was 0.006868 milliseconds in repetition 386
tcp_ping received 48 bytes back
Round trip time was 0.006721 milliseconds in repetition 387
tcp_ping received 48 bytes back
Round trip time was 0.006749 milliseconds in repetition 388
tcp_ping received 48 bytes back
Round trip time was 0.006738 milliseconds in repetition 389
tcp_ping received 48 bytes back
Round trip time was 0.007033 milliseconds in repetition 390
tcp_ping received 48 bytes back
Round trip time was 0.010162 milliseconds in repetition 391
tcp_ping received 48 bytes back
Round trip time was 0.006779 milliseconds in repetition 392
tcp_ping received 48 bytes back
Round trip time was 0.006864 milliseconds in repetition 393
tcp_ping received 48 bytes back
Round trip time was 0.006889 milliseconds in repetition 394
tcp_ping received 48 bytes back
Round trip time was 0.006824 milliseconds in repetition 395
tcp_ping received 48 bytes back
Round trip time was 0.007503 milliseconds in repetition 396
tcp_ping received 48 bytes back
Round trip time was 0.007979 milliseconds in repetition 397
tcp_ping received 48 bytes back
Round trip time was 0.006974 milliseconds in repetition 398
tcp_ping received 48 bytes back
Round trip time was 0.00686 milliseconds in repetition 399
tcp_ping received 48 bytes back
Round trip time was 0.007209 milliseconds in repetition 400
tcp_ping received 48 bytes back
Round trip time was 0.00839 milliseconds in repetition 401
tcp_ping received 48 bytes back
Round trip time was 0.009717 milliseconds in repetition 402
tcp_ping received 48 bytes back
Round trip time was 0.007107 milliseconds in repetition 403
tcp_ping received 48 bytes back
Round trip time was 0.006889 milliseconds in repetition 404
tcp_ping received 48 bytes back
Round trip time was 0.006852 milliseconds in repetition 405
tcp_ping received 48 bytes back
Round trip time was 0.007015 milliseconds in repetition 406
tcp_ping received 48 bytes back
Round trip time was 0.006889 milliseconds in repetition 407
tcp_ping received 48 bytes back
Round trip time was 0.006729 milliseconds in repetition 408
tcp_ping received 48 bytes back
Round trip time was 0.006901 milliseconds in repetition 409
tcp_ping received 48 bytes back
Round trip time was 0.00691 milliseconds in repetition 410
tcp_ping received 48 bytes back
Round trip time was 0.006852 milliseconds in repetition 411
tcp_ping received 48 bytes back
Round trip time was 0.006839 milliseconds in repetition 412
tcp_ping received 48 bytes back
Round trip time was 0.006743 milliseconds in repetition 413
tcp_ping received 48 bytes back
Round trip time was 0.006896 milliseconds in repetition 414
tcp_ping received 48 bytes back
Round trip time was 0.006778 milliseconds in repetition 415
tcp_ping received 48 bytes back
Round trip time was 0.006775 milliseconds in repetition 416
tcp_ping received 48 bytes back
Round trip time was 0.006777 milliseconds in repetition 417
tcp_ping received 48 bytes back
Round trip time was 0.006799 milliseconds in repetition 418
tcp_ping received 48 bytes back
Round trip time was 0.006875 milliseconds in repetition 419
tcp_ping received 48 bytes back
Round trip time was 0.006851 milliseconds in repetition 420
tcp_ping received 48 bytes back
Round trip time was 0.006681 milliseconds in repetition 421
tcp_ping received 48 bytes back
Round trip time was 0.006881 milliseconds in repetition 422
tcp_ping received 48 bytes back
Round trip time was 0.006738 milliseconds in repetition 423
tcp_ping received 48 bytes back
Round trip time was 0.006885 milliseconds in repetition 424
tcp_ping received 48 bytes back
Round trip time was 0.006882 milliseconds in repetition 425
tcp_ping received 48 bytes back
Round trip time was 0.00676 milliseconds in repetition 426
tcp_ping received 48 bytes back
Round trip time was 0.006839 milliseconds in repetition 427
tcp_ping received 48 bytes back
Round trip time was 0.006841 milliseconds in repetition 428
tcp_ping received 48 bytes back
Round trip time was 0.006774 milliseconds in repetition 429
tcp_ping received 48 bytes back
Round trip time was 0.006815 milliseconds in repetition 430
tcp_ping received 48 bytes back
Round trip time was 0.006773 milliseconds in repetition 431
tcp_ping received 48 bytes back
Round trip time was 0.006829 milliseconds in repetition 432
tcp_ping received 48 bytes back
Round trip time was 0.00677 milliseconds in repetition 433
tcp_ping received 48 bytes back
Round trip time was 0.006898 milliseconds in repetition 434
tcp_ping received 48 bytes back
Round trip time was 0.006812 milliseconds in repetition 435
tcp_ping received 48 bytes back
Round trip time was 0.006876 milliseconds in repetition 436
tcp_ping received 48 bytes back
Round trip time was 0.009742 milliseconds in repetition 437
tcp_ping received 48 bytes back
Round trip time was 0.008036 milliseconds in repetition 438
tcp_ping received 48 bytes back
Round trip time was 0.00858 milliseconds in repetition 439
tcp_ping received 48 bytes back
Round trip time was 0.008037 milliseconds in repetition 440
tcp_ping received 48 bytes back
Round trip time was 0.007989 milliseconds in repetition 441
tcp_ping received 48 bytes back
Round trip time was 0.008697 milliseconds in repetition 442
tcp_ping received 48 bytes back
Round trip time was 0.008194 milliseconds in repetition 443
tcp_ping received 48 bytes back
Round trip time was 0.007985 milliseconds in repetition 444
tcp_ping received 48 bytes back
Round trip time was 0.007842 milliseconds in repetition 445
tcp_ping received 48 bytes back
Round trip time was 0.010598 milliseconds in repetition 446
tcp_ping received 48 bytes back
Round trip time was 0.007349 milliseconds in repetition 447
tcp_ping received 48 bytes back
Round trip time was 0.006854 milliseconds in repetition 448
tcp_ping received 48 bytes back
Round trip time was 0.00689 milliseconds in repetition 449
tcp_ping received 48 bytes back
Round trip time was 0.00676 milliseconds in repetition 450
tcp_ping received 48 bytes back
Round trip time was 0.006815 milliseconds in repetition 451
tcp_ping received 48 bytes back
Round trip time was 0.006912 milliseconds in repetition 452
tcp_ping received 48 bytes back
Round trip time was 0.006836 milliseconds in repetition 453
tcp_ping received 48 bytes back
Round trip time was 0.006805 milliseconds in repetition 454
tcp_ping received 48 bytes back
Round trip time was 0.006814 milliseconds in repetition 455
tcp_ping received 48 bytes back
Round trip time was 0.00674 milliseconds in repetition 456
tcp_ping received 48 bytes back
Round trip time was 0.007015 milliseconds in repetition 457
tcp_ping received 48 bytes back
Round trip time was 0.006844 milliseconds in repetition 458
tcp_ping received 48 bytes back
Round trip time was 0.006712 milliseconds in repetition 459
tcp_ping received 48 bytes back
Round trip time was 0.006754 milliseconds in repetition 460
tcp_ping received 48 bytes back
Round trip time was 0.006786 milliseconds in repetition 461
tcp_ping received 48 bytes back
Round trip time was 0.009562 milliseconds in repetition 462
tcp_ping received 48 bytes back
Round trip time was 0.00674 milliseconds in repetition 463
tcp_ping received 48 bytes back
Round trip time was 0.006718 milliseconds in repetition 464
tcp_ping received 48 bytes back
Round trip time was 0.006762 milliseconds in repetition 465
tcp_ping received 48 bytes back
Round trip time was 0.006855 milliseconds in repetition 466
tcp_ping received 48 bytes back
Round trip time was 0.006756 milliseconds in repetition 467
tcp_ping received 48 bytes back
Round trip time was 0.006922 milliseconds in repetition 468
tcp_ping received 48 bytes back
Round trip time was 0.006753 milliseconds in repetition 469
tcp_ping received 48 bytes back
Round trip time was 0.006933 milliseconds in repetition 470
tcp_ping received 48 bytes back
Round trip time was 0.006787 milliseconds in repetition 471
tcp_ping received 48 bytes back
Round trip time was 0.006811 milliseconds in repetition 472
tcp_ping received 48 bytes back
Round trip time was 0.006874 milliseconds in repetition 473
tcp_ping received 48 bytes back
Round trip time was 0.006914 milliseconds in repetition 474
tcp_ping received 48 bytes back
Round trip time was 0.007437 milliseconds in repetition 475
tcp_ping received 48 bytes back
Round trip time was 0.011149 milliseconds in repetition 476
tcp_ping received 48 bytes back
Round trip time was 0.041081 milliseconds in repetition 477
tcp_ping received 48 bytes back
Round trip time was 0.008666 milliseconds in repetition 478
tcp_ping received 48 bytes back
Round trip time was 0.007835 milliseconds in repetition 479
tcp_ping received 48 bytes back
Round trip time was 0.007146 milliseconds in repetition 480
tcp_ping received 48 bytes back
Round trip time was 0.006938 milliseconds in repetition 481
tcp_ping received 48 bytes back
Round trip time was 0.006845 milliseconds in repetition 482
tcp_ping received 48 bytes back
Round trip time was 0.006904 milliseconds in repetition 483
tcp_ping received 48 bytes back
Round trip time was 0.006766 milliseconds in repetition 484
tcp_ping received 48 bytes back
Round trip time was 0.006815 milliseconds in repetition 485
tcp_ping received 48 bytes back
Round trip time was 0.006746 milliseconds in repetition 486
tcp_ping received 48 bytes back
Round trip time was 0.006923 milliseconds in repetition 487
tcp_ping received 48 bytes back
Round trip time was 0.00676 milliseconds in repetition 488
tcp_ping received 48 bytes back
Round trip time was 0.006836 milliseconds in repetition 489
tcp_ping received 48 bytes back
Round trip time was 0.006918 milliseconds in repetition 490
tcp_ping received 48 bytes back
Round trip time was 0.011695 milliseconds in repetition 491
tcp_ping received 48 bytes back
Round trip time was 0.007149 milliseconds in repetition 492
tcp_ping received 48 bytes back
Round trip time was 0.007079 milliseconds in repetition 493
tcp_ping received 48 bytes back
Round trip time was 0.00703 milliseconds in repetition 494
tcp_ping received 48 bytes back
Round trip time was 0.006903 milliseconds in repetition 495
tcp_ping received 48 bytes back
Round trip time was 0.006764 milliseconds in repetition 496
tcp_ping received 48 bytes back
Round trip time was 0.006822 milliseconds in repetition 497
tcp_ping received 48 bytes back
Round trip time was 0.006812 milliseconds in repetition 498
tcp_ping received 48 bytes back
Round trip time was 0.006842 milliseconds in repetition 499
tcp_ping received 48 bytes back
Round trip time was 0.006637 milliseconds in repetition 500
tcp_ping received 48 bytes back
Round trip time was 0.006831 milliseconds in repetition 501

 ... clock resolution was 1e-06
TCP Ping:  Statistics over 501 repetitions of 48 byte messages

RTT : percentile 10: 0.006712, median: 0.006813, percentile 90: 0.007126, average: 0.00709531, variance: 3.35388e-06

RTT histogram:
0.0065565 465
0.00828275 17
0.010009 13
0.0117353 2
0.0134615 1
0.0151878 0
0.016914 1
0.0186403 0
0.0203665 1
0.0220927 0
0.023819 0
0.0255452 0
0.0272715 0
0.0289977 0
0.030724 0
0.0324502 0
0.0341765 0
0.0359027 0
0.037629 0
0.0393552 0
0.0410815 1

   median Throughput : 14090.7 KB/s   overall Throughput : 13530.1 KB/s

