TCP Ping trying to connect to server localhost (127.0.0.1) on port 1491
 ... connected to Pong server: asking for 501 repetitions of 3072 bytes TCP messages
 ... Pong server agreed :-)
tcp_ping received 3072 bytes back
Round trip time was 0.025875 milliseconds in repetition 1
tcp_ping received 3072 bytes back
Round trip time was 0.016157 milliseconds in repetition 2
tcp_ping received 3072 bytes back
Round trip time was 0.015894 milliseconds in repetition 3
tcp_ping received 3072 bytes back
Round trip time was 0.014839 milliseconds in repetition 4
tcp_ping received 3072 bytes back
Round trip time was 0.014797 milliseconds in repetition 5
tcp_ping received 3072 bytes back
Round trip time was 0.015629 milliseconds in repetition 6
tcp_ping received 3072 bytes back
Round trip time was 0.014726 milliseconds in repetition 7
tcp_ping received 3072 bytes back
Round trip time was 0.014732 milliseconds in repetition 8
tcp_ping received 3072 bytes back
Round trip time was 0.015027 milliseconds in repetition 9
tcp_ping received 3072 bytes back
Round trip time was 0.014908 milliseconds in repetition 10
tcp_ping received 3072 bytes back
Round trip time was 0.014692 milliseconds in repetition 11
tcp_ping received 3072 bytes back
Round trip time was 0.014866 milliseconds in repetition 12
tcp_ping received 3072 bytes back
Round trip time was 0.015687 milliseconds in repetition 13
tcp_ping received 3072 bytes back
Round trip time was 0.014737 milliseconds in repetition 14
tcp_ping received 3072 bytes back
Round trip time was 0.014936 milliseconds in repetition 15
tcp_ping received 3072 bytes back
Round trip time was 0.014668 milliseconds in repetition 16
tcp_ping received 3072 bytes back
Round trip time was 0.014816 milliseconds in repetition 17
tcp_ping received 3072 bytes back
Round trip time was 0.014702 milliseconds in repetition 18
tcp_ping received 3072 bytes back
Round trip time was 0.014847 milliseconds in repetition 19
tcp_ping received 3072 bytes back
Round trip time was 0.014658 milliseconds in repetition 20
tcp_ping received 3072 bytes back
Round trip time was 0.014648 milliseconds in repetition 21
tcp_ping received 3072 bytes back
Round trip time was 0.016005 milliseconds in repetition 22
tcp_ping received 3072 bytes back
Round trip time was 0.017731 milliseconds in repetition 23
tcp_ping received 3072 bytes back
Round trip time was 0.015687 milliseconds in repetition 24
tcp_ping received 3072 bytes back
Round trip time was 0.015805 milliseconds in repetition 25
tcp_ping received 3072 bytes back
Round trip time was 0.015107 milliseconds in repetition 26
tcp_ping received 3072 bytes back
Round trip time was 0.014788 milliseconds in repetition 27
tcp_ping received 3072 bytes back
Round trip time was 0.014762 milliseconds in repetition 28
tcp_ping received 3072 bytes back
Round trip time was 0.014761 milliseconds in repetition 29
tcp_ping received 3072 bytes back
Round trip time was 0.015609 milliseconds in repetition 30
tcp_ping received 3072 bytes back
Round trip time was 0.014708 milliseconds in repetition 31
tcp_ping received 3072 bytes back
Round trip time was 0.014531 milliseconds in repetition 32
tcp_ping received 3072 bytes back
Round trip time was 0.015474 milliseconds in repetition 33
tcp_ping received 3072 bytes back
Round trip time was 0.014662 milliseconds in repetition 34
tcp_ping received 3072 bytes back
Round trip time was 0.014702 milliseconds in repetition 35
tcp_ping received 3072 bytes back
Round trip time was 0.015943 milliseconds in repetition 36
tcp_ping received 3072 bytes back
Round trip time was 0.015454 milliseconds in repetition 37
tcp_ping received 3072 bytes back
Round trip time was 0.014615 milliseconds in repetition 38
tcp_ping received 3072 bytes back
Round trip time was 0.015014 milliseconds in repetition 39
tcp_ping received 3072 bytes back
Round trip time was 0.01488 milliseconds in repetition 40
tcp_ping received 3072 bytes back
Round trip time was 0.014633 milliseconds in repetition 41
tcp_ping received 3072 bytes back
Round trip time was 0.014868 milliseconds in repetition 42
tcp_ping received 3072 bytes back
Round trip time was 0.014777 milliseconds in repetition 43
tcp_ping received 3072 bytes back
Round trip time was 0.017046 milliseconds in repetition 44
tcp_ping received 3072 bytes back
Round trip time was 0.016067 milliseconds in repetition 45
tcp_ping received 3072 bytes back
Round trip time was 0.014886 milliseconds in repetition 46
tcp_ping received 3072 bytes back
Round trip time was 0.014652 milliseconds in repetition 47
tcp_ping received 3072 bytes back
Round trip time was 0.014646 milliseconds in repetition 48
tcp_ping received 3072 bytes back
Round trip time was 0.014687 milliseconds in repetition 49
tcp_ping received 3072 bytes back
Round trip time was 0.015625 milliseconds in repetition 50
tcp_ping received 3072 bytes back
Round trip time was 0.014797 milliseconds in repetition 51
tcp_ping received 3072 bytes back
Round trip time was 0.014698 milliseconds in repetition 52
tcp_ping received 3072 bytes back
Round trip time was 0.01464 milliseconds in repetition 53
tcp_ping received 3072 bytes back
Round trip time was 0.015374 milliseconds in repetition 54
tcp_ping received 3072 bytes back
Round trip time was 0.014645 milliseconds in repetition 55
tcp_ping received 3072 bytes back
Round trip time was 0.014661 milliseconds in repetition 56
tcp_ping received 3072 bytes back
Round trip time was 0.014766 milliseconds in repetition 57
tcp_ping received 3072 bytes back
Round trip time was 0.014724 milliseconds in repetition 58
tcp_ping received 3072 bytes back
Round trip time was 0.01545 milliseconds in repetition 59
tcp_ping received 3072 bytes back
Round trip time was 0.014688 milliseconds in repetition 60
tcp_ping received 3072 bytes back
Round trip time was 0.014666 milliseconds in repetition 61
tcp_ping received 3072 bytes back
Round trip time was 0.014732 milliseconds in repetition 62
tcp_ping received 3072 bytes back
Round trip time was 0.014551 milliseconds in repetition 63
tcp_ping received 3072 bytes back
Round trip time was 0.015055 milliseconds in repetition 64
tcp_ping received 3072 bytes back
Round trip time was 0.014873 milliseconds in repetition 65
tcp_ping received 3072 bytes back
Round trip time was 0.014615 milliseconds in repetition 66
tcp_ping received 3072 bytes back
Round trip time was 0.014583 milliseconds in repetition 67
tcp_ping received 3072 bytes back
Round trip time was 0.014588 milliseconds in repetition 68
tcp_ping received 3072 bytes back
Round trip time was 0.01573 milliseconds in repetition 69
tcp_ping received 3072 bytes back
Round trip time was 0.01621 milliseconds in repetition 70
tcp_ping received 3072 bytes back
Round trip time was 0.015624 milliseconds in repetition 71
tcp_ping received 3072 bytes back
Round trip time was 0.015685 milliseconds in repetition 72
tcp_ping received 3072 bytes back
Round trip time was 0.014684 milliseconds in repetition 73
tcp_ping received 3072 bytes back
Round trip time was 0.015555 milliseconds in repetition 74
tcp_ping received 3072 bytes back
Round trip time was 0.014916 milliseconds in repetition 75
tcp_ping received 3072 bytes back
Round trip time was 0.015448 milliseconds in repetition 76
tcp_ping received 3072 bytes back
Round trip time was 0.014658 milliseconds in repetition 77
tcp_ping received 3072 bytes back
Round trip time was 0.014748 milliseconds in repetition 78
tcp_ping received 3072 bytes back
Round trip time was 0.014736 milliseconds in repetition 79
tcp_ping received 3072 bytes back
Round trip time was 0.014935 milliseconds in repetition 80
tcp_ping received 3072 bytes back
Round trip time was 0.014703 milliseconds in repetition 81
tcp_ping received 3072 bytes back
Round trip time was 0.015396 milliseconds in repetition 82
tcp_ping received 3072 bytes back
Round trip time was 0.014671 milliseconds in repetition 83
tcp_ping received 3072 bytes back
Round trip time was 0.014641 milliseconds in repetition 84
tcp_ping received 3072 bytes back
Round trip time was 0.014738 milliseconds in repetition 85
tcp_ping received 3072 bytes back
Round trip time was 0.015001 milliseconds in repetition 86
tcp_ping received 3072 bytes back
Round trip time was 0.01454 milliseconds in repetition 87
tcp_ping received 3072 bytes back
Round trip time was 0.016694 milliseconds in repetition 88
tcp_ping received 3072 bytes back
Round trip time was 0.016749 milliseconds in repetition 89
tcp_ping received 3072 bytes back
Round trip time was 0.014806 milliseconds in repetition 90
tcp_ping received 3072 bytes back
Round trip time was 0.014712 milliseconds in repetition 91
tcp_ping received 3072 bytes back
Round trip time was 0.014849 milliseconds in repetition 92
tcp_ping received 3072 bytes back
Round trip time was 0.014908 milliseconds in repetition 93
tcp_ping received 3072 bytes back
Round trip time was 0.014724 milliseconds in repetition 94
tcp_ping received 3072 bytes back
Round trip time was 0.015686 milliseconds in repetition 95
tcp_ping received 3072 bytes back
Round trip time was 0.015419 milliseconds in repetition 96
tcp_ping received 3072 bytes back
Round trip time was 0.015019 milliseconds in repetition 97
tcp_ping received 3072 bytes back
Round trip time was 0.014571 milliseconds in repetition 98
tcp_ping received 3072 bytes back
Round trip time was 0.015634 milliseconds in repetition 99
tcp_ping received 3072 bytes back
Round trip time was 0.014832 milliseconds in repetition 100
tcp_ping received 3072 bytes back
Round trip time was 0.014841 milliseconds in repetition 101
tcp_ping received 3072 bytes back
Round trip time was 0.015227 milliseconds in repetition 102
tcp_ping received 3072 bytes back
Round trip time was 0.014766 milliseconds in repetition 103
tcp_ping received 3072 bytes back
Round trip time was 0.014754 milliseconds in repetition 104
tcp_ping received 3072 bytes back
Round trip time was 0.014836 milliseconds in repetition 105
tcp_ping received 3072 bytes back
Round trip time was 0.015284 milliseconds in repetition 106
tcp_ping received 3072 bytes back
Round trip time was 0.014705 milliseconds in repetition 107
tcp_ping received 3072 bytes back
Round trip time was 0.015298 milliseconds in repetition 108
tcp_ping received 3072 bytes back
Round trip time was 0.015563 milliseconds in repetition 109
tcp_ping received 3072 bytes back
Round trip time was 0.014601 milliseconds in repetition 110
tcp_ping received 3072 bytes back
Round trip time was 0.014583 milliseconds in repetition 111
tcp_ping received 3072 bytes back
Round trip time was 0.014704 milliseconds in repetition 112
tcp_ping received 3072 bytes back
Round trip time was 0.014714 milliseconds in repetition 113
tcp_ping received 3072 bytes back
Round trip time was 0.014717 milliseconds in repetition 114
tcp_ping received 3072 bytes back
Round trip time was 0.015495 milliseconds in repetition 115
tcp_ping received 3072 bytes back
Round trip time was 0.019855 milliseconds in repetition 116
tcp_ping received 3072 bytes back
Round trip time was 0.015477 milliseconds in repetition 117
tcp_ping received 3072 bytes back
Round trip time was 0.015768 milliseconds in repetition 118
tcp_ping received 3072 bytes back
Round trip time was 0.014792 milliseconds in repetition 119
tcp_ping received 3072 bytes back
Round trip time was 0.015036 milliseconds in repetition 120
tcp_ping received 3072 bytes back
Round trip time was 0.014631 milliseconds in repetition 121
tcp_ping received 3072 bytes back
Round trip time was 0.014847 milliseconds in repetition 122
tcp_ping received 3072 bytes back
Round trip time was 0.01484 milliseconds in repetition 123
tcp_ping received 3072 bytes back
Round trip time was 0.014768 milliseconds in repetition 124
tcp_ping received 3072 bytes back
Round trip time was 0.015175 milliseconds in repetition 125
tcp_ping received 3072 bytes back
Round trip time was 0.015412 milliseconds in repetition 126
tcp_ping received 3072 bytes back
Round trip time was 0.015713 milliseconds in repetition 127
tcp_ping received 3072 bytes back
Round trip time was 0.014862 milliseconds in repetition 128
tcp_ping received 3072 bytes back
Round trip time was 0.014943 milliseconds in repetition 129
tcp_ping received 3072 bytes back
Round trip time was 0.01489 milliseconds in repetition 130
tcp_ping received 3072 bytes back
Round trip time was 0.016567 milliseconds in repetition 131
tcp_ping received 3072 bytes back
Round trip time was 0.015745 milliseconds in repetition 132
tcp_ping received 3072 bytes back
Round trip time was 0.014663 milliseconds in repetition 133
tcp_ping received 3072 bytes back
Round trip time was 0.016109 milliseconds in repetition 134
tcp_ping received 3072 bytes back
Round trip time was 0.014794 milliseconds in repetition 135
tcp_ping received 3072 bytes back
Round trip time was 0.015557 milliseconds in repetition 136
tcp_ping received 3072 bytes back
Round trip time was 0.015059 milliseconds in repetition 137
tcp_ping received 3072 bytes back
Round trip time was 0.015092 milliseconds in repetition 138
tcp_ping received 3072 bytes back
Round trip time was 0.014742 milliseconds in repetition 139
tcp_ping received 3072 bytes back
Round trip time was 0.014692 milliseconds in repetition 140
tcp_ping received 3072 bytes back
Round trip time was 0.014956 milliseconds in repetition 141
tcp_ping received 3072 bytes back
Round trip time was 0.015499 milliseconds in repetition 142
tcp_ping received 3072 bytes back
Round trip time was 0.014801 milliseconds in repetition 143
tcp_ping received 3072 bytes back
Round trip time was 0.015651 milliseconds in repetition 144
tcp_ping received 3072 bytes back
Round trip time was 0.014875 milliseconds in repetition 145
tcp_ping received 3072 bytes back
Round trip time was 0.014847 milliseconds in repetition 146
tcp_ping received 3072 bytes back
Round trip time was 0.014787 milliseconds in repetition 147
tcp_ping received 3072 bytes back
Round trip time was 0.014888 milliseconds in repetition 148
tcp_ping received 3072 bytes back
Round trip time was 0.015586 milliseconds in repetition 149
tcp_ping received 3072 bytes back
Round trip time was 0.014703 milliseconds in repetition 150
tcp_ping received 3072 bytes back
Round trip time was 0.014733 milliseconds in repetition 151
tcp_ping received 3072 bytes back
Round trip time was 0.014529 milliseconds in repetition 152
tcp_ping received 3072 bytes back
Round trip time was 0.014628 milliseconds in repetition 153
tcp_ping received 3072 bytes back
Round trip time was 0.015781 milliseconds in repetition 154
tcp_ping received 3072 bytes back
Round trip time was 0.014946 milliseconds in repetition 155
tcp_ping received 3072 bytes back
Round trip time was 0.01548 milliseconds in repetition 156
tcp_ping received 3072 bytes back
Round trip time was 0.014815 milliseconds in repetition 157
tcp_ping received 3072 bytes back
Round trip time was 0.01504 milliseconds in repetition 158
tcp_ping received 3072 bytes back
Round trip time was 0.01469 milliseconds in repetition 159
tcp_ping received 3072 bytes back
Round trip time was 0.014591 milliseconds in repetition 160
tcp_ping received 3072 bytes back
Round trip time was 0.014679 milliseconds in repetition 161
tcp_ping received 3072 bytes back
Round trip time was 0.014582 milliseconds in repetition 162
tcp_ping received 3072 bytes back
Round trip time was 0.015401 milliseconds in repetition 163
tcp_ping received 3072 bytes back
Round trip time was 0.014702 milliseconds in repetition 164
tcp_ping received 3072 bytes back
Round trip time was 0.014663 milliseconds in repetition 165
tcp_ping received 3072 bytes back
Round trip time was 0.01547 milliseconds in repetition 166
tcp_ping received 3072 bytes back
Round trip time was 0.014864 milliseconds in repetition 167
tcp_ping received 3072 bytes back
Round trip time was 0.014717 milliseconds in repetition 168
tcp_ping received 3072 bytes back
Round trip time was 0.014977 milliseconds in repetition 169
tcp_ping received 3072 bytes back
Round trip time was 0.014908 milliseconds in repetition 170
tcp_ping received 3072 bytes back
Round trip time was 0.01547 milliseconds in repetition 171
tcp_ping received 3072 bytes back
Round trip time was 0.014988 milliseconds in repetition 172
tcp_ping received 3072 bytes back
Round trip time was 0.015771 milliseconds in repetition 173
tcp_ping received 3072 bytes back
Round trip time was 0.015034 milliseconds in repetition 174
tcp_ping received 3072 bytes back
Round trip time was 0.016494 milliseconds in repetition 175
tcp_ping received 3072 bytes back
Round trip time was 0.015493 milliseconds in repetition 176
tcp_ping received 3072 bytes back
Round trip time was 0.014727 milliseconds in repetition 177
tcp_ping received 3072 bytes back
Round trip time was 0.014824 milliseconds in repetition 178
tcp_ping received 3072 bytes back
Round trip time was 0.015126 milliseconds in repetition 179
tcp_ping received 3072 bytes back
Round trip time was 0.014653 milliseconds in repetition 180
tcp_ping received 3072 bytes back
Round trip time was 0.014771 milliseconds in repetition 181
tcp_ping received 3072 bytes back
Round trip time was 0.014681 milliseconds in repetition 182
tcp_ping received 3072 bytes back
Round trip time was 0.014788 milliseconds in repetition 183
tcp_ping received 3072 bytes back
Round trip time was 0.014759 milliseconds in repetition 184
tcp_ping received 3072 bytes back
Round trip time was 0.01569 milliseconds in repetition 185
tcp_ping received 3072 bytes back
Round trip time was 0.015059 milliseconds in repetition 186
tcp_ping received 3072 bytes back
Round trip time was 0.01481 milliseconds in repetition 187
tcp_ping received 3072 bytes back
Round trip time was 0.014779 milliseconds in repetition 188
tcp_ping received 3072 bytes back
Round trip time was 0.015185 milliseconds in repetition 189
tcp_ping received 3072 bytes back
Round trip time was 0.014793 milliseconds in repetition 190
tcp_ping received 3072 bytes back
Round trip time was 0.014718 milliseconds in repetition 191
tcp_ping received 3072 bytes back
Round trip time was 0.014631 milliseconds in repetition 192
tcp_ping received 3072 bytes back
Round trip time was 0.014883 milliseconds in repetition 193
tcp_ping received 3072 bytes back
Round trip time was 0.014718 milliseconds in repetition 194
tcp_ping received 3072 bytes back
Round trip time was 0.014732 milliseconds in repetition 195
tcp_ping received 3072 bytes back
Round trip time was 0.014549 milliseconds in repetition 196
tcp_ping received 3072 bytes back
Round trip time was 0.01556 milliseconds in repetition 197
tcp_ping received 3072 bytes back
Round trip time was 0.014869 milliseconds in repetition 198
tcp_ping received 3072 bytes back
Round trip time was 0.01466 milliseconds in repetition 199
tcp_ping received 3072 bytes back
Round trip time was 0.014774 milliseconds in repetition 200
tcp_ping received 3072 bytes back
Round trip time was 0.014573 milliseconds in repetition 201
tcp_ping received 3072 bytes back
Round trip time was 0.014822 milliseconds in repetition 202
tcp_ping received 3072 bytes back
Round trip time was 0.014665 milliseconds in repetition 203
tcp_ping received 3072 bytes back
Round trip time was 0.01529 milliseconds in repetition 204
tcp_ping received 3072 bytes back
Round trip time was 0.014978 milliseconds in repetition 205
tcp_ping received 3072 bytes back
Round trip time was 0.0147 milliseconds in repetition 206
tcp_ping received 3072 bytes back
Round trip time was 0.014813 milliseconds in repetition 207
tcp_ping received 3072 bytes back
Round trip time was 0.015485 milliseconds in repetition 208
tcp_ping received 3072 bytes back
Round trip time was 0.014728 milliseconds in repetition 209
tcp_ping received 3072 bytes back
Round trip time was 0.015597 milliseconds in repetition 210
tcp_ping received 3072 bytes back
Round trip time was 0.014872 milliseconds in repetition 211
tcp_ping received 3072 bytes back
Round trip time was 0.014577 milliseconds in repetition 212
tcp_ping received 3072 bytes back
Round trip time was 0.01472 milliseconds in repetition 213
tcp_ping received 3072 bytes back
Round trip time was 0.014669 milliseconds in repetition 214
tcp_ping received 3072 bytes back
Round trip time was 0.014674 milliseconds in repetition 215
tcp_ping received 3072 bytes back
Round trip time was 0.014826 milliseconds in repetition 216
tcp_ping received 3072 bytes back
Round trip time was 0.01473 milliseconds in repetition 217
tcp_ping received 3072 bytes back
Round trip time was 0.014943 milliseconds in repetition 218
tcp_ping received 3072 bytes back
Round trip time was 0.016477 milliseconds in repetition 219
tcp_ping received 3072 bytes back
Round trip time was 0.015526 milliseconds in repetition 220
tcp_ping received 3072 bytes back
Round trip time was 0.014919 milliseconds in repetition 221
tcp_ping received 3072 bytes back
Round trip time was 0.014643 milliseconds in repetition 222
tcp_ping received 3072 bytes back
Round trip time was 0.014696 milliseconds in repetition 223
tcp_ping received 3072 bytes back
Round trip time was 0.01465 milliseconds in repetition 224
tcp_ping received 3072 bytes back
Round trip time was 0.01477 milliseconds in repetition 225
tcp_ping received 3072 bytes back
Round trip time was 0.014753 milliseconds in repetition 226
tcp_ping received 3072 bytes back
Round trip time was 0.014809 milliseconds in repetition 227
tcp_ping received 3072 bytes back
Round trip time was 0.014717 milliseconds in repetition 228
tcp_ping received 3072 bytes back
Round trip time was 0.014822 milliseconds in repetition 229
tcp_ping received 3072 bytes back
Round trip time was 0.015299 milliseconds in repetition 230
tcp_ping received 3072 bytes back
Round trip time was 0.014647 milliseconds in repetition 231
tcp_ping received 3072 bytes back
Round trip time was 0.015556 milliseconds in repetition 232
tcp_ping received 3072 bytes back
Round trip time was 0.01482 milliseconds in repetition 233
tcp_ping received 3072 bytes back
Round trip time was 0.014799 milliseconds in repetition 234
tcp_ping received 3072 bytes back
Round trip time was 0.014681 milliseconds in repetition 235
tcp_ping received 3072 bytes back
Round trip time was 0.014736 milliseconds in repetition 236
tcp_ping received 3072 bytes back
Round trip time was 0.014847 milliseconds in repetition 237
tcp_ping received 3072 bytes back
Round trip time was 0.014794 milliseconds in repetition 238
tcp_ping received 3072 bytes back
Round trip time was 0.014661 milliseconds in repetition 239
tcp_ping received 3072 bytes back
Round trip time was 0.014625 milliseconds in repetition 240
tcp_ping received 3072 bytes back
Round trip time was 0.014595 milliseconds in repetition 241
tcp_ping received 3072 bytes back
Round trip time was 0.014605 milliseconds in repetition 242
tcp_ping received 3072 bytes back
Round trip time was 0.014627 milliseconds in repetition 243
tcp_ping received 3072 bytes back
Round trip time was 0.014805 milliseconds in repetition 244
tcp_ping received 3072 bytes back
Round trip time was 0.014837 milliseconds in repetition 245
tcp_ping received 3072 bytes back
Round trip time was 0.014759 milliseconds in repetition 246
tcp_ping received 3072 bytes back
Round trip time was 0.01481 milliseconds in repetition 247
tcp_ping received 3072 bytes back
Round trip time was 0.014463 milliseconds in repetition 248
tcp_ping received 3072 bytes back
Round trip time was 0.014632 milliseconds in repetition 249
tcp_ping received 3072 bytes back
Round trip time was 0.014979 milliseconds in repetition 250
tcp_ping received 3072 bytes back
Round trip time was 0.014703 milliseconds in repetition 251
tcp_ping received 3072 bytes back
Round trip time was 0.014652 milliseconds in repetition 252
tcp_ping received 3072 bytes back
Round trip time was 0.014919 milliseconds in repetition 253
tcp_ping received 3072 bytes back
Round trip time was 0.01481 milliseconds in repetition 254
tcp_ping received 3072 bytes back
Round trip time was 0.014689 milliseconds in repetition 255
tcp_ping received 3072 bytes back
Round trip time was 0.015456 milliseconds in repetition 256
tcp_ping received 3072 bytes back
Round trip time was 0.014675 milliseconds in repetition 257
tcp_ping received 3072 bytes back
Round trip time was 0.015291 milliseconds in repetition 258
tcp_ping received 3072 bytes back
Round trip time was 0.014799 milliseconds in repetition 259
tcp_ping received 3072 bytes back
Round trip time was 0.014699 milliseconds in repetition 260
tcp_ping received 3072 bytes back
Round trip time was 0.014651 milliseconds in repetition 261
tcp_ping received 3072 bytes back
Round trip time was 0.017259 milliseconds in repetition 262
tcp_ping received 3072 bytes back
Round trip time was 0.015243 milliseconds in repetition 263
tcp_ping received 3072 bytes back
Round trip time was 0.015549 milliseconds in repetition 264
tcp_ping received 3072 bytes back
Round trip time was 0.014919 milliseconds in repetition 265
tcp_ping received 3072 bytes back
Round trip time was 0.014786 milliseconds in repetition 266
tcp_ping received 3072 bytes back
Round trip time was 0.014703 milliseconds in repetition 267
tcp_ping received 3072 bytes back
Round trip time was 0.01474 milliseconds in repetition 268
tcp_ping received 3072 bytes back
Round trip time was 0.014855 milliseconds in repetition 269
tcp_ping received 3072 bytes back
Round trip time was 0.01472 milliseconds in repetition 270
tcp_ping received 3072 bytes back
Round trip time was 0.015866 milliseconds in repetition 271
tcp_ping received 3072 bytes back
Round trip time was 0.014664 milliseconds in repetition 272
tcp_ping received 3072 bytes back
Round trip time was 0.014584 milliseconds in repetition 273
tcp_ping received 3072 bytes back
Round trip time was 0.014702 milliseconds in repetition 274
tcp_ping received 3072 bytes back
Round trip time was 0.014791 milliseconds in repetition 275
tcp_ping received 3072 bytes back
Round trip time was 0.014701 milliseconds in repetition 276
tcp_ping received 3072 bytes back
Round trip time was 0.014552 milliseconds in repetition 277
tcp_ping received 3072 bytes back
Round trip time was 0.014533 milliseconds in repetition 278
tcp_ping received 3072 bytes back
Round trip time was 0.014783 milliseconds in repetition 279
tcp_ping received 3072 bytes back
Round trip time was 0.014755 milliseconds in repetition 280
tcp_ping received 3072 bytes back
Round trip time was 0.014622 milliseconds in repetition 281
tcp_ping received 3072 bytes back
Round trip time was 0.014842 milliseconds in repetition 282
tcp_ping received 3072 bytes back
Round trip time was 0.014814 milliseconds in repetition 283
tcp_ping received 3072 bytes back
Round trip time was 0.01497 milliseconds in repetition 284
tcp_ping received 3072 bytes back
Round trip time was 0.014682 milliseconds in repetition 285
tcp_ping received 3072 bytes back
Round trip time was 0.014782 milliseconds in repetition 286
tcp_ping received 3072 bytes back
Round trip time was 0.014649 milliseconds in repetition 287
tcp_ping received 3072 bytes back
Round trip time was 0.014939 milliseconds in repetition 288
tcp_ping received 3072 bytes back
Round trip time was 0.014676 milliseconds in repetition 289
tcp_ping received 3072 bytes back
Round trip time was 0.0146 milliseconds in repetition 290
tcp_ping received 3072 bytes back
Round trip time was 0.014645 milliseconds in repetition 291
tcp_ping received 3072 bytes back
Round trip time was 0.015519 milliseconds in repetition 292
tcp_ping received 3072 bytes back
Round trip time was 0.014591 milliseconds in repetition 293
tcp_ping received 3072 bytes back
Round trip time was 0.014627 milliseconds in repetition 294
tcp_ping received 3072 bytes back
Round trip time was 0.014848 milliseconds in repetition 295
tcp_ping received 3072 bytes back
Round trip time was 0.01505 milliseconds in repetition 296
tcp_ping received 3072 bytes back
Round trip time was 0.01455 milliseconds in repetition 297
tcp_ping received 3072 bytes back
Round trip time was 0.014718 milliseconds in repetition 298
tcp_ping received 3072 bytes back
Round trip time was 0.014834 milliseconds in repetition 299
tcp_ping received 3072 bytes back
Round trip time was 0.014777 milliseconds in repetition 300
tcp_ping received 3072 bytes back
Round trip time was 0.015748 milliseconds in repetition 301
tcp_ping received 3072 bytes back
Round trip time was 0.015342 milliseconds in repetition 302
tcp_ping received 3072 bytes back
Round trip time was 0.016024 milliseconds in repetition 303
tcp_ping received 3072 bytes back
Round trip time was 0.014674 milliseconds in repetition 304
tcp_ping received 3072 bytes back
Round trip time was 0.014853 milliseconds in repetition 305
tcp_ping received 3072 bytes back
Round trip time was 0.016426 milliseconds in repetition 306
tcp_ping received 3072 bytes back
Round trip time was 0.015645 milliseconds in repetition 307
tcp_ping received 3072 bytes back
Round trip time was 0.015601 milliseconds in repetition 308
tcp_ping received 3072 bytes back
Round trip time was 0.014762 milliseconds in repetition 309
tcp_ping received 3072 bytes back
Round trip time was 0.014889 milliseconds in repetition 310
tcp_ping received 3072 bytes back
Round trip time was 0.015708 milliseconds in repetition 311
tcp_ping received 3072 bytes back
Round trip time was 0.014642 milliseconds in repetition 312
tcp_ping received 3072 bytes back
Round trip time was 0.014676 milliseconds in repetition 313
tcp_ping received 3072 bytes back
Round trip time was 0.014741 milliseconds in repetition 314
tcp_ping received 3072 bytes back
Round trip time was 0.015612 milliseconds in repetition 315
tcp_ping received 3072 bytes back
Round trip time was 0.014964 milliseconds in repetition 316
tcp_ping received 3072 bytes back
Round trip time was 0.014669 milliseconds in repetition 317
tcp_ping received 3072 bytes back
Round trip time was 0.014728 milliseconds in repetition 318
tcp_ping received 3072 bytes back
Round trip time was 0.015645 milliseconds in repetition 319
tcp_ping received 3072 bytes back
Round trip time was 0.01473 milliseconds in repetition 320
tcp_ping received 3072 bytes back
Round trip time was 0.014724 milliseconds in repetition 321
tcp_ping received 3072 bytes back
Round trip time was 0.014696 milliseconds in repetition 322
tcp_ping received 3072 bytes back
Round trip time was 0.028425 milliseconds in repetition 323
tcp_ping received 3072 bytes back
Round trip time was 0.015572 milliseconds in repetition 324
tcp_ping received 3072 bytes back
Round trip time was 0.014726 milliseconds in repetition 325
tcp_ping received 3072 bytes back
Round trip time was 0.01482 milliseconds in repetition 326
tcp_ping received 3072 bytes back
Round trip time was 0.014656 milliseconds in repetition 327
tcp_ping received 3072 bytes back
Round trip time was 0.014865 milliseconds in repetition 328
tcp_ping received 3072 bytes back
Round trip time was 0.014835 milliseconds in repetition 329
tcp_ping received 3072 bytes back
Round trip time was 0.014853 milliseconds in repetition 330
tcp_ping received 3072 bytes back
Round trip time was 0.014611 milliseconds in repetition 331
tcp_ping received 3072 bytes back
Round trip time was 0.014737 milliseconds in repetition 332
tcp_ping received 3072 bytes back
Round trip time was 0.014557 milliseconds in repetition 333
tcp_ping received 3072 bytes back
Round trip time was 0.015562 milliseconds in repetition 334
tcp_ping received 3072 bytes back
Round trip time was 0.014621 milliseconds in repetition 335
tcp_ping received 3072 bytes back
Round trip time was 0.014737 milliseconds in repetition 336
tcp_ping received 3072 bytes back
Round trip time was 0.014657 milliseconds in repetition 337
tcp_ping received 3072 bytes back
Round trip time was 0.015592 milliseconds in repetition 338
tcp_ping received 3072 bytes back
Round trip time was 0.014602 milliseconds in repetition 339
tcp_ping received 3072 bytes back
Round trip time was 0.014604 milliseconds in repetition 340
tcp_ping received 3072 bytes back
Round trip time was 0.014696 milliseconds in repetition 341
tcp_ping received 3072 bytes back
Round trip time was 0.014678 milliseconds in repetition 342
tcp_ping received 3072 bytes back
Round trip time was 0.014524 milliseconds in repetition 343
tcp_ping received 3072 bytes back
Round trip time was 0.014675 milliseconds in repetition 344
tcp_ping received 3072 bytes back
Round trip time was 0.014633 milliseconds in repetition 345
tcp_ping received 3072 bytes back
Round trip time was 0.014648 milliseconds in repetition 346
tcp_ping received 3072 bytes back
Round trip time was 0.014707 milliseconds in repetition 347
tcp_ping received 3072 bytes back
Round trip time was 0.014748 milliseconds in repetition 348
tcp_ping received 3072 bytes back
Round trip time was 0.014704 milliseconds in repetition 349
tcp_ping received 3072 bytes back
Round trip time was 0.016485 milliseconds in repetition 350
tcp_ping received 3072 bytes back
Round trip time was 0.015421 milliseconds in repetition 351
tcp_ping received 3072 bytes back
Round trip time was 0.014832 milliseconds in repetition 352
tcp_ping received 3072 bytes back
Round trip time was 0.014591 milliseconds in repetition 353
tcp_ping received 3072 bytes back
Round trip time was 0.014735 milliseconds in repetition 354
tcp_ping received 3072 bytes back
Round trip time was 0.014697 milliseconds in repetition 355
tcp_ping received 3072 bytes back
Round trip time was 0.01476 milliseconds in repetition 356
tcp_ping received 3072 bytes back
Round trip time was 0.0148 milliseconds in repetition 357
tcp_ping received 3072 bytes back
Round trip time was 0.014666 milliseconds in repetition 358
tcp_ping received 3072 bytes back
Round trip time was 0.014696 milliseconds in repetition 359
tcp_ping received 3072 bytes back
Round trip time was 0.014654 milliseconds in repetition 360
tcp_ping received 3072 bytes back
Round trip time was 0.014598 milliseconds in repetition 361
tcp_ping received 3072 bytes back
Round trip time was 0.014705 milliseconds in repetition 362
tcp_ping received 3072 bytes back
Round trip time was 0.014702 milliseconds in repetition 363
tcp_ping received 3072 bytes back
Round trip time was 0.014865 milliseconds in repetition 364
tcp_ping received 3072 bytes back
Round trip time was 0.014801 milliseconds in repetition 365
tcp_ping received 3072 bytes back
Round trip time was 0.01456 milliseconds in repetition 366
tcp_ping received 3072 bytes back
Round trip time was 0.014617 milliseconds in repetition 367
tcp_ping received 3072 bytes back
Round trip time was 0.014609 milliseconds in repetition 368
tcp_ping received 3072 bytes back
Round trip time was 0.014572 milliseconds in repetition 369
tcp_ping received 3072 bytes back
Round trip time was 0.014656 milliseconds in repetition 370
tcp_ping received 3072 bytes back
Round trip time was 0.014564 milliseconds in repetition 371
tcp_ping received 3072 bytes back
Round trip time was 0.014748 milliseconds in repetition 372
tcp_ping received 3072 bytes back
Round trip time was 0.014677 milliseconds in repetition 373
tcp_ping received 3072 bytes back
Round trip time was 0.014498 milliseconds in repetition 374
tcp_ping received 3072 bytes back
Round trip time was 0.015375 milliseconds in repetition 375
tcp_ping received 3072 bytes back
Round trip time was 0.01476 milliseconds in repetition 376
tcp_ping received 3072 bytes back
Round trip time was 0.014528 milliseconds in repetition 377
tcp_ping received 3072 bytes back
Round trip time was 0.01466 milliseconds in repetition 378
tcp_ping received 3072 bytes back
Round trip time was 0.014821 milliseconds in repetition 379
tcp_ping received 3072 bytes back
Round trip time was 0.01476 milliseconds in repetition 380
tcp_ping received 3072 bytes back
Round trip time was 0.014687 milliseconds in repetition 381
tcp_ping received 3072 bytes back
Round trip time was 0.014592 milliseconds in repetition 382
tcp_ping received 3072 bytes back
Round trip time was 0.014569 milliseconds in repetition 383
tcp_ping received 3072 bytes back
Round trip time was 0.014644 milliseconds in repetition 384
tcp_ping received 3072 bytes back
Round trip time was 0.014556 milliseconds in repetition 385
tcp_ping received 3072 bytes back
Round trip time was 0.014591 milliseconds in repetition 386
tcp_ping received 3072 bytes back
Round trip time was 0.015203 milliseconds in repetition 387
tcp_ping received 3072 bytes back
Round trip time was 0.014537 milliseconds in repetition 388
tcp_ping received 3072 bytes back
Round trip time was 0.014848 milliseconds in repetition 389
tcp_ping received 3072 bytes back
Round trip time was 0.014649 milliseconds in repetition 390
tcp_ping received 3072 bytes back
Round trip time was 0.014653 milliseconds in repetition 391
tcp_ping received 3072 bytes back
Round trip time was 0.015069 milliseconds in repetition 392
tcp_ping received 3072 bytes back
Round trip time was 0.016457 milliseconds in repetition 393
tcp_ping received 3072 bytes back
Round trip time was 0.015422 milliseconds in repetition 394
tcp_ping received 3072 bytes back
Round trip time was 0.014645 milliseconds in repetition 395
tcp_ping received 3072 bytes back
Round trip time was 0.014736 milliseconds in repetition 396
tcp_ping received 3072 bytes back
Round trip time was 0.014673 milliseconds in repetition 397
tcp_ping received 3072 bytes back
Round trip time was 0.014543 milliseconds in repetition 398
tcp_ping received 3072 bytes back
Round trip time was 0.014562 milliseconds in repetition 399
tcp_ping received 3072 bytes back
Round trip time was 0.014735 milliseconds in repetition 400
tcp_ping received 3072 bytes back
Round trip time was 0.01468 milliseconds in repetition 401
tcp_ping received 3072 bytes back
Round trip time was 0.014516 milliseconds in repetition 402
tcp_ping received 3072 bytes back
Round trip time was 0.014511 milliseconds in repetition 403
tcp_ping received 3072 bytes back
Round trip time was 0.014597 milliseconds in repetition 404
tcp_ping received 3072 bytes back
Round trip time was 0.014515 milliseconds in repetition 405
tcp_ping received 3072 bytes back
Round trip time was 0.014574 milliseconds in repetition 406
tcp_ping received 3072 bytes back
Round trip time was 0.014592 milliseconds in repetition 407
tcp_ping received 3072 bytes back
Round trip time was 0.014465 milliseconds in repetition 408
tcp_ping received 3072 bytes back
Round trip time was 0.014629 milliseconds in repetition 409
tcp_ping received 3072 bytes back
Round trip time was 0.014657 milliseconds in repetition 410
tcp_ping received 3072 bytes back
Round trip time was 0.014683 milliseconds in repetition 411
tcp_ping received 3072 bytes back
Round trip time was 0.014643 milliseconds in repetition 412
tcp_ping received 3072 bytes back
Round trip time was 0.014752 milliseconds in repetition 413
tcp_ping received 3072 bytes back
Round trip time was 0.014788 milliseconds in repetition 414
tcp_ping received 3072 bytes back
Round trip time was 0.01456 milliseconds in repetition 415
tcp_ping received 3072 bytes back
Round trip time was 0.014617 milliseconds in repetition 416
tcp_ping received 3072 bytes back
Round trip time was 0.014625 milliseconds in repetition 417
tcp_ping received 3072 bytes back
Round trip time was 0.014633 milliseconds in repetition 418
tcp_ping received 3072 bytes back
Round trip time was 0.01457 milliseconds in repetition 419
tcp_ping received 3072 bytes back
Round trip time was 0.014604 milliseconds in repetition 420
tcp_ping received 3072 bytes back
Round trip time was 0.014811 milliseconds in repetition 421
tcp_ping received 3072 bytes back
Round trip time was 0.014592 milliseconds in repetition 422
tcp_ping received 3072 bytes back
Round trip time was 0.014635 milliseconds in repetition 423
tcp_ping received 3072 bytes back
Round trip time was 0.014608 milliseconds in repetition 424
tcp_ping received 3072 bytes back
Round trip time was 0.014626 milliseconds in repetition 425
tcp_ping received 3072 bytes back
Round trip time was 0.014676 milliseconds in repetition 426
tcp_ping received 3072 bytes back
Round trip time was 0.014633 milliseconds in repetition 427
tcp_ping received 3072 bytes back
Round trip time was 0.014835 milliseconds in repetition 428
tcp_ping received 3072 bytes back
Round trip time was 0.014744 milliseconds in repetition 429
tcp_ping received 3072 bytes back
Round trip time was 0.014661 milliseconds in repetition 430
tcp_ping received 3072 bytes back
Round trip time was 0.014592 milliseconds in repetition 431
tcp_ping received 3072 bytes back
Round trip time was 0.014602 milliseconds in repetition 432
tcp_ping received 3072 bytes back
Round trip time was 0.014574 milliseconds in repetition 433
tcp_ping received 3072 bytes back
Round trip time was 0.015036 milliseconds in repetition 434
tcp_ping received 3072 bytes back
Round trip time was 0.014909 milliseconds in repetition 435
tcp_ping received 3072 bytes back
Round trip time was 0.01582 milliseconds in repetition 436
tcp_ping received 3072 bytes back
Round trip time was 0.016356 milliseconds in repetition 437
tcp_ping received 3072 bytes back
Round trip time was 0.015271 milliseconds in repetition 438
tcp_ping received 3072 bytes back
Round trip time was 0.014825 milliseconds in repetition 439
tcp_ping received 3072 bytes back
Round trip time was 0.015257 milliseconds in repetition 440
tcp_ping received 3072 bytes back
Round trip time was 0.014687 milliseconds in repetition 441
tcp_ping received 3072 bytes back
Round trip time was 0.014661 milliseconds in repetition 442
tcp_ping received 3072 bytes back
Round trip time was 0.015747 milliseconds in repetition 443
tcp_ping received 3072 bytes back
Round trip time was 0.014734 milliseconds in repetition 444
tcp_ping received 3072 bytes back
Round trip time was 0.014568 milliseconds in repetition 445
tcp_ping received 3072 bytes back
Round trip time was 0.014621 milliseconds in repetition 446
tcp_ping received 3072 bytes back
Round trip time was 0.014658 milliseconds in repetition 447
tcp_ping received 3072 bytes back
Round trip time was 0.01487 milliseconds in repetition 448
tcp_ping received 3072 bytes back
Round trip time was 0.014772 milliseconds in repetition 449
tcp_ping received 3072 bytes back
Round trip time was 0.01474 milliseconds in repetition 450
tcp_ping received 3072 bytes back
Round trip time was 0.014841 milliseconds in repetition 451
tcp_ping received 3072 bytes back
Round trip time was 0.01478 milliseconds in repetition 452
tcp_ping received 3072 bytes back
Round trip time was 0.014429 milliseconds in repetition 453
tcp_ping received 3072 bytes back
Round trip time was 0.014524 milliseconds in repetition 454
tcp_ping received 3072 bytes back
Round trip time was 0.014509 milliseconds in repetition 455
tcp_ping received 3072 bytes back
Round trip time was 0.014719 milliseconds in repetition 456
tcp_ping received 3072 bytes back
Round trip time was 0.014511 milliseconds in repetition 457
tcp_ping received 3072 bytes back
Round trip time was 0.014704 milliseconds in repetition 458
tcp_ping received 3072 bytes back
Round trip time was 0.014688 milliseconds in repetition 459
tcp_ping received 3072 bytes back
Round trip time was 0.014803 milliseconds in repetition 460
tcp_ping received 3072 bytes back
Round trip time was 0.014569 milliseconds in repetition 461
tcp_ping received 3072 bytes back
Round trip time was 0.014626 milliseconds in repetition 462
tcp_ping received 3072 bytes back
Round trip time was 0.01462 milliseconds in repetition 463
tcp_ping received 3072 bytes back
Round trip time was 0.014629 milliseconds in repetition 464
tcp_ping received 3072 bytes back
Round trip time was 0.0146 milliseconds in repetition 465
tcp_ping received 3072 bytes back
Round trip time was 0.01463 milliseconds in repetition 466
tcp_ping received 3072 bytes back
Round trip time was 0.01449 milliseconds in repetition 467
tcp_ping received 3072 bytes back
Round trip time was 0.014627 milliseconds in repetition 468
tcp_ping received 3072 bytes back
Round trip time was 0.014698 milliseconds in repetition 469
tcp_ping received 3072 bytes back
Round trip time was 0.0147 milliseconds in repetition 470
tcp_ping received 3072 bytes back
Round trip time was 0.014547 milliseconds in repetition 471
tcp_ping received 3072 bytes back
Round trip time was 0.014576 milliseconds in repetition 472
tcp_ping received 3072 bytes back
Round trip time was 0.019815 milliseconds in repetition 473
tcp_ping received 3072 bytes back
Round trip time was 0.020179 milliseconds in repetition 474
tcp_ping received 3072 bytes back
Round trip time was 0.016583 milliseconds in repetition 475
tcp_ping received 3072 bytes back
Round trip time was 0.016525 milliseconds in repetition 476
tcp_ping received 3072 bytes back
Round trip time was 0.0164 milliseconds in repetition 477
tcp_ping received 3072 bytes back
Round trip time was 0.016312 milliseconds in repetition 478
tcp_ping received 3072 bytes back
Round trip time was 0.016471 milliseconds in repetition 479
tcp_ping received 3072 bytes back
Round trip time was 0.016428 milliseconds in repetition 480
tcp_ping received 3072 bytes back
Round trip time was 0.031548 milliseconds in repetition 481
tcp_ping received 3072 bytes back
Round trip time was 0.016982 milliseconds in repetition 482
tcp_ping received 3072 bytes back
Round trip time was 0.016493 milliseconds in repetition 483
tcp_ping received 3072 bytes back
Round trip time was 0.016733 milliseconds in repetition 484
tcp_ping received 3072 bytes back
Round trip time was 0.016953 milliseconds in repetition 485
tcp_ping received 3072 bytes back
Round trip time was 0.016758 milliseconds in repetition 486
tcp_ping received 3072 bytes back
Round trip time was 0.016138 milliseconds in repetition 487
tcp_ping received 3072 bytes back
Round trip time was 0.016192 milliseconds in repetition 488
tcp_ping received 3072 bytes back
Round trip time was 0.016767 milliseconds in repetition 489
tcp_ping received 3072 bytes back
Round trip time was 0.016497 milliseconds in repetition 490
tcp_ping received 3072 bytes back
Round trip time was 0.016346 milliseconds in repetition 491
tcp_ping received 3072 bytes back
Round trip time was 0.016485 milliseconds in repetition 492
tcp_ping received 3072 bytes back
Round trip time was 0.016318 milliseconds in repetition 493
tcp_ping received 3072 bytes back
Round trip time was 0.020833 milliseconds in repetition 494
tcp_ping received 3072 bytes back
Round trip time was 0.029349 milliseconds in repetition 495
tcp_ping received 3072 bytes back
Round trip time was 0.026211 milliseconds in repetition 496
tcp_ping received 3072 bytes back
Round trip time was 0.022134 milliseconds in repetition 497
tcp_ping received 3072 bytes back
Round trip time was 0.023999 milliseconds in repetition 498
tcp_ping received 3072 bytes back
Round trip time was 0.020758 milliseconds in repetition 499
tcp_ping received 3072 bytes back
Round trip time was 0.020174 milliseconds in repetition 500
tcp_ping received 3072 bytes back
Round trip time was 0.021983 milliseconds in repetition 501

 ... clock resolution was 1e-06
TCP Ping:  Statistics over 501 repetitions of 3072 byte messages

RTT : percentile 10: 0.014592, median: 0.014766, percentile 90: 0.015943, average: 0.0152272, variance: 2.74484e-06

RTT histogram:
0.0144285 321
0.0152845 117
0.0161405 38
0.0169965 10
0.0178525 1
0.0187085 0
0.0195645 2
0.0204205 4
0.0212765 0
0.0221325 2
0.0229885 0
0.0238445 1
0.0247005 0
0.0255565 1
0.0264125 1
0.0272685 0
0.0281245 1
0.0289805 1
0.0298365 0
0.0306925 0
0.0315485 1

   median Throughput : 416091 KB/s   overall Throughput : 403488 KB/s

