TCP Ping trying to connect to server localhost (127.0.0.1) on port 1491
 ... connected to Pong server: asking for 501 repetitions of 768 bytes TCP messages
 ... Pong server agreed :-)
tcp_ping received 768 bytes back
Round trip time was 0.017088 milliseconds in repetition 1
tcp_ping received 768 bytes back
Round trip time was 0.011598 milliseconds in repetition 2
tcp_ping received 768 bytes back
Round trip time was 0.010781 milliseconds in repetition 3
tcp_ping received 768 bytes back
Round trip time was 0.010638 milliseconds in repetition 4
tcp_ping received 768 bytes back
Round trip time was 0.010977 milliseconds in repetition 5
tcp_ping received 768 bytes back
Round trip time was 0.010625 milliseconds in repetition 6
tcp_ping received 768 bytes back
Round trip time was 0.010714 milliseconds in repetition 7
tcp_ping received 768 bytes back
Round trip time was 0.010532 milliseconds in repetition 8
tcp_ping received 768 bytes back
Round trip time was 0.010589 milliseconds in repetition 9
tcp_ping received 768 bytes back
Round trip time was 0.010566 milliseconds in repetition 10
tcp_ping received 768 bytes back
Round trip time was 0.010559 milliseconds in repetition 11
tcp_ping received 768 bytes back
Round trip time was 0.010476 milliseconds in repetition 12
tcp_ping received 768 bytes back
Round trip time was 0.010543 milliseconds in repetition 13
tcp_ping received 768 bytes back
Round trip time was 0.010483 milliseconds in repetition 14
tcp_ping received 768 bytes back
Round trip time was 0.010672 milliseconds in repetition 15
tcp_ping received 768 bytes back
Round trip time was 0.01051 milliseconds in repetition 16
tcp_ping received 768 bytes back
Round trip time was 0.01051 milliseconds in repetition 17
tcp_ping received 768 bytes back
Round trip time was 0.01064 milliseconds in repetition 18
tcp_ping received 768 bytes back
Round trip time was 0.010586 milliseconds in repetition 19
tcp_ping received 768 bytes back
Round trip time was 0.010639 milliseconds in repetition 20
tcp_ping received 768 bytes back
Round trip time was 0.010732 milliseconds in repetition 21
tcp_ping received 768 bytes back
Round trip time was 0.010483 milliseconds in repetition 22
tcp_ping received 768 bytes back
Round trip time was 0.010561 milliseconds in repetition 23
tcp_ping received 768 bytes back
Round trip time was 0.010633 milliseconds in repetition 24
tcp_ping received 768 bytes back
Round trip time was 0.010634 milliseconds in repetition 25
tcp_ping received 768 bytes back
Round trip time was 0.010543 milliseconds in repetition 26
tcp_ping received 768 bytes back
Round trip time was 0.010491 milliseconds in repetition 27
tcp_ping received 768 bytes back
Round trip time was 0.010602 milliseconds in repetition 28
tcp_ping received 768 bytes back
Round trip time was 0.01065 milliseconds in repetition 29
tcp_ping received 768 bytes back
Round trip time was 0.010636 milliseconds in repetition 30
tcp_ping received 768 bytes back
Round trip time was 0.010489 milliseconds in repetition 31
tcp_ping received 768 bytes back
Round trip time was 0.010428 milliseconds in repetition 32
tcp_ping received 768 bytes back
Round trip time was 0.01045 milliseconds in repetition 33
tcp_ping received 768 bytes back
Round trip time was 0.010492 milliseconds in repetition 34
tcp_ping received 768 bytes back
Round trip time was 0.010605 milliseconds in repetition 35
tcp_ping received 768 bytes back
Round trip time was 0.010569 milliseconds in repetition 36
tcp_ping received 768 bytes back
Round trip time was 0.010449 milliseconds in repetition 37
tcp_ping received 768 bytes back
Round trip time was 0.010518 milliseconds in repetition 38
tcp_ping received 768 bytes back
Round trip time was 0.010518 milliseconds in repetition 39
tcp_ping received 768 bytes back
Round trip time was 0.010556 milliseconds in repetition 40
tcp_ping received 768 bytes back
Round trip time was 0.010471 milliseconds in repetition 41
tcp_ping received 768 bytes back
Round trip time was 0.010458 milliseconds in repetition 42
tcp_ping received 768 bytes back
Round trip time was 0.010501 milliseconds in repetition 43
tcp_ping received 768 bytes back
Round trip time was 0.043328 milliseconds in repetition 44
tcp_ping received 768 bytes back
Round trip time was 0.010157 milliseconds in repetition 45
tcp_ping received 768 bytes back
Round trip time was 0.008919 milliseconds in repetition 46
tcp_ping received 768 bytes back
Round trip time was 0.008943 milliseconds in repetition 47
tcp_ping received 768 bytes back
Round trip time was 0.009001 milliseconds in repetition 48
tcp_ping received 768 bytes back
Round trip time was 0.008728 milliseconds in repetition 49
tcp_ping received 768 bytes back
Round trip time was 0.009004 milliseconds in repetition 50
tcp_ping received 768 bytes back
Round trip time was 0.008838 milliseconds in repetition 51
tcp_ping received 768 bytes back
Round trip time was 0.008833 milliseconds in repetition 52
tcp_ping received 768 bytes back
Round trip time was 0.008809 milliseconds in repetition 53
tcp_ping received 768 bytes back
Round trip time was 0.008817 milliseconds in repetition 54
tcp_ping received 768 bytes back
Round trip time was 0.008687 milliseconds in repetition 55
tcp_ping received 768 bytes back
Round trip time was 0.008841 milliseconds in repetition 56
tcp_ping received 768 bytes back
Round trip time was 0.00884 milliseconds in repetition 57
tcp_ping received 768 bytes back
Round trip time was 0.00879 milliseconds in repetition 58
tcp_ping received 768 bytes back
Round trip time was 0.008715 milliseconds in repetition 59
tcp_ping received 768 bytes back
Round trip time was 0.008763 milliseconds in repetition 60
tcp_ping received 768 bytes back
Round trip time was 0.010787 milliseconds in repetition 61
tcp_ping received 768 bytes back
Round trip time was 0.011614 milliseconds in repetition 62
tcp_ping received 768 bytes back
Round trip time was 0.009151 milliseconds in repetition 63
tcp_ping received 768 bytes back
Round trip time was 0.008903 milliseconds in repetition 64
tcp_ping received 768 bytes back
Round trip time was 0.008933 milliseconds in repetition 65
tcp_ping received 768 bytes back
Round trip time was 0.008956 milliseconds in repetition 66
tcp_ping received 768 bytes back
Round trip time was 0.008638 milliseconds in repetition 67
tcp_ping received 768 bytes back
Round trip time was 0.008672 milliseconds in repetition 68
tcp_ping received 768 bytes back
Round trip time was 0.008834 milliseconds in repetition 69
tcp_ping received 768 bytes back
Round trip time was 0.008728 milliseconds in repetition 70
tcp_ping received 768 bytes back
Round trip time was 0.008733 milliseconds in repetition 71
tcp_ping received 768 bytes back
Round trip time was 0.008813 milliseconds in repetition 72
tcp_ping received 768 bytes back
Round trip time was 0.008851 milliseconds in repetition 73
tcp_ping received 768 bytes back
Round trip time was 0.008526 milliseconds in repetition 74
tcp_ping received 768 bytes back
Round trip time was 0.00873 milliseconds in repetition 75
tcp_ping received 768 bytes back
Round trip time was 0.008953 milliseconds in repetition 76
tcp_ping received 768 bytes back
Round trip time was 0.008691 milliseconds in repetition 77
tcp_ping received 768 bytes back
Round trip time was 0.008575 milliseconds in repetition 78
tcp_ping received 768 bytes back
Round trip time was 0.008755 milliseconds in repetition 79
tcp_ping received 768 bytes back
Round trip time was 0.008753 milliseconds in repetition 80
tcp_ping received 768 bytes back
Round trip time was 0.008709 milliseconds in repetition 81
tcp_ping received 768 bytes back
Round trip time was 0.008929 milliseconds in repetition 82
tcp_ping received 768 bytes back
Round trip time was 0.008775 milliseconds in repetition 83
tcp_ping received 768 bytes back
Round trip time was 0.008766 milliseconds in repetition 84
tcp_ping received 768 bytes back
Round trip time was 0.008729 milliseconds in repetition 85
tcp_ping received 768 bytes back
Round trip time was 0.008627 milliseconds in repetition 86
tcp_ping received 768 bytes back
Round trip time was 0.008613 milliseconds in repetition 87
tcp_ping received 768 bytes back
Round trip time was 0.008742 milliseconds in repetition 88
tcp_ping received 768 bytes back
Round trip time was 0.017581 milliseconds in repetition 89
tcp_ping received 768 bytes back
Round trip time was 0.010467 milliseconds in repetition 90
tcp_ping received 768 bytes back
Round trip time was 0.008975 milliseconds in repetition 91
tcp_ping received 768 bytes back
Round trip time was 0.00872 milliseconds in repetition 92
tcp_ping received 768 bytes back
Round trip time was 0.009066 milliseconds in repetition 93
tcp_ping received 768 bytes back
Round trip time was 0.008656 milliseconds in repetition 94
tcp_ping received 768 bytes back
Round trip time was 0.008824 milliseconds in repetition 95
tcp_ping received 768 bytes back
Round trip time was 0.008457 milliseconds in repetition 96
tcp_ping received 768 bytes back
Round trip time was 0.008672 milliseconds in repetition 97
tcp_ping received 768 bytes back
Round trip time was 0.008859 milliseconds in repetition 98
tcp_ping received 768 bytes back
Round trip time was 0.008656 milliseconds in repetition 99
tcp_ping received 768 bytes back
Round trip time was 0.008753 milliseconds in repetition 100
tcp_ping received 768 bytes back
Round trip time was 0.008601 milliseconds in repetition 101
tcp_ping received 768 bytes back
Round trip time was 0.008651 milliseconds in repetition 102
tcp_ping received 768 bytes back
Round trip time was 0.008663 milliseconds in repetition 103
tcp_ping received 768 bytes back
Round trip time was 0.008638 milliseconds in repetition 104
tcp_ping received 768 bytes back
Round trip time was 0.008777 milliseconds in repetition 105
tcp_ping received 768 bytes back
Round trip time was 0.008663 milliseconds in repetition 106
tcp_ping received 768 bytes back
Round trip time was 0.008691 milliseconds in repetition 107
tcp_ping received 768 bytes back
Round trip time was 0.008743 milliseconds in repetition 108
tcp_ping received 768 bytes back
Round trip time was 0.008705 milliseconds in repetition 109
tcp_ping received 768 bytes back
Round trip time was 0.008756 milliseconds in repetition 110
tcp_ping received 768 bytes back
Round trip time was 0.008539 milliseconds in repetition 111
tcp_ping received 768 bytes back
Round trip time was 0.008556 milliseconds in repetition 112
tcp_ping received 768 bytes back
Round trip time was 0.008693 milliseconds in repetition 113
tcp_ping received 768 bytes back
Round trip time was 0.008762 milliseconds in repetition 114
tcp_ping received 768 bytes back
Round trip time was 0.008772 milliseconds in repetition 115
tcp_ping received 768 bytes back
Round trip time was 0.008686 milliseconds in repetition 116
tcp_ping received 768 bytes back
Round trip time was 0.008619 milliseconds in repetition 117
tcp_ping received 768 bytes back
Round trip time was 0.008554 milliseconds in repetition 118
tcp_ping received 768 bytes back
Round trip time was 0.008665 milliseconds in repetition 119
tcp_ping received 768 bytes back
Round trip time was 0.008638 milliseconds in repetition 120
tcp_ping received 768 bytes back
Round trip time was 0.008651 milliseconds in repetition 121
tcp_ping received 768 bytes back
Round trip time was 0.008622 milliseconds in repetition 122
tcp_ping received 768 bytes back
Round trip time was 0.008777 milliseconds in repetition 123
tcp_ping received 768 bytes back
Round trip time was 0.008597 milliseconds in repetition 124
tcp_ping received 768 bytes back
Round trip time was 0.008724 milliseconds in repetition 125
tcp_ping received 768 bytes back
Round trip time was 0.008614 milliseconds in repetition 126
tcp_ping received 768 bytes back
Round trip time was 0.008589 milliseconds in repetition 127
tcp_ping received 768 bytes back
Round trip time was 0.008597 milliseconds in repetition 128
tcp_ping received 768 bytes back
Round trip time was 0.008525 milliseconds in repetition 129
tcp_ping received 768 bytes back
Round trip time was 0.008693 milliseconds in repetition 130
tcp_ping received 768 bytes back
Round trip time was 0.008659 milliseconds in repetition 131
tcp_ping received 768 bytes back
Round trip time was 0.00862 milliseconds in repetition 132
tcp_ping received 768 bytes back
Round trip time was 0.012891 milliseconds in repetition 133
tcp_ping received 768 bytes back
Round trip time was 0.00913 milliseconds in repetition 134
tcp_ping received 768 bytes back
Round trip time was 0.008737 milliseconds in repetition 135
tcp_ping received 768 bytes back
Round trip time was 0.00866 milliseconds in repetition 136
tcp_ping received 768 bytes back
Round trip time was 0.008758 milliseconds in repetition 137
tcp_ping received 768 bytes back
Round trip time was 0.008773 milliseconds in repetition 138
tcp_ping received 768 bytes back
Round trip time was 0.008637 milliseconds in repetition 139
tcp_ping received 768 bytes back
Round trip time was 0.008703 milliseconds in repetition 140
tcp_ping received 768 bytes back
Round trip time was 0.008639 milliseconds in repetition 141
tcp_ping received 768 bytes back
Round trip time was 0.008572 milliseconds in repetition 142
tcp_ping received 768 bytes back
Round trip time was 0.008628 milliseconds in repetition 143
tcp_ping received 768 bytes back
Round trip time was 0.008789 milliseconds in repetition 144
tcp_ping received 768 bytes back
Round trip time was 0.008703 milliseconds in repetition 145
tcp_ping received 768 bytes back
Round trip time was 0.008741 milliseconds in repetition 146
tcp_ping received 768 bytes back
Round trip time was 0.008638 milliseconds in repetition 147
tcp_ping received 768 bytes back
Round trip time was 0.008538 milliseconds in repetition 148
tcp_ping received 768 bytes back
Round trip time was 0.008615 milliseconds in repetition 149
tcp_ping received 768 bytes back
Round trip time was 0.008752 milliseconds in repetition 150
tcp_ping received 768 bytes back
Round trip time was 0.008756 milliseconds in repetition 151
tcp_ping received 768 bytes back
Round trip time was 0.008612 milliseconds in repetition 152
tcp_ping received 768 bytes back
Round trip time was 0.008623 milliseconds in repetition 153
tcp_ping received 768 bytes back
Round trip time was 0.008847 milliseconds in repetition 154
tcp_ping received 768 bytes back
Round trip time was 0.008803 milliseconds in repetition 155
tcp_ping received 768 bytes back
Round trip time was 0.008647 milliseconds in repetition 156
tcp_ping received 768 bytes back
Round trip time was 0.008752 milliseconds in repetition 157
tcp_ping received 768 bytes back
Round trip time was 0.008763 milliseconds in repetition 158
tcp_ping received 768 bytes back
Round trip time was 0.0087 milliseconds in repetition 159
tcp_ping received 768 bytes back
Round trip time was 0.008709 milliseconds in repetition 160
tcp_ping received 768 bytes back
Round trip time was 0.008615 milliseconds in repetition 161
tcp_ping received 768 bytes back
Round trip time was 0.008869 milliseconds in repetition 162
tcp_ping received 768 bytes back
Round trip time was 0.008673 milliseconds in repetition 163
tcp_ping received 768 bytes back
Round trip time was 0.00862 milliseconds in repetition 164
tcp_ping received 768 bytes back
Round trip time was 0.008895 milliseconds in repetition 165
tcp_ping received 768 bytes back
Round trip time was 0.008989 milliseconds in repetition 166
tcp_ping received 768 bytes back
Round trip time was 0.008908 milliseconds in repetition 167
tcp_ping received 768 bytes back
Round trip time was 0.008743 milliseconds in repetition 168
tcp_ping received 768 bytes back
Round trip time was 0.008798 milliseconds in repetition 169
tcp_ping received 768 bytes back
Round trip time was 0.008739 milliseconds in repetition 170
tcp_ping received 768 bytes back
Round trip time was 0.008745 milliseconds in repetition 171
tcp_ping received 768 bytes back
Round trip time was 0.009935 milliseconds in repetition 172
tcp_ping received 768 bytes back
Round trip time was 0.011712 milliseconds in repetition 173
tcp_ping received 768 bytes back
Round trip time was 0.008878 milliseconds in repetition 174
tcp_ping received 768 bytes back
Round trip time was 0.009083 milliseconds in repetition 175
tcp_ping received 768 bytes back
Round trip time was 0.008845 milliseconds in repetition 176
tcp_ping received 768 bytes back
Round trip time was 0.012645 milliseconds in repetition 177
tcp_ping received 768 bytes back
Round trip time was 0.009222 milliseconds in repetition 178
tcp_ping received 768 bytes back
Round trip time was 0.008794 milliseconds in repetition 179
tcp_ping received 768 bytes back
Round trip time was 0.008887 milliseconds in repetition 180
tcp_ping received 768 bytes back
Round trip time was 0.008637 milliseconds in repetition 181
tcp_ping received 768 bytes back
Round trip time was 0.008876 milliseconds in repetition 182
tcp_ping received 768 bytes back
Round trip time was 0.008762 milliseconds in repetition 183
tcp_ping received 768 bytes back
Round trip time was 0.008622 milliseconds in repetition 184
tcp_ping received 768 bytes back
Round trip time was 0.00885 milliseconds in repetition 185
tcp_ping received 768 bytes back
Round trip time was 0.008805 milliseconds in repetition 186
tcp_ping received 768 bytes back
Round trip time was 0.008709 milliseconds in repetition 187
tcp_ping received 768 bytes back
Round trip time was 0.008673 milliseconds in repetition 188
tcp_ping received 768 bytes back
Round trip time was 0.00894 milliseconds in repetition 189
tcp_ping received 768 bytes back
Round trip time was 0.00868 milliseconds in repetition 190
tcp_ping received 768 bytes back
Round trip time was 0.008613 milliseconds in repetition 191
tcp_ping received 768 bytes back
Round trip time was 0.008647 milliseconds in repetition 192
tcp_ping received 768 bytes back
Round trip time was 0.008613 milliseconds in repetition 193
tcp_ping received 768 bytes back
Round trip time was 0.008793 milliseconds in repetition 194
tcp_ping received 768 bytes back
Round trip time was 0.008984 milliseconds in repetition 195
tcp_ping received 768 bytes back
Round trip time was 0.008566 milliseconds in repetition 196
tcp_ping received 768 bytes back
Round trip time was 0.008943 milliseconds in repetition 197
tcp_ping received 768 bytes back
Round trip time was 0.00863 milliseconds in repetition 198
tcp_ping received 768 bytes back
Round trip time was 0.008937 milliseconds in repetition 199
tcp_ping received 768 bytes back
Round trip time was 0.008798 milliseconds in repetition 200
tcp_ping received 768 bytes back
Round trip time was 0.008801 milliseconds in repetition 201
tcp_ping received 768 bytes back
Round trip time was 0.008718 milliseconds in repetition 202
tcp_ping received 768 bytes back
Round trip time was 0.008542 milliseconds in repetition 203
tcp_ping received 768 bytes back
Round trip time was 0.008605 milliseconds in repetition 204
tcp_ping received 768 bytes back
Round trip time was 0.008706 milliseconds in repetition 205
tcp_ping received 768 bytes back
Round trip time was 0.008604 milliseconds in repetition 206
tcp_ping received 768 bytes back
Round trip time was 0.008708 milliseconds in repetition 207
tcp_ping received 768 bytes back
Round trip time was 0.008845 milliseconds in repetition 208
tcp_ping received 768 bytes back
Round trip time was 0.008582 milliseconds in repetition 209
tcp_ping received 768 bytes back
Round trip time was 0.00876 milliseconds in repetition 210
tcp_ping received 768 bytes back
Round trip time was 0.00859 milliseconds in repetition 211
tcp_ping received 768 bytes back
Round trip time was 0.008724 milliseconds in repetition 212
tcp_ping received 768 bytes back
Round trip time was 0.008515 milliseconds in repetition 213
tcp_ping received 768 bytes back
Round trip time was 0.008747 milliseconds in repetition 214
tcp_ping received 768 bytes back
Round trip time was 0.008855 milliseconds in repetition 215
tcp_ping received 768 bytes back
Round trip time was 0.008757 milliseconds in repetition 216
tcp_ping received 768 bytes back
Round trip time was 0.008749 milliseconds in repetition 217
tcp_ping received 768 bytes back
Round trip time was 0.008575 milliseconds in repetition 218
tcp_ping received 768 bytes back
Round trip time was 0.008533 milliseconds in repetition 219
tcp_ping received 768 bytes back
Round trip time was 0.008705 milliseconds in repetition 220
tcp_ping received 768 bytes back
Round trip time was 0.013359 milliseconds in repetition 221
tcp_ping received 768 bytes back
Round trip time was 0.009144 milliseconds in repetition 222
tcp_ping received 768 bytes back
Round trip time was 0.008758 milliseconds in repetition 223
tcp_ping received 768 bytes back
Round trip time was 0.008724 milliseconds in repetition 224
tcp_ping received 768 bytes back
Round trip time was 0.008673 milliseconds in repetition 225
tcp_ping received 768 bytes back
Round trip time was 0.008728 milliseconds in repetition 226
tcp_ping received 768 bytes back
Round trip time was 0.008647 milliseconds in repetition 227
tcp_ping received 768 bytes back
Round trip time was 0.008567 milliseconds in repetition 228
tcp_ping received 768 bytes back
Round trip time was 0.008803 milliseconds in repetition 229
tcp_ping received 768 bytes back
Round trip time was 0.008578 milliseconds in repetition 230
tcp_ping received 768 bytes back
Round trip time was 0.008565 milliseconds in repetition 231
tcp_ping received 768 bytes back
Round trip time was 0.008664 milliseconds in repetition 232
tcp_ping received 768 bytes back
Round trip time was 0.008963 milliseconds in repetition 233
tcp_ping received 768 bytes back
Round trip time was 0.008638 milliseconds in repetition 234
tcp_ping received 768 bytes back
Round trip time was 0.008774 milliseconds in repetition 235
tcp_ping received 768 bytes back
Round trip time was 0.008784 milliseconds in repetition 236
tcp_ping received 768 bytes back
Round trip time was 0.008798 milliseconds in repetition 237
tcp_ping received 768 bytes back
Round trip time was 0.008731 milliseconds in repetition 238
tcp_ping received 768 bytes back
Round trip time was 0.008614 milliseconds in repetition 239
tcp_ping received 768 bytes back
Round trip time was 0.009065 milliseconds in repetition 240
tcp_ping received 768 bytes back
Round trip time was 0.008657 milliseconds in repetition 241
tcp_ping received 768 bytes back
Round trip time was 0.008811 milliseconds in repetition 242
tcp_ping received 768 bytes back
Round trip time was 0.008683 milliseconds in repetition 243
tcp_ping received 768 bytes back
Round trip time was 0.008632 milliseconds in repetition 244
tcp_ping received 768 bytes back
Round trip time was 0.00867 milliseconds in repetition 245
tcp_ping received 768 bytes back
Round trip time was 0.0088 milliseconds in repetition 246
tcp_ping received 768 bytes back
Round trip time was 0.008584 milliseconds in repetition 247
tcp_ping received 768 bytes back
Round trip time was 0.008904 milliseconds in repetition 248
tcp_ping received 768 bytes back
Round trip time was 0.009076 milliseconds in repetition 249
tcp_ping received 768 bytes back
Round trip time was 0.008824 milliseconds in repetition 250
tcp_ping received 768 bytes back
Round trip time was 0.008488 milliseconds in repetition 251
tcp_ping received 768 bytes back
Round trip time was 0.008686 milliseconds in repetition 252
tcp_ping received 768 bytes back
Round trip time was 0.00874 milliseconds in repetition 253
tcp_ping received 768 bytes back
Round trip time was 0.008609 milliseconds in repetition 254
tcp_ping received 768 bytes back
Round trip time was 0.008697 milliseconds in repetition 255
tcp_ping received 768 bytes back
Round trip time was 0.008693 milliseconds in repetition 256
tcp_ping received 768 bytes back
Round trip time was 0.008769 milliseconds in repetition 257
tcp_ping received 768 bytes back
Round trip time was 0.008904 milliseconds in repetition 258
tcp_ping received 768 bytes back
Round trip time was 0.008631 milliseconds in repetition 259
tcp_ping received 768 bytes back
Round trip time was 0.008704 milliseconds in repetition 260
tcp_ping received 768 bytes back
Round trip time was 0.008874 milliseconds in repetition 261
tcp_ping received 768 bytes back
Round trip time was 0.008881 milliseconds in repetition 262
tcp_ping received 768 bytes back
Round trip time was 0.00887 milliseconds in repetition 263
tcp_ping received 768 bytes back
Round trip time was 0.008704 milliseconds in repetition 264
tcp_ping received 768 bytes back
Round trip time was 0.013264 milliseconds in repetition 265
tcp_ping received 768 bytes back
Round trip time was 0.009057 milliseconds in repetition 266
tcp_ping received 768 bytes back
Round trip time was 0.008968 milliseconds in repetition 267
tcp_ping received 768 bytes back
Round trip time was 0.008689 milliseconds in repetition 268
tcp_ping received 768 bytes back
Round trip time was 0.008973 milliseconds in repetition 269
tcp_ping received 768 bytes back
Round trip time was 0.008914 milliseconds in repetition 270
tcp_ping received 768 bytes back
Round trip time was 0.008709 milliseconds in repetition 271
tcp_ping received 768 bytes back
Round trip time was 0.008574 milliseconds in repetition 272
tcp_ping received 768 bytes back
Round trip time was 0.008934 milliseconds in repetition 273
tcp_ping received 768 bytes back
Round trip time was 0.008774 milliseconds in repetition 274
tcp_ping received 768 bytes back
Round trip time was 0.008745 milliseconds in repetition 275
tcp_ping received 768 bytes back
Round trip time was 0.008689 milliseconds in repetition 276
tcp_ping received 768 bytes back
Round trip time was 0.008697 milliseconds in repetition 277
tcp_ping received 768 bytes back
Round trip time was 0.008686 milliseconds in repetition 278
tcp_ping received 768 bytes back
Round trip time was 0.008627 milliseconds in repetition 279
tcp_ping received 768 bytes back
Round trip time was 0.008669 milliseconds in repetition 280
tcp_ping received 768 bytes back
Round trip time was 0.008788 milliseconds in repetition 281
tcp_ping received 768 bytes back
Round trip time was 0.008643 milliseconds in repetition 282
tcp_ping received 768 bytes back
Round trip time was 0.008666 milliseconds in repetition 283
tcp_ping received 768 bytes back
Round trip time was 0.008979 milliseconds in repetition 284
tcp_ping received 768 bytes back
Round trip time was 0.008761 milliseconds in repetition 285
tcp_ping received 768 bytes back
Round trip time was 0.008609 milliseconds in repetition 286
tcp_ping received 768 bytes back
Round trip time was 0.008632 milliseconds in repetition 287
tcp_ping received 768 bytes back
Round trip time was 0.008672 milliseconds in repetition 288
tcp_ping received 768 bytes back
Round trip time was 0.008717 milliseconds in repetition 289
tcp_ping received 768 bytes back
Round trip time was 0.009102 milliseconds in repetition 290
tcp_ping received 768 bytes back
Round trip time was 0.008734 milliseconds in repetition 291
tcp_ping received 768 bytes back
Round trip time was 0.008775 milliseconds in repetition 292
tcp_ping received 768 bytes back
Round trip time was 0.008603 milliseconds in repetition 293
tcp_ping received 768 bytes back
Round trip time was 0.008923 milliseconds in repetition 294
tcp_ping received 768 bytes back
Round trip time was 0.008755 milliseconds in repetition 295
tcp_ping received 768 bytes back
Round trip time was 0.008657 milliseconds in repetition 296
tcp_ping received 768 bytes back
Round trip time was 0.008581 milliseconds in repetition 297
tcp_ping received 768 bytes back
Round trip time was 0.008733 milliseconds in repetition 298
tcp_ping received 768 bytes back
Round trip time was 0.008696 milliseconds in repetition 299
tcp_ping received 768 bytes back
Round trip time was 0.008694 milliseconds in repetition 300
tcp_ping received 768 bytes back
Round trip time was 0.008505 milliseconds in repetition 301
tcp_ping received 768 bytes back
Round trip time was 0.008679 milliseconds in repetition 302
tcp_ping received 768 bytes back
Round trip time was 0.008588 milliseconds in repetition 303
tcp_ping received 768 bytes back
Round trip time was 0.00857 milliseconds in repetition 304
tcp_ping received 768 bytes back
Round trip time was 0.008861 milliseconds in repetition 305
tcp_ping received 768 bytes back
Round trip time was 0.009101 milliseconds in repetition 306
tcp_ping received 768 bytes back
Round trip time was 0.008644 milliseconds in repetition 307
tcp_ping received 768 bytes back
Round trip time was 0.008652 milliseconds in repetition 308
tcp_ping received 768 bytes back
Round trip time was 0.013184 milliseconds in repetition 309
tcp_ping received 768 bytes back
Round trip time was 0.009048 milliseconds in repetition 310
tcp_ping received 768 bytes back
Round trip time was 0.008681 milliseconds in repetition 311
tcp_ping received 768 bytes back
Round trip time was 0.008735 milliseconds in repetition 312
tcp_ping received 768 bytes back
Round trip time was 0.008686 milliseconds in repetition 313
tcp_ping received 768 bytes back
Round trip time was 0.008625 milliseconds in repetition 314
tcp_ping received 768 bytes back
Round trip time was 0.008938 milliseconds in repetition 315
tcp_ping received 768 bytes back
Round trip time was 0.008602 milliseconds in repetition 316
tcp_ping received 768 bytes back
Round trip time was 0.008509 milliseconds in repetition 317
tcp_ping received 768 bytes back
Round trip time was 0.008903 milliseconds in repetition 318
tcp_ping received 768 bytes back
Round trip time was 0.008694 milliseconds in repetition 319
tcp_ping received 768 bytes back
Round trip time was 0.008776 milliseconds in repetition 320
tcp_ping received 768 bytes back
Round trip time was 0.008675 milliseconds in repetition 321
tcp_ping received 768 bytes back
Round trip time was 0.008575 milliseconds in repetition 322
tcp_ping received 768 bytes back
Round trip time was 0.008531 milliseconds in repetition 323
tcp_ping received 768 bytes back
Round trip time was 0.008649 milliseconds in repetition 324
tcp_ping received 768 bytes back
Round trip time was 0.008593 milliseconds in repetition 325
tcp_ping received 768 bytes back
Round trip time was 0.008717 milliseconds in repetition 326
tcp_ping received 768 bytes back
Round trip time was 0.008706 milliseconds in repetition 327
tcp_ping received 768 bytes back
Round trip time was 0.008604 milliseconds in repetition 328
tcp_ping received 768 bytes back
Round trip time was 0.008656 milliseconds in repetition 329
tcp_ping received 768 bytes back
Round trip time was 0.008783 milliseconds in repetition 330
tcp_ping received 768 bytes back
Round trip time was 0.008641 milliseconds in repetition 331
tcp_ping received 768 bytes back
Round trip time was 0.00858 milliseconds in repetition 332
tcp_ping received 768 bytes back
Round trip time was 0.008893 milliseconds in repetition 333
tcp_ping received 768 bytes back
Round trip time was 0.008898 milliseconds in repetition 334
tcp_ping received 768 bytes back
Round trip time was 0.008744 milliseconds in repetition 335
tcp_ping received 768 bytes back
Round trip time was 0.00865 milliseconds in repetition 336
tcp_ping received 768 bytes back
Round trip time was 0.008576 milliseconds in repetition 337
tcp_ping received 768 bytes back
Round trip time was 0.008865 milliseconds in repetition 338
tcp_ping received 768 bytes back
Round trip time was 0.008606 milliseconds in repetition 339
tcp_ping received 768 bytes back
Round trip time was 0.008978 milliseconds in repetition 340
tcp_ping received 768 bytes back
Round trip time was 0.008636 milliseconds in repetition 341
tcp_ping received 768 bytes back
Round trip time was 0.00854 milliseconds in repetition 342
tcp_ping received 768 bytes back
Round trip time was 0.008595 milliseconds in repetition 343
tcp_ping received 768 bytes back
Round trip time was 0.008663 milliseconds in repetition 344
tcp_ping received 768 bytes back
Round trip time was 0.008731 milliseconds in repetition 345
tcp_ping received 768 bytes back
Round trip time was 0.008669 milliseconds in repetition 346
tcp_ping received 768 bytes back
Round trip time was 0.00871 milliseconds in repetition 347
tcp_ping received 768 bytes back
Round trip time was 0.008603 milliseconds in repetition 348
tcp_ping received 768 bytes back
Round trip time was 0.008546 milliseconds in repetition 349
tcp_ping received 768 bytes back
Round trip time was 0.008698 milliseconds in repetition 350
tcp_ping received 768 bytes back
Round trip time was 0.008612 milliseconds in repetition 351
tcp_ping received 768 bytes back
Round trip time was 0.008969 milliseconds in repetition 352
tcp_ping received 768 bytes back
Round trip time was 0.013217 milliseconds in repetition 353
tcp_ping received 768 bytes back
Round trip time was 0.009232 milliseconds in repetition 354
tcp_ping received 768 bytes back
Round trip time was 0.008901 milliseconds in repetition 355
tcp_ping received 768 bytes back
Round trip time was 0.008858 milliseconds in repetition 356
tcp_ping received 768 bytes back
Round trip time was 0.008846 milliseconds in repetition 357
tcp_ping received 768 bytes back
Round trip time was 0.008916 milliseconds in repetition 358
tcp_ping received 768 bytes back
Round trip time was 0.008671 milliseconds in repetition 359
tcp_ping received 768 bytes back
Round trip time was 0.008762 milliseconds in repetition 360
tcp_ping received 768 bytes back
Round trip time was 0.008835 milliseconds in repetition 361
tcp_ping received 768 bytes back
Round trip time was 0.008735 milliseconds in repetition 362
tcp_ping received 768 bytes back
Round trip time was 0.008564 milliseconds in repetition 363
tcp_ping received 768 bytes back
Round trip time was 0.008948 milliseconds in repetition 364
tcp_ping received 768 bytes back
Round trip time was 0.008758 milliseconds in repetition 365
tcp_ping received 768 bytes back
Round trip time was 0.008619 milliseconds in repetition 366
tcp_ping received 768 bytes back
Round trip time was 0.008544 milliseconds in repetition 367
tcp_ping received 768 bytes back
Round trip time was 0.00873 milliseconds in repetition 368
tcp_ping received 768 bytes back
Round trip time was 0.008739 milliseconds in repetition 369
tcp_ping received 768 bytes back
Round trip time was 0.008745 milliseconds in repetition 370
tcp_ping received 768 bytes back
Round trip time was 0.008642 milliseconds in repetition 371
tcp_ping received 768 bytes back
Round trip time was 0.008771 milliseconds in repetition 372
tcp_ping received 768 bytes back
Round trip time was 0.008726 milliseconds in repetition 373
tcp_ping received 768 bytes back
Round trip time was 0.008682 milliseconds in repetition 374
tcp_ping received 768 bytes back
Round trip time was 0.008731 milliseconds in repetition 375
tcp_ping received 768 bytes back
Round trip time was 0.008674 milliseconds in repetition 376
tcp_ping received 768 bytes back
Round trip time was 0.008717 milliseconds in repetition 377
tcp_ping received 768 bytes back
Round trip time was 0.008723 milliseconds in repetition 378
tcp_ping received 768 bytes back
Round trip time was 0.008637 milliseconds in repetition 379
tcp_ping received 768 bytes back
Round trip time was 0.00869 milliseconds in repetition 380
tcp_ping received 768 bytes back
Round trip time was 0.008628 milliseconds in repetition 381
tcp_ping received 768 bytes back
Round trip time was 0.008681 milliseconds in repetition 382
tcp_ping received 768 bytes back
Round trip time was 0.008682 milliseconds in repetition 383
tcp_ping received 768 bytes back
Round trip time was 0.008627 milliseconds in repetition 384
tcp_ping received 768 bytes back
Round trip time was 0.008753 milliseconds in repetition 385
tcp_ping received 768 bytes back
Round trip time was 0.008781 milliseconds in repetition 386
tcp_ping received 768 bytes back
Round trip time was 0.008644 milliseconds in repetition 387
tcp_ping received 768 bytes back
Round trip time was 0.008665 milliseconds in repetition 388
tcp_ping received 768 bytes back
Round trip time was 0.008736 milliseconds in repetition 389
tcp_ping received 768 bytes back
Round trip time was 0.008952 milliseconds in repetition 390
tcp_ping received 768 bytes back
Round trip time was 0.008646 milliseconds in repetition 391
tcp_ping received 768 bytes back
Round trip time was 0.008562 milliseconds in repetition 392
tcp_ping received 768 bytes back
Round trip time was 0.008644 milliseconds in repetition 393
tcp_ping received 768 bytes back
Round trip time was 0.008648 milliseconds in repetition 394
tcp_ping received 768 bytes back
Round trip time was 0.008882 milliseconds in repetition 395
tcp_ping received 768 bytes back
Round trip time was 0.008731 milliseconds in repetition 396
tcp_ping received 768 bytes back
Round trip time was 0.021878 milliseconds in repetition 397
tcp_ping received 768 bytes back
Round trip time was 0.013977 milliseconds in repetition 398
tcp_ping received 768 bytes back
Round trip time was 0.009287 milliseconds in repetition 399
tcp_ping received 768 bytes back
Round trip time was 0.008797 milliseconds in repetition 400
tcp_ping received 768 bytes back
Round trip time was 0.008852 milliseconds in repetition 401
tcp_ping received 768 bytes back
Round trip time was 0.008806 milliseconds in repetition 402
tcp_ping received 768 bytes back
Round trip time was 0.008617 milliseconds in repetition 403
tcp_ping received 768 bytes back
Round trip time was 0.008437 milliseconds in repetition 404
tcp_ping received 768 bytes back
Round trip time was 0.008406 milliseconds in repetition 405
tcp_ping received 768 bytes back
Round trip time was 0.008855 milliseconds in repetition 406
tcp_ping received 768 bytes back
Round trip time was 0.008719 milliseconds in repetition 407
tcp_ping received 768 bytes back
Round trip time was 0.008644 milliseconds in repetition 408
tcp_ping received 768 bytes back
Round trip time was 0.008611 milliseconds in repetition 409
tcp_ping received 768 bytes back
Round trip time was 0.008627 milliseconds in repetition 410
tcp_ping received 768 bytes back
Round trip time was 0.008622 milliseconds in repetition 411
tcp_ping received 768 bytes back
Round trip time was 0.008749 milliseconds in repetition 412
tcp_ping received 768 bytes back
Round trip time was 0.008694 milliseconds in repetition 413
tcp_ping received 768 bytes back
Round trip time was 0.008938 milliseconds in repetition 414
tcp_ping received 768 bytes back
Round trip time was 0.008629 milliseconds in repetition 415
tcp_ping received 768 bytes back
Round trip time was 0.008598 milliseconds in repetition 416
tcp_ping received 768 bytes back
Round trip time was 0.008692 milliseconds in repetition 417
tcp_ping received 768 bytes back
Round trip time was 0.008743 milliseconds in repetition 418
tcp_ping received 768 bytes back
Round trip time was 0.008662 milliseconds in repetition 419
tcp_ping received 768 bytes back
Round trip time was 0.008967 milliseconds in repetition 420
tcp_ping received 768 bytes back
Round trip time was 0.008694 milliseconds in repetition 421
tcp_ping received 768 bytes back
Round trip time was 0.008689 milliseconds in repetition 422
tcp_ping received 768 bytes back
Round trip time was 0.008665 milliseconds in repetition 423
tcp_ping received 768 bytes back
Round trip time was 0.008631 milliseconds in repetition 424
tcp_ping received 768 bytes back
Round trip time was 0.00867 milliseconds in repetition 425
tcp_ping received 768 bytes back
Round trip time was 0.008621 milliseconds in repetition 426
tcp_ping received 768 bytes back
Round trip time was 0.008542 milliseconds in repetition 427
tcp_ping received 768 bytes back
Round trip time was 0.008727 milliseconds in repetition 428
tcp_ping received 768 bytes back
Round trip time was 0.008613 milliseconds in repetition 429
tcp_ping received 768 bytes back
Round trip time was 0.008762 milliseconds in repetition 430
tcp_ping received 768 bytes back
Round trip time was 0.008573 milliseconds in repetition 431
tcp_ping received 768 bytes back
Round trip time was 0.00866 milliseconds in repetition 432
tcp_ping received 768 bytes back
Round trip time was 0.008548 milliseconds in repetition 433
tcp_ping received 768 bytes back
Round trip time was 0.008752 milliseconds in repetition 434
tcp_ping received 768 bytes back
Round trip time was 0.008726 milliseconds in repetition 435
tcp_ping received 768 bytes back
Round trip time was 0.00863 milliseconds in repetition 436
tcp_ping received 768 bytes back
Round trip time was 0.008721 milliseconds in repetition 437
tcp_ping received 768 bytes back
Round trip time was 0.00858 milliseconds in repetition 438
tcp_ping received 768 bytes back
Round trip time was 0.008616 milliseconds in repetition 439
tcp_ping received 768 bytes back
Round trip time was 0.008723 milliseconds in repetition 440
tcp_ping received 768 bytes back
Round trip time was 0.008671 milliseconds in repetition 441
tcp_ping received 768 bytes back
Round trip time was 0.015242 milliseconds in repetition 442
tcp_ping received 768 bytes back
Round trip time was 0.009132 milliseconds in repetition 443
tcp_ping received 768 bytes back
Round trip time was 0.008651 milliseconds in repetition 444
tcp_ping received 768 bytes back
Round trip time was 0.008697 milliseconds in repetition 445
tcp_ping received 768 bytes back
Round trip time was 0.008549 milliseconds in repetition 446
tcp_ping received 768 bytes back
Round trip time was 0.008705 milliseconds in repetition 447
tcp_ping received 768 bytes back
Round trip time was 0.008603 milliseconds in repetition 448
tcp_ping received 768 bytes back
Round trip time was 0.008567 milliseconds in repetition 449
tcp_ping received 768 bytes back
Round trip time was 0.008766 milliseconds in repetition 450
tcp_ping received 768 bytes back
Round trip time was 0.008527 milliseconds in repetition 451
tcp_ping received 768 bytes back
Round trip time was 0.008807 milliseconds in repetition 452
tcp_ping received 768 bytes back
Round trip time was 0.008606 milliseconds in repetition 453
tcp_ping received 768 bytes back
Round trip time was 0.008605 milliseconds in repetition 454
tcp_ping received 768 bytes back
Round trip time was 0.008798 milliseconds in repetition 455
tcp_ping received 768 bytes back
Round trip time was 0.008606 milliseconds in repetition 456
tcp_ping received 768 bytes back
Round trip time was 0.00858 milliseconds in repetition 457
tcp_ping received 768 bytes back
Round trip time was 0.008495 milliseconds in repetition 458
tcp_ping received 768 bytes back
Round trip time was 0.008589 milliseconds in repetition 459
tcp_ping received 768 bytes back
Round trip time was 0.00875 milliseconds in repetition 460
tcp_ping received 768 bytes back
Round trip time was 0.008623 milliseconds in repetition 461
tcp_ping received 768 bytes back
Round trip time was 0.00859 milliseconds in repetition 462
tcp_ping received 768 bytes back
Round trip time was 0.008581 milliseconds in repetition 463
tcp_ping received 768 bytes back
Round trip time was 0.008459 milliseconds in repetition 464
tcp_ping received 768 bytes back
Round trip time was 0.008713 milliseconds in repetition 465
tcp_ping received 768 bytes back
Round trip time was 0.008698 milliseconds in repetition 466
tcp_ping received 768 bytes back
Round trip time was 0.008544 milliseconds in repetition 467
tcp_ping received 768 bytes back
Round trip time was 0.008574 milliseconds in repetition 468
tcp_ping received 768 bytes back
Round trip time was 0.00862 milliseconds in repetition 469
tcp_ping received 768 bytes back
Round trip time was 0.008712 milliseconds in repetition 470
tcp_ping received 768 bytes back
Round trip time was 0.00861 milliseconds in repetition 471
tcp_ping received 768 bytes back
Round trip time was 0.008635 milliseconds in repetition 472
tcp_ping received 768 bytes back
Round trip time was 0.008611 milliseconds in repetition 473
tcp_ping received 768 bytes back
Round trip time was 0.008631 milliseconds in repetition 474
tcp_ping received 768 bytes back
Round trip time was 0.008822 milliseconds in repetition 475
tcp_ping received 768 bytes back
Round trip time was 0.008656 milliseconds in repetition 476
tcp_ping received 768 bytes back
Round trip time was 0.008515 milliseconds in repetition 477
tcp_ping received 768 bytes back
Round trip time was 0.008629 milliseconds in repetition 478
tcp_ping received 768 bytes back
Round trip time was 0.008533 milliseconds in repetition 479
tcp_ping received 768 bytes back
Round trip time was 0.008681 milliseconds in repetition 480
tcp_ping received 768 bytes back
Round trip time was 0.008898 milliseconds in repetition 481
tcp_ping received 768 bytes back
Round trip time was 0.008689 milliseconds in repetition 482
tcp_ping received 768 bytes back
Round trip time was 0.008645 milliseconds in repetition 483
tcp_ping received 768 bytes back
Round trip time was 0.008566 milliseconds in repetition 484
tcp_ping received 768 bytes back
Round trip time was 0.008843 milliseconds in repetition 485
tcp_ping received 768 bytes back
Round trip time was 0.011898 milliseconds in repetition 486
tcp_ping received 768 bytes back
Round trip time was 0.008971 milliseconds in repetition 487
tcp_ping received 768 bytes back
Round trip time was 0.008794 milliseconds in repetition 488
tcp_ping received 768 bytes back
Round trip time was 0.008699 milliseconds in repetition 489
tcp_ping received 768 bytes back
Round trip time was 0.008658 milliseconds in repetition 490
tcp_ping received 768 bytes back
Round trip time was 0.008545 milliseconds in repetition 491
tcp_ping received 768 bytes back
Round trip time was 0.008649 milliseconds in repetition 492
tcp_ping received 768 bytes back
Round trip time was 0.008595 milliseconds in repetition 493
tcp_ping received 768 bytes back
Round trip time was 0.008624 milliseconds in repetition 494
tcp_ping received 768 bytes back
Round trip time was 0.008733 milliseconds in repetition 495
tcp_ping received 768 bytes back
Round trip time was 0.008844 milliseconds in repetition 496
tcp_ping received 768 bytes back
Round trip time was 0.008828 milliseconds in repetition 497
tcp_ping received 768 bytes back
Round trip time was 0.008762 milliseconds in repetition 498
tcp_ping received 768 bytes back
Round trip time was 0.008809 milliseconds in repetition 499
tcp_ping received 768 bytes back
Round trip time was 0.008652 milliseconds in repetition 500
tcp_ping received 768 bytes back
Round trip time was 0.009189 milliseconds in repetition 501

 ... clock resolution was 1e-06
TCP Ping:  Statistics over 501 repetitions of 768 byte messages

RTT : percentile 10: 0.008581, median: 0.008724, percentile 90: 0.010483, average: 0.00911768, variance: 3.64346e-06

RTT histogram:
0.0084055 439
0.0101516 46
0.0118978 5
0.013644 6
0.0153901 1
0.0171362 2
0.0188824 0
0.0206285 0
0.0223747 1
0.0241208 0
0.025867 0
0.0276131 0
0.0293593 0
0.0311054 0
0.0328516 0
0.0345977 0
0.0363439 0
0.03809 0
0.0398362 0
0.0415823 0
0.0433285 1

   median Throughput : 176066 KB/s   overall Throughput : 168464 KB/s

