TCP Ping trying to connect to server localhost (127.0.0.1) on port 1491
 ... connected to Pong server: asking for 501 repetitions of 384 bytes TCP messages
 ... Pong server agreed :-)
tcp_ping received 384 bytes back
Round trip time was 0.015306 milliseconds in repetition 1
tcp_ping received 384 bytes back
Round trip time was 0.00904 milliseconds in repetition 2
tcp_ping received 384 bytes back
Round trip time was 0.008153 milliseconds in repetition 3
tcp_ping received 384 bytes back
Round trip time was 0.008002 milliseconds in repetition 4
tcp_ping received 384 bytes back
Round trip time was 0.007821 milliseconds in repetition 5
tcp_ping received 384 bytes back
Round trip time was 0.007801 milliseconds in repetition 6
tcp_ping received 384 bytes back
Round trip time was 0.007596 milliseconds in repetition 7
tcp_ping received 384 bytes back
Round trip time was 0.007827 milliseconds in repetition 8
tcp_ping received 384 bytes back
Round trip time was 0.007689 milliseconds in repetition 9
tcp_ping received 384 bytes back
Round trip time was 0.008168 milliseconds in repetition 10
tcp_ping received 384 bytes back
Round trip time was 0.007764 milliseconds in repetition 11
tcp_ping received 384 bytes back
Round trip time was 0.007766 milliseconds in repetition 12
tcp_ping received 384 bytes back
Round trip time was 0.007794 milliseconds in repetition 13
tcp_ping received 384 bytes back
Round trip time was 0.007735 milliseconds in repetition 14
tcp_ping received 384 bytes back
Round trip time was 0.007584 milliseconds in repetition 15
tcp_ping received 384 bytes back
Round trip time was 0.007607 milliseconds in repetition 16
tcp_ping received 384 bytes back
Round trip time was 0.007671 milliseconds in repetition 17
tcp_ping received 384 bytes back
Round trip time was 0.007701 milliseconds in repetition 18
tcp_ping received 384 bytes back
Round trip time was 0.007679 milliseconds in repetition 19
tcp_ping received 384 bytes back
Round trip time was 0.007684 milliseconds in repetition 20
tcp_ping received 384 bytes back
Round trip time was 0.007611 milliseconds in repetition 21
tcp_ping received 384 bytes back
Round trip time was 0.007685 milliseconds in repetition 22
tcp_ping received 384 bytes back
Round trip time was 0.007721 milliseconds in repetition 23
tcp_ping received 384 bytes back
Round trip time was 0.007738 milliseconds in repetition 24
tcp_ping received 384 bytes back
Round trip time was 0.007663 milliseconds in repetition 25
tcp_ping received 384 bytes back
Round trip time was 0.007512 milliseconds in repetition 26
tcp_ping received 384 bytes back
Round trip time was 0.007531 milliseconds in repetition 27
tcp_ping received 384 bytes back
Round trip time was 0.007738 milliseconds in repetition 28
tcp_ping received 384 bytes back
Round trip time was 0.007762 milliseconds in repetition 29
tcp_ping received 384 bytes back
Round trip time was 0.007665 milliseconds in repetition 30
tcp_ping received 384 bytes back
Round trip time was 0.007807 milliseconds in repetition 31
tcp_ping received 384 bytes back
Round trip time was 0.00773 milliseconds in repetition 32
tcp_ping received 384 bytes back
Round trip time was 0.007707 milliseconds in repetition 33
tcp_ping received 384 bytes back
Round trip time was 0.00761 milliseconds in repetition 34
tcp_ping received 384 bytes back
Round trip time was 0.007617 milliseconds in repetition 35
tcp_ping received 384 bytes back
Round trip time was 0.007605 milliseconds in repetition 36
tcp_ping received 384 bytes back
Round trip time was 0.007511 milliseconds in repetition 37
tcp_ping received 384 bytes back
Round trip time was 0.007603 milliseconds in repetition 38
tcp_ping received 384 bytes back
Round trip time was 0.007624 milliseconds in repetition 39
tcp_ping received 384 bytes back
Round trip time was 0.007811 milliseconds in repetition 40
tcp_ping received 384 bytes back
Round trip time was 0.00768 milliseconds in repetition 41
tcp_ping received 384 bytes back
Round trip time was 0.007505 milliseconds in repetition 42
tcp_ping received 384 bytes back
Round trip time was 0.007577 milliseconds in repetition 43
tcp_ping received 384 bytes back
Round trip time was 0.012558 milliseconds in repetition 44
tcp_ping received 384 bytes back
Round trip time was 0.009387 milliseconds in repetition 45
tcp_ping received 384 bytes back
Round trip time was 0.008567 milliseconds in repetition 46
tcp_ping received 384 bytes back
Round trip time was 0.007697 milliseconds in repetition 47
tcp_ping received 384 bytes back
Round trip time was 0.00774 milliseconds in repetition 48
tcp_ping received 384 bytes back
Round trip time was 0.007686 milliseconds in repetition 49
tcp_ping received 384 bytes back
Round trip time was 0.007659 milliseconds in repetition 50
tcp_ping received 384 bytes back
Round trip time was 0.007692 milliseconds in repetition 51
tcp_ping received 384 bytes back
Round trip time was 0.007595 milliseconds in repetition 52
tcp_ping received 384 bytes back
Round trip time was 0.007721 milliseconds in repetition 53
tcp_ping received 384 bytes back
Round trip time was 0.007573 milliseconds in repetition 54
tcp_ping received 384 bytes back
Round trip time was 0.007649 milliseconds in repetition 55
tcp_ping received 384 bytes back
Round trip time was 0.007672 milliseconds in repetition 56
tcp_ping received 384 bytes back
Round trip time was 0.007651 milliseconds in repetition 57
tcp_ping received 384 bytes back
Round trip time was 0.007588 milliseconds in repetition 58
tcp_ping received 384 bytes back
Round trip time was 0.007619 milliseconds in repetition 59
tcp_ping received 384 bytes back
Round trip time was 0.007799 milliseconds in repetition 60
tcp_ping received 384 bytes back
Round trip time was 0.007789 milliseconds in repetition 61
tcp_ping received 384 bytes back
Round trip time was 0.007674 milliseconds in repetition 62
tcp_ping received 384 bytes back
Round trip time was 0.007636 milliseconds in repetition 63
tcp_ping received 384 bytes back
Round trip time was 0.007543 milliseconds in repetition 64
tcp_ping received 384 bytes back
Round trip time was 0.007579 milliseconds in repetition 65
tcp_ping received 384 bytes back
Round trip time was 0.00751 milliseconds in repetition 66
tcp_ping received 384 bytes back
Round trip time was 0.007931 milliseconds in repetition 67
tcp_ping received 384 bytes back
Round trip time was 0.007681 milliseconds in repetition 68
tcp_ping received 384 bytes back
Round trip time was 0.007595 milliseconds in repetition 69
tcp_ping received 384 bytes back
Round trip time was 0.007511 milliseconds in repetition 70
tcp_ping received 384 bytes back
Round trip time was 0.007664 milliseconds in repetition 71
tcp_ping received 384 bytes back
Round trip time was 0.007692 milliseconds in repetition 72
tcp_ping received 384 bytes back
Round trip time was 0.007671 milliseconds in repetition 73
tcp_ping received 384 bytes back
Round trip time was 0.007651 milliseconds in repetition 74
tcp_ping received 384 bytes back
Round trip time was 0.007699 milliseconds in repetition 75
tcp_ping received 384 bytes back
Round trip time was 0.007767 milliseconds in repetition 76
tcp_ping received 384 bytes back
Round trip time was 0.007553 milliseconds in repetition 77
tcp_ping received 384 bytes back
Round trip time was 0.007586 milliseconds in repetition 78
tcp_ping received 384 bytes back
Round trip time was 0.007674 milliseconds in repetition 79
tcp_ping received 384 bytes back
Round trip time was 0.007503 milliseconds in repetition 80
tcp_ping received 384 bytes back
Round trip time was 0.007623 milliseconds in repetition 81
tcp_ping received 384 bytes back
Round trip time was 0.007544 milliseconds in repetition 82
tcp_ping received 384 bytes back
Round trip time was 0.007639 milliseconds in repetition 83
tcp_ping received 384 bytes back
Round trip time was 0.007562 milliseconds in repetition 84
tcp_ping received 384 bytes back
Round trip time was 0.007632 milliseconds in repetition 85
tcp_ping received 384 bytes back
Round trip time was 0.007727 milliseconds in repetition 86
tcp_ping received 384 bytes back
Round trip time was 0.007643 milliseconds in repetition 87
tcp_ping received 384 bytes back
Round trip time was 0.007788 milliseconds in repetition 88
tcp_ping received 384 bytes back
Round trip time was 0.011008 milliseconds in repetition 89
tcp_ping received 384 bytes back
Round trip time was 0.007969 milliseconds in repetition 90
tcp_ping received 384 bytes back
Round trip time was 0.007701 milliseconds in repetition 91
tcp_ping received 384 bytes back
Round trip time was 0.007648 milliseconds in repetition 92
tcp_ping received 384 bytes back
Round trip time was 0.007638 milliseconds in repetition 93
tcp_ping received 384 bytes back
Round trip time was 0.007736 milliseconds in repetition 94
tcp_ping received 384 bytes back
Round trip time was 0.007746 milliseconds in repetition 95
tcp_ping received 384 bytes back
Round trip time was 0.007589 milliseconds in repetition 96
tcp_ping received 384 bytes back
Round trip time was 0.007649 milliseconds in repetition 97
tcp_ping received 384 bytes back
Round trip time was 0.007486 milliseconds in repetition 98
tcp_ping received 384 bytes back
Round trip time was 0.007654 milliseconds in repetition 99
tcp_ping received 384 bytes back
Round trip time was 0.007671 milliseconds in repetition 100
tcp_ping received 384 bytes back
Round trip time was 0.007626 milliseconds in repetition 101
tcp_ping received 384 bytes back
Round trip time was 0.007686 milliseconds in repetition 102
tcp_ping received 384 bytes back
Round trip time was 0.007675 milliseconds in repetition 103
tcp_ping received 384 bytes back
Round trip time was 0.007719 milliseconds in repetition 104
tcp_ping received 384 bytes back
Round trip time was 0.00763 milliseconds in repetition 105
tcp_ping received 384 bytes back
Round trip time was 0.007633 milliseconds in repetition 106
tcp_ping received 384 bytes back
Round trip time was 0.007588 milliseconds in repetition 107
tcp_ping received 384 bytes back
Round trip time was 0.007737 milliseconds in repetition 108
tcp_ping received 384 bytes back
Round trip time was 0.007722 milliseconds in repetition 109
tcp_ping received 384 bytes back
Round trip time was 0.007748 milliseconds in repetition 110
tcp_ping received 384 bytes back
Round trip time was 0.007655 milliseconds in repetition 111
tcp_ping received 384 bytes back
Round trip time was 0.007714 milliseconds in repetition 112
tcp_ping received 384 bytes back
Round trip time was 0.00776 milliseconds in repetition 113
tcp_ping received 384 bytes back
Round trip time was 0.007553 milliseconds in repetition 114
tcp_ping received 384 bytes back
Round trip time was 0.007667 milliseconds in repetition 115
tcp_ping received 384 bytes back
Round trip time was 0.007805 milliseconds in repetition 116
tcp_ping received 384 bytes back
Round trip time was 0.007608 milliseconds in repetition 117
tcp_ping received 384 bytes back
Round trip time was 0.007688 milliseconds in repetition 118
tcp_ping received 384 bytes back
Round trip time was 0.007577 milliseconds in repetition 119
tcp_ping received 384 bytes back
Round trip time was 0.007756 milliseconds in repetition 120
tcp_ping received 384 bytes back
Round trip time was 0.007701 milliseconds in repetition 121
tcp_ping received 384 bytes back
Round trip time was 0.007703 milliseconds in repetition 122
tcp_ping received 384 bytes back
Round trip time was 0.007679 milliseconds in repetition 123
tcp_ping received 384 bytes back
Round trip time was 0.007718 milliseconds in repetition 124
tcp_ping received 384 bytes back
Round trip time was 0.007744 milliseconds in repetition 125
tcp_ping received 384 bytes back
Round trip time was 0.007703 milliseconds in repetition 126
tcp_ping received 384 bytes back
Round trip time was 0.007559 milliseconds in repetition 127
tcp_ping received 384 bytes back
Round trip time was 0.007652 milliseconds in repetition 128
tcp_ping received 384 bytes back
Round trip time was 0.007651 milliseconds in repetition 129
tcp_ping received 384 bytes back
Round trip time was 0.00781 milliseconds in repetition 130
tcp_ping received 384 bytes back
Round trip time was 0.007631 milliseconds in repetition 131
tcp_ping received 384 bytes back
Round trip time was 0.007586 milliseconds in repetition 132
tcp_ping received 384 bytes back
Round trip time was 0.010796 milliseconds in repetition 133
tcp_ping received 384 bytes back
Round trip time was 0.007884 milliseconds in repetition 134
tcp_ping received 384 bytes back
Round trip time was 0.007812 milliseconds in repetition 135
tcp_ping received 384 bytes back
Round trip time was 0.007859 milliseconds in repetition 136
tcp_ping received 384 bytes back
Round trip time was 0.007778 milliseconds in repetition 137
tcp_ping received 384 bytes back
Round trip time was 0.007673 milliseconds in repetition 138
tcp_ping received 384 bytes back
Round trip time was 0.00771 milliseconds in repetition 139
tcp_ping received 384 bytes back
Round trip time was 0.007884 milliseconds in repetition 140
tcp_ping received 384 bytes back
Round trip time was 0.007796 milliseconds in repetition 141
tcp_ping received 384 bytes back
Round trip time was 0.007683 milliseconds in repetition 142
tcp_ping received 384 bytes back
Round trip time was 0.00758 milliseconds in repetition 143
tcp_ping received 384 bytes back
Round trip time was 0.007743 milliseconds in repetition 144
tcp_ping received 384 bytes back
Round trip time was 0.007687 milliseconds in repetition 145
tcp_ping received 384 bytes back
Round trip time was 0.007645 milliseconds in repetition 146
tcp_ping received 384 bytes back
Round trip time was 0.00785 milliseconds in repetition 147
tcp_ping received 384 bytes back
Round trip time was 0.007819 milliseconds in repetition 148
tcp_ping received 384 bytes back
Round trip time was 0.007618 milliseconds in repetition 149
tcp_ping received 384 bytes back
Round trip time was 0.007709 milliseconds in repetition 150
tcp_ping received 384 bytes back
Round trip time was 0.007799 milliseconds in repetition 151
tcp_ping received 384 bytes back
Round trip time was 0.007769 milliseconds in repetition 152
tcp_ping received 384 bytes back
Round trip time was 0.007702 milliseconds in repetition 153
tcp_ping received 384 bytes back
Round trip time was 0.007679 milliseconds in repetition 154
tcp_ping received 384 bytes back
Round trip time was 0.007713 milliseconds in repetition 155
tcp_ping received 384 bytes back
Round trip time was 0.007828 milliseconds in repetition 156
tcp_ping received 384 bytes back
Round trip time was 0.007811 milliseconds in repetition 157
tcp_ping received 384 bytes back
Round trip time was 0.007834 milliseconds in repetition 158
tcp_ping received 384 bytes back
Round trip time was 0.007713 milliseconds in repetition 159
tcp_ping received 384 bytes back
Round trip time was 0.007656 milliseconds in repetition 160
tcp_ping received 384 bytes back
Round trip time was 0.007626 milliseconds in repetition 161
tcp_ping received 384 bytes back
Round trip time was 0.007675 milliseconds in repetition 162
tcp_ping received 384 bytes back
Round trip time was 0.007661 milliseconds in repetition 163
tcp_ping received 384 bytes back
Round trip time was 0.007772 milliseconds in repetition 164
tcp_ping received 384 bytes back
Round trip time was 0.007712 milliseconds in repetition 165
tcp_ping received 384 bytes back
Round trip time was 0.007658 milliseconds in repetition 166
tcp_ping received 384 bytes back
Round trip time was 0.007885 milliseconds in repetition 167
tcp_ping received 384 bytes back
Round trip time was 0.007778 milliseconds in repetition 168
tcp_ping received 384 bytes back
Round trip time was 0.007706 milliseconds in repetition 169
tcp_ping received 384 bytes back
Round trip time was 0.007686 milliseconds in repetition 170
tcp_ping received 384 bytes back
Round trip time was 0.008914 milliseconds in repetition 171
tcp_ping received 384 bytes back
Round trip time was 0.010857 milliseconds in repetition 172
tcp_ping received 384 bytes back
Round trip time was 0.007829 milliseconds in repetition 173
tcp_ping received 384 bytes back
Round trip time was 0.007895 milliseconds in repetition 174
tcp_ping received 384 bytes back
Round trip time was 0.007738 milliseconds in repetition 175
tcp_ping received 384 bytes back
Round trip time was 0.007846 milliseconds in repetition 176
tcp_ping received 384 bytes back
Round trip time was 0.011383 milliseconds in repetition 177
tcp_ping received 384 bytes back
Round trip time was 0.008104 milliseconds in repetition 178
tcp_ping received 384 bytes back
Round trip time was 0.007666 milliseconds in repetition 179
tcp_ping received 384 bytes back
Round trip time was 0.007669 milliseconds in repetition 180
tcp_ping received 384 bytes back
Round trip time was 0.007758 milliseconds in repetition 181
tcp_ping received 384 bytes back
Round trip time was 0.007826 milliseconds in repetition 182
tcp_ping received 384 bytes back
Round trip time was 0.007653 milliseconds in repetition 183
tcp_ping received 384 bytes back
Round trip time was 0.007811 milliseconds in repetition 184
tcp_ping received 384 bytes back
Round trip time was 0.00774 milliseconds in repetition 185
tcp_ping received 384 bytes back
Round trip time was 0.007645 milliseconds in repetition 186
tcp_ping received 384 bytes back
Round trip time was 0.00774 milliseconds in repetition 187
tcp_ping received 384 bytes back
Round trip time was 0.00774 milliseconds in repetition 188
tcp_ping received 384 bytes back
Round trip time was 0.007669 milliseconds in repetition 189
tcp_ping received 384 bytes back
Round trip time was 0.007678 milliseconds in repetition 190
tcp_ping received 384 bytes back
Round trip time was 0.007731 milliseconds in repetition 191
tcp_ping received 384 bytes back
Round trip time was 0.007648 milliseconds in repetition 192
tcp_ping received 384 bytes back
Round trip time was 0.007746 milliseconds in repetition 193
tcp_ping received 384 bytes back
Round trip time was 0.007747 milliseconds in repetition 194
tcp_ping received 384 bytes back
Round trip time was 0.007605 milliseconds in repetition 195
tcp_ping received 384 bytes back
Round trip time was 0.007642 milliseconds in repetition 196
tcp_ping received 384 bytes back
Round trip time was 0.007705 milliseconds in repetition 197
tcp_ping received 384 bytes back
Round trip time was 0.007598 milliseconds in repetition 198
tcp_ping received 384 bytes back
Round trip time was 0.00765 milliseconds in repetition 199
tcp_ping received 384 bytes back
Round trip time was 0.007793 milliseconds in repetition 200
tcp_ping received 384 bytes back
Round trip time was 0.007765 milliseconds in repetition 201
tcp_ping received 384 bytes back
Round trip time was 0.00778 milliseconds in repetition 202
tcp_ping received 384 bytes back
Round trip time was 0.007679 milliseconds in repetition 203
tcp_ping received 384 bytes back
Round trip time was 0.007698 milliseconds in repetition 204
tcp_ping received 384 bytes back
Round trip time was 0.007751 milliseconds in repetition 205
tcp_ping received 384 bytes back
Round trip time was 0.007654 milliseconds in repetition 206
tcp_ping received 384 bytes back
Round trip time was 0.007693 milliseconds in repetition 207
tcp_ping received 384 bytes back
Round trip time was 0.007676 milliseconds in repetition 208
tcp_ping received 384 bytes back
Round trip time was 0.00763 milliseconds in repetition 209
tcp_ping received 384 bytes back
Round trip time was 0.007628 milliseconds in repetition 210
tcp_ping received 384 bytes back
Round trip time was 0.007694 milliseconds in repetition 211
tcp_ping received 384 bytes back
Round trip time was 0.007869 milliseconds in repetition 212
tcp_ping received 384 bytes back
Round trip time was 0.007755 milliseconds in repetition 213
tcp_ping received 384 bytes back
Round trip time was 0.007727 milliseconds in repetition 214
tcp_ping received 384 bytes back
Round trip time was 0.007834 milliseconds in repetition 215
tcp_ping received 384 bytes back
Round trip time was 0.007831 milliseconds in repetition 216
tcp_ping received 384 bytes back
Round trip time was 0.007906 milliseconds in repetition 217
tcp_ping received 384 bytes back
Round trip time was 0.007523 milliseconds in repetition 218
tcp_ping received 384 bytes back
Round trip time was 0.007683 milliseconds in repetition 219
tcp_ping received 384 bytes back
Round trip time was 0.00785 milliseconds in repetition 220
tcp_ping received 384 bytes back
Round trip time was 0.011494 milliseconds in repetition 221
tcp_ping received 384 bytes back
Round trip time was 0.008037 milliseconds in repetition 222
tcp_ping received 384 bytes back
Round trip time was 0.007743 milliseconds in repetition 223
tcp_ping received 384 bytes back
Round trip time was 0.007696 milliseconds in repetition 224
tcp_ping received 384 bytes back
Round trip time was 0.007585 milliseconds in repetition 225
tcp_ping received 384 bytes back
Round trip time was 0.007625 milliseconds in repetition 226
tcp_ping received 384 bytes back
Round trip time was 0.007646 milliseconds in repetition 227
tcp_ping received 384 bytes back
Round trip time was 0.007655 milliseconds in repetition 228
tcp_ping received 384 bytes back
Round trip time was 0.007769 milliseconds in repetition 229
tcp_ping received 384 bytes back
Round trip time was 0.007722 milliseconds in repetition 230
tcp_ping received 384 bytes back
Round trip time was 0.007636 milliseconds in repetition 231
tcp_ping received 384 bytes back
Round trip time was 0.007614 milliseconds in repetition 232
tcp_ping received 384 bytes back
Round trip time was 0.007883 milliseconds in repetition 233
tcp_ping received 384 bytes back
Round trip time was 0.007667 milliseconds in repetition 234
tcp_ping received 384 bytes back
Round trip time was 0.007795 milliseconds in repetition 235
tcp_ping received 384 bytes back
Round trip time was 0.007762 milliseconds in repetition 236
tcp_ping received 384 bytes back
Round trip time was 0.007654 milliseconds in repetition 237
tcp_ping received 384 bytes back
Round trip time was 0.007646 milliseconds in repetition 238
tcp_ping received 384 bytes back
Round trip time was 0.007768 milliseconds in repetition 239
tcp_ping received 384 bytes back
Round trip time was 0.007556 milliseconds in repetition 240
tcp_ping received 384 bytes back
Round trip time was 0.007584 milliseconds in repetition 241
tcp_ping received 384 bytes back
Round trip time was 0.007738 milliseconds in repetition 242
tcp_ping received 384 bytes back
Round trip time was 0.007677 milliseconds in repetition 243
tcp_ping received 384 bytes back
Round trip time was 0.007572 milliseconds in repetition 244
tcp_ping received 384 bytes back
Round trip time was 0.007627 milliseconds in repetition 245
tcp_ping received 384 bytes back
Round trip time was 0.007538 milliseconds in repetition 246
tcp_ping received 384 bytes back
Round trip time was 0.00763 milliseconds in repetition 247
tcp_ping received 384 bytes back
Round trip time was 0.00781 milliseconds in repetition 248
tcp_ping received 384 bytes back
Round trip time was 0.007736 milliseconds in repetition 249
tcp_ping received 384 bytes back
Round trip time was 0.007541 milliseconds in repetition 250
tcp_ping received 384 bytes back
Round trip time was 0.007628 milliseconds in repetition 251
tcp_ping received 384 bytes back
Round trip time was 0.007773 milliseconds in repetition 252
tcp_ping received 384 bytes back
Round trip time was 0.00784 milliseconds in repetition 253
tcp_ping received 384 bytes back
Round trip time was 0.007695 milliseconds in repetition 254
tcp_ping received 384 bytes back
Round trip time was 0.007634 milliseconds in repetition 255
tcp_ping received 384 bytes back
Round trip time was 0.00767 milliseconds in repetition 256
tcp_ping received 384 bytes back
Round trip time was 0.007722 milliseconds in repetition 257
tcp_ping received 384 bytes back
Round trip time was 0.007658 milliseconds in repetition 258
tcp_ping received 384 bytes back
Round trip time was 0.007631 milliseconds in repetition 259
tcp_ping received 384 bytes back
Round trip time was 0.007696 milliseconds in repetition 260
tcp_ping received 384 bytes back
Round trip time was 0.007575 milliseconds in repetition 261
tcp_ping received 384 bytes back
Round trip time was 0.007634 milliseconds in repetition 262
tcp_ping received 384 bytes back
Round trip time was 0.007716 milliseconds in repetition 263
tcp_ping received 384 bytes back
Round trip time was 0.007633 milliseconds in repetition 264
tcp_ping received 384 bytes back
Round trip time was 0.010703 milliseconds in repetition 265
tcp_ping received 384 bytes back
Round trip time was 0.008011 milliseconds in repetition 266
tcp_ping received 384 bytes back
Round trip time was 0.007566 milliseconds in repetition 267
tcp_ping received 384 bytes back
Round trip time was 0.00777 milliseconds in repetition 268
tcp_ping received 384 bytes back
Round trip time was 0.007735 milliseconds in repetition 269
tcp_ping received 384 bytes back
Round trip time was 0.007634 milliseconds in repetition 270
tcp_ping received 384 bytes back
Round trip time was 0.007668 milliseconds in repetition 271
tcp_ping received 384 bytes back
Round trip time was 0.007636 milliseconds in repetition 272
tcp_ping received 384 bytes back
Round trip time was 0.007656 milliseconds in repetition 273
tcp_ping received 384 bytes back
Round trip time was 0.017012 milliseconds in repetition 274
tcp_ping received 384 bytes back
Round trip time was 0.010075 milliseconds in repetition 275
tcp_ping received 384 bytes back
Round trip time was 0.007911 milliseconds in repetition 276
tcp_ping received 384 bytes back
Round trip time was 0.007857 milliseconds in repetition 277
tcp_ping received 384 bytes back
Round trip time was 0.007859 milliseconds in repetition 278
tcp_ping received 384 bytes back
Round trip time was 0.007631 milliseconds in repetition 279
tcp_ping received 384 bytes back
Round trip time was 0.007859 milliseconds in repetition 280
tcp_ping received 384 bytes back
Round trip time was 0.007782 milliseconds in repetition 281
tcp_ping received 384 bytes back
Round trip time was 0.007754 milliseconds in repetition 282
tcp_ping received 384 bytes back
Round trip time was 0.007619 milliseconds in repetition 283
tcp_ping received 384 bytes back
Round trip time was 0.007849 milliseconds in repetition 284
tcp_ping received 384 bytes back
Round trip time was 0.00771 milliseconds in repetition 285
tcp_ping received 384 bytes back
Round trip time was 0.007629 milliseconds in repetition 286
tcp_ping received 384 bytes back
Round trip time was 0.007629 milliseconds in repetition 287
tcp_ping received 384 bytes back
Round trip time was 0.007618 milliseconds in repetition 288
tcp_ping received 384 bytes back
Round trip time was 0.007661 milliseconds in repetition 289
tcp_ping received 384 bytes back
Round trip time was 0.007556 milliseconds in repetition 290
tcp_ping received 384 bytes back
Round trip time was 0.007712 milliseconds in repetition 291
tcp_ping received 384 bytes back
Round trip time was 0.007697 milliseconds in repetition 292
tcp_ping received 384 bytes back
Round trip time was 0.007643 milliseconds in repetition 293
tcp_ping received 384 bytes back
Round trip time was 0.007654 milliseconds in repetition 294
tcp_ping received 384 bytes back
Round trip time was 0.007557 milliseconds in repetition 295
tcp_ping received 384 bytes back
Round trip time was 0.007703 milliseconds in repetition 296
tcp_ping received 384 bytes back
Round trip time was 0.007652 milliseconds in repetition 297
tcp_ping received 384 bytes back
Round trip time was 0.007713 milliseconds in repetition 298
tcp_ping received 384 bytes back
Round trip time was 0.007712 milliseconds in repetition 299
tcp_ping received 384 bytes back
Round trip time was 0.007569 milliseconds in repetition 300
tcp_ping received 384 bytes back
Round trip time was 0.007734 milliseconds in repetition 301
tcp_ping received 384 bytes back
Round trip time was 0.007694 milliseconds in repetition 302
tcp_ping received 384 bytes back
Round trip time was 0.007662 milliseconds in repetition 303
tcp_ping received 384 bytes back
Round trip time was 0.007628 milliseconds in repetition 304
tcp_ping received 384 bytes back
Round trip time was 0.007664 milliseconds in repetition 305
tcp_ping received 384 bytes back
Round trip time was 0.007685 milliseconds in repetition 306
tcp_ping received 384 bytes back
Round trip time was 0.007661 milliseconds in repetition 307
tcp_ping received 384 bytes back
Round trip time was 0.007677 milliseconds in repetition 308
tcp_ping received 384 bytes back
Round trip time was 0.011058 milliseconds in repetition 309
tcp_ping received 384 bytes back
Round trip time was 0.00815 milliseconds in repetition 310
tcp_ping received 384 bytes back
Round trip time was 0.007737 milliseconds in repetition 311
tcp_ping received 384 bytes back
Round trip time was 0.007836 milliseconds in repetition 312
tcp_ping received 384 bytes back
Round trip time was 0.007792 milliseconds in repetition 313
tcp_ping received 384 bytes back
Round trip time was 0.007651 milliseconds in repetition 314
tcp_ping received 384 bytes back
Round trip time was 0.007622 milliseconds in repetition 315
tcp_ping received 384 bytes back
Round trip time was 0.007819 milliseconds in repetition 316
tcp_ping received 384 bytes back
Round trip time was 0.007774 milliseconds in repetition 317
tcp_ping received 384 bytes back
Round trip time was 0.007669 milliseconds in repetition 318
tcp_ping received 384 bytes back
Round trip time was 0.007739 milliseconds in repetition 319
tcp_ping received 384 bytes back
Round trip time was 0.007807 milliseconds in repetition 320
tcp_ping received 384 bytes back
Round trip time was 0.007715 milliseconds in repetition 321
tcp_ping received 384 bytes back
Round trip time was 0.007622 milliseconds in repetition 322
tcp_ping received 384 bytes back
Round trip time was 0.007673 milliseconds in repetition 323
tcp_ping received 384 bytes back
Round trip time was 0.007599 milliseconds in repetition 324
tcp_ping received 384 bytes back
Round trip time was 0.007714 milliseconds in repetition 325
tcp_ping received 384 bytes back
Round trip time was 0.007676 milliseconds in repetition 326
tcp_ping received 384 bytes back
Round trip time was 0.007694 milliseconds in repetition 327
tcp_ping received 384 bytes back
Round trip time was 0.007785 milliseconds in repetition 328
tcp_ping received 384 bytes back
Round trip time was 0.007697 milliseconds in repetition 329
tcp_ping received 384 bytes back
Round trip time was 0.0076 milliseconds in repetition 330
tcp_ping received 384 bytes back
Round trip time was 0.007569 milliseconds in repetition 331
tcp_ping received 384 bytes back
Round trip time was 0.007701 milliseconds in repetition 332
tcp_ping received 384 bytes back
Round trip time was 0.007654 milliseconds in repetition 333
tcp_ping received 384 bytes back
Round trip time was 0.007666 milliseconds in repetition 334
tcp_ping received 384 bytes back
Round trip time was 0.007699 milliseconds in repetition 335
tcp_ping received 384 bytes back
Round trip time was 0.00766 milliseconds in repetition 336
tcp_ping received 384 bytes back
Round trip time was 0.007728 milliseconds in repetition 337
tcp_ping received 384 bytes back
Round trip time was 0.007752 milliseconds in repetition 338
tcp_ping received 384 bytes back
Round trip time was 0.007681 milliseconds in repetition 339
tcp_ping received 384 bytes back
Round trip time was 0.007773 milliseconds in repetition 340
tcp_ping received 384 bytes back
Round trip time was 0.007732 milliseconds in repetition 341
tcp_ping received 384 bytes back
Round trip time was 0.007755 milliseconds in repetition 342
tcp_ping received 384 bytes back
Round trip time was 0.007721 milliseconds in repetition 343
tcp_ping received 384 bytes back
Round trip time was 0.007852 milliseconds in repetition 344
tcp_ping received 384 bytes back
Round trip time was 0.007712 milliseconds in repetition 345
tcp_ping received 384 bytes back
Round trip time was 0.007686 milliseconds in repetition 346
tcp_ping received 384 bytes back
Round trip time was 0.007761 milliseconds in repetition 347
tcp_ping received 384 bytes back
Round trip time was 0.007749 milliseconds in repetition 348
tcp_ping received 384 bytes back
Round trip time was 0.007583 milliseconds in repetition 349
tcp_ping received 384 bytes back
Round trip time was 0.007736 milliseconds in repetition 350
tcp_ping received 384 bytes back
Round trip time was 0.007594 milliseconds in repetition 351
tcp_ping received 384 bytes back
Round trip time was 0.007625 milliseconds in repetition 352
tcp_ping received 384 bytes back
Round trip time was 0.011084 milliseconds in repetition 353
tcp_ping received 384 bytes back
Round trip time was 0.008218 milliseconds in repetition 354
tcp_ping received 384 bytes back
Round trip time was 0.007712 milliseconds in repetition 355
tcp_ping received 384 bytes back
Round trip time was 0.007843 milliseconds in repetition 356
tcp_ping received 384 bytes back
Round trip time was 0.007696 milliseconds in repetition 357
tcp_ping received 384 bytes back
Round trip time was 0.007637 milliseconds in repetition 358
tcp_ping received 384 bytes back
Round trip time was 0.0076 milliseconds in repetition 359
tcp_ping received 384 bytes back
Round trip time was 0.007664 milliseconds in repetition 360
tcp_ping received 384 bytes back
Round trip time was 0.007701 milliseconds in repetition 361
tcp_ping received 384 bytes back
Round trip time was 0.007642 milliseconds in repetition 362
tcp_ping received 384 bytes back
Round trip time was 0.007702 milliseconds in repetition 363
tcp_ping received 384 bytes back
Round trip time was 0.007707 milliseconds in repetition 364
tcp_ping received 384 bytes back
Round trip time was 0.007848 milliseconds in repetition 365
tcp_ping received 384 bytes back
Round trip time was 0.007736 milliseconds in repetition 366
tcp_ping received 384 bytes back
Round trip time was 0.007698 milliseconds in repetition 367
tcp_ping received 384 bytes back
Round trip time was 0.007754 milliseconds in repetition 368
tcp_ping received 384 bytes back
Round trip time was 0.007527 milliseconds in repetition 369
tcp_ping received 384 bytes back
Round trip time was 0.007649 milliseconds in repetition 370
tcp_ping received 384 bytes back
Round trip time was 0.007663 milliseconds in repetition 371
tcp_ping received 384 bytes back
Round trip time was 0.007627 milliseconds in repetition 372
tcp_ping received 384 bytes back
Round trip time was 0.00763 milliseconds in repetition 373
tcp_ping received 384 bytes back
Round trip time was 0.007839 milliseconds in repetition 374
tcp_ping received 384 bytes back
Round trip time was 0.00776 milliseconds in repetition 375
tcp_ping received 384 bytes back
Round trip time was 0.007742 milliseconds in repetition 376
tcp_ping received 384 bytes back
Round trip time was 0.007777 milliseconds in repetition 377
tcp_ping received 384 bytes back
Round trip time was 0.007648 milliseconds in repetition 378
tcp_ping received 384 bytes back
Round trip time was 0.007621 milliseconds in repetition 379
tcp_ping received 384 bytes back
Round trip time was 0.007783 milliseconds in repetition 380
tcp_ping received 384 bytes back
Round trip time was 0.00768 milliseconds in repetition 381
tcp_ping received 384 bytes back
Round trip time was 0.007717 milliseconds in repetition 382
tcp_ping received 384 bytes back
Round trip time was 0.007747 milliseconds in repetition 383
tcp_ping received 384 bytes back
Round trip time was 0.007778 milliseconds in repetition 384
tcp_ping received 384 bytes back
Round trip time was 0.007697 milliseconds in repetition 385
tcp_ping received 384 bytes back
Round trip time was 0.007579 milliseconds in repetition 386
tcp_ping received 384 bytes back
Round trip time was 0.007643 milliseconds in repetition 387
tcp_ping received 384 bytes back
Round trip time was 0.007646 milliseconds in repetition 388
tcp_ping received 384 bytes back
Round trip time was 0.007755 milliseconds in repetition 389
tcp_ping received 384 bytes back
Round trip time was 0.00767 milliseconds in repetition 390
tcp_ping received 384 bytes back
Round trip time was 0.007703 milliseconds in repetition 391
tcp_ping received 384 bytes back
Round trip time was 0.007854 milliseconds in repetition 392
tcp_ping received 384 bytes back
Round trip time was 0.007719 milliseconds in repetition 393
tcp_ping received 384 bytes back
Round trip time was 0.007592 milliseconds in repetition 394
tcp_ping received 384 bytes back
Round trip time was 0.007837 milliseconds in repetition 395
tcp_ping received 384 bytes back
Round trip time was 0.007788 milliseconds in repetition 396
tcp_ping received 384 bytes back
Round trip time was 0.010909 milliseconds in repetition 397
tcp_ping received 384 bytes back
Round trip time was 0.007983 milliseconds in repetition 398
tcp_ping received 384 bytes back
Round trip time was 0.007548 milliseconds in repetition 399
tcp_ping received 384 bytes back
Round trip time was 0.007633 milliseconds in repetition 400
tcp_ping received 384 bytes back
Round trip time was 0.00781 milliseconds in repetition 401
tcp_ping received 384 bytes back
Round trip time was 0.007584 milliseconds in repetition 402
tcp_ping received 384 bytes back
Round trip time was 0.0078 milliseconds in repetition 403
tcp_ping received 384 bytes back
Round trip time was 0.007743 milliseconds in repetition 404
tcp_ping received 384 bytes back
Round trip time was 0.007676 milliseconds in repetition 405
tcp_ping received 384 bytes back
Round trip time was 0.007666 milliseconds in repetition 406
tcp_ping received 384 bytes back
Round trip time was 0.007642 milliseconds in repetition 407
tcp_ping received 384 bytes back
Round trip time was 0.007687 milliseconds in repetition 408
tcp_ping received 384 bytes back
Round trip time was 0.007681 milliseconds in repetition 409
tcp_ping received 384 bytes back
Round trip time was 0.007767 milliseconds in repetition 410
tcp_ping received 384 bytes back
Round trip time was 0.007698 milliseconds in repetition 411
tcp_ping received 384 bytes back
Round trip time was 0.007834 milliseconds in repetition 412
tcp_ping received 384 bytes back
Round trip time was 0.007619 milliseconds in repetition 413
tcp_ping received 384 bytes back
Round trip time was 0.007705 milliseconds in repetition 414
tcp_ping received 384 bytes back
Round trip time was 0.007595 milliseconds in repetition 415
tcp_ping received 384 bytes back
Round trip time was 0.007788 milliseconds in repetition 416
tcp_ping received 384 bytes back
Round trip time was 0.007606 milliseconds in repetition 417
tcp_ping received 384 bytes back
Round trip time was 0.007762 milliseconds in repetition 418
tcp_ping received 384 bytes back
Round trip time was 0.007648 milliseconds in repetition 419
tcp_ping received 384 bytes back
Round trip time was 0.007748 milliseconds in repetition 420
tcp_ping received 384 bytes back
Round trip time was 0.00763 milliseconds in repetition 421
tcp_ping received 384 bytes back
Round trip time was 0.007561 milliseconds in repetition 422
tcp_ping received 384 bytes back
Round trip time was 0.00762 milliseconds in repetition 423
tcp_ping received 384 bytes back
Round trip time was 0.007725 milliseconds in repetition 424
tcp_ping received 384 bytes back
Round trip time was 0.007801 milliseconds in repetition 425
tcp_ping received 384 bytes back
Round trip time was 0.007705 milliseconds in repetition 426
tcp_ping received 384 bytes back
Round trip time was 0.007652 milliseconds in repetition 427
tcp_ping received 384 bytes back
Round trip time was 0.007854 milliseconds in repetition 428
tcp_ping received 384 bytes back
Round trip time was 0.007819 milliseconds in repetition 429
tcp_ping received 384 bytes back
Round trip time was 0.007722 milliseconds in repetition 430
tcp_ping received 384 bytes back
Round trip time was 0.007771 milliseconds in repetition 431
tcp_ping received 384 bytes back
Round trip time was 0.007642 milliseconds in repetition 432
tcp_ping received 384 bytes back
Round trip time was 0.007547 milliseconds in repetition 433
tcp_ping received 384 bytes back
Round trip time was 0.007603 milliseconds in repetition 434
tcp_ping received 384 bytes back
Round trip time was 0.007747 milliseconds in repetition 435
tcp_ping received 384 bytes back
Round trip time was 0.007708 milliseconds in repetition 436
tcp_ping received 384 bytes back
Round trip time was 0.007763 milliseconds in repetition 437
tcp_ping received 384 bytes back
Round trip time was 0.007686 milliseconds in repetition 438
tcp_ping received 384 bytes back
Round trip time was 0.007633 milliseconds in repetition 439
tcp_ping received 384 bytes back
Round trip time was 0.007737 milliseconds in repetition 440
tcp_ping received 384 bytes back
Round trip time was 0.007714 milliseconds in repetition 441
tcp_ping received 384 bytes back
Round trip time was 0.010025 milliseconds in repetition 442
tcp_ping received 384 bytes back
Round trip time was 0.007795 milliseconds in repetition 443
tcp_ping received 384 bytes back
Round trip time was 0.007709 milliseconds in repetition 444
tcp_ping received 384 bytes back
Round trip time was 0.007754 milliseconds in repetition 445
tcp_ping received 384 bytes back
Round trip time was 0.007699 milliseconds in repetition 446
tcp_ping received 384 bytes back
Round trip time was 0.007614 milliseconds in repetition 447
tcp_ping received 384 bytes back
Round trip time was 0.007649 milliseconds in repetition 448
tcp_ping received 384 bytes back
Round trip time was 0.007722 milliseconds in repetition 449
tcp_ping received 384 bytes back
Round trip time was 0.007771 milliseconds in repetition 450
tcp_ping received 384 bytes back
Round trip time was 0.007717 milliseconds in repetition 451
tcp_ping received 384 bytes back
Round trip time was 0.007763 milliseconds in repetition 452
tcp_ping received 384 bytes back
Round trip time was 0.007676 milliseconds in repetition 453
tcp_ping received 384 bytes back
Round trip time was 0.007746 milliseconds in repetition 454
tcp_ping received 384 bytes back
Round trip time was 0.007848 milliseconds in repetition 455
tcp_ping received 384 bytes back
Round trip time was 0.007752 milliseconds in repetition 456
tcp_ping received 384 bytes back
Round trip time was 0.007713 milliseconds in repetition 457
tcp_ping received 384 bytes back
Round trip time was 0.007709 milliseconds in repetition 458
tcp_ping received 384 bytes back
Round trip time was 0.007721 milliseconds in repetition 459
tcp_ping received 384 bytes back
Round trip time was 0.007729 milliseconds in repetition 460
tcp_ping received 384 bytes back
Round trip time was 0.007712 milliseconds in repetition 461
tcp_ping received 384 bytes back
Round trip time was 0.007762 milliseconds in repetition 462
tcp_ping received 384 bytes back
Round trip time was 0.007672 milliseconds in repetition 463
tcp_ping received 384 bytes back
Round trip time was 0.007722 milliseconds in repetition 464
tcp_ping received 384 bytes back
Round trip time was 0.007662 milliseconds in repetition 465
tcp_ping received 384 bytes back
Round trip time was 0.007748 milliseconds in repetition 466
tcp_ping received 384 bytes back
Round trip time was 0.00762 milliseconds in repetition 467
tcp_ping received 384 bytes back
Round trip time was 0.007713 milliseconds in repetition 468
tcp_ping received 384 bytes back
Round trip time was 0.007619 milliseconds in repetition 469
tcp_ping received 384 bytes back
Round trip time was 0.00769 milliseconds in repetition 470
tcp_ping received 384 bytes back
Round trip time was 0.007591 milliseconds in repetition 471
tcp_ping received 384 bytes back
Round trip time was 0.007687 milliseconds in repetition 472
tcp_ping received 384 bytes back
Round trip time was 0.007959 milliseconds in repetition 473
tcp_ping received 384 bytes back
Round trip time was 0.00767 milliseconds in repetition 474
tcp_ping received 384 bytes back
Round trip time was 0.007706 milliseconds in repetition 475
tcp_ping received 384 bytes back
Round trip time was 0.007887 milliseconds in repetition 476
tcp_ping received 384 bytes back
Round trip time was 0.00778 milliseconds in repetition 477
tcp_ping received 384 bytes back
Round trip time was 0.007769 milliseconds in repetition 478
tcp_ping received 384 bytes back
Round trip time was 0.007642 milliseconds in repetition 479
tcp_ping received 384 bytes back
Round trip time was 0.007781 milliseconds in repetition 480
tcp_ping received 384 bytes back
Round trip time was 0.007694 milliseconds in repetition 481
tcp_ping received 384 bytes back
Round trip time was 0.007623 milliseconds in repetition 482
tcp_ping received 384 bytes back
Round trip time was 0.007696 milliseconds in repetition 483
tcp_ping received 384 bytes back
Round trip time was 0.007679 milliseconds in repetition 484
tcp_ping received 384 bytes back
Round trip time was 0.007688 milliseconds in repetition 485
tcp_ping received 384 bytes back
Round trip time was 0.010236 milliseconds in repetition 486
tcp_ping received 384 bytes back
Round trip time was 0.008094 milliseconds in repetition 487
tcp_ping received 384 bytes back
Round trip time was 0.007839 milliseconds in repetition 488
tcp_ping received 384 bytes back
Round trip time was 0.007648 milliseconds in repetition 489
tcp_ping received 384 bytes back
Round trip time was 0.007729 milliseconds in repetition 490
tcp_ping received 384 bytes back
Round trip time was 0.0077 milliseconds in repetition 491
tcp_ping received 384 bytes back
Round trip time was 0.007702 milliseconds in repetition 492
tcp_ping received 384 bytes back
Round trip time was 0.007675 milliseconds in repetition 493
tcp_ping received 384 bytes back
Round trip time was 0.007705 milliseconds in repetition 494
tcp_ping received 384 bytes back
Round trip time was 0.00762 milliseconds in repetition 495
tcp_ping received 384 bytes back
Round trip time was 0.00763 milliseconds in repetition 496
tcp_ping received 384 bytes back
Round trip time was 0.007696 milliseconds in repetition 497
tcp_ping received 384 bytes back
Round trip time was 0.007721 milliseconds in repetition 498
tcp_ping received 384 bytes back
Round trip time was 0.007539 milliseconds in repetition 499
tcp_ping received 384 bytes back
Round trip time was 0.007772 milliseconds in repetition 500
tcp_ping received 384 bytes back
Round trip time was 0.007805 milliseconds in repetition 501

 ... clock resolution was 1e-06
TCP Ping:  Statistics over 501 repetitions of 384 byte messages

RTT : percentile 10: 0.007595, median: 0.007698, percentile 90: 0.007849, average: 0.00783265, variance: 5.78204e-07

RTT histogram:
0.0074855 313
0.00796185 168
0.0084382 2
0.00891455 2
0.0093909 1
0.00986725 2
0.0103436 1
0.01082 6
0.0112963 3
0.0117727 0
0.012249 0
0.0127254 1
0.0132017 0
0.0136781 0
0.0141544 0
0.0146308 0
0.0151071 1
0.0155835 0
0.0160598 0
0.0165362 0
0.0170125 1

   median Throughput : 99766.2 KB/s   overall Throughput : 98051.1 KB/s

