TCP Ping trying to connect to server localhost (127.0.0.1) on port 1491
 ... connected to Pong server: asking for 501 repetitions of 256 bytes TCP messages
 ... Pong server agreed :-)
tcp_ping received 256 bytes back
Round trip time was 0.018057 milliseconds in repetition 1
tcp_ping received 256 bytes back
Round trip time was 0.008876 milliseconds in repetition 2
tcp_ping received 256 bytes back
Round trip time was 0.007678 milliseconds in repetition 3
tcp_ping received 256 bytes back
Round trip time was 0.007703 milliseconds in repetition 4
tcp_ping received 256 bytes back
Round trip time was 0.007577 milliseconds in repetition 5
tcp_ping received 256 bytes back
Round trip time was 0.007495 milliseconds in repetition 6
tcp_ping received 256 bytes back
Round trip time was 0.00739 milliseconds in repetition 7
tcp_ping received 256 bytes back
Round trip time was 0.007453 milliseconds in repetition 8
tcp_ping received 256 bytes back
Round trip time was 0.007613 milliseconds in repetition 9
tcp_ping received 256 bytes back
Round trip time was 0.007605 milliseconds in repetition 10
tcp_ping received 256 bytes back
Round trip time was 0.007365 milliseconds in repetition 11
tcp_ping received 256 bytes back
Round trip time was 0.007291 milliseconds in repetition 12
tcp_ping received 256 bytes back
Round trip time was 0.007258 milliseconds in repetition 13
tcp_ping received 256 bytes back
Round trip time was 0.00743 milliseconds in repetition 14
tcp_ping received 256 bytes back
Round trip time was 0.007306 milliseconds in repetition 15
tcp_ping received 256 bytes back
Round trip time was 0.007292 milliseconds in repetition 16
tcp_ping received 256 bytes back
Round trip time was 0.007241 milliseconds in repetition 17
tcp_ping received 256 bytes back
Round trip time was 0.007236 milliseconds in repetition 18
tcp_ping received 256 bytes back
Round trip time was 0.007506 milliseconds in repetition 19
tcp_ping received 256 bytes back
Round trip time was 0.007428 milliseconds in repetition 20
tcp_ping received 256 bytes back
Round trip time was 0.007376 milliseconds in repetition 21
tcp_ping received 256 bytes back
Round trip time was 0.007307 milliseconds in repetition 22
tcp_ping received 256 bytes back
Round trip time was 0.007469 milliseconds in repetition 23
tcp_ping received 256 bytes back
Round trip time was 0.007291 milliseconds in repetition 24
tcp_ping received 256 bytes back
Round trip time was 0.007437 milliseconds in repetition 25
tcp_ping received 256 bytes back
Round trip time was 0.007184 milliseconds in repetition 26
tcp_ping received 256 bytes back
Round trip time was 0.007323 milliseconds in repetition 27
tcp_ping received 256 bytes back
Round trip time was 0.007285 milliseconds in repetition 28
tcp_ping received 256 bytes back
Round trip time was 0.007366 milliseconds in repetition 29
tcp_ping received 256 bytes back
Round trip time was 0.007538 milliseconds in repetition 30
tcp_ping received 256 bytes back
Round trip time was 0.007503 milliseconds in repetition 31
tcp_ping received 256 bytes back
Round trip time was 0.007389 milliseconds in repetition 32
tcp_ping received 256 bytes back
Round trip time was 0.007304 milliseconds in repetition 33
tcp_ping received 256 bytes back
Round trip time was 0.007188 milliseconds in repetition 34
tcp_ping received 256 bytes back
Round trip time was 0.007365 milliseconds in repetition 35
tcp_ping received 256 bytes back
Round trip time was 0.00742 milliseconds in repetition 36
tcp_ping received 256 bytes back
Round trip time was 0.007503 milliseconds in repetition 37
tcp_ping received 256 bytes back
Round trip time was 0.007402 milliseconds in repetition 38
tcp_ping received 256 bytes back
Round trip time was 0.007336 milliseconds in repetition 39
tcp_ping received 256 bytes back
Round trip time was 0.007341 milliseconds in repetition 40
tcp_ping received 256 bytes back
Round trip time was 0.007366 milliseconds in repetition 41
tcp_ping received 256 bytes back
Round trip time was 0.00734 milliseconds in repetition 42
tcp_ping received 256 bytes back
Round trip time was 0.007331 milliseconds in repetition 43
tcp_ping received 256 bytes back
Round trip time was 0.016271 milliseconds in repetition 44
tcp_ping received 256 bytes back
Round trip time was 0.010081 milliseconds in repetition 45
tcp_ping received 256 bytes back
Round trip time was 0.009422 milliseconds in repetition 46
tcp_ping received 256 bytes back
Round trip time was 0.009219 milliseconds in repetition 47
tcp_ping received 256 bytes back
Round trip time was 0.009485 milliseconds in repetition 48
tcp_ping received 256 bytes back
Round trip time was 0.009229 milliseconds in repetition 49
tcp_ping received 256 bytes back
Round trip time was 0.013786 milliseconds in repetition 50
tcp_ping received 256 bytes back
Round trip time was 0.011543 milliseconds in repetition 51
tcp_ping received 256 bytes back
Round trip time was 0.009436 milliseconds in repetition 52
tcp_ping received 256 bytes back
Round trip time was 0.00764 milliseconds in repetition 53
tcp_ping received 256 bytes back
Round trip time was 0.007514 milliseconds in repetition 54
tcp_ping received 256 bytes back
Round trip time was 0.007415 milliseconds in repetition 55
tcp_ping received 256 bytes back
Round trip time was 0.007411 milliseconds in repetition 56
tcp_ping received 256 bytes back
Round trip time was 0.007515 milliseconds in repetition 57
tcp_ping received 256 bytes back
Round trip time was 0.007382 milliseconds in repetition 58
tcp_ping received 256 bytes back
Round trip time was 0.007274 milliseconds in repetition 59
tcp_ping received 256 bytes back
Round trip time was 0.007287 milliseconds in repetition 60
tcp_ping received 256 bytes back
Round trip time was 0.007238 milliseconds in repetition 61
tcp_ping received 256 bytes back
Round trip time was 0.007177 milliseconds in repetition 62
tcp_ping received 256 bytes back
Round trip time was 0.007528 milliseconds in repetition 63
tcp_ping received 256 bytes back
Round trip time was 0.007346 milliseconds in repetition 64
tcp_ping received 256 bytes back
Round trip time was 0.00724 milliseconds in repetition 65
tcp_ping received 256 bytes back
Round trip time was 0.007221 milliseconds in repetition 66
tcp_ping received 256 bytes back
Round trip time was 0.007228 milliseconds in repetition 67
tcp_ping received 256 bytes back
Round trip time was 0.007293 milliseconds in repetition 68
tcp_ping received 256 bytes back
Round trip time was 0.007323 milliseconds in repetition 69
tcp_ping received 256 bytes back
Round trip time was 0.007407 milliseconds in repetition 70
tcp_ping received 256 bytes back
Round trip time was 0.007347 milliseconds in repetition 71
tcp_ping received 256 bytes back
Round trip time was 0.007283 milliseconds in repetition 72
tcp_ping received 256 bytes back
Round trip time was 0.007409 milliseconds in repetition 73
tcp_ping received 256 bytes back
Round trip time was 0.007294 milliseconds in repetition 74
tcp_ping received 256 bytes back
Round trip time was 0.007231 milliseconds in repetition 75
tcp_ping received 256 bytes back
Round trip time was 0.00722 milliseconds in repetition 76
tcp_ping received 256 bytes back
Round trip time was 0.007268 milliseconds in repetition 77
tcp_ping received 256 bytes back
Round trip time was 0.007264 milliseconds in repetition 78
tcp_ping received 256 bytes back
Round trip time was 0.007361 milliseconds in repetition 79
tcp_ping received 256 bytes back
Round trip time was 0.007245 milliseconds in repetition 80
tcp_ping received 256 bytes back
Round trip time was 0.007217 milliseconds in repetition 81
tcp_ping received 256 bytes back
Round trip time was 0.007228 milliseconds in repetition 82
tcp_ping received 256 bytes back
Round trip time was 0.007257 milliseconds in repetition 83
tcp_ping received 256 bytes back
Round trip time was 0.00732 milliseconds in repetition 84
tcp_ping received 256 bytes back
Round trip time was 0.007233 milliseconds in repetition 85
tcp_ping received 256 bytes back
Round trip time was 0.007365 milliseconds in repetition 86
tcp_ping received 256 bytes back
Round trip time was 0.007306 milliseconds in repetition 87
tcp_ping received 256 bytes back
Round trip time was 0.007305 milliseconds in repetition 88
tcp_ping received 256 bytes back
Round trip time was 0.011509 milliseconds in repetition 89
tcp_ping received 256 bytes back
Round trip time was 0.008194 milliseconds in repetition 90
tcp_ping received 256 bytes back
Round trip time was 0.007626 milliseconds in repetition 91
tcp_ping received 256 bytes back
Round trip time was 0.007472 milliseconds in repetition 92
tcp_ping received 256 bytes back
Round trip time was 0.007454 milliseconds in repetition 93
tcp_ping received 256 bytes back
Round trip time was 0.007373 milliseconds in repetition 94
tcp_ping received 256 bytes back
Round trip time was 0.007392 milliseconds in repetition 95
tcp_ping received 256 bytes back
Round trip time was 0.007277 milliseconds in repetition 96
tcp_ping received 256 bytes back
Round trip time was 0.007358 milliseconds in repetition 97
tcp_ping received 256 bytes back
Round trip time was 0.007429 milliseconds in repetition 98
tcp_ping received 256 bytes back
Round trip time was 0.007361 milliseconds in repetition 99
tcp_ping received 256 bytes back
Round trip time was 0.007386 milliseconds in repetition 100
tcp_ping received 256 bytes back
Round trip time was 0.007291 milliseconds in repetition 101
tcp_ping received 256 bytes back
Round trip time was 0.007325 milliseconds in repetition 102
tcp_ping received 256 bytes back
Round trip time was 0.007433 milliseconds in repetition 103
tcp_ping received 256 bytes back
Round trip time was 0.007408 milliseconds in repetition 104
tcp_ping received 256 bytes back
Round trip time was 0.007465 milliseconds in repetition 105
tcp_ping received 256 bytes back
Round trip time was 0.007443 milliseconds in repetition 106
tcp_ping received 256 bytes back
Round trip time was 0.007194 milliseconds in repetition 107
tcp_ping received 256 bytes back
Round trip time was 0.007477 milliseconds in repetition 108
tcp_ping received 256 bytes back
Round trip time was 0.007282 milliseconds in repetition 109
tcp_ping received 256 bytes back
Round trip time was 0.007229 milliseconds in repetition 110
tcp_ping received 256 bytes back
Round trip time was 0.007305 milliseconds in repetition 111
tcp_ping received 256 bytes back
Round trip time was 0.007421 milliseconds in repetition 112
tcp_ping received 256 bytes back
Round trip time was 0.007345 milliseconds in repetition 113
tcp_ping received 256 bytes back
Round trip time was 0.007446 milliseconds in repetition 114
tcp_ping received 256 bytes back
Round trip time was 0.007407 milliseconds in repetition 115
tcp_ping received 256 bytes back
Round trip time was 0.0074 milliseconds in repetition 116
tcp_ping received 256 bytes back
Round trip time was 0.007417 milliseconds in repetition 117
tcp_ping received 256 bytes back
Round trip time was 0.007438 milliseconds in repetition 118
tcp_ping received 256 bytes back
Round trip time was 0.007256 milliseconds in repetition 119
tcp_ping received 256 bytes back
Round trip time was 0.007355 milliseconds in repetition 120
tcp_ping received 256 bytes back
Round trip time was 0.007355 milliseconds in repetition 121
tcp_ping received 256 bytes back
Round trip time was 0.00733 milliseconds in repetition 122
tcp_ping received 256 bytes back
Round trip time was 0.007467 milliseconds in repetition 123
tcp_ping received 256 bytes back
Round trip time was 0.007304 milliseconds in repetition 124
tcp_ping received 256 bytes back
Round trip time was 0.007289 milliseconds in repetition 125
tcp_ping received 256 bytes back
Round trip time was 0.007362 milliseconds in repetition 126
tcp_ping received 256 bytes back
Round trip time was 0.007352 milliseconds in repetition 127
tcp_ping received 256 bytes back
Round trip time was 0.007427 milliseconds in repetition 128
tcp_ping received 256 bytes back
Round trip time was 0.007405 milliseconds in repetition 129
tcp_ping received 256 bytes back
Round trip time was 0.007356 milliseconds in repetition 130
tcp_ping received 256 bytes back
Round trip time was 0.007453 milliseconds in repetition 131
tcp_ping received 256 bytes back
Round trip time was 0.007379 milliseconds in repetition 132
tcp_ping received 256 bytes back
Round trip time was 0.010785 milliseconds in repetition 133
tcp_ping received 256 bytes back
Round trip time was 0.007952 milliseconds in repetition 134
tcp_ping received 256 bytes back
Round trip time was 0.007433 milliseconds in repetition 135
tcp_ping received 256 bytes back
Round trip time was 0.007511 milliseconds in repetition 136
tcp_ping received 256 bytes back
Round trip time was 0.007353 milliseconds in repetition 137
tcp_ping received 256 bytes back
Round trip time was 0.007456 milliseconds in repetition 138
tcp_ping received 256 bytes back
Round trip time was 0.007282 milliseconds in repetition 139
tcp_ping received 256 bytes back
Round trip time was 0.007382 milliseconds in repetition 140
tcp_ping received 256 bytes back
Round trip time was 0.007396 milliseconds in repetition 141
tcp_ping received 256 bytes back
Round trip time was 0.007325 milliseconds in repetition 142
tcp_ping received 256 bytes back
Round trip time was 0.007486 milliseconds in repetition 143
tcp_ping received 256 bytes back
Round trip time was 0.007326 milliseconds in repetition 144
tcp_ping received 256 bytes back
Round trip time was 0.007402 milliseconds in repetition 145
tcp_ping received 256 bytes back
Round trip time was 0.00732 milliseconds in repetition 146
tcp_ping received 256 bytes back
Round trip time was 0.007485 milliseconds in repetition 147
tcp_ping received 256 bytes back
Round trip time was 0.007501 milliseconds in repetition 148
tcp_ping received 256 bytes back
Round trip time was 0.007332 milliseconds in repetition 149
tcp_ping received 256 bytes back
Round trip time was 0.007497 milliseconds in repetition 150
tcp_ping received 256 bytes back
Round trip time was 0.007434 milliseconds in repetition 151
tcp_ping received 256 bytes back
Round trip time was 0.007365 milliseconds in repetition 152
tcp_ping received 256 bytes back
Round trip time was 0.007361 milliseconds in repetition 153
tcp_ping received 256 bytes back
Round trip time was 0.007383 milliseconds in repetition 154
tcp_ping received 256 bytes back
Round trip time was 0.007424 milliseconds in repetition 155
tcp_ping received 256 bytes back
Round trip time was 0.007285 milliseconds in repetition 156
tcp_ping received 256 bytes back
Round trip time was 0.007299 milliseconds in repetition 157
tcp_ping received 256 bytes back
Round trip time was 0.007333 milliseconds in repetition 158
tcp_ping received 256 bytes back
Round trip time was 0.007481 milliseconds in repetition 159
tcp_ping received 256 bytes back
Round trip time was 0.007409 milliseconds in repetition 160
tcp_ping received 256 bytes back
Round trip time was 0.007437 milliseconds in repetition 161
tcp_ping received 256 bytes back
Round trip time was 0.007324 milliseconds in repetition 162
tcp_ping received 256 bytes back
Round trip time was 0.007444 milliseconds in repetition 163
tcp_ping received 256 bytes back
Round trip time was 0.007272 milliseconds in repetition 164
tcp_ping received 256 bytes back
Round trip time was 0.007424 milliseconds in repetition 165
tcp_ping received 256 bytes back
Round trip time was 0.007372 milliseconds in repetition 166
tcp_ping received 256 bytes back
Round trip time was 0.007416 milliseconds in repetition 167
tcp_ping received 256 bytes back
Round trip time was 0.00746 milliseconds in repetition 168
tcp_ping received 256 bytes back
Round trip time was 0.007409 milliseconds in repetition 169
tcp_ping received 256 bytes back
Round trip time was 0.007403 milliseconds in repetition 170
tcp_ping received 256 bytes back
Round trip time was 0.007208 milliseconds in repetition 171
tcp_ping received 256 bytes back
Round trip time was 0.007238 milliseconds in repetition 172
tcp_ping received 256 bytes back
Round trip time was 0.007482 milliseconds in repetition 173
tcp_ping received 256 bytes back
Round trip time was 0.007297 milliseconds in repetition 174
tcp_ping received 256 bytes back
Round trip time was 0.007518 milliseconds in repetition 175
tcp_ping received 256 bytes back
Round trip time was 0.007426 milliseconds in repetition 176
tcp_ping received 256 bytes back
Round trip time was 0.011155 milliseconds in repetition 177
tcp_ping received 256 bytes back
Round trip time was 0.007861 milliseconds in repetition 178
tcp_ping received 256 bytes back
Round trip time was 0.007384 milliseconds in repetition 179
tcp_ping received 256 bytes back
Round trip time was 0.00733 milliseconds in repetition 180
tcp_ping received 256 bytes back
Round trip time was 0.007303 milliseconds in repetition 181
tcp_ping received 256 bytes back
Round trip time was 0.007352 milliseconds in repetition 182
tcp_ping received 256 bytes back
Round trip time was 0.007515 milliseconds in repetition 183
tcp_ping received 256 bytes back
Round trip time was 0.007315 milliseconds in repetition 184
tcp_ping received 256 bytes back
Round trip time was 0.00732 milliseconds in repetition 185
tcp_ping received 256 bytes back
Round trip time was 0.007264 milliseconds in repetition 186
tcp_ping received 256 bytes back
Round trip time was 0.007327 milliseconds in repetition 187
tcp_ping received 256 bytes back
Round trip time was 0.007348 milliseconds in repetition 188
tcp_ping received 256 bytes back
Round trip time was 0.007459 milliseconds in repetition 189
tcp_ping received 256 bytes back
Round trip time was 0.007398 milliseconds in repetition 190
tcp_ping received 256 bytes back
Round trip time was 0.11809 milliseconds in repetition 191
tcp_ping received 256 bytes back
Round trip time was 0.013931 milliseconds in repetition 192
tcp_ping received 256 bytes back
Round trip time was 0.0142 milliseconds in repetition 193
tcp_ping received 256 bytes back
Round trip time was 0.010279 milliseconds in repetition 194
tcp_ping received 256 bytes back
Round trip time was 0.0123 milliseconds in repetition 195
tcp_ping received 256 bytes back
Round trip time was 0.010986 milliseconds in repetition 196
tcp_ping received 256 bytes back
Round trip time was 0.011052 milliseconds in repetition 197
tcp_ping received 256 bytes back
Round trip time was 0.010474 milliseconds in repetition 198
tcp_ping received 256 bytes back
Round trip time was 0.0091 milliseconds in repetition 199
tcp_ping received 256 bytes back
Round trip time was 0.008958 milliseconds in repetition 200
tcp_ping received 256 bytes back
Round trip time was 0.010185 milliseconds in repetition 201
tcp_ping received 256 bytes back
Round trip time was 0.009604 milliseconds in repetition 202
tcp_ping received 256 bytes back
Round trip time was 0.009913 milliseconds in repetition 203
tcp_ping received 256 bytes back
Round trip time was 0.008743 milliseconds in repetition 204
tcp_ping received 256 bytes back
Round trip time was 0.009143 milliseconds in repetition 205
tcp_ping received 256 bytes back
Round trip time was 0.008776 milliseconds in repetition 206
tcp_ping received 256 bytes back
Round trip time was 0.009112 milliseconds in repetition 207
tcp_ping received 256 bytes back
Round trip time was 0.008946 milliseconds in repetition 208
tcp_ping received 256 bytes back
Round trip time was 0.009109 milliseconds in repetition 209
tcp_ping received 256 bytes back
Round trip time was 0.009282 milliseconds in repetition 210
tcp_ping received 256 bytes back
Round trip time was 0.009189 milliseconds in repetition 211
tcp_ping received 256 bytes back
Round trip time was 0.009083 milliseconds in repetition 212
tcp_ping received 256 bytes back
Round trip time was 0.008812 milliseconds in repetition 213
tcp_ping received 256 bytes back
Round trip time was 0.009294 milliseconds in repetition 214
tcp_ping received 256 bytes back
Round trip time was 0.009295 milliseconds in repetition 215
tcp_ping received 256 bytes back
Round trip time was 0.009246 milliseconds in repetition 216
tcp_ping received 256 bytes back
Round trip time was 0.010139 milliseconds in repetition 217
tcp_ping received 256 bytes back
Round trip time was 0.009596 milliseconds in repetition 218
tcp_ping received 256 bytes back
Round trip time was 0.009654 milliseconds in repetition 219
tcp_ping received 256 bytes back
Round trip time was 0.009548 milliseconds in repetition 220
tcp_ping received 256 bytes back
Round trip time was 0.027747 milliseconds in repetition 221
tcp_ping received 256 bytes back
Round trip time was 0.011445 milliseconds in repetition 222
tcp_ping received 256 bytes back
Round trip time was 0.01078 milliseconds in repetition 223
tcp_ping received 256 bytes back
Round trip time was 0.010965 milliseconds in repetition 224
tcp_ping received 256 bytes back
Round trip time was 0.009778 milliseconds in repetition 225
tcp_ping received 256 bytes back
Round trip time was 0.010248 milliseconds in repetition 226
tcp_ping received 256 bytes back
Round trip time was 0.009967 milliseconds in repetition 227
tcp_ping received 256 bytes back
Round trip time was 0.009871 milliseconds in repetition 228
tcp_ping received 256 bytes back
Round trip time was 0.010266 milliseconds in repetition 229
tcp_ping received 256 bytes back
Round trip time was 0.009135 milliseconds in repetition 230
tcp_ping received 256 bytes back
Round trip time was 0.009374 milliseconds in repetition 231
tcp_ping received 256 bytes back
Round trip time was 0.009211 milliseconds in repetition 232
tcp_ping received 256 bytes back
Round trip time was 0.009458 milliseconds in repetition 233
tcp_ping received 256 bytes back
Round trip time was 0.009299 milliseconds in repetition 234
tcp_ping received 256 bytes back
Round trip time was 0.009433 milliseconds in repetition 235
tcp_ping received 256 bytes back
Round trip time was 0.009386 milliseconds in repetition 236
tcp_ping received 256 bytes back
Round trip time was 0.009788 milliseconds in repetition 237
tcp_ping received 256 bytes back
Round trip time was 0.009577 milliseconds in repetition 238
tcp_ping received 256 bytes back
Round trip time was 0.009801 milliseconds in repetition 239
tcp_ping received 256 bytes back
Round trip time was 0.01002 milliseconds in repetition 240
tcp_ping received 256 bytes back
Round trip time was 0.009013 milliseconds in repetition 241
tcp_ping received 256 bytes back
Round trip time was 0.008834 milliseconds in repetition 242
tcp_ping received 256 bytes back
Round trip time was 0.009316 milliseconds in repetition 243
tcp_ping received 256 bytes back
Round trip time was 0.009716 milliseconds in repetition 244
tcp_ping received 256 bytes back
Round trip time was 0.00952 milliseconds in repetition 245
tcp_ping received 256 bytes back
Round trip time was 0.009553 milliseconds in repetition 246
tcp_ping received 256 bytes back
Round trip time was 0.009612 milliseconds in repetition 247
tcp_ping received 256 bytes back
Round trip time was 0.009259 milliseconds in repetition 248
tcp_ping received 256 bytes back
Round trip time was 0.009874 milliseconds in repetition 249
tcp_ping received 256 bytes back
Round trip time was 0.009325 milliseconds in repetition 250
tcp_ping received 256 bytes back
Round trip time was 0.009797 milliseconds in repetition 251
tcp_ping received 256 bytes back
Round trip time was 0.009459 milliseconds in repetition 252
tcp_ping received 256 bytes back
Round trip time was 0.00962 milliseconds in repetition 253
tcp_ping received 256 bytes back
Round trip time was 0.009437 milliseconds in repetition 254
tcp_ping received 256 bytes back
Round trip time was 0.008894 milliseconds in repetition 255
tcp_ping received 256 bytes back
Round trip time was 0.010573 milliseconds in repetition 256
tcp_ping received 256 bytes back
Round trip time was 0.013171 milliseconds in repetition 257
tcp_ping received 256 bytes back
Round trip time was 0.010187 milliseconds in repetition 258
tcp_ping received 256 bytes back
Round trip time was 0.009909 milliseconds in repetition 259
tcp_ping received 256 bytes back
Round trip time was 0.010204 milliseconds in repetition 260
tcp_ping received 256 bytes back
Round trip time was 0.009933 milliseconds in repetition 261
tcp_ping received 256 bytes back
Round trip time was 0.009492 milliseconds in repetition 262
tcp_ping received 256 bytes back
Round trip time was 0.009622 milliseconds in repetition 263
tcp_ping received 256 bytes back
Round trip time was 0.009979 milliseconds in repetition 264
tcp_ping received 256 bytes back
Round trip time was 0.021181 milliseconds in repetition 265
tcp_ping received 256 bytes back
Round trip time was 0.010824 milliseconds in repetition 266
tcp_ping received 256 bytes back
Round trip time was 0.00953 milliseconds in repetition 267
tcp_ping received 256 bytes back
Round trip time was 0.009531 milliseconds in repetition 268
tcp_ping received 256 bytes back
Round trip time was 0.009626 milliseconds in repetition 269
tcp_ping received 256 bytes back
Round trip time was 0.009771 milliseconds in repetition 270
tcp_ping received 256 bytes back
Round trip time was 0.009389 milliseconds in repetition 271
tcp_ping received 256 bytes back
Round trip time was 0.009527 milliseconds in repetition 272
tcp_ping received 256 bytes back
Round trip time was 0.009672 milliseconds in repetition 273
tcp_ping received 256 bytes back
Round trip time was 0.009741 milliseconds in repetition 274
tcp_ping received 256 bytes back
Round trip time was 0.009465 milliseconds in repetition 275
tcp_ping received 256 bytes back
Round trip time was 0.00935 milliseconds in repetition 276
tcp_ping received 256 bytes back
Round trip time was 0.009666 milliseconds in repetition 277
tcp_ping received 256 bytes back
Round trip time was 0.009382 milliseconds in repetition 278
tcp_ping received 256 bytes back
Round trip time was 0.009925 milliseconds in repetition 279
tcp_ping received 256 bytes back
Round trip time was 0.009237 milliseconds in repetition 280
tcp_ping received 256 bytes back
Round trip time was 0.009152 milliseconds in repetition 281
tcp_ping received 256 bytes back
Round trip time was 0.009832 milliseconds in repetition 282
tcp_ping received 256 bytes back
Round trip time was 0.010035 milliseconds in repetition 283
tcp_ping received 256 bytes back
Round trip time was 0.010137 milliseconds in repetition 284
tcp_ping received 256 bytes back
Round trip time was 0.009518 milliseconds in repetition 285
tcp_ping received 256 bytes back
Round trip time was 0.009674 milliseconds in repetition 286
tcp_ping received 256 bytes back
Round trip time was 0.009615 milliseconds in repetition 287
tcp_ping received 256 bytes back
Round trip time was 0.008786 milliseconds in repetition 288
tcp_ping received 256 bytes back
Round trip time was 0.008423 milliseconds in repetition 289
tcp_ping received 256 bytes back
Round trip time was 0.009168 milliseconds in repetition 290
tcp_ping received 256 bytes back
Round trip time was 0.00877 milliseconds in repetition 291
tcp_ping received 256 bytes back
Round trip time was 0.009365 milliseconds in repetition 292
tcp_ping received 256 bytes back
Round trip time was 0.00942 milliseconds in repetition 293
tcp_ping received 256 bytes back
Round trip time was 0.009441 milliseconds in repetition 294
tcp_ping received 256 bytes back
Round trip time was 0.009604 milliseconds in repetition 295
tcp_ping received 256 bytes back
Round trip time was 0.009337 milliseconds in repetition 296
tcp_ping received 256 bytes back
Round trip time was 0.010416 milliseconds in repetition 297
tcp_ping received 256 bytes back
Round trip time was 0.011285 milliseconds in repetition 298
tcp_ping received 256 bytes back
Round trip time was 0.011207 milliseconds in repetition 299
tcp_ping received 256 bytes back
Round trip time was 0.013154 milliseconds in repetition 300
tcp_ping received 256 bytes back
Round trip time was 0.011636 milliseconds in repetition 301
tcp_ping received 256 bytes back
Round trip time was 0.010277 milliseconds in repetition 302
tcp_ping received 256 bytes back
Round trip time was 0.009669 milliseconds in repetition 303
tcp_ping received 256 bytes back
Round trip time was 0.009981 milliseconds in repetition 304
tcp_ping received 256 bytes back
Round trip time was 0.010381 milliseconds in repetition 305
tcp_ping received 256 bytes back
Round trip time was 0.009603 milliseconds in repetition 306
tcp_ping received 256 bytes back
Round trip time was 0.009863 milliseconds in repetition 307
tcp_ping received 256 bytes back
Round trip time was 0.009621 milliseconds in repetition 308
tcp_ping received 256 bytes back
Round trip time was 0.017579 milliseconds in repetition 309
tcp_ping received 256 bytes back
Round trip time was 0.008566 milliseconds in repetition 310
tcp_ping received 256 bytes back
Round trip time was 0.00764 milliseconds in repetition 311
tcp_ping received 256 bytes back
Round trip time was 0.007549 milliseconds in repetition 312
tcp_ping received 256 bytes back
Round trip time was 0.007406 milliseconds in repetition 313
tcp_ping received 256 bytes back
Round trip time was 0.007248 milliseconds in repetition 314
tcp_ping received 256 bytes back
Round trip time was 0.007369 milliseconds in repetition 315
tcp_ping received 256 bytes back
Round trip time was 0.00739 milliseconds in repetition 316
tcp_ping received 256 bytes back
Round trip time was 0.007315 milliseconds in repetition 317
tcp_ping received 256 bytes back
Round trip time was 0.007402 milliseconds in repetition 318
tcp_ping received 256 bytes back
Round trip time was 0.00746 milliseconds in repetition 319
tcp_ping received 256 bytes back
Round trip time was 0.007371 milliseconds in repetition 320
tcp_ping received 256 bytes back
Round trip time was 0.007311 milliseconds in repetition 321
tcp_ping received 256 bytes back
Round trip time was 0.007311 milliseconds in repetition 322
tcp_ping received 256 bytes back
Round trip time was 0.00734 milliseconds in repetition 323
tcp_ping received 256 bytes back
Round trip time was 0.007284 milliseconds in repetition 324
tcp_ping received 256 bytes back
Round trip time was 0.007472 milliseconds in repetition 325
tcp_ping received 256 bytes back
Round trip time was 0.007261 milliseconds in repetition 326
tcp_ping received 256 bytes back
Round trip time was 0.007212 milliseconds in repetition 327
tcp_ping received 256 bytes back
Round trip time was 0.007262 milliseconds in repetition 328
tcp_ping received 256 bytes back
Round trip time was 0.007269 milliseconds in repetition 329
tcp_ping received 256 bytes back
Round trip time was 0.007287 milliseconds in repetition 330
tcp_ping received 256 bytes back
Round trip time was 0.007242 milliseconds in repetition 331
tcp_ping received 256 bytes back
Round trip time was 0.007311 milliseconds in repetition 332
tcp_ping received 256 bytes back
Round trip time was 0.00716 milliseconds in repetition 333
tcp_ping received 256 bytes back
Round trip time was 0.007162 milliseconds in repetition 334
tcp_ping received 256 bytes back
Round trip time was 0.007377 milliseconds in repetition 335
tcp_ping received 256 bytes back
Round trip time was 0.007339 milliseconds in repetition 336
tcp_ping received 256 bytes back
Round trip time was 0.00727 milliseconds in repetition 337
tcp_ping received 256 bytes back
Round trip time was 0.007436 milliseconds in repetition 338
tcp_ping received 256 bytes back
Round trip time was 0.007496 milliseconds in repetition 339
tcp_ping received 256 bytes back
Round trip time was 0.007287 milliseconds in repetition 340
tcp_ping received 256 bytes back
Round trip time was 0.007353 milliseconds in repetition 341
tcp_ping received 256 bytes back
Round trip time was 0.007225 milliseconds in repetition 342
tcp_ping received 256 bytes back
Round trip time was 0.007155 milliseconds in repetition 343
tcp_ping received 256 bytes back
Round trip time was 0.007225 milliseconds in repetition 344
tcp_ping received 256 bytes back
Round trip time was 0.007318 milliseconds in repetition 345
tcp_ping received 256 bytes back
Round trip time was 0.007314 milliseconds in repetition 346
tcp_ping received 256 bytes back
Round trip time was 0.007421 milliseconds in repetition 347
tcp_ping received 256 bytes back
Round trip time was 0.007225 milliseconds in repetition 348
tcp_ping received 256 bytes back
Round trip time was 0.007282 milliseconds in repetition 349
tcp_ping received 256 bytes back
Round trip time was 0.007218 milliseconds in repetition 350
tcp_ping received 256 bytes back
Round trip time was 0.007308 milliseconds in repetition 351
tcp_ping received 256 bytes back
Round trip time was 0.007202 milliseconds in repetition 352
tcp_ping received 256 bytes back
Round trip time was 0.010865 milliseconds in repetition 353
tcp_ping received 256 bytes back
Round trip time was 0.00775 milliseconds in repetition 354
tcp_ping received 256 bytes back
Round trip time was 0.00748 milliseconds in repetition 355
tcp_ping received 256 bytes back
Round trip time was 0.007344 milliseconds in repetition 356
tcp_ping received 256 bytes back
Round trip time was 0.007276 milliseconds in repetition 357
tcp_ping received 256 bytes back
Round trip time was 0.007798 milliseconds in repetition 358
tcp_ping received 256 bytes back
Round trip time was 0.007329 milliseconds in repetition 359
tcp_ping received 256 bytes back
Round trip time was 0.007327 milliseconds in repetition 360
tcp_ping received 256 bytes back
Round trip time was 0.007233 milliseconds in repetition 361
tcp_ping received 256 bytes back
Round trip time was 0.007144 milliseconds in repetition 362
tcp_ping received 256 bytes back
Round trip time was 0.007197 milliseconds in repetition 363
tcp_ping received 256 bytes back
Round trip time was 0.007217 milliseconds in repetition 364
tcp_ping received 256 bytes back
Round trip time was 0.007345 milliseconds in repetition 365
tcp_ping received 256 bytes back
Round trip time was 0.007388 milliseconds in repetition 366
tcp_ping received 256 bytes back
Round trip time was 0.007546 milliseconds in repetition 367
tcp_ping received 256 bytes back
Round trip time was 0.00745 milliseconds in repetition 368
tcp_ping received 256 bytes back
Round trip time was 0.007465 milliseconds in repetition 369
tcp_ping received 256 bytes back
Round trip time was 0.007423 milliseconds in repetition 370
tcp_ping received 256 bytes back
Round trip time was 0.007186 milliseconds in repetition 371
tcp_ping received 256 bytes back
Round trip time was 0.007349 milliseconds in repetition 372
tcp_ping received 256 bytes back
Round trip time was 0.007365 milliseconds in repetition 373
tcp_ping received 256 bytes back
Round trip time was 0.007475 milliseconds in repetition 374
tcp_ping received 256 bytes back
Round trip time was 0.007181 milliseconds in repetition 375
tcp_ping received 256 bytes back
Round trip time was 0.007296 milliseconds in repetition 376
tcp_ping received 256 bytes back
Round trip time was 0.007261 milliseconds in repetition 377
tcp_ping received 256 bytes back
Round trip time was 0.032702 milliseconds in repetition 378
tcp_ping received 256 bytes back
Round trip time was 0.008328 milliseconds in repetition 379
tcp_ping received 256 bytes back
Round trip time was 0.007563 milliseconds in repetition 380
tcp_ping received 256 bytes back
Round trip time was 0.007557 milliseconds in repetition 381
tcp_ping received 256 bytes back
Round trip time was 0.007442 milliseconds in repetition 382
tcp_ping received 256 bytes back
Round trip time was 0.007413 milliseconds in repetition 383
tcp_ping received 256 bytes back
Round trip time was 0.007368 milliseconds in repetition 384
tcp_ping received 256 bytes back
Round trip time was 0.007344 milliseconds in repetition 385
tcp_ping received 256 bytes back
Round trip time was 0.007446 milliseconds in repetition 386
tcp_ping received 256 bytes back
Round trip time was 0.007305 milliseconds in repetition 387
tcp_ping received 256 bytes back
Round trip time was 0.007411 milliseconds in repetition 388
tcp_ping received 256 bytes back
Round trip time was 0.007472 milliseconds in repetition 389
tcp_ping received 256 bytes back
Round trip time was 0.007255 milliseconds in repetition 390
tcp_ping received 256 bytes back
Round trip time was 0.007393 milliseconds in repetition 391
tcp_ping received 256 bytes back
Round trip time was 0.007204 milliseconds in repetition 392
tcp_ping received 256 bytes back
Round trip time was 0.007404 milliseconds in repetition 393
tcp_ping received 256 bytes back
Round trip time was 0.007355 milliseconds in repetition 394
tcp_ping received 256 bytes back
Round trip time was 0.007353 milliseconds in repetition 395
tcp_ping received 256 bytes back
Round trip time was 0.007421 milliseconds in repetition 396
tcp_ping received 256 bytes back
Round trip time was 0.011022 milliseconds in repetition 397
tcp_ping received 256 bytes back
Round trip time was 0.007987 milliseconds in repetition 398
tcp_ping received 256 bytes back
Round trip time was 0.007636 milliseconds in repetition 399
tcp_ping received 256 bytes back
Round trip time was 0.00743 milliseconds in repetition 400
tcp_ping received 256 bytes back
Round trip time was 0.007309 milliseconds in repetition 401
tcp_ping received 256 bytes back
Round trip time was 0.007481 milliseconds in repetition 402
tcp_ping received 256 bytes back
Round trip time was 0.007447 milliseconds in repetition 403
tcp_ping received 256 bytes back
Round trip time was 0.007341 milliseconds in repetition 404
tcp_ping received 256 bytes back
Round trip time was 0.007497 milliseconds in repetition 405
tcp_ping received 256 bytes back
Round trip time was 0.007315 milliseconds in repetition 406
tcp_ping received 256 bytes back
Round trip time was 0.007346 milliseconds in repetition 407
tcp_ping received 256 bytes back
Round trip time was 0.007348 milliseconds in repetition 408
tcp_ping received 256 bytes back
Round trip time was 0.007454 milliseconds in repetition 409
tcp_ping received 256 bytes back
Round trip time was 0.007281 milliseconds in repetition 410
tcp_ping received 256 bytes back
Round trip time was 0.007289 milliseconds in repetition 411
tcp_ping received 256 bytes back
Round trip time was 0.007189 milliseconds in repetition 412
tcp_ping received 256 bytes back
Round trip time was 0.007286 milliseconds in repetition 413
tcp_ping received 256 bytes back
Round trip time was 0.0073 milliseconds in repetition 414
tcp_ping received 256 bytes back
Round trip time was 0.007401 milliseconds in repetition 415
tcp_ping received 256 bytes back
Round trip time was 0.007407 milliseconds in repetition 416
tcp_ping received 256 bytes back
Round trip time was 0.007834 milliseconds in repetition 417
tcp_ping received 256 bytes back
Round trip time was 0.007567 milliseconds in repetition 418
tcp_ping received 256 bytes back
Round trip time was 0.007323 milliseconds in repetition 419
tcp_ping received 256 bytes back
Round trip time was 0.007293 milliseconds in repetition 420
tcp_ping received 256 bytes back
Round trip time was 0.007268 milliseconds in repetition 421
tcp_ping received 256 bytes back
Round trip time was 0.007327 milliseconds in repetition 422
tcp_ping received 256 bytes back
Round trip time was 0.00743 milliseconds in repetition 423
tcp_ping received 256 bytes back
Round trip time was 0.007246 milliseconds in repetition 424
tcp_ping received 256 bytes back
Round trip time was 0.007446 milliseconds in repetition 425
tcp_ping received 256 bytes back
Round trip time was 0.00737 milliseconds in repetition 426
tcp_ping received 256 bytes back
Round trip time was 0.007264 milliseconds in repetition 427
tcp_ping received 256 bytes back
Round trip time was 0.007319 milliseconds in repetition 428
tcp_ping received 256 bytes back
Round trip time was 0.007424 milliseconds in repetition 429
tcp_ping received 256 bytes back
Round trip time was 0.007353 milliseconds in repetition 430
tcp_ping received 256 bytes back
Round trip time was 0.007508 milliseconds in repetition 431
tcp_ping received 256 bytes back
Round trip time was 0.007532 milliseconds in repetition 432
tcp_ping received 256 bytes back
Round trip time was 0.007245 milliseconds in repetition 433
tcp_ping received 256 bytes back
Round trip time was 0.007447 milliseconds in repetition 434
tcp_ping received 256 bytes back
Round trip time was 0.007273 milliseconds in repetition 435
tcp_ping received 256 bytes back
Round trip time was 0.007351 milliseconds in repetition 436
tcp_ping received 256 bytes back
Round trip time was 0.007349 milliseconds in repetition 437
tcp_ping received 256 bytes back
Round trip time was 0.007323 milliseconds in repetition 438
tcp_ping received 256 bytes back
Round trip time was 0.007403 milliseconds in repetition 439
tcp_ping received 256 bytes back
Round trip time was 0.007247 milliseconds in repetition 440
tcp_ping received 256 bytes back
Round trip time was 0.007326 milliseconds in repetition 441
tcp_ping received 256 bytes back
Round trip time was 0.010234 milliseconds in repetition 442
tcp_ping received 256 bytes back
Round trip time was 0.007703 milliseconds in repetition 443
tcp_ping received 256 bytes back
Round trip time was 0.00743 milliseconds in repetition 444
tcp_ping received 256 bytes back
Round trip time was 0.007429 milliseconds in repetition 445
tcp_ping received 256 bytes back
Round trip time was 0.007282 milliseconds in repetition 446
tcp_ping received 256 bytes back
Round trip time was 0.007523 milliseconds in repetition 447
tcp_ping received 256 bytes back
Round trip time was 0.007331 milliseconds in repetition 448
tcp_ping received 256 bytes back
Round trip time was 0.007218 milliseconds in repetition 449
tcp_ping received 256 bytes back
Round trip time was 0.007287 milliseconds in repetition 450
tcp_ping received 256 bytes back
Round trip time was 0.007319 milliseconds in repetition 451
tcp_ping received 256 bytes back
Round trip time was 0.007457 milliseconds in repetition 452
tcp_ping received 256 bytes back
Round trip time was 0.007269 milliseconds in repetition 453
tcp_ping received 256 bytes back
Round trip time was 0.007186 milliseconds in repetition 454
tcp_ping received 256 bytes back
Round trip time was 0.007297 milliseconds in repetition 455
tcp_ping received 256 bytes back
Round trip time was 0.007209 milliseconds in repetition 456
tcp_ping received 256 bytes back
Round trip time was 0.007309 milliseconds in repetition 457
tcp_ping received 256 bytes back
Round trip time was 0.007423 milliseconds in repetition 458
tcp_ping received 256 bytes back
Round trip time was 0.00729 milliseconds in repetition 459
tcp_ping received 256 bytes back
Round trip time was 0.007244 milliseconds in repetition 460
tcp_ping received 256 bytes back
Round trip time was 0.007143 milliseconds in repetition 461
tcp_ping received 256 bytes back
Round trip time was 0.007346 milliseconds in repetition 462
tcp_ping received 256 bytes back
Round trip time was 0.007366 milliseconds in repetition 463
tcp_ping received 256 bytes back
Round trip time was 0.007296 milliseconds in repetition 464
tcp_ping received 256 bytes back
Round trip time was 0.007376 milliseconds in repetition 465
tcp_ping received 256 bytes back
Round trip time was 0.007473 milliseconds in repetition 466
tcp_ping received 256 bytes back
Round trip time was 0.007289 milliseconds in repetition 467
tcp_ping received 256 bytes back
Round trip time was 0.007268 milliseconds in repetition 468
tcp_ping received 256 bytes back
Round trip time was 0.007436 milliseconds in repetition 469
tcp_ping received 256 bytes back
Round trip time was 0.007254 milliseconds in repetition 470
tcp_ping received 256 bytes back
Round trip time was 0.007272 milliseconds in repetition 471
tcp_ping received 256 bytes back
Round trip time was 0.00726 milliseconds in repetition 472
tcp_ping received 256 bytes back
Round trip time was 0.007296 milliseconds in repetition 473
tcp_ping received 256 bytes back
Round trip time was 0.007289 milliseconds in repetition 474
tcp_ping received 256 bytes back
Round trip time was 0.007378 milliseconds in repetition 475
tcp_ping received 256 bytes back
Round trip time was 0.007346 milliseconds in repetition 476
tcp_ping received 256 bytes back
Round trip time was 0.007353 milliseconds in repetition 477
tcp_ping received 256 bytes back
Round trip time was 0.007259 milliseconds in repetition 478
tcp_ping received 256 bytes back
Round trip time was 0.00743 milliseconds in repetition 479
tcp_ping received 256 bytes back
Round trip time was 0.007465 milliseconds in repetition 480
tcp_ping received 256 bytes back
Round trip time was 0.007286 milliseconds in repetition 481
tcp_ping received 256 bytes back
Round trip time was 0.007443 milliseconds in repetition 482
tcp_ping received 256 bytes back
Round trip time was 0.007335 milliseconds in repetition 483
tcp_ping received 256 bytes back
Round trip time was 0.007436 milliseconds in repetition 484
tcp_ping received 256 bytes back
Round trip time was 0.007296 milliseconds in repetition 485
tcp_ping received 256 bytes back
Round trip time was 0.010498 milliseconds in repetition 486
tcp_ping received 256 bytes back
Round trip time was 0.007803 milliseconds in repetition 487
tcp_ping received 256 bytes back
Round trip time was 0.007374 milliseconds in repetition 488
tcp_ping received 256 bytes back
Round trip time was 0.007328 milliseconds in repetition 489
tcp_ping received 256 bytes back
Round trip time was 0.007351 milliseconds in repetition 490
tcp_ping received 256 bytes back
Round trip time was 0.007306 milliseconds in repetition 491
tcp_ping received 256 bytes back
Round trip time was 0.007132 milliseconds in repetition 492
tcp_ping received 256 bytes back
Round trip time was 0.007396 milliseconds in repetition 493
tcp_ping received 256 bytes back
Round trip time was 0.00733 milliseconds in repetition 494
tcp_ping received 256 bytes back
Round trip time was 0.007361 milliseconds in repetition 495
tcp_ping received 256 bytes back
Round trip time was 0.007259 milliseconds in repetition 496
tcp_ping received 256 bytes back
Round trip time was 0.007295 milliseconds in repetition 497
tcp_ping received 256 bytes back
Round trip time was 0.007478 milliseconds in repetition 498
tcp_ping received 256 bytes back
Round trip time was 0.007259 milliseconds in repetition 499
tcp_ping received 256 bytes back
Round trip time was 0.007332 milliseconds in repetition 500
tcp_ping received 256 bytes back
Round trip time was 0.00742 milliseconds in repetition 501

 ... clock resolution was 1e-06
TCP Ping:  Statistics over 501 repetitions of 256 byte messages

RTT : percentile 10: 0.007257, median: 0.007413, percentile 90: 0.009925, average: 0.00844002, variance: 2.84477e-05

RTT histogram:
0.0071315 448
0.0126795 46
0.0182274 3
0.0237754 1
0.0293233 1
0.0348712 1
0.0404192 0
0.0459672 0
0.0515151 0
0.0570631 0
0.062611 0
0.068159 0
0.0737069 0
0.0792549 0
0.0848028 0
0.0903507 0
0.0958987 0
0.101447 0
0.106995 0
0.112543 0
0.11809 1

   median Throughput : 69067.9 KB/s   overall Throughput : 60663.3 KB/s

