TCP Ping trying to connect to server localhost (127.0.0.1) on port 1491
 ... connected to Pong server: asking for 501 repetitions of 192 bytes TCP messages
 ... Pong server agreed :-)
tcp_ping received 192 bytes back
Round trip time was 0.017891 milliseconds in repetition 1
tcp_ping received 192 bytes back
Round trip time was 0.008376 milliseconds in repetition 2
tcp_ping received 192 bytes back
Round trip time was 0.007443 milliseconds in repetition 3
tcp_ping received 192 bytes back
Round trip time was 0.007381 milliseconds in repetition 4
tcp_ping received 192 bytes back
Round trip time was 0.0074 milliseconds in repetition 5
tcp_ping received 192 bytes back
Round trip time was 0.007394 milliseconds in repetition 6
tcp_ping received 192 bytes back
Round trip time was 0.007165 milliseconds in repetition 7
tcp_ping received 192 bytes back
Round trip time was 0.007547 milliseconds in repetition 8
tcp_ping received 192 bytes back
Round trip time was 0.007356 milliseconds in repetition 9
tcp_ping received 192 bytes back
Round trip time was 0.007192 milliseconds in repetition 10
tcp_ping received 192 bytes back
Round trip time was 0.007189 milliseconds in repetition 11
tcp_ping received 192 bytes back
Round trip time was 0.007326 milliseconds in repetition 12
tcp_ping received 192 bytes back
Round trip time was 0.007202 milliseconds in repetition 13
tcp_ping received 192 bytes back
Round trip time was 0.00727 milliseconds in repetition 14
tcp_ping received 192 bytes back
Round trip time was 0.007269 milliseconds in repetition 15
tcp_ping received 192 bytes back
Round trip time was 0.007305 milliseconds in repetition 16
tcp_ping received 192 bytes back
Round trip time was 0.007236 milliseconds in repetition 17
tcp_ping received 192 bytes back
Round trip time was 0.007163 milliseconds in repetition 18
tcp_ping received 192 bytes back
Round trip time was 0.007144 milliseconds in repetition 19
tcp_ping received 192 bytes back
Round trip time was 0.007221 milliseconds in repetition 20
tcp_ping received 192 bytes back
Round trip time was 0.007159 milliseconds in repetition 21
tcp_ping received 192 bytes back
Round trip time was 0.007229 milliseconds in repetition 22
tcp_ping received 192 bytes back
Round trip time was 0.007134 milliseconds in repetition 23
tcp_ping received 192 bytes back
Round trip time was 0.007124 milliseconds in repetition 24
tcp_ping received 192 bytes back
Round trip time was 0.0073 milliseconds in repetition 25
tcp_ping received 192 bytes back
Round trip time was 0.007106 milliseconds in repetition 26
tcp_ping received 192 bytes back
Round trip time was 0.007135 milliseconds in repetition 27
tcp_ping received 192 bytes back
Round trip time was 0.007308 milliseconds in repetition 28
tcp_ping received 192 bytes back
Round trip time was 0.00722 milliseconds in repetition 29
tcp_ping received 192 bytes back
Round trip time was 0.007072 milliseconds in repetition 30
tcp_ping received 192 bytes back
Round trip time was 0.007369 milliseconds in repetition 31
tcp_ping received 192 bytes back
Round trip time was 0.007165 milliseconds in repetition 32
tcp_ping received 192 bytes back
Round trip time was 0.007155 milliseconds in repetition 33
tcp_ping received 192 bytes back
Round trip time was 0.007152 milliseconds in repetition 34
tcp_ping received 192 bytes back
Round trip time was 0.007219 milliseconds in repetition 35
tcp_ping received 192 bytes back
Round trip time was 0.007168 milliseconds in repetition 36
tcp_ping received 192 bytes back
Round trip time was 0.007224 milliseconds in repetition 37
tcp_ping received 192 bytes back
Round trip time was 0.007164 milliseconds in repetition 38
tcp_ping received 192 bytes back
Round trip time was 0.007159 milliseconds in repetition 39
tcp_ping received 192 bytes back
Round trip time was 0.007061 milliseconds in repetition 40
tcp_ping received 192 bytes back
Round trip time was 0.007164 milliseconds in repetition 41
tcp_ping received 192 bytes back
Round trip time was 0.007285 milliseconds in repetition 42
tcp_ping received 192 bytes back
Round trip time was 0.007222 milliseconds in repetition 43
tcp_ping received 192 bytes back
Round trip time was 0.009442 milliseconds in repetition 44
tcp_ping received 192 bytes back
Round trip time was 0.009105 milliseconds in repetition 45
tcp_ping received 192 bytes back
Round trip time was 0.009101 milliseconds in repetition 46
tcp_ping received 192 bytes back
Round trip time was 0.008231 milliseconds in repetition 47
tcp_ping received 192 bytes back
Round trip time was 0.007418 milliseconds in repetition 48
tcp_ping received 192 bytes back
Round trip time was 0.007237 milliseconds in repetition 49
tcp_ping received 192 bytes back
Round trip time was 0.007272 milliseconds in repetition 50
tcp_ping received 192 bytes back
Round trip time was 0.007265 milliseconds in repetition 51
tcp_ping received 192 bytes back
Round trip time was 0.007266 milliseconds in repetition 52
tcp_ping received 192 bytes back
Round trip time was 0.007242 milliseconds in repetition 53
tcp_ping received 192 bytes back
Round trip time was 0.007226 milliseconds in repetition 54
tcp_ping received 192 bytes back
Round trip time was 0.007164 milliseconds in repetition 55
tcp_ping received 192 bytes back
Round trip time was 0.007125 milliseconds in repetition 56
tcp_ping received 192 bytes back
Round trip time was 0.007109 milliseconds in repetition 57
tcp_ping received 192 bytes back
Round trip time was 0.007243 milliseconds in repetition 58
tcp_ping received 192 bytes back
Round trip time was 0.007197 milliseconds in repetition 59
tcp_ping received 192 bytes back
Round trip time was 0.007386 milliseconds in repetition 60
tcp_ping received 192 bytes back
Round trip time was 0.007373 milliseconds in repetition 61
tcp_ping received 192 bytes back
Round trip time was 0.007209 milliseconds in repetition 62
tcp_ping received 192 bytes back
Round trip time was 0.00728 milliseconds in repetition 63
tcp_ping received 192 bytes back
Round trip time was 0.007259 milliseconds in repetition 64
tcp_ping received 192 bytes back
Round trip time was 0.007334 milliseconds in repetition 65
tcp_ping received 192 bytes back
Round trip time was 0.007222 milliseconds in repetition 66
tcp_ping received 192 bytes back
Round trip time was 0.007192 milliseconds in repetition 67
tcp_ping received 192 bytes back
Round trip time was 0.007187 milliseconds in repetition 68
tcp_ping received 192 bytes back
Round trip time was 0.007355 milliseconds in repetition 69
tcp_ping received 192 bytes back
Round trip time was 0.007186 milliseconds in repetition 70
tcp_ping received 192 bytes back
Round trip time was 0.00716 milliseconds in repetition 71
tcp_ping received 192 bytes back
Round trip time was 0.007195 milliseconds in repetition 72
tcp_ping received 192 bytes back
Round trip time was 0.007138 milliseconds in repetition 73
tcp_ping received 192 bytes back
Round trip time was 0.00712 milliseconds in repetition 74
tcp_ping received 192 bytes back
Round trip time was 0.007202 milliseconds in repetition 75
tcp_ping received 192 bytes back
Round trip time was 0.007267 milliseconds in repetition 76
tcp_ping received 192 bytes back
Round trip time was 0.007267 milliseconds in repetition 77
tcp_ping received 192 bytes back
Round trip time was 0.007165 milliseconds in repetition 78
tcp_ping received 192 bytes back
Round trip time was 0.007167 milliseconds in repetition 79
tcp_ping received 192 bytes back
Round trip time was 0.007168 milliseconds in repetition 80
tcp_ping received 192 bytes back
Round trip time was 0.007258 milliseconds in repetition 81
tcp_ping received 192 bytes back
Round trip time was 0.007193 milliseconds in repetition 82
tcp_ping received 192 bytes back
Round trip time was 0.007175 milliseconds in repetition 83
tcp_ping received 192 bytes back
Round trip time was 0.007181 milliseconds in repetition 84
tcp_ping received 192 bytes back
Round trip time was 0.007201 milliseconds in repetition 85
tcp_ping received 192 bytes back
Round trip time was 0.007151 milliseconds in repetition 86
tcp_ping received 192 bytes back
Round trip time was 0.013634 milliseconds in repetition 87
tcp_ping received 192 bytes back
Round trip time was 0.014731 milliseconds in repetition 88
tcp_ping received 192 bytes back
Round trip time was 0.011783 milliseconds in repetition 89
tcp_ping received 192 bytes back
Round trip time was 0.00884 milliseconds in repetition 90
tcp_ping received 192 bytes back
Round trip time was 0.007533 milliseconds in repetition 91
tcp_ping received 192 bytes back
Round trip time was 0.007422 milliseconds in repetition 92
tcp_ping received 192 bytes back
Round trip time was 0.007343 milliseconds in repetition 93
tcp_ping received 192 bytes back
Round trip time was 0.007248 milliseconds in repetition 94
tcp_ping received 192 bytes back
Round trip time was 0.007176 milliseconds in repetition 95
tcp_ping received 192 bytes back
Round trip time was 0.007126 milliseconds in repetition 96
tcp_ping received 192 bytes back
Round trip time was 0.007237 milliseconds in repetition 97
tcp_ping received 192 bytes back
Round trip time was 0.007271 milliseconds in repetition 98
tcp_ping received 192 bytes back
Round trip time was 0.007222 milliseconds in repetition 99
tcp_ping received 192 bytes back
Round trip time was 0.007234 milliseconds in repetition 100
tcp_ping received 192 bytes back
Round trip time was 0.007337 milliseconds in repetition 101
tcp_ping received 192 bytes back
Round trip time was 0.00718 milliseconds in repetition 102
tcp_ping received 192 bytes back
Round trip time was 0.007156 milliseconds in repetition 103
tcp_ping received 192 bytes back
Round trip time was 0.007018 milliseconds in repetition 104
tcp_ping received 192 bytes back
Round trip time was 0.00716 milliseconds in repetition 105
tcp_ping received 192 bytes back
Round trip time was 0.00716 milliseconds in repetition 106
tcp_ping received 192 bytes back
Round trip time was 0.007253 milliseconds in repetition 107
tcp_ping received 192 bytes back
Round trip time was 0.007272 milliseconds in repetition 108
tcp_ping received 192 bytes back
Round trip time was 0.007197 milliseconds in repetition 109
tcp_ping received 192 bytes back
Round trip time was 0.007114 milliseconds in repetition 110
tcp_ping received 192 bytes back
Round trip time was 0.007186 milliseconds in repetition 111
tcp_ping received 192 bytes back
Round trip time was 0.007085 milliseconds in repetition 112
tcp_ping received 192 bytes back
Round trip time was 0.007293 milliseconds in repetition 113
tcp_ping received 192 bytes back
Round trip time was 0.007181 milliseconds in repetition 114
tcp_ping received 192 bytes back
Round trip time was 0.00718 milliseconds in repetition 115
tcp_ping received 192 bytes back
Round trip time was 0.00719 milliseconds in repetition 116
tcp_ping received 192 bytes back
Round trip time was 0.007256 milliseconds in repetition 117
tcp_ping received 192 bytes back
Round trip time was 0.007206 milliseconds in repetition 118
tcp_ping received 192 bytes back
Round trip time was 0.0072 milliseconds in repetition 119
tcp_ping received 192 bytes back
Round trip time was 0.007104 milliseconds in repetition 120
tcp_ping received 192 bytes back
Round trip time was 0.007238 milliseconds in repetition 121
tcp_ping received 192 bytes back
Round trip time was 0.007103 milliseconds in repetition 122
tcp_ping received 192 bytes back
Round trip time was 0.007123 milliseconds in repetition 123
tcp_ping received 192 bytes back
Round trip time was 0.007266 milliseconds in repetition 124
tcp_ping received 192 bytes back
Round trip time was 0.007272 milliseconds in repetition 125
tcp_ping received 192 bytes back
Round trip time was 0.00718 milliseconds in repetition 126
tcp_ping received 192 bytes back
Round trip time was 0.007193 milliseconds in repetition 127
tcp_ping received 192 bytes back
Round trip time was 0.007058 milliseconds in repetition 128
tcp_ping received 192 bytes back
Round trip time was 0.007326 milliseconds in repetition 129
tcp_ping received 192 bytes back
Round trip time was 0.007234 milliseconds in repetition 130
tcp_ping received 192 bytes back
Round trip time was 0.007175 milliseconds in repetition 131
tcp_ping received 192 bytes back
Round trip time was 0.007212 milliseconds in repetition 132
tcp_ping received 192 bytes back
Round trip time was 0.009239 milliseconds in repetition 133
tcp_ping received 192 bytes back
Round trip time was 0.00845 milliseconds in repetition 134
tcp_ping received 192 bytes back
Round trip time was 0.007432 milliseconds in repetition 135
tcp_ping received 192 bytes back
Round trip time was 0.007222 milliseconds in repetition 136
tcp_ping received 192 bytes back
Round trip time was 0.007105 milliseconds in repetition 137
tcp_ping received 192 bytes back
Round trip time was 0.007233 milliseconds in repetition 138
tcp_ping received 192 bytes back
Round trip time was 0.007009 milliseconds in repetition 139
tcp_ping received 192 bytes back
Round trip time was 0.007282 milliseconds in repetition 140
tcp_ping received 192 bytes back
Round trip time was 0.007223 milliseconds in repetition 141
tcp_ping received 192 bytes back
Round trip time was 0.007132 milliseconds in repetition 142
tcp_ping received 192 bytes back
Round trip time was 0.007158 milliseconds in repetition 143
tcp_ping received 192 bytes back
Round trip time was 0.007168 milliseconds in repetition 144
tcp_ping received 192 bytes back
Round trip time was 0.007244 milliseconds in repetition 145
tcp_ping received 192 bytes back
Round trip time was 0.00732 milliseconds in repetition 146
tcp_ping received 192 bytes back
Round trip time was 0.007151 milliseconds in repetition 147
tcp_ping received 192 bytes back
Round trip time was 0.007329 milliseconds in repetition 148
tcp_ping received 192 bytes back
Round trip time was 0.007257 milliseconds in repetition 149
tcp_ping received 192 bytes back
Round trip time was 0.007186 milliseconds in repetition 150
tcp_ping received 192 bytes back
Round trip time was 0.007105 milliseconds in repetition 151
tcp_ping received 192 bytes back
Round trip time was 0.007195 milliseconds in repetition 152
tcp_ping received 192 bytes back
Round trip time was 0.007068 milliseconds in repetition 153
tcp_ping received 192 bytes back
Round trip time was 0.007215 milliseconds in repetition 154
tcp_ping received 192 bytes back
Round trip time was 0.007057 milliseconds in repetition 155
tcp_ping received 192 bytes back
Round trip time was 0.007302 milliseconds in repetition 156
tcp_ping received 192 bytes back
Round trip time was 0.007139 milliseconds in repetition 157
tcp_ping received 192 bytes back
Round trip time was 0.007249 milliseconds in repetition 158
tcp_ping received 192 bytes back
Round trip time was 0.007157 milliseconds in repetition 159
tcp_ping received 192 bytes back
Round trip time was 0.007105 milliseconds in repetition 160
tcp_ping received 192 bytes back
Round trip time was 0.007225 milliseconds in repetition 161
tcp_ping received 192 bytes back
Round trip time was 0.007238 milliseconds in repetition 162
tcp_ping received 192 bytes back
Round trip time was 0.007182 milliseconds in repetition 163
tcp_ping received 192 bytes back
Round trip time was 0.007186 milliseconds in repetition 164
tcp_ping received 192 bytes back
Round trip time was 0.007062 milliseconds in repetition 165
tcp_ping received 192 bytes back
Round trip time was 0.007248 milliseconds in repetition 166
tcp_ping received 192 bytes back
Round trip time was 0.007098 milliseconds in repetition 167
tcp_ping received 192 bytes back
Round trip time was 0.007169 milliseconds in repetition 168
tcp_ping received 192 bytes back
Round trip time was 0.007176 milliseconds in repetition 169
tcp_ping received 192 bytes back
Round trip time was 0.00711 milliseconds in repetition 170
tcp_ping received 192 bytes back
Round trip time was 0.007159 milliseconds in repetition 171
tcp_ping received 192 bytes back
Round trip time was 0.00734 milliseconds in repetition 172
tcp_ping received 192 bytes back
Round trip time was 0.007083 milliseconds in repetition 173
tcp_ping received 192 bytes back
Round trip time was 0.007198 milliseconds in repetition 174
tcp_ping received 192 bytes back
Round trip time was 0.007099 milliseconds in repetition 175
tcp_ping received 192 bytes back
Round trip time was 0.007095 milliseconds in repetition 176
tcp_ping received 192 bytes back
Round trip time was 0.009116 milliseconds in repetition 177
tcp_ping received 192 bytes back
Round trip time was 0.0086 milliseconds in repetition 178
tcp_ping received 192 bytes back
Round trip time was 0.007476 milliseconds in repetition 179
tcp_ping received 192 bytes back
Round trip time was 0.007309 milliseconds in repetition 180
tcp_ping received 192 bytes back
Round trip time was 0.007108 milliseconds in repetition 181
tcp_ping received 192 bytes back
Round trip time was 0.007253 milliseconds in repetition 182
tcp_ping received 192 bytes back
Round trip time was 0.007117 milliseconds in repetition 183
tcp_ping received 192 bytes back
Round trip time was 0.00721 milliseconds in repetition 184
tcp_ping received 192 bytes back
Round trip time was 0.007063 milliseconds in repetition 185
tcp_ping received 192 bytes back
Round trip time was 0.007172 milliseconds in repetition 186
tcp_ping received 192 bytes back
Round trip time was 0.007099 milliseconds in repetition 187
tcp_ping received 192 bytes back
Round trip time was 0.00734 milliseconds in repetition 188
tcp_ping received 192 bytes back
Round trip time was 0.007182 milliseconds in repetition 189
tcp_ping received 192 bytes back
Round trip time was 0.007227 milliseconds in repetition 190
tcp_ping received 192 bytes back
Round trip time was 0.007084 milliseconds in repetition 191
tcp_ping received 192 bytes back
Round trip time was 0.007141 milliseconds in repetition 192
tcp_ping received 192 bytes back
Round trip time was 0.007286 milliseconds in repetition 193
tcp_ping received 192 bytes back
Round trip time was 0.007191 milliseconds in repetition 194
tcp_ping received 192 bytes back
Round trip time was 0.007059 milliseconds in repetition 195
tcp_ping received 192 bytes back
Round trip time was 0.007272 milliseconds in repetition 196
tcp_ping received 192 bytes back
Round trip time was 0.007113 milliseconds in repetition 197
tcp_ping received 192 bytes back
Round trip time was 0.007276 milliseconds in repetition 198
tcp_ping received 192 bytes back
Round trip time was 0.007152 milliseconds in repetition 199
tcp_ping received 192 bytes back
Round trip time was 0.007157 milliseconds in repetition 200
tcp_ping received 192 bytes back
Round trip time was 0.007171 milliseconds in repetition 201
tcp_ping received 192 bytes back
Round trip time was 0.007124 milliseconds in repetition 202
tcp_ping received 192 bytes back
Round trip time was 0.007059 milliseconds in repetition 203
tcp_ping received 192 bytes back
Round trip time was 0.00727 milliseconds in repetition 204
tcp_ping received 192 bytes back
Round trip time was 0.007085 milliseconds in repetition 205
tcp_ping received 192 bytes back
Round trip time was 0.007221 milliseconds in repetition 206
tcp_ping received 192 bytes back
Round trip time was 0.0072 milliseconds in repetition 207
tcp_ping received 192 bytes back
Round trip time was 0.007082 milliseconds in repetition 208
tcp_ping received 192 bytes back
Round trip time was 0.007222 milliseconds in repetition 209
tcp_ping received 192 bytes back
Round trip time was 0.007071 milliseconds in repetition 210
tcp_ping received 192 bytes back
Round trip time was 0.00715 milliseconds in repetition 211
tcp_ping received 192 bytes back
Round trip time was 0.00725 milliseconds in repetition 212
tcp_ping received 192 bytes back
Round trip time was 0.007126 milliseconds in repetition 213
tcp_ping received 192 bytes back
Round trip time was 0.007272 milliseconds in repetition 214
tcp_ping received 192 bytes back
Round trip time was 0.00716 milliseconds in repetition 215
tcp_ping received 192 bytes back
Round trip time was 0.007183 milliseconds in repetition 216
tcp_ping received 192 bytes back
Round trip time was 0.007037 milliseconds in repetition 217
tcp_ping received 192 bytes back
Round trip time was 0.007168 milliseconds in repetition 218
tcp_ping received 192 bytes back
Round trip time was 0.007095 milliseconds in repetition 219
tcp_ping received 192 bytes back
Round trip time was 0.007298 milliseconds in repetition 220
tcp_ping received 192 bytes back
Round trip time was 0.009018 milliseconds in repetition 221
tcp_ping received 192 bytes back
Round trip time was 0.008473 milliseconds in repetition 222
tcp_ping received 192 bytes back
Round trip time was 0.007491 milliseconds in repetition 223
tcp_ping received 192 bytes back
Round trip time was 0.007263 milliseconds in repetition 224
tcp_ping received 192 bytes back
Round trip time was 0.007451 milliseconds in repetition 225
tcp_ping received 192 bytes back
Round trip time was 0.007176 milliseconds in repetition 226
tcp_ping received 192 bytes back
Round trip time was 0.007141 milliseconds in repetition 227
tcp_ping received 192 bytes back
Round trip time was 0.007203 milliseconds in repetition 228
tcp_ping received 192 bytes back
Round trip time was 0.007262 milliseconds in repetition 229
tcp_ping received 192 bytes back
Round trip time was 0.007237 milliseconds in repetition 230
tcp_ping received 192 bytes back
Round trip time was 0.007225 milliseconds in repetition 231
tcp_ping received 192 bytes back
Round trip time was 0.007084 milliseconds in repetition 232
tcp_ping received 192 bytes back
Round trip time was 0.007229 milliseconds in repetition 233
tcp_ping received 192 bytes back
Round trip time was 0.007165 milliseconds in repetition 234
tcp_ping received 192 bytes back
Round trip time was 0.007221 milliseconds in repetition 235
tcp_ping received 192 bytes back
Round trip time was 0.007214 milliseconds in repetition 236
tcp_ping received 192 bytes back
Round trip time was 0.007317 milliseconds in repetition 237
tcp_ping received 192 bytes back
Round trip time was 0.007325 milliseconds in repetition 238
tcp_ping received 192 bytes back
Round trip time was 0.007232 milliseconds in repetition 239
tcp_ping received 192 bytes back
Round trip time was 0.007195 milliseconds in repetition 240
tcp_ping received 192 bytes back
Round trip time was 0.007421 milliseconds in repetition 241
tcp_ping received 192 bytes back
Round trip time was 0.00724 milliseconds in repetition 242
tcp_ping received 192 bytes back
Round trip time was 0.00723 milliseconds in repetition 243
tcp_ping received 192 bytes back
Round trip time was 0.007231 milliseconds in repetition 244
tcp_ping received 192 bytes back
Round trip time was 0.007158 milliseconds in repetition 245
tcp_ping received 192 bytes back
Round trip time was 0.007144 milliseconds in repetition 246
tcp_ping received 192 bytes back
Round trip time was 0.007255 milliseconds in repetition 247
tcp_ping received 192 bytes back
Round trip time was 0.007208 milliseconds in repetition 248
tcp_ping received 192 bytes back
Round trip time was 0.007067 milliseconds in repetition 249
tcp_ping received 192 bytes back
Round trip time was 0.007176 milliseconds in repetition 250
tcp_ping received 192 bytes back
Round trip time was 0.007205 milliseconds in repetition 251
tcp_ping received 192 bytes back
Round trip time was 0.007237 milliseconds in repetition 252
tcp_ping received 192 bytes back
Round trip time was 0.007183 milliseconds in repetition 253
tcp_ping received 192 bytes back
Round trip time was 0.00716 milliseconds in repetition 254
tcp_ping received 192 bytes back
Round trip time was 0.00721 milliseconds in repetition 255
tcp_ping received 192 bytes back
Round trip time was 0.007036 milliseconds in repetition 256
tcp_ping received 192 bytes back
Round trip time was 0.007312 milliseconds in repetition 257
tcp_ping received 192 bytes back
Round trip time was 0.007148 milliseconds in repetition 258
tcp_ping received 192 bytes back
Round trip time was 0.007115 milliseconds in repetition 259
tcp_ping received 192 bytes back
Round trip time was 0.007153 milliseconds in repetition 260
tcp_ping received 192 bytes back
Round trip time was 0.007234 milliseconds in repetition 261
tcp_ping received 192 bytes back
Round trip time was 0.007293 milliseconds in repetition 262
tcp_ping received 192 bytes back
Round trip time was 0.007188 milliseconds in repetition 263
tcp_ping received 192 bytes back
Round trip time was 0.007101 milliseconds in repetition 264
tcp_ping received 192 bytes back
Round trip time was 0.008928 milliseconds in repetition 265
tcp_ping received 192 bytes back
Round trip time was 0.008246 milliseconds in repetition 266
tcp_ping received 192 bytes back
Round trip time was 0.007426 milliseconds in repetition 267
tcp_ping received 192 bytes back
Round trip time was 0.007186 milliseconds in repetition 268
tcp_ping received 192 bytes back
Round trip time was 0.007212 milliseconds in repetition 269
tcp_ping received 192 bytes back
Round trip time was 0.007131 milliseconds in repetition 270
tcp_ping received 192 bytes back
Round trip time was 0.007167 milliseconds in repetition 271
tcp_ping received 192 bytes back
Round trip time was 0.007076 milliseconds in repetition 272
tcp_ping received 192 bytes back
Round trip time was 0.007307 milliseconds in repetition 273
tcp_ping received 192 bytes back
Round trip time was 0.007277 milliseconds in repetition 274
tcp_ping received 192 bytes back
Round trip time was 0.007157 milliseconds in repetition 275
tcp_ping received 192 bytes back
Round trip time was 0.007215 milliseconds in repetition 276
tcp_ping received 192 bytes back
Round trip time was 0.007105 milliseconds in repetition 277
tcp_ping received 192 bytes back
Round trip time was 0.007163 milliseconds in repetition 278
tcp_ping received 192 bytes back
Round trip time was 0.007211 milliseconds in repetition 279
tcp_ping received 192 bytes back
Round trip time was 0.007132 milliseconds in repetition 280
tcp_ping received 192 bytes back
Round trip time was 0.007214 milliseconds in repetition 281
tcp_ping received 192 bytes back
Round trip time was 0.007146 milliseconds in repetition 282
tcp_ping received 192 bytes back
Round trip time was 0.00711 milliseconds in repetition 283
tcp_ping received 192 bytes back
Round trip time was 0.007325 milliseconds in repetition 284
tcp_ping received 192 bytes back
Round trip time was 0.007231 milliseconds in repetition 285
tcp_ping received 192 bytes back
Round trip time was 0.007098 milliseconds in repetition 286
tcp_ping received 192 bytes back
Round trip time was 0.007159 milliseconds in repetition 287
tcp_ping received 192 bytes back
Round trip time was 0.007043 milliseconds in repetition 288
tcp_ping received 192 bytes back
Round trip time was 0.007256 milliseconds in repetition 289
tcp_ping received 192 bytes back
Round trip time was 0.007202 milliseconds in repetition 290
tcp_ping received 192 bytes back
Round trip time was 0.007168 milliseconds in repetition 291
tcp_ping received 192 bytes back
Round trip time was 0.007265 milliseconds in repetition 292
tcp_ping received 192 bytes back
Round trip time was 0.007206 milliseconds in repetition 293
tcp_ping received 192 bytes back
Round trip time was 0.007265 milliseconds in repetition 294
tcp_ping received 192 bytes back
Round trip time was 0.007118 milliseconds in repetition 295
tcp_ping received 192 bytes back
Round trip time was 0.007061 milliseconds in repetition 296
tcp_ping received 192 bytes back
Round trip time was 0.007119 milliseconds in repetition 297
tcp_ping received 192 bytes back
Round trip time was 0.00718 milliseconds in repetition 298
tcp_ping received 192 bytes back
Round trip time was 0.007074 milliseconds in repetition 299
tcp_ping received 192 bytes back
Round trip time was 0.007226 milliseconds in repetition 300
tcp_ping received 192 bytes back
Round trip time was 0.007136 milliseconds in repetition 301
tcp_ping received 192 bytes back
Round trip time was 0.007293 milliseconds in repetition 302
tcp_ping received 192 bytes back
Round trip time was 0.007202 milliseconds in repetition 303
tcp_ping received 192 bytes back
Round trip time was 0.007125 milliseconds in repetition 304
tcp_ping received 192 bytes back
Round trip time was 0.00738 milliseconds in repetition 305
tcp_ping received 192 bytes back
Round trip time was 0.007249 milliseconds in repetition 306
tcp_ping received 192 bytes back
Round trip time was 0.007122 milliseconds in repetition 307
tcp_ping received 192 bytes back
Round trip time was 0.007262 milliseconds in repetition 308
tcp_ping received 192 bytes back
Round trip time was 0.008964 milliseconds in repetition 309
tcp_ping received 192 bytes back
Round trip time was 0.008461 milliseconds in repetition 310
tcp_ping received 192 bytes back
Round trip time was 0.007452 milliseconds in repetition 311
tcp_ping received 192 bytes back
Round trip time was 0.007208 milliseconds in repetition 312
tcp_ping received 192 bytes back
Round trip time was 0.00714 milliseconds in repetition 313
tcp_ping received 192 bytes back
Round trip time was 0.007186 milliseconds in repetition 314
tcp_ping received 192 bytes back
Round trip time was 0.007127 milliseconds in repetition 315
tcp_ping received 192 bytes back
Round trip time was 0.007283 milliseconds in repetition 316
tcp_ping received 192 bytes back
Round trip time was 0.007195 milliseconds in repetition 317
tcp_ping received 192 bytes back
Round trip time was 0.007167 milliseconds in repetition 318
tcp_ping received 192 bytes back
Round trip time was 0.007126 milliseconds in repetition 319
tcp_ping received 192 bytes back
Round trip time was 0.007172 milliseconds in repetition 320
tcp_ping received 192 bytes back
Round trip time was 0.007337 milliseconds in repetition 321
tcp_ping received 192 bytes back
Round trip time was 0.007153 milliseconds in repetition 322
tcp_ping received 192 bytes back
Round trip time was 0.007119 milliseconds in repetition 323
tcp_ping received 192 bytes back
Round trip time was 0.007305 milliseconds in repetition 324
tcp_ping received 192 bytes back
Round trip time was 0.007166 milliseconds in repetition 325
tcp_ping received 192 bytes back
Round trip time was 0.007194 milliseconds in repetition 326
tcp_ping received 192 bytes back
Round trip time was 0.007048 milliseconds in repetition 327
tcp_ping received 192 bytes back
Round trip time was 0.007161 milliseconds in repetition 328
tcp_ping received 192 bytes back
Round trip time was 0.007154 milliseconds in repetition 329
tcp_ping received 192 bytes back
Round trip time was 0.007183 milliseconds in repetition 330
tcp_ping received 192 bytes back
Round trip time was 0.00712 milliseconds in repetition 331
tcp_ping received 192 bytes back
Round trip time was 0.007336 milliseconds in repetition 332
tcp_ping received 192 bytes back
Round trip time was 0.007207 milliseconds in repetition 333
tcp_ping received 192 bytes back
Round trip time was 0.007272 milliseconds in repetition 334
tcp_ping received 192 bytes back
Round trip time was 0.007203 milliseconds in repetition 335
tcp_ping received 192 bytes back
Round trip time was 0.007119 milliseconds in repetition 336
tcp_ping received 192 bytes back
Round trip time was 0.007267 milliseconds in repetition 337
tcp_ping received 192 bytes back
Round trip time was 0.007328 milliseconds in repetition 338
tcp_ping received 192 bytes back
Round trip time was 0.007159 milliseconds in repetition 339
tcp_ping received 192 bytes back
Round trip time was 0.007297 milliseconds in repetition 340
tcp_ping received 192 bytes back
Round trip time was 0.007129 milliseconds in repetition 341
tcp_ping received 192 bytes back
Round trip time was 0.008512 milliseconds in repetition 342
tcp_ping received 192 bytes back
Round trip time was 0.010278 milliseconds in repetition 343
tcp_ping received 192 bytes back
Round trip time was 0.007229 milliseconds in repetition 344
tcp_ping received 192 bytes back
Round trip time was 0.007305 milliseconds in repetition 345
tcp_ping received 192 bytes back
Round trip time was 0.007316 milliseconds in repetition 346
tcp_ping received 192 bytes back
Round trip time was 0.007257 milliseconds in repetition 347
tcp_ping received 192 bytes back
Round trip time was 0.007413 milliseconds in repetition 348
tcp_ping received 192 bytes back
Round trip time was 0.007102 milliseconds in repetition 349
tcp_ping received 192 bytes back
Round trip time was 0.007109 milliseconds in repetition 350
tcp_ping received 192 bytes back
Round trip time was 0.00729 milliseconds in repetition 351
tcp_ping received 192 bytes back
Round trip time was 0.007284 milliseconds in repetition 352
tcp_ping received 192 bytes back
Round trip time was 0.009058 milliseconds in repetition 353
tcp_ping received 192 bytes back
Round trip time was 0.008461 milliseconds in repetition 354
tcp_ping received 192 bytes back
Round trip time was 0.007444 milliseconds in repetition 355
tcp_ping received 192 bytes back
Round trip time was 0.007236 milliseconds in repetition 356
tcp_ping received 192 bytes back
Round trip time was 0.007282 milliseconds in repetition 357
tcp_ping received 192 bytes back
Round trip time was 0.007264 milliseconds in repetition 358
tcp_ping received 192 bytes back
Round trip time was 0.007207 milliseconds in repetition 359
tcp_ping received 192 bytes back
Round trip time was 0.00718 milliseconds in repetition 360
tcp_ping received 192 bytes back
Round trip time was 0.007235 milliseconds in repetition 361
tcp_ping received 192 bytes back
Round trip time was 0.00705 milliseconds in repetition 362
tcp_ping received 192 bytes back
Round trip time was 0.007068 milliseconds in repetition 363
tcp_ping received 192 bytes back
Round trip time was 0.007235 milliseconds in repetition 364
tcp_ping received 192 bytes back
Round trip time was 0.007174 milliseconds in repetition 365
tcp_ping received 192 bytes back
Round trip time was 0.007163 milliseconds in repetition 366
tcp_ping received 192 bytes back
Round trip time was 0.007089 milliseconds in repetition 367
tcp_ping received 192 bytes back
Round trip time was 0.007142 milliseconds in repetition 368
tcp_ping received 192 bytes back
Round trip time was 0.007286 milliseconds in repetition 369
tcp_ping received 192 bytes back
Round trip time was 0.007109 milliseconds in repetition 370
tcp_ping received 192 bytes back
Round trip time was 0.007126 milliseconds in repetition 371
tcp_ping received 192 bytes back
Round trip time was 0.007259 milliseconds in repetition 372
tcp_ping received 192 bytes back
Round trip time was 0.007191 milliseconds in repetition 373
tcp_ping received 192 bytes back
Round trip time was 0.007108 milliseconds in repetition 374
tcp_ping received 192 bytes back
Round trip time was 0.007105 milliseconds in repetition 375
tcp_ping received 192 bytes back
Round trip time was 0.007181 milliseconds in repetition 376
tcp_ping received 192 bytes back
Round trip time was 0.007153 milliseconds in repetition 377
tcp_ping received 192 bytes back
Round trip time was 0.00722 milliseconds in repetition 378
tcp_ping received 192 bytes back
Round trip time was 0.007087 milliseconds in repetition 379
tcp_ping received 192 bytes back
Round trip time was 0.007321 milliseconds in repetition 380
tcp_ping received 192 bytes back
Round trip time was 0.007288 milliseconds in repetition 381
tcp_ping received 192 bytes back
Round trip time was 0.007252 milliseconds in repetition 382
tcp_ping received 192 bytes back
Round trip time was 0.007231 milliseconds in repetition 383
tcp_ping received 192 bytes back
Round trip time was 0.007105 milliseconds in repetition 384
tcp_ping received 192 bytes back
Round trip time was 0.007287 milliseconds in repetition 385
tcp_ping received 192 bytes back
Round trip time was 0.007247 milliseconds in repetition 386
tcp_ping received 192 bytes back
Round trip time was 0.007111 milliseconds in repetition 387
tcp_ping received 192 bytes back
Round trip time was 0.007175 milliseconds in repetition 388
tcp_ping received 192 bytes back
Round trip time was 0.007111 milliseconds in repetition 389
tcp_ping received 192 bytes back
Round trip time was 0.007208 milliseconds in repetition 390
tcp_ping received 192 bytes back
Round trip time was 0.007195 milliseconds in repetition 391
tcp_ping received 192 bytes back
Round trip time was 0.007075 milliseconds in repetition 392
tcp_ping received 192 bytes back
Round trip time was 0.007121 milliseconds in repetition 393
tcp_ping received 192 bytes back
Round trip time was 0.007094 milliseconds in repetition 394
tcp_ping received 192 bytes back
Round trip time was 0.007153 milliseconds in repetition 395
tcp_ping received 192 bytes back
Round trip time was 0.007298 milliseconds in repetition 396
tcp_ping received 192 bytes back
Round trip time was 0.007105 milliseconds in repetition 397
tcp_ping received 192 bytes back
Round trip time was 0.008905 milliseconds in repetition 398
tcp_ping received 192 bytes back
Round trip time was 0.008327 milliseconds in repetition 399
tcp_ping received 192 bytes back
Round trip time was 0.007315 milliseconds in repetition 400
tcp_ping received 192 bytes back
Round trip time was 0.007325 milliseconds in repetition 401
tcp_ping received 192 bytes back
Round trip time was 0.007246 milliseconds in repetition 402
tcp_ping received 192 bytes back
Round trip time was 0.007107 milliseconds in repetition 403
tcp_ping received 192 bytes back
Round trip time was 0.007276 milliseconds in repetition 404
tcp_ping received 192 bytes back
Round trip time was 0.007302 milliseconds in repetition 405
tcp_ping received 192 bytes back
Round trip time was 0.00723 milliseconds in repetition 406
tcp_ping received 192 bytes back
Round trip time was 0.007172 milliseconds in repetition 407
tcp_ping received 192 bytes back
Round trip time was 0.00707 milliseconds in repetition 408
tcp_ping received 192 bytes back
Round trip time was 0.007146 milliseconds in repetition 409
tcp_ping received 192 bytes back
Round trip time was 0.007174 milliseconds in repetition 410
tcp_ping received 192 bytes back
Round trip time was 0.007123 milliseconds in repetition 411
tcp_ping received 192 bytes back
Round trip time was 0.007211 milliseconds in repetition 412
tcp_ping received 192 bytes back
Round trip time was 0.007235 milliseconds in repetition 413
tcp_ping received 192 bytes back
Round trip time was 0.007288 milliseconds in repetition 414
tcp_ping received 192 bytes back
Round trip time was 0.007246 milliseconds in repetition 415
tcp_ping received 192 bytes back
Round trip time was 0.007037 milliseconds in repetition 416
tcp_ping received 192 bytes back
Round trip time was 0.007234 milliseconds in repetition 417
tcp_ping received 192 bytes back
Round trip time was 0.007177 milliseconds in repetition 418
tcp_ping received 192 bytes back
Round trip time was 0.007208 milliseconds in repetition 419
tcp_ping received 192 bytes back
Round trip time was 0.007161 milliseconds in repetition 420
tcp_ping received 192 bytes back
Round trip time was 0.007227 milliseconds in repetition 421
tcp_ping received 192 bytes back
Round trip time was 0.007144 milliseconds in repetition 422
tcp_ping received 192 bytes back
Round trip time was 0.00725 milliseconds in repetition 423
tcp_ping received 192 bytes back
Round trip time was 0.007163 milliseconds in repetition 424
tcp_ping received 192 bytes back
Round trip time was 0.007355 milliseconds in repetition 425
tcp_ping received 192 bytes back
Round trip time was 0.007022 milliseconds in repetition 426
tcp_ping received 192 bytes back
Round trip time was 0.007158 milliseconds in repetition 427
tcp_ping received 192 bytes back
Round trip time was 0.007272 milliseconds in repetition 428
tcp_ping received 192 bytes back
Round trip time was 0.007195 milliseconds in repetition 429
tcp_ping received 192 bytes back
Round trip time was 0.007262 milliseconds in repetition 430
tcp_ping received 192 bytes back
Round trip time was 0.007247 milliseconds in repetition 431
tcp_ping received 192 bytes back
Round trip time was 0.007049 milliseconds in repetition 432
tcp_ping received 192 bytes back
Round trip time was 0.007467 milliseconds in repetition 433
tcp_ping received 192 bytes back
Round trip time was 0.007267 milliseconds in repetition 434
tcp_ping received 192 bytes back
Round trip time was 0.007005 milliseconds in repetition 435
tcp_ping received 192 bytes back
Round trip time was 0.007279 milliseconds in repetition 436
tcp_ping received 192 bytes back
Round trip time was 0.007263 milliseconds in repetition 437
tcp_ping received 192 bytes back
Round trip time was 0.007199 milliseconds in repetition 438
tcp_ping received 192 bytes back
Round trip time was 0.007285 milliseconds in repetition 439
tcp_ping received 192 bytes back
Round trip time was 0.007244 milliseconds in repetition 440
tcp_ping received 192 bytes back
Round trip time was 0.007093 milliseconds in repetition 441
tcp_ping received 192 bytes back
Round trip time was 0.008797 milliseconds in repetition 442
tcp_ping received 192 bytes back
Round trip time was 0.008138 milliseconds in repetition 443
tcp_ping received 192 bytes back
Round trip time was 0.007533 milliseconds in repetition 444
tcp_ping received 192 bytes back
Round trip time was 0.007187 milliseconds in repetition 445
tcp_ping received 192 bytes back
Round trip time was 0.007252 milliseconds in repetition 446
tcp_ping received 192 bytes back
Round trip time was 0.007255 milliseconds in repetition 447
tcp_ping received 192 bytes back
Round trip time was 0.007115 milliseconds in repetition 448
tcp_ping received 192 bytes back
Round trip time was 0.007302 milliseconds in repetition 449
tcp_ping received 192 bytes back
Round trip time was 0.00722 milliseconds in repetition 450
tcp_ping received 192 bytes back
Round trip time was 0.007279 milliseconds in repetition 451
tcp_ping received 192 bytes back
Round trip time was 0.007224 milliseconds in repetition 452
tcp_ping received 192 bytes back
Round trip time was 0.007203 milliseconds in repetition 453
tcp_ping received 192 bytes back
Round trip time was 0.007283 milliseconds in repetition 454
tcp_ping received 192 bytes back
Round trip time was 0.007192 milliseconds in repetition 455
tcp_ping received 192 bytes back
Round trip time was 0.007154 milliseconds in repetition 456
tcp_ping received 192 bytes back
Round trip time was 0.007241 milliseconds in repetition 457
tcp_ping received 192 bytes back
Round trip time was 0.007126 milliseconds in repetition 458
tcp_ping received 192 bytes back
Round trip time was 0.007272 milliseconds in repetition 459
tcp_ping received 192 bytes back
Round trip time was 0.007286 milliseconds in repetition 460
tcp_ping received 192 bytes back
Round trip time was 0.007177 milliseconds in repetition 461
tcp_ping received 192 bytes back
Round trip time was 0.007302 milliseconds in repetition 462
tcp_ping received 192 bytes back
Round trip time was 0.007209 milliseconds in repetition 463
tcp_ping received 192 bytes back
Round trip time was 0.007013 milliseconds in repetition 464
tcp_ping received 192 bytes back
Round trip time was 0.007255 milliseconds in repetition 465
tcp_ping received 192 bytes back
Round trip time was 0.007241 milliseconds in repetition 466
tcp_ping received 192 bytes back
Round trip time was 0.007193 milliseconds in repetition 467
tcp_ping received 192 bytes back
Round trip time was 0.007183 milliseconds in repetition 468
tcp_ping received 192 bytes back
Round trip time was 0.007181 milliseconds in repetition 469
tcp_ping received 192 bytes back
Round trip time was 0.007247 milliseconds in repetition 470
tcp_ping received 192 bytes back
Round trip time was 0.00731 milliseconds in repetition 471
tcp_ping received 192 bytes back
Round trip time was 0.007133 milliseconds in repetition 472
tcp_ping received 192 bytes back
Round trip time was 0.007182 milliseconds in repetition 473
tcp_ping received 192 bytes back
Round trip time was 0.007248 milliseconds in repetition 474
tcp_ping received 192 bytes back
Round trip time was 0.007158 milliseconds in repetition 475
tcp_ping received 192 bytes back
Round trip time was 0.007189 milliseconds in repetition 476
tcp_ping received 192 bytes back
Round trip time was 0.007234 milliseconds in repetition 477
tcp_ping received 192 bytes back
Round trip time was 0.007259 milliseconds in repetition 478
tcp_ping received 192 bytes back
Round trip time was 0.007182 milliseconds in repetition 479
tcp_ping received 192 bytes back
Round trip time was 0.007163 milliseconds in repetition 480
tcp_ping received 192 bytes back
Round trip time was 0.007333 milliseconds in repetition 481
tcp_ping received 192 bytes back
Round trip time was 0.007293 milliseconds in repetition 482
tcp_ping received 192 bytes back
Round trip time was 0.007122 milliseconds in repetition 483
tcp_ping received 192 bytes back
Round trip time was 0.007336 milliseconds in repetition 484
tcp_ping received 192 bytes back
Round trip time was 0.011383 milliseconds in repetition 485
tcp_ping received 192 bytes back
Round trip time was 0.009326 milliseconds in repetition 486
tcp_ping received 192 bytes back
Round trip time was 0.008423 milliseconds in repetition 487
tcp_ping received 192 bytes back
Round trip time was 0.007459 milliseconds in repetition 488
tcp_ping received 192 bytes back
Round trip time was 0.00728 milliseconds in repetition 489
tcp_ping received 192 bytes back
Round trip time was 0.007146 milliseconds in repetition 490
tcp_ping received 192 bytes back
Round trip time was 0.007221 milliseconds in repetition 491
tcp_ping received 192 bytes back
Round trip time was 0.007373 milliseconds in repetition 492
tcp_ping received 192 bytes back
Round trip time was 0.007222 milliseconds in repetition 493
tcp_ping received 192 bytes back
Round trip time was 0.007285 milliseconds in repetition 494
tcp_ping received 192 bytes back
Round trip time was 0.00711 milliseconds in repetition 495
tcp_ping received 192 bytes back
Round trip time was 0.007264 milliseconds in repetition 496
tcp_ping received 192 bytes back
Round trip time was 0.007208 milliseconds in repetition 497
tcp_ping received 192 bytes back
Round trip time was 0.007224 milliseconds in repetition 498
tcp_ping received 192 bytes back
Round trip time was 0.007164 milliseconds in repetition 499
tcp_ping received 192 bytes back
Round trip time was 0.007295 milliseconds in repetition 500
tcp_ping received 192 bytes back
Round trip time was 0.007178 milliseconds in repetition 501

 ... clock resolution was 1e-06
TCP Ping:  Statistics over 501 repetitions of 192 byte messages

RTT : percentile 10: 0.007105, median: 0.007208, percentile 90: 0.007386, average: 0.00735689, variance: 6.29593e-07

RTT histogram:
0.0070045 380
0.00754885 90
0.0080932 4
0.00863755 11
0.0091819 10
0.00972625 0
0.0102706 1
0.010815 0
0.0113593 1
0.0119037 1
0.012448 0
0.0129924 0
0.0135367 1
0.0140811 0
0.0146254 1
0.0151698 0
0.0157141 0
0.0162585 0
0.0168028 0
0.0173472 0
0.0178915 1

   median Throughput : 53274.1 KB/s   overall Throughput : 52196 KB/s

