TCP Ping trying to connect to server localhost (127.0.0.1) on port 1491
 ... connected to Pong server: asking for 501 repetitions of 6144 bytes TCP messages
 ... Pong server agreed :-)
tcp_ping received 6144 bytes back
Round trip time was 0.03582 milliseconds in repetition 1
tcp_ping received 6144 bytes back
Round trip time was 0.028986 milliseconds in repetition 2
tcp_ping received 6144 bytes back
Round trip time was 0.024918 milliseconds in repetition 3
tcp_ping received 6144 bytes back
Round trip time was 0.024192 milliseconds in repetition 4
tcp_ping received 6144 bytes back
Round trip time was 0.02506 milliseconds in repetition 5
tcp_ping received 6144 bytes back
Round trip time was 0.02437 milliseconds in repetition 6
tcp_ping received 6144 bytes back
Round trip time was 0.023943 milliseconds in repetition 7
tcp_ping received 6144 bytes back
Round trip time was 0.023967 milliseconds in repetition 8
tcp_ping received 6144 bytes back
Round trip time was 0.023982 milliseconds in repetition 9
tcp_ping received 6144 bytes back
Round trip time was 0.023931 milliseconds in repetition 10
tcp_ping received 6144 bytes back
Round trip time was 0.025253 milliseconds in repetition 11
tcp_ping received 6144 bytes back
Round trip time was 0.027388 milliseconds in repetition 12
tcp_ping received 6144 bytes back
Round trip time was 0.02413 milliseconds in repetition 13
tcp_ping received 6144 bytes back
Round trip time was 0.024256 milliseconds in repetition 14
tcp_ping received 6144 bytes back
Round trip time was 0.023996 milliseconds in repetition 15
tcp_ping received 6144 bytes back
Round trip time was 0.026599 milliseconds in repetition 16
tcp_ping received 6144 bytes back
Round trip time was 0.029847 milliseconds in repetition 17
tcp_ping received 6144 bytes back
Round trip time was 0.027077 milliseconds in repetition 18
tcp_ping received 6144 bytes back
Round trip time was 0.026942 milliseconds in repetition 19
tcp_ping received 6144 bytes back
Round trip time was 0.02713 milliseconds in repetition 20
tcp_ping received 6144 bytes back
Round trip time was 0.026896 milliseconds in repetition 21
tcp_ping received 6144 bytes back
Round trip time was 0.02764 milliseconds in repetition 22
tcp_ping received 6144 bytes back
Round trip time was 0.026888 milliseconds in repetition 23
tcp_ping received 6144 bytes back
Round trip time was 0.027142 milliseconds in repetition 24
tcp_ping received 6144 bytes back
Round trip time was 0.026902 milliseconds in repetition 25
tcp_ping received 6144 bytes back
Round trip time was 0.026878 milliseconds in repetition 26
tcp_ping received 6144 bytes back
Round trip time was 0.029669 milliseconds in repetition 27
tcp_ping received 6144 bytes back
Round trip time was 0.026893 milliseconds in repetition 28
tcp_ping received 6144 bytes back
Round trip time was 0.027223 milliseconds in repetition 29
tcp_ping received 6144 bytes back
Round trip time was 0.068317 milliseconds in repetition 30
tcp_ping received 6144 bytes back
Round trip time was 0.030966 milliseconds in repetition 31
tcp_ping received 6144 bytes back
Round trip time was 0.02759 milliseconds in repetition 32
tcp_ping received 6144 bytes back
Round trip time was 0.027085 milliseconds in repetition 33
tcp_ping received 6144 bytes back
Round trip time was 0.027659 milliseconds in repetition 34
tcp_ping received 6144 bytes back
Round trip time was 0.026785 milliseconds in repetition 35
tcp_ping received 6144 bytes back
Round trip time was 0.027097 milliseconds in repetition 36
tcp_ping received 6144 bytes back
Round trip time was 0.027054 milliseconds in repetition 37
tcp_ping received 6144 bytes back
Round trip time was 0.027063 milliseconds in repetition 38
tcp_ping received 6144 bytes back
Round trip time was 0.02665 milliseconds in repetition 39
tcp_ping received 6144 bytes back
Round trip time was 0.026562 milliseconds in repetition 40
tcp_ping received 6144 bytes back
Round trip time was 0.027001 milliseconds in repetition 41
tcp_ping received 6144 bytes back
Round trip time was 0.026663 milliseconds in repetition 42
tcp_ping received 6144 bytes back
Round trip time was 0.027404 milliseconds in repetition 43
tcp_ping received 6144 bytes back
Round trip time was 0.026513 milliseconds in repetition 44
tcp_ping received 6144 bytes back
Round trip time was 0.025193 milliseconds in repetition 45
tcp_ping received 6144 bytes back
Round trip time was 0.024928 milliseconds in repetition 46
tcp_ping received 6144 bytes back
Round trip time was 0.024658 milliseconds in repetition 47
tcp_ping received 6144 bytes back
Round trip time was 0.025009 milliseconds in repetition 48
tcp_ping received 6144 bytes back
Round trip time was 0.024803 milliseconds in repetition 49
tcp_ping received 6144 bytes back
Round trip time was 0.024661 milliseconds in repetition 50
tcp_ping received 6144 bytes back
Round trip time was 0.024972 milliseconds in repetition 51
tcp_ping received 6144 bytes back
Round trip time was 0.025079 milliseconds in repetition 52
tcp_ping received 6144 bytes back
Round trip time was 0.024612 milliseconds in repetition 53
tcp_ping received 6144 bytes back
Round trip time was 0.024633 milliseconds in repetition 54
tcp_ping received 6144 bytes back
Round trip time was 0.024904 milliseconds in repetition 55
tcp_ping received 6144 bytes back
Round trip time was 0.025043 milliseconds in repetition 56
tcp_ping received 6144 bytes back
Round trip time was 0.024837 milliseconds in repetition 57
tcp_ping received 6144 bytes back
Round trip time was 0.025458 milliseconds in repetition 58
tcp_ping received 6144 bytes back
Round trip time was 0.024956 milliseconds in repetition 59
tcp_ping received 6144 bytes back
Round trip time was 0.025734 milliseconds in repetition 60
tcp_ping received 6144 bytes back
Round trip time was 0.024002 milliseconds in repetition 61
tcp_ping received 6144 bytes back
Round trip time was 0.024356 milliseconds in repetition 62
tcp_ping received 6144 bytes back
Round trip time was 0.023978 milliseconds in repetition 63
tcp_ping received 6144 bytes back
Round trip time was 0.024092 milliseconds in repetition 64
tcp_ping received 6144 bytes back
Round trip time was 0.024111 milliseconds in repetition 65
tcp_ping received 6144 bytes back
Round trip time was 0.024273 milliseconds in repetition 66
tcp_ping received 6144 bytes back
Round trip time was 0.023989 milliseconds in repetition 67
tcp_ping received 6144 bytes back
Round trip time was 0.024156 milliseconds in repetition 68
tcp_ping received 6144 bytes back
Round trip time was 0.024073 milliseconds in repetition 69
tcp_ping received 6144 bytes back
Round trip time was 0.024252 milliseconds in repetition 70
tcp_ping received 6144 bytes back
Round trip time was 0.024384 milliseconds in repetition 71
tcp_ping received 6144 bytes back
Round trip time was 0.0244 milliseconds in repetition 72
tcp_ping received 6144 bytes back
Round trip time was 0.024016 milliseconds in repetition 73
tcp_ping received 6144 bytes back
Round trip time was 0.024845 milliseconds in repetition 74
tcp_ping received 6144 bytes back
Round trip time was 0.023874 milliseconds in repetition 75
tcp_ping received 6144 bytes back
Round trip time was 0.024265 milliseconds in repetition 76
tcp_ping received 6144 bytes back
Round trip time was 0.024266 milliseconds in repetition 77
tcp_ping received 6144 bytes back
Round trip time was 0.023935 milliseconds in repetition 78
tcp_ping received 6144 bytes back
Round trip time was 0.023988 milliseconds in repetition 79
tcp_ping received 6144 bytes back
Round trip time was 0.0244 milliseconds in repetition 80
tcp_ping received 6144 bytes back
Round trip time was 0.024314 milliseconds in repetition 81
tcp_ping received 6144 bytes back
Round trip time was 0.024008 milliseconds in repetition 82
tcp_ping received 6144 bytes back
Round trip time was 0.024015 milliseconds in repetition 83
tcp_ping received 6144 bytes back
Round trip time was 0.024276 milliseconds in repetition 84
tcp_ping received 6144 bytes back
Round trip time was 0.023969 milliseconds in repetition 85
tcp_ping received 6144 bytes back
Round trip time was 0.024046 milliseconds in repetition 86
tcp_ping received 6144 bytes back
Round trip time was 0.024422 milliseconds in repetition 87
tcp_ping received 6144 bytes back
Round trip time was 0.024978 milliseconds in repetition 88
tcp_ping received 6144 bytes back
Round trip time was 0.024864 milliseconds in repetition 89
tcp_ping received 6144 bytes back
Round trip time was 0.02433 milliseconds in repetition 90
tcp_ping received 6144 bytes back
Round trip time was 0.024303 milliseconds in repetition 91
tcp_ping received 6144 bytes back
Round trip time was 0.024454 milliseconds in repetition 92
tcp_ping received 6144 bytes back
Round trip time was 0.02386 milliseconds in repetition 93
tcp_ping received 6144 bytes back
Round trip time was 0.024391 milliseconds in repetition 94
tcp_ping received 6144 bytes back
Round trip time was 0.024277 milliseconds in repetition 95
tcp_ping received 6144 bytes back
Round trip time was 0.024124 milliseconds in repetition 96
tcp_ping received 6144 bytes back
Round trip time was 0.024014 milliseconds in repetition 97
tcp_ping received 6144 bytes back
Round trip time was 0.024254 milliseconds in repetition 98
tcp_ping received 6144 bytes back
Round trip time was 0.023915 milliseconds in repetition 99
tcp_ping received 6144 bytes back
Round trip time was 0.024261 milliseconds in repetition 100
tcp_ping received 6144 bytes back
Round trip time was 0.024351 milliseconds in repetition 101
tcp_ping received 6144 bytes back
Round trip time was 0.024242 milliseconds in repetition 102
tcp_ping received 6144 bytes back
Round trip time was 0.024335 milliseconds in repetition 103
tcp_ping received 6144 bytes back
Round trip time was 0.023979 milliseconds in repetition 104
tcp_ping received 6144 bytes back
Round trip time was 0.024001 milliseconds in repetition 105
tcp_ping received 6144 bytes back
Round trip time was 0.023884 milliseconds in repetition 106
tcp_ping received 6144 bytes back
Round trip time was 0.024572 milliseconds in repetition 107
tcp_ping received 6144 bytes back
Round trip time was 0.024321 milliseconds in repetition 108
tcp_ping received 6144 bytes back
Round trip time was 0.023951 milliseconds in repetition 109
tcp_ping received 6144 bytes back
Round trip time was 0.023825 milliseconds in repetition 110
tcp_ping received 6144 bytes back
Round trip time was 0.02465 milliseconds in repetition 111
tcp_ping received 6144 bytes back
Round trip time was 0.024316 milliseconds in repetition 112
tcp_ping received 6144 bytes back
Round trip time was 0.024132 milliseconds in repetition 113
tcp_ping received 6144 bytes back
Round trip time was 0.024348 milliseconds in repetition 114
tcp_ping received 6144 bytes back
Round trip time was 0.024568 milliseconds in repetition 115
tcp_ping received 6144 bytes back
Round trip time was 0.024043 milliseconds in repetition 116
tcp_ping received 6144 bytes back
Round trip time was 0.024256 milliseconds in repetition 117
tcp_ping received 6144 bytes back
Round trip time was 0.0288 milliseconds in repetition 118
tcp_ping received 6144 bytes back
Round trip time was 0.027221 milliseconds in repetition 119
tcp_ping received 6144 bytes back
Round trip time was 0.024494 milliseconds in repetition 120
tcp_ping received 6144 bytes back
Round trip time was 0.023951 milliseconds in repetition 121
tcp_ping received 6144 bytes back
Round trip time was 0.024283 milliseconds in repetition 122
tcp_ping received 6144 bytes back
Round trip time was 0.024033 milliseconds in repetition 123
tcp_ping received 6144 bytes back
Round trip time was 0.024033 milliseconds in repetition 124
tcp_ping received 6144 bytes back
Round trip time was 0.024302 milliseconds in repetition 125
tcp_ping received 6144 bytes back
Round trip time was 0.024243 milliseconds in repetition 126
tcp_ping received 6144 bytes back
Round trip time was 0.024262 milliseconds in repetition 127
tcp_ping received 6144 bytes back
Round trip time was 0.024835 milliseconds in repetition 128
tcp_ping received 6144 bytes back
Round trip time was 0.024512 milliseconds in repetition 129
tcp_ping received 6144 bytes back
Round trip time was 0.024367 milliseconds in repetition 130
tcp_ping received 6144 bytes back
Round trip time was 0.024054 milliseconds in repetition 131
tcp_ping received 6144 bytes back
Round trip time was 0.025464 milliseconds in repetition 132
tcp_ping received 6144 bytes back
Round trip time was 0.023973 milliseconds in repetition 133
tcp_ping received 6144 bytes back
Round trip time was 0.024414 milliseconds in repetition 134
tcp_ping received 6144 bytes back
Round trip time was 0.024067 milliseconds in repetition 135
tcp_ping received 6144 bytes back
Round trip time was 0.024102 milliseconds in repetition 136
tcp_ping received 6144 bytes back
Round trip time was 0.024287 milliseconds in repetition 137
tcp_ping received 6144 bytes back
Round trip time was 0.024258 milliseconds in repetition 138
tcp_ping received 6144 bytes back
Round trip time was 0.024046 milliseconds in repetition 139
tcp_ping received 6144 bytes back
Round trip time was 0.024084 milliseconds in repetition 140
tcp_ping received 6144 bytes back
Round trip time was 0.024422 milliseconds in repetition 141
tcp_ping received 6144 bytes back
Round trip time was 0.024089 milliseconds in repetition 142
tcp_ping received 6144 bytes back
Round trip time was 0.024114 milliseconds in repetition 143
tcp_ping received 6144 bytes back
Round trip time was 0.023994 milliseconds in repetition 144
tcp_ping received 6144 bytes back
Round trip time was 0.024279 milliseconds in repetition 145
tcp_ping received 6144 bytes back
Round trip time was 0.023963 milliseconds in repetition 146
tcp_ping received 6144 bytes back
Round trip time was 0.023957 milliseconds in repetition 147
tcp_ping received 6144 bytes back
Round trip time was 0.024178 milliseconds in repetition 148
tcp_ping received 6144 bytes back
Round trip time was 0.024276 milliseconds in repetition 149
tcp_ping received 6144 bytes back
Round trip time was 0.024402 milliseconds in repetition 150
tcp_ping received 6144 bytes back
Round trip time was 0.024095 milliseconds in repetition 151
tcp_ping received 6144 bytes back
Round trip time was 0.024308 milliseconds in repetition 152
tcp_ping received 6144 bytes back
Round trip time was 0.023713 milliseconds in repetition 153
tcp_ping received 6144 bytes back
Round trip time was 0.024297 milliseconds in repetition 154
tcp_ping received 6144 bytes back
Round trip time was 0.024269 milliseconds in repetition 155
tcp_ping received 6144 bytes back
Round trip time was 0.024298 milliseconds in repetition 156
tcp_ping received 6144 bytes back
Round trip time was 0.024038 milliseconds in repetition 157
tcp_ping received 6144 bytes back
Round trip time was 0.024015 milliseconds in repetition 158
tcp_ping received 6144 bytes back
Round trip time was 0.023985 milliseconds in repetition 159
tcp_ping received 6144 bytes back
Round trip time was 0.024293 milliseconds in repetition 160
tcp_ping received 6144 bytes back
Round trip time was 0.023956 milliseconds in repetition 161
tcp_ping received 6144 bytes back
Round trip time was 0.024089 milliseconds in repetition 162
tcp_ping received 6144 bytes back
Round trip time was 0.024281 milliseconds in repetition 163
tcp_ping received 6144 bytes back
Round trip time was 0.024367 milliseconds in repetition 164
tcp_ping received 6144 bytes back
Round trip time was 0.024009 milliseconds in repetition 165
tcp_ping received 6144 bytes back
Round trip time was 0.023988 milliseconds in repetition 166
tcp_ping received 6144 bytes back
Round trip time was 0.023965 milliseconds in repetition 167
tcp_ping received 6144 bytes back
Round trip time was 0.023965 milliseconds in repetition 168
tcp_ping received 6144 bytes back
Round trip time was 0.023869 milliseconds in repetition 169
tcp_ping received 6144 bytes back
Round trip time was 0.023965 milliseconds in repetition 170
tcp_ping received 6144 bytes back
Round trip time was 0.024801 milliseconds in repetition 171
tcp_ping received 6144 bytes back
Round trip time was 0.023965 milliseconds in repetition 172
tcp_ping received 6144 bytes back
Round trip time was 0.023958 milliseconds in repetition 173
tcp_ping received 6144 bytes back
Round trip time was 0.023928 milliseconds in repetition 174
tcp_ping received 6144 bytes back
Round trip time was 0.024409 milliseconds in repetition 175
tcp_ping received 6144 bytes back
Round trip time was 0.025051 milliseconds in repetition 176
tcp_ping received 6144 bytes back
Round trip time was 0.024109 milliseconds in repetition 177
tcp_ping received 6144 bytes back
Round trip time was 0.024428 milliseconds in repetition 178
tcp_ping received 6144 bytes back
Round trip time was 0.024278 milliseconds in repetition 179
tcp_ping received 6144 bytes back
Round trip time was 0.024054 milliseconds in repetition 180
tcp_ping received 6144 bytes back
Round trip time was 0.023936 milliseconds in repetition 181
tcp_ping received 6144 bytes back
Round trip time was 0.024022 milliseconds in repetition 182
tcp_ping received 6144 bytes back
Round trip time was 0.024035 milliseconds in repetition 183
tcp_ping received 6144 bytes back
Round trip time was 0.024306 milliseconds in repetition 184
tcp_ping received 6144 bytes back
Round trip time was 0.02437 milliseconds in repetition 185
tcp_ping received 6144 bytes back
Round trip time was 0.024172 milliseconds in repetition 186
tcp_ping received 6144 bytes back
Round trip time was 0.024306 milliseconds in repetition 187
tcp_ping received 6144 bytes back
Round trip time was 0.024359 milliseconds in repetition 188
tcp_ping received 6144 bytes back
Round trip time was 0.024281 milliseconds in repetition 189
tcp_ping received 6144 bytes back
Round trip time was 0.023913 milliseconds in repetition 190
tcp_ping received 6144 bytes back
Round trip time was 0.024314 milliseconds in repetition 191
tcp_ping received 6144 bytes back
Round trip time was 0.024483 milliseconds in repetition 192
tcp_ping received 6144 bytes back
Round trip time was 0.024288 milliseconds in repetition 193
tcp_ping received 6144 bytes back
Round trip time was 0.024385 milliseconds in repetition 194
tcp_ping received 6144 bytes back
Round trip time was 0.023925 milliseconds in repetition 195
tcp_ping received 6144 bytes back
Round trip time was 0.024333 milliseconds in repetition 196
tcp_ping received 6144 bytes back
Round trip time was 0.02394 milliseconds in repetition 197
tcp_ping received 6144 bytes back
Round trip time was 0.024168 milliseconds in repetition 198
tcp_ping received 6144 bytes back
Round trip time was 0.024001 milliseconds in repetition 199
tcp_ping received 6144 bytes back
Round trip time was 0.024301 milliseconds in repetition 200
tcp_ping received 6144 bytes back
Round trip time was 0.023949 milliseconds in repetition 201
tcp_ping received 6144 bytes back
Round trip time was 0.024331 milliseconds in repetition 202
tcp_ping received 6144 bytes back
Round trip time was 0.023874 milliseconds in repetition 203
tcp_ping received 6144 bytes back
Round trip time was 0.023973 milliseconds in repetition 204
tcp_ping received 6144 bytes back
Round trip time was 0.02419 milliseconds in repetition 205
tcp_ping received 6144 bytes back
Round trip time was 0.024101 milliseconds in repetition 206
tcp_ping received 6144 bytes back
Round trip time was 0.024247 milliseconds in repetition 207
tcp_ping received 6144 bytes back
Round trip time was 0.023973 milliseconds in repetition 208
tcp_ping received 6144 bytes back
Round trip time was 0.024239 milliseconds in repetition 209
tcp_ping received 6144 bytes back
Round trip time was 0.024233 milliseconds in repetition 210
tcp_ping received 6144 bytes back
Round trip time was 0.023948 milliseconds in repetition 211
tcp_ping received 6144 bytes back
Round trip time was 0.024035 milliseconds in repetition 212
tcp_ping received 6144 bytes back
Round trip time was 0.024045 milliseconds in repetition 213
tcp_ping received 6144 bytes back
Round trip time was 0.024322 milliseconds in repetition 214
tcp_ping received 6144 bytes back
Round trip time was 0.023986 milliseconds in repetition 215
tcp_ping received 6144 bytes back
Round trip time was 0.023933 milliseconds in repetition 216
tcp_ping received 6144 bytes back
Round trip time was 0.02423 milliseconds in repetition 217
tcp_ping received 6144 bytes back
Round trip time was 0.024218 milliseconds in repetition 218
tcp_ping received 6144 bytes back
Round trip time was 0.024927 milliseconds in repetition 219
tcp_ping received 6144 bytes back
Round trip time was 0.024132 milliseconds in repetition 220
tcp_ping received 6144 bytes back
Round trip time was 0.023955 milliseconds in repetition 221
tcp_ping received 6144 bytes back
Round trip time was 0.02431 milliseconds in repetition 222
tcp_ping received 6144 bytes back
Round trip time was 0.023922 milliseconds in repetition 223
tcp_ping received 6144 bytes back
Round trip time was 0.02512 milliseconds in repetition 224
tcp_ping received 6144 bytes back
Round trip time was 0.023885 milliseconds in repetition 225
tcp_ping received 6144 bytes back
Round trip time was 0.024031 milliseconds in repetition 226
tcp_ping received 6144 bytes back
Round trip time was 0.02411 milliseconds in repetition 227
tcp_ping received 6144 bytes back
Round trip time was 0.02427 milliseconds in repetition 228
tcp_ping received 6144 bytes back
Round trip time was 0.024243 milliseconds in repetition 229
tcp_ping received 6144 bytes back
Round trip time was 0.024035 milliseconds in repetition 230
tcp_ping received 6144 bytes back
Round trip time was 0.02427 milliseconds in repetition 231
tcp_ping received 6144 bytes back
Round trip time was 0.024295 milliseconds in repetition 232
tcp_ping received 6144 bytes back
Round trip time was 0.023903 milliseconds in repetition 233
tcp_ping received 6144 bytes back
Round trip time was 0.024021 milliseconds in repetition 234
tcp_ping received 6144 bytes back
Round trip time was 0.024132 milliseconds in repetition 235
tcp_ping received 6144 bytes back
Round trip time was 0.023924 milliseconds in repetition 236
tcp_ping received 6144 bytes back
Round trip time was 0.024178 milliseconds in repetition 237
tcp_ping received 6144 bytes back
Round trip time was 0.024181 milliseconds in repetition 238
tcp_ping received 6144 bytes back
Round trip time was 0.023973 milliseconds in repetition 239
tcp_ping received 6144 bytes back
Round trip time was 0.023997 milliseconds in repetition 240
tcp_ping received 6144 bytes back
Round trip time was 0.024316 milliseconds in repetition 241
tcp_ping received 6144 bytes back
Round trip time was 0.024305 milliseconds in repetition 242
tcp_ping received 6144 bytes back
Round trip time was 0.024246 milliseconds in repetition 243
tcp_ping received 6144 bytes back
Round trip time was 0.023877 milliseconds in repetition 244
tcp_ping received 6144 bytes back
Round trip time was 0.024255 milliseconds in repetition 245
tcp_ping received 6144 bytes back
Round trip time was 0.024782 milliseconds in repetition 246
tcp_ping received 6144 bytes back
Round trip time was 0.031702 milliseconds in repetition 247
tcp_ping received 6144 bytes back
Round trip time was 0.02499 milliseconds in repetition 248
tcp_ping received 6144 bytes back
Round trip time was 0.024234 milliseconds in repetition 249
tcp_ping received 6144 bytes back
Round trip time was 0.024055 milliseconds in repetition 250
tcp_ping received 6144 bytes back
Round trip time was 0.024749 milliseconds in repetition 251
tcp_ping received 6144 bytes back
Round trip time was 0.024342 milliseconds in repetition 252
tcp_ping received 6144 bytes back
Round trip time was 0.023989 milliseconds in repetition 253
tcp_ping received 6144 bytes back
Round trip time was 0.024288 milliseconds in repetition 254
tcp_ping received 6144 bytes back
Round trip time was 0.024446 milliseconds in repetition 255
tcp_ping received 6144 bytes back
Round trip time was 0.024369 milliseconds in repetition 256
tcp_ping received 6144 bytes back
Round trip time was 0.024232 milliseconds in repetition 257
tcp_ping received 6144 bytes back
Round trip time was 0.024208 milliseconds in repetition 258
tcp_ping received 6144 bytes back
Round trip time was 0.024223 milliseconds in repetition 259
tcp_ping received 6144 bytes back
Round trip time was 0.024235 milliseconds in repetition 260
tcp_ping received 6144 bytes back
Round trip time was 0.024167 milliseconds in repetition 261
tcp_ping received 6144 bytes back
Round trip time was 0.024734 milliseconds in repetition 262
tcp_ping received 6144 bytes back
Round trip time was 0.024335 milliseconds in repetition 263
tcp_ping received 6144 bytes back
Round trip time was 0.023992 milliseconds in repetition 264
tcp_ping received 6144 bytes back
Round trip time was 0.024268 milliseconds in repetition 265
tcp_ping received 6144 bytes back
Round trip time was 0.024315 milliseconds in repetition 266
tcp_ping received 6144 bytes back
Round trip time was 0.024259 milliseconds in repetition 267
tcp_ping received 6144 bytes back
Round trip time was 0.023866 milliseconds in repetition 268
tcp_ping received 6144 bytes back
Round trip time was 0.024228 milliseconds in repetition 269
tcp_ping received 6144 bytes back
Round trip time was 0.023914 milliseconds in repetition 270
tcp_ping received 6144 bytes back
Round trip time was 0.024129 milliseconds in repetition 271
tcp_ping received 6144 bytes back
Round trip time was 0.024345 milliseconds in repetition 272
tcp_ping received 6144 bytes back
Round trip time was 0.023908 milliseconds in repetition 273
tcp_ping received 6144 bytes back
Round trip time was 0.024286 milliseconds in repetition 274
tcp_ping received 6144 bytes back
Round trip time was 0.023908 milliseconds in repetition 275
tcp_ping received 6144 bytes back
Round trip time was 0.023972 milliseconds in repetition 276
tcp_ping received 6144 bytes back
Round trip time was 0.024292 milliseconds in repetition 277
tcp_ping received 6144 bytes back
Round trip time was 0.024124 milliseconds in repetition 278
tcp_ping received 6144 bytes back
Round trip time was 0.024751 milliseconds in repetition 279
tcp_ping received 6144 bytes back
Round trip time was 0.024135 milliseconds in repetition 280
tcp_ping received 6144 bytes back
Round trip time was 0.024294 milliseconds in repetition 281
tcp_ping received 6144 bytes back
Round trip time was 0.024389 milliseconds in repetition 282
tcp_ping received 6144 bytes back
Round trip time was 0.024032 milliseconds in repetition 283
tcp_ping received 6144 bytes back
Round trip time was 0.024161 milliseconds in repetition 284
tcp_ping received 6144 bytes back
Round trip time was 0.024083 milliseconds in repetition 285
tcp_ping received 6144 bytes back
Round trip time was 0.024694 milliseconds in repetition 286
tcp_ping received 6144 bytes back
Round trip time was 0.034467 milliseconds in repetition 287
tcp_ping received 6144 bytes back
Round trip time was 0.028963 milliseconds in repetition 288
tcp_ping received 6144 bytes back
Round trip time was 0.025857 milliseconds in repetition 289
tcp_ping received 6144 bytes back
Round trip time was 0.025176 milliseconds in repetition 290
tcp_ping received 6144 bytes back
Round trip time was 0.025463 milliseconds in repetition 291
tcp_ping received 6144 bytes back
Round trip time was 0.478397 milliseconds in repetition 292
tcp_ping received 6144 bytes back
Round trip time was 0.041104 milliseconds in repetition 293
tcp_ping received 6144 bytes back
Round trip time was 0.083009 milliseconds in repetition 294
tcp_ping received 6144 bytes back
Round trip time was 0.030176 milliseconds in repetition 295
tcp_ping received 6144 bytes back
Round trip time was 0.037651 milliseconds in repetition 296
tcp_ping received 6144 bytes back
Round trip time was 0.042936 milliseconds in repetition 297
tcp_ping received 6144 bytes back
Round trip time was 0.039655 milliseconds in repetition 298
tcp_ping received 6144 bytes back
Round trip time was 0.041417 milliseconds in repetition 299
tcp_ping received 6144 bytes back
Round trip time was 0.042638 milliseconds in repetition 300
tcp_ping received 6144 bytes back
Round trip time was 0.039877 milliseconds in repetition 301
tcp_ping received 6144 bytes back
Round trip time was 0.032146 milliseconds in repetition 302
tcp_ping received 6144 bytes back
Round trip time was 0.045723 milliseconds in repetition 303
tcp_ping received 6144 bytes back
Round trip time was 0.039009 milliseconds in repetition 304
tcp_ping received 6144 bytes back
Round trip time was 0.052058 milliseconds in repetition 305
tcp_ping received 6144 bytes back
Round trip time was 0.059487 milliseconds in repetition 306
tcp_ping received 6144 bytes back
Round trip time was 0.028605 milliseconds in repetition 307
tcp_ping received 6144 bytes back
Round trip time was 0.033801 milliseconds in repetition 308
tcp_ping received 6144 bytes back
Round trip time was 0.035412 milliseconds in repetition 309
tcp_ping received 6144 bytes back
Round trip time was 0.035537 milliseconds in repetition 310
tcp_ping received 6144 bytes back
Round trip time was 0.029656 milliseconds in repetition 311
tcp_ping received 6144 bytes back
Round trip time was 0.03025 milliseconds in repetition 312
tcp_ping received 6144 bytes back
Round trip time was 0.029662 milliseconds in repetition 313
tcp_ping received 6144 bytes back
Round trip time was 0.032013 milliseconds in repetition 314
tcp_ping received 6144 bytes back
Round trip time was 0.029463 milliseconds in repetition 315
tcp_ping received 6144 bytes back
Round trip time was 0.029122 milliseconds in repetition 316
tcp_ping received 6144 bytes back
Round trip time was 0.029243 milliseconds in repetition 317
tcp_ping received 6144 bytes back
Round trip time was 0.029633 milliseconds in repetition 318
tcp_ping received 6144 bytes back
Round trip time was 0.02917 milliseconds in repetition 319
tcp_ping received 6144 bytes back
Round trip time was 0.029389 milliseconds in repetition 320
tcp_ping received 6144 bytes back
Round trip time was 0.029121 milliseconds in repetition 321
tcp_ping received 6144 bytes back
Round trip time was 0.029584 milliseconds in repetition 322
tcp_ping received 6144 bytes back
Round trip time was 0.026663 milliseconds in repetition 323
tcp_ping received 6144 bytes back
Round trip time was 0.026633 milliseconds in repetition 324
tcp_ping received 6144 bytes back
Round trip time was 0.026895 milliseconds in repetition 325
tcp_ping received 6144 bytes back
Round trip time was 0.026715 milliseconds in repetition 326
tcp_ping received 6144 bytes back
Round trip time was 0.026752 milliseconds in repetition 327
tcp_ping received 6144 bytes back
Round trip time was 0.026611 milliseconds in repetition 328
tcp_ping received 6144 bytes back
Round trip time was 0.026174 milliseconds in repetition 329
tcp_ping received 6144 bytes back
Round trip time was 0.026776 milliseconds in repetition 330
tcp_ping received 6144 bytes back
Round trip time was 0.026736 milliseconds in repetition 331
tcp_ping received 6144 bytes back
Round trip time was 0.026573 milliseconds in repetition 332
tcp_ping received 6144 bytes back
Round trip time was 0.026644 milliseconds in repetition 333
tcp_ping received 6144 bytes back
Round trip time was 0.026724 milliseconds in repetition 334
tcp_ping received 6144 bytes back
Round trip time was 0.02675 milliseconds in repetition 335
tcp_ping received 6144 bytes back
Round trip time was 0.026871 milliseconds in repetition 336
tcp_ping received 6144 bytes back
Round trip time was 0.029584 milliseconds in repetition 337
tcp_ping received 6144 bytes back
Round trip time was 0.028085 milliseconds in repetition 338
tcp_ping received 6144 bytes back
Round trip time was 0.033375 milliseconds in repetition 339
tcp_ping received 6144 bytes back
Round trip time was 0.025929 milliseconds in repetition 340
tcp_ping received 6144 bytes back
Round trip time was 0.025646 milliseconds in repetition 341
tcp_ping received 6144 bytes back
Round trip time was 0.025382 milliseconds in repetition 342
tcp_ping received 6144 bytes back
Round trip time was 0.025217 milliseconds in repetition 343
tcp_ping received 6144 bytes back
Round trip time was 0.025491 milliseconds in repetition 344
tcp_ping received 6144 bytes back
Round trip time was 0.025438 milliseconds in repetition 345
tcp_ping received 6144 bytes back
Round trip time was 0.025295 milliseconds in repetition 346
tcp_ping received 6144 bytes back
Round trip time was 0.025268 milliseconds in repetition 347
tcp_ping received 6144 bytes back
Round trip time was 0.025243 milliseconds in repetition 348
tcp_ping received 6144 bytes back
Round trip time was 0.025281 milliseconds in repetition 349
tcp_ping received 6144 bytes back
Round trip time was 0.032047 milliseconds in repetition 350
tcp_ping received 6144 bytes back
Round trip time was 0.025663 milliseconds in repetition 351
tcp_ping received 6144 bytes back
Round trip time was 0.025669 milliseconds in repetition 352
tcp_ping received 6144 bytes back
Round trip time was 0.025926 milliseconds in repetition 353
tcp_ping received 6144 bytes back
Round trip time was 0.023987 milliseconds in repetition 354
tcp_ping received 6144 bytes back
Round trip time was 0.023978 milliseconds in repetition 355
tcp_ping received 6144 bytes back
Round trip time was 0.024005 milliseconds in repetition 356
tcp_ping received 6144 bytes back
Round trip time was 0.024535 milliseconds in repetition 357
tcp_ping received 6144 bytes back
Round trip time was 0.024345 milliseconds in repetition 358
tcp_ping received 6144 bytes back
Round trip time was 0.023989 milliseconds in repetition 359
tcp_ping received 6144 bytes back
Round trip time was 0.024046 milliseconds in repetition 360
tcp_ping received 6144 bytes back
Round trip time was 0.024356 milliseconds in repetition 361
tcp_ping received 6144 bytes back
Round trip time was 0.024021 milliseconds in repetition 362
tcp_ping received 6144 bytes back
Round trip time was 0.024035 milliseconds in repetition 363
tcp_ping received 6144 bytes back
Round trip time was 0.024159 milliseconds in repetition 364
tcp_ping received 6144 bytes back
Round trip time was 0.024352 milliseconds in repetition 365
tcp_ping received 6144 bytes back
Round trip time was 0.024382 milliseconds in repetition 366
tcp_ping received 6144 bytes back
Round trip time was 0.025471 milliseconds in repetition 367
tcp_ping received 6144 bytes back
Round trip time was 0.023901 milliseconds in repetition 368
tcp_ping received 6144 bytes back
Round trip time was 0.023999 milliseconds in repetition 369
tcp_ping received 6144 bytes back
Round trip time was 0.024027 milliseconds in repetition 370
tcp_ping received 6144 bytes back
Round trip time was 0.02442 milliseconds in repetition 371
tcp_ping received 6144 bytes back
Round trip time was 0.023911 milliseconds in repetition 372
tcp_ping received 6144 bytes back
Round trip time was 0.024373 milliseconds in repetition 373
tcp_ping received 6144 bytes back
Round trip time was 0.024073 milliseconds in repetition 374
tcp_ping received 6144 bytes back
Round trip time was 0.024052 milliseconds in repetition 375
tcp_ping received 6144 bytes back
Round trip time was 0.023903 milliseconds in repetition 376
tcp_ping received 6144 bytes back
Round trip time was 0.024134 milliseconds in repetition 377
tcp_ping received 6144 bytes back
Round trip time was 0.023965 milliseconds in repetition 378
tcp_ping received 6144 bytes back
Round trip time was 0.024252 milliseconds in repetition 379
tcp_ping received 6144 bytes back
Round trip time was 0.023953 milliseconds in repetition 380
tcp_ping received 6144 bytes back
Round trip time was 0.023988 milliseconds in repetition 381
tcp_ping received 6144 bytes back
Round trip time was 0.023971 milliseconds in repetition 382
tcp_ping received 6144 bytes back
Round trip time was 0.023974 milliseconds in repetition 383
tcp_ping received 6144 bytes back
Round trip time was 0.024265 milliseconds in repetition 384
tcp_ping received 6144 bytes back
Round trip time was 0.023995 milliseconds in repetition 385
tcp_ping received 6144 bytes back
Round trip time was 0.024049 milliseconds in repetition 386
tcp_ping received 6144 bytes back
Round trip time was 0.024108 milliseconds in repetition 387
tcp_ping received 6144 bytes back
Round trip time was 0.024399 milliseconds in repetition 388
tcp_ping received 6144 bytes back
Round trip time was 0.024082 milliseconds in repetition 389
tcp_ping received 6144 bytes back
Round trip time was 0.024252 milliseconds in repetition 390
tcp_ping received 6144 bytes back
Round trip time was 0.023984 milliseconds in repetition 391
tcp_ping received 6144 bytes back
Round trip time was 0.024269 milliseconds in repetition 392
tcp_ping received 6144 bytes back
Round trip time was 0.024672 milliseconds in repetition 393
tcp_ping received 6144 bytes back
Round trip time was 0.0241 milliseconds in repetition 394
tcp_ping received 6144 bytes back
Round trip time was 0.024038 milliseconds in repetition 395
tcp_ping received 6144 bytes back
Round trip time was 0.024051 milliseconds in repetition 396
tcp_ping received 6144 bytes back
Round trip time was 0.024353 milliseconds in repetition 397
tcp_ping received 6144 bytes back
Round trip time was 0.024316 milliseconds in repetition 398
tcp_ping received 6144 bytes back
Round trip time was 0.024331 milliseconds in repetition 399
tcp_ping received 6144 bytes back
Round trip time was 0.02524 milliseconds in repetition 400
tcp_ping received 6144 bytes back
Round trip time was 0.024326 milliseconds in repetition 401
tcp_ping received 6144 bytes back
Round trip time was 0.024087 milliseconds in repetition 402
tcp_ping received 6144 bytes back
Round trip time was 0.023901 milliseconds in repetition 403
tcp_ping received 6144 bytes back
Round trip time was 0.023977 milliseconds in repetition 404
tcp_ping received 6144 bytes back
Round trip time was 0.024152 milliseconds in repetition 405
tcp_ping received 6144 bytes back
Round trip time was 0.024151 milliseconds in repetition 406
tcp_ping received 6144 bytes back
Round trip time was 0.02416 milliseconds in repetition 407
tcp_ping received 6144 bytes back
Round trip time was 0.024022 milliseconds in repetition 408
tcp_ping received 6144 bytes back
Round trip time was 0.024348 milliseconds in repetition 409
tcp_ping received 6144 bytes back
Round trip time was 0.024256 milliseconds in repetition 410
tcp_ping received 6144 bytes back
Round trip time was 0.024278 milliseconds in repetition 411
tcp_ping received 6144 bytes back
Round trip time was 0.024038 milliseconds in repetition 412
tcp_ping received 6144 bytes back
Round trip time was 0.02429 milliseconds in repetition 413
tcp_ping received 6144 bytes back
Round trip time was 0.023965 milliseconds in repetition 414
tcp_ping received 6144 bytes back
Round trip time was 0.023977 milliseconds in repetition 415
tcp_ping received 6144 bytes back
Round trip time was 0.024039 milliseconds in repetition 416
tcp_ping received 6144 bytes back
Round trip time was 0.024069 milliseconds in repetition 417
tcp_ping received 6144 bytes back
Round trip time was 0.024007 milliseconds in repetition 418
tcp_ping received 6144 bytes back
Round trip time was 0.023889 milliseconds in repetition 419
tcp_ping received 6144 bytes back
Round trip time was 0.023938 milliseconds in repetition 420
tcp_ping received 6144 bytes back
Round trip time was 0.024237 milliseconds in repetition 421
tcp_ping received 6144 bytes back
Round trip time was 0.02415 milliseconds in repetition 422
tcp_ping received 6144 bytes back
Round trip time was 0.023926 milliseconds in repetition 423
tcp_ping received 6144 bytes back
Round trip time was 0.023968 milliseconds in repetition 424
tcp_ping received 6144 bytes back
Round trip time was 0.0239 milliseconds in repetition 425
tcp_ping received 6144 bytes back
Round trip time was 0.024302 milliseconds in repetition 426
tcp_ping received 6144 bytes back
Round trip time was 0.02398 milliseconds in repetition 427
tcp_ping received 6144 bytes back
Round trip time was 0.023971 milliseconds in repetition 428
tcp_ping received 6144 bytes back
Round trip time was 0.024101 milliseconds in repetition 429
tcp_ping received 6144 bytes back
Round trip time was 0.024344 milliseconds in repetition 430
tcp_ping received 6144 bytes back
Round trip time was 0.02422 milliseconds in repetition 431
tcp_ping received 6144 bytes back
Round trip time was 0.02395 milliseconds in repetition 432
tcp_ping received 6144 bytes back
Round trip time was 0.024019 milliseconds in repetition 433
tcp_ping received 6144 bytes back
Round trip time was 0.024035 milliseconds in repetition 434
tcp_ping received 6144 bytes back
Round trip time was 0.023916 milliseconds in repetition 435
tcp_ping received 6144 bytes back
Round trip time was 0.024025 milliseconds in repetition 436
tcp_ping received 6144 bytes back
Round trip time was 0.024862 milliseconds in repetition 437
tcp_ping received 6144 bytes back
Round trip time was 0.024161 milliseconds in repetition 438
tcp_ping received 6144 bytes back
Round trip time was 0.024386 milliseconds in repetition 439
tcp_ping received 6144 bytes back
Round trip time was 0.024096 milliseconds in repetition 440
tcp_ping received 6144 bytes back
Round trip time was 0.02408 milliseconds in repetition 441
tcp_ping received 6144 bytes back
Round trip time was 0.02395 milliseconds in repetition 442
tcp_ping received 6144 bytes back
Round trip time was 0.024079 milliseconds in repetition 443
tcp_ping received 6144 bytes back
Round trip time was 0.024346 milliseconds in repetition 444
tcp_ping received 6144 bytes back
Round trip time was 0.024046 milliseconds in repetition 445
tcp_ping received 6144 bytes back
Round trip time was 0.024023 milliseconds in repetition 446
tcp_ping received 6144 bytes back
Round trip time was 0.024013 milliseconds in repetition 447
tcp_ping received 6144 bytes back
Round trip time was 0.023947 milliseconds in repetition 448
tcp_ping received 6144 bytes back
Round trip time was 0.024012 milliseconds in repetition 449
tcp_ping received 6144 bytes back
Round trip time was 0.024311 milliseconds in repetition 450
tcp_ping received 6144 bytes back
Round trip time was 0.024012 milliseconds in repetition 451
tcp_ping received 6144 bytes back
Round trip time was 0.024019 milliseconds in repetition 452
tcp_ping received 6144 bytes back
Round trip time was 0.024121 milliseconds in repetition 453
tcp_ping received 6144 bytes back
Round trip time was 0.023995 milliseconds in repetition 454
tcp_ping received 6144 bytes back
Round trip time was 0.024275 milliseconds in repetition 455
tcp_ping received 6144 bytes back
Round trip time was 0.024358 milliseconds in repetition 456
tcp_ping received 6144 bytes back
Round trip time was 0.024197 milliseconds in repetition 457
tcp_ping received 6144 bytes back
Round trip time was 0.024013 milliseconds in repetition 458
tcp_ping received 6144 bytes back
Round trip time was 0.023991 milliseconds in repetition 459
tcp_ping received 6144 bytes back
Round trip time was 0.02394 milliseconds in repetition 460
tcp_ping received 6144 bytes back
Round trip time was 0.023977 milliseconds in repetition 461
tcp_ping received 6144 bytes back
Round trip time was 0.024032 milliseconds in repetition 462
tcp_ping received 6144 bytes back
Round trip time was 0.024282 milliseconds in repetition 463
tcp_ping received 6144 bytes back
Round trip time was 0.023948 milliseconds in repetition 464
tcp_ping received 6144 bytes back
Round trip time was 0.024431 milliseconds in repetition 465
tcp_ping received 6144 bytes back
Round trip time was 0.024793 milliseconds in repetition 466
tcp_ping received 6144 bytes back
Round trip time was 0.038093 milliseconds in repetition 467
tcp_ping received 6144 bytes back
Round trip time was 0.024855 milliseconds in repetition 468
tcp_ping received 6144 bytes back
Round trip time was 0.024308 milliseconds in repetition 469
tcp_ping received 6144 bytes back
Round trip time was 0.024205 milliseconds in repetition 470
tcp_ping received 6144 bytes back
Round trip time was 0.024103 milliseconds in repetition 471
tcp_ping received 6144 bytes back
Round trip time was 0.024586 milliseconds in repetition 472
tcp_ping received 6144 bytes back
Round trip time was 0.024147 milliseconds in repetition 473
tcp_ping received 6144 bytes back
Round trip time was 0.024082 milliseconds in repetition 474
tcp_ping received 6144 bytes back
Round trip time was 0.024311 milliseconds in repetition 475
tcp_ping received 6144 bytes back
Round trip time was 0.024465 milliseconds in repetition 476
tcp_ping received 6144 bytes back
Round trip time was 0.024142 milliseconds in repetition 477
tcp_ping received 6144 bytes back
Round trip time was 0.023976 milliseconds in repetition 478
tcp_ping received 6144 bytes back
Round trip time was 0.02407 milliseconds in repetition 479
tcp_ping received 6144 bytes back
Round trip time was 0.024644 milliseconds in repetition 480
tcp_ping received 6144 bytes back
Round trip time was 0.024098 milliseconds in repetition 481
tcp_ping received 6144 bytes back
Round trip time was 0.024177 milliseconds in repetition 482
tcp_ping received 6144 bytes back
Round trip time was 0.024081 milliseconds in repetition 483
tcp_ping received 6144 bytes back
Round trip time was 0.02401 milliseconds in repetition 484
tcp_ping received 6144 bytes back
Round trip time was 0.024112 milliseconds in repetition 485
tcp_ping received 6144 bytes back
Round trip time was 0.02409 milliseconds in repetition 486
tcp_ping received 6144 bytes back
Round trip time was 0.02441 milliseconds in repetition 487
tcp_ping received 6144 bytes back
Round trip time was 0.024035 milliseconds in repetition 488
tcp_ping received 6144 bytes back
Round trip time was 0.025749 milliseconds in repetition 489
tcp_ping received 6144 bytes back
Round trip time was 0.024954 milliseconds in repetition 490
tcp_ping received 6144 bytes back
Round trip time was 0.024541 milliseconds in repetition 491
tcp_ping received 6144 bytes back
Round trip time was 0.024603 milliseconds in repetition 492
tcp_ping received 6144 bytes back
Round trip time was 0.024729 milliseconds in repetition 493
tcp_ping received 6144 bytes back
Round trip time was 0.024935 milliseconds in repetition 494
tcp_ping received 6144 bytes back
Round trip time was 0.024593 milliseconds in repetition 495
tcp_ping received 6144 bytes back
Round trip time was 0.02495 milliseconds in repetition 496
tcp_ping received 6144 bytes back
Round trip time was 0.024991 milliseconds in repetition 497
tcp_ping received 6144 bytes back
Round trip time was 0.024532 milliseconds in repetition 498
tcp_ping received 6144 bytes back
Round trip time was 0.02464 milliseconds in repetition 499
tcp_ping received 6144 bytes back
Round trip time was 0.024957 milliseconds in repetition 500
tcp_ping received 6144 bytes back
Round trip time was 0.024515 milliseconds in repetition 501

 ... clock resolution was 1e-06
TCP Ping:  Statistics over 501 repetitions of 6144 byte messages

RTT : percentile 10: 0.023965, median: 0.024278, percentile 90: 0.027388, average: 0.0264771, variance: 0.000431619

RTT histogram:
0.0237125 483
0.0464467 14
0.069181 2
0.0919152 1
0.114649 0
0.137384 0
0.160118 0
0.182852 0
0.205587 0
0.228321 0
0.251055 0
0.273789 0
0.296524 0
0.319258 0
0.341992 0
0.364726 0
0.387461 0
0.410195 0
0.432929 0
0.455663 0
0.478398 1

   median Throughput : 506137 KB/s   overall Throughput : 464100 KB/s

