TCP Ping trying to connect to server localhost (127.0.0.1) on port 1491
 ... connected to Pong server: asking for 501 repetitions of 524288 bytes TCP messages
 ... Pong server agreed :-)
tcp_ping received 524288 bytes back
Round trip time was 1.8151 milliseconds in repetition 1
tcp_ping received 524288 bytes back
Round trip time was 1.522 milliseconds in repetition 2
tcp_ping received 524288 bytes back
Round trip time was 1.56966 milliseconds in repetition 3
tcp_ping received 524288 bytes back
Round trip time was 1.52035 milliseconds in repetition 4
tcp_ping received 524288 bytes back
Round trip time was 2.15214 milliseconds in repetition 5
tcp_ping received 524288 bytes back
Round trip time was 2.51008 milliseconds in repetition 6
tcp_ping received 524288 bytes back
Round trip time was 2.01319 milliseconds in repetition 7
tcp_ping received 524288 bytes back
Round trip time was 1.85056 milliseconds in repetition 8
tcp_ping received 524288 bytes back
Round trip time was 1.48027 milliseconds in repetition 9
tcp_ping received 524288 bytes back
Round trip time was 2.21515 milliseconds in repetition 10
tcp_ping received 524288 bytes back
Round trip time was 2.20779 milliseconds in repetition 11
tcp_ping received 524288 bytes back
Round trip time was 2.31365 milliseconds in repetition 12
tcp_ping received 524288 bytes back
Round trip time was 2.38778 milliseconds in repetition 13
tcp_ping received 524288 bytes back
Round trip time was 2.07726 milliseconds in repetition 14
tcp_ping received 524288 bytes back
Round trip time was 1.59877 milliseconds in repetition 15
tcp_ping received 524288 bytes back
Round trip time was 1.62027 milliseconds in repetition 16
tcp_ping received 524288 bytes back
Round trip time was 1.55616 milliseconds in repetition 17
tcp_ping received 524288 bytes back
Round trip time was 1.53517 milliseconds in repetition 18
tcp_ping received 524288 bytes back
Round trip time was 1.54157 milliseconds in repetition 19
tcp_ping received 524288 bytes back
Round trip time was 1.48246 milliseconds in repetition 20
tcp_ping received 524288 bytes back
Round trip time was 1.65817 milliseconds in repetition 21
tcp_ping received 524288 bytes back
Round trip time was 1.65026 milliseconds in repetition 22
tcp_ping received 524288 bytes back
Round trip time was 1.55245 milliseconds in repetition 23
tcp_ping received 524288 bytes back
Round trip time was 1.569 milliseconds in repetition 24
tcp_ping received 524288 bytes back
Round trip time was 1.53753 milliseconds in repetition 25
tcp_ping received 524288 bytes back
Round trip time was 1.55199 milliseconds in repetition 26
tcp_ping received 524288 bytes back
Round trip time was 1.54774 milliseconds in repetition 27
tcp_ping received 524288 bytes back
Round trip time was 1.56869 milliseconds in repetition 28
tcp_ping received 524288 bytes back
Round trip time was 1.57518 milliseconds in repetition 29
tcp_ping received 524288 bytes back
Round trip time was 1.54656 milliseconds in repetition 30
tcp_ping received 524288 bytes back
Round trip time was 1.56126 milliseconds in repetition 31
tcp_ping received 524288 bytes back
Round trip time was 1.56927 milliseconds in repetition 32
tcp_ping received 524288 bytes back
Round trip time was 1.52641 milliseconds in repetition 33
tcp_ping received 524288 bytes back
Round trip time was 1.54571 milliseconds in repetition 34
tcp_ping received 524288 bytes back
Round trip time was 1.46899 milliseconds in repetition 35
tcp_ping received 524288 bytes back
Round trip time was 1.561 milliseconds in repetition 36
tcp_ping received 524288 bytes back
Round trip time was 1.59758 milliseconds in repetition 37
tcp_ping received 524288 bytes back
Round trip time was 1.59017 milliseconds in repetition 38
tcp_ping received 524288 bytes back
Round trip time was 1.60447 milliseconds in repetition 39
tcp_ping received 524288 bytes back
Round trip time was 1.61433 milliseconds in repetition 40
tcp_ping received 524288 bytes back
Round trip time was 1.59056 milliseconds in repetition 41
tcp_ping received 524288 bytes back
Round trip time was 1.56074 milliseconds in repetition 42
tcp_ping received 524288 bytes back
Round trip time was 1.57294 milliseconds in repetition 43
tcp_ping received 524288 bytes back
Round trip time was 1.5551 milliseconds in repetition 44
tcp_ping received 524288 bytes back
Round trip time was 1.55068 milliseconds in repetition 45
tcp_ping received 524288 bytes back
Round trip time was 1.59127 milliseconds in repetition 46
tcp_ping received 524288 bytes back
Round trip time was 1.54916 milliseconds in repetition 47
tcp_ping received 524288 bytes back
Round trip time was 1.57012 milliseconds in repetition 48
tcp_ping received 524288 bytes back
Round trip time was 1.55067 milliseconds in repetition 49
tcp_ping received 524288 bytes back
Round trip time was 1.56673 milliseconds in repetition 50
tcp_ping received 524288 bytes back
Round trip time was 1.5489 milliseconds in repetition 51
tcp_ping received 524288 bytes back
Round trip time was 1.54415 milliseconds in repetition 52
tcp_ping received 524288 bytes back
Round trip time was 1.55425 milliseconds in repetition 53
tcp_ping received 524288 bytes back
Round trip time was 1.54612 milliseconds in repetition 54
tcp_ping received 524288 bytes back
Round trip time was 1.58668 milliseconds in repetition 55
tcp_ping received 524288 bytes back
Round trip time was 1.54798 milliseconds in repetition 56
tcp_ping received 524288 bytes back
Round trip time was 1.5392 milliseconds in repetition 57
tcp_ping received 524288 bytes back
Round trip time was 1.55992 milliseconds in repetition 58
tcp_ping received 524288 bytes back
Round trip time was 1.55192 milliseconds in repetition 59
tcp_ping received 524288 bytes back
Round trip time was 1.57708 milliseconds in repetition 60
tcp_ping received 524288 bytes back
Round trip time was 1.5584 milliseconds in repetition 61
tcp_ping received 524288 bytes back
Round trip time was 1.55524 milliseconds in repetition 62
tcp_ping received 524288 bytes back
Round trip time was 1.55663 milliseconds in repetition 63
tcp_ping received 524288 bytes back
Round trip time was 1.55622 milliseconds in repetition 64
tcp_ping received 524288 bytes back
Round trip time was 1.58151 milliseconds in repetition 65
tcp_ping received 524288 bytes back
Round trip time was 1.55804 milliseconds in repetition 66
tcp_ping received 524288 bytes back
Round trip time was 1.47409 milliseconds in repetition 67
tcp_ping received 524288 bytes back
Round trip time was 1.62743 milliseconds in repetition 68
tcp_ping received 524288 bytes back
Round trip time was 1.55927 milliseconds in repetition 69
tcp_ping received 524288 bytes back
Round trip time was 1.62687 milliseconds in repetition 70
tcp_ping received 524288 bytes back
Round trip time was 1.61131 milliseconds in repetition 71
tcp_ping received 524288 bytes back
Round trip time was 1.54489 milliseconds in repetition 72
tcp_ping received 524288 bytes back
Round trip time was 1.55183 milliseconds in repetition 73
tcp_ping received 524288 bytes back
Round trip time was 1.56987 milliseconds in repetition 74
tcp_ping received 524288 bytes back
Round trip time was 1.54225 milliseconds in repetition 75
tcp_ping received 524288 bytes back
Round trip time was 1.55402 milliseconds in repetition 76
tcp_ping received 524288 bytes back
Round trip time was 1.56228 milliseconds in repetition 77
tcp_ping received 524288 bytes back
Round trip time was 1.56742 milliseconds in repetition 78
tcp_ping received 524288 bytes back
Round trip time was 1.58531 milliseconds in repetition 79
tcp_ping received 524288 bytes back
Round trip time was 1.5447 milliseconds in repetition 80
tcp_ping received 524288 bytes back
Round trip time was 1.63678 milliseconds in repetition 81
tcp_ping received 524288 bytes back
Round trip time was 1.568 milliseconds in repetition 82
tcp_ping received 524288 bytes back
Round trip time was 1.6103 milliseconds in repetition 83
tcp_ping received 524288 bytes back
Round trip time was 1.57624 milliseconds in repetition 84
tcp_ping received 524288 bytes back
Round trip time was 1.54621 milliseconds in repetition 85
tcp_ping received 524288 bytes back
Round trip time was 1.54103 milliseconds in repetition 86
tcp_ping received 524288 bytes back
Round trip time was 1.52682 milliseconds in repetition 87
tcp_ping received 524288 bytes back
Round trip time was 1.5115 milliseconds in repetition 88
tcp_ping received 524288 bytes back
Round trip time was 1.57412 milliseconds in repetition 89
tcp_ping received 524288 bytes back
Round trip time was 1.61492 milliseconds in repetition 90
tcp_ping received 524288 bytes back
Round trip time was 1.48554 milliseconds in repetition 91
tcp_ping received 524288 bytes back
Round trip time was 1.6575 milliseconds in repetition 92
tcp_ping received 524288 bytes back
Round trip time was 1.51871 milliseconds in repetition 93
tcp_ping received 524288 bytes back
Round trip time was 1.57646 milliseconds in repetition 94
tcp_ping received 524288 bytes back
Round trip time was 1.57992 milliseconds in repetition 95
tcp_ping received 524288 bytes back
Round trip time was 1.50993 milliseconds in repetition 96
tcp_ping received 524288 bytes back
Round trip time was 1.64126 milliseconds in repetition 97
tcp_ping received 524288 bytes back
Round trip time was 1.48505 milliseconds in repetition 98
tcp_ping received 524288 bytes back
Round trip time was 1.80641 milliseconds in repetition 99
tcp_ping received 524288 bytes back
Round trip time was 1.52162 milliseconds in repetition 100
tcp_ping received 524288 bytes back
Round trip time was 1.64837 milliseconds in repetition 101
tcp_ping received 524288 bytes back
Round trip time was 1.49356 milliseconds in repetition 102
tcp_ping received 524288 bytes back
Round trip time was 1.65241 milliseconds in repetition 103
tcp_ping received 524288 bytes back
Round trip time was 1.52544 milliseconds in repetition 104
tcp_ping received 524288 bytes back
Round trip time was 1.50539 milliseconds in repetition 105
tcp_ping received 524288 bytes back
Round trip time was 1.59607 milliseconds in repetition 106
tcp_ping received 524288 bytes back
Round trip time was 1.59398 milliseconds in repetition 107
tcp_ping received 524288 bytes back
Round trip time was 1.49307 milliseconds in repetition 108
tcp_ping received 524288 bytes back
Round trip time was 1.64347 milliseconds in repetition 109
tcp_ping received 524288 bytes back
Round trip time was 1.49183 milliseconds in repetition 110
tcp_ping received 524288 bytes back
Round trip time was 1.64488 milliseconds in repetition 111
tcp_ping received 524288 bytes back
Round trip time was 1.52316 milliseconds in repetition 112
tcp_ping received 524288 bytes back
Round trip time was 1.50933 milliseconds in repetition 113
tcp_ping received 524288 bytes back
Round trip time was 1.64559 milliseconds in repetition 114
tcp_ping received 524288 bytes back
Round trip time was 1.49548 milliseconds in repetition 115
tcp_ping received 524288 bytes back
Round trip time was 1.63631 milliseconds in repetition 116
tcp_ping received 524288 bytes back
Round trip time was 1.48717 milliseconds in repetition 117
tcp_ping received 524288 bytes back
Round trip time was 1.65119 milliseconds in repetition 118
tcp_ping received 524288 bytes back
Round trip time was 1.48273 milliseconds in repetition 119
tcp_ping received 524288 bytes back
Round trip time was 1.64422 milliseconds in repetition 120
tcp_ping received 524288 bytes back
Round trip time was 1.49578 milliseconds in repetition 121
tcp_ping received 524288 bytes back
Round trip time was 1.65257 milliseconds in repetition 122
tcp_ping received 524288 bytes back
Round trip time was 1.50377 milliseconds in repetition 123
tcp_ping received 524288 bytes back
Round trip time was 1.64884 milliseconds in repetition 124
tcp_ping received 524288 bytes back
Round trip time was 1.50531 milliseconds in repetition 125
tcp_ping received 524288 bytes back
Round trip time was 1.66979 milliseconds in repetition 126
tcp_ping received 524288 bytes back
Round trip time was 1.48853 milliseconds in repetition 127
tcp_ping received 524288 bytes back
Round trip time was 1.63625 milliseconds in repetition 128
tcp_ping received 524288 bytes back
Round trip time was 1.51133 milliseconds in repetition 129
tcp_ping received 524288 bytes back
Round trip time was 1.65307 milliseconds in repetition 130
tcp_ping received 524288 bytes back
Round trip time was 1.46286 milliseconds in repetition 131
tcp_ping received 524288 bytes back
Round trip time was 1.5278 milliseconds in repetition 132
tcp_ping received 524288 bytes back
Round trip time was 1.65969 milliseconds in repetition 133
tcp_ping received 524288 bytes back
Round trip time was 1.49638 milliseconds in repetition 134
tcp_ping received 524288 bytes back
Round trip time was 1.64247 milliseconds in repetition 135
tcp_ping received 524288 bytes back
Round trip time was 1.48947 milliseconds in repetition 136
tcp_ping received 524288 bytes back
Round trip time was 1.64978 milliseconds in repetition 137
tcp_ping received 524288 bytes back
Round trip time was 1.48224 milliseconds in repetition 138
tcp_ping received 524288 bytes back
Round trip time was 1.64541 milliseconds in repetition 139
tcp_ping received 524288 bytes back
Round trip time was 1.49303 milliseconds in repetition 140
tcp_ping received 524288 bytes back
Round trip time was 1.63773 milliseconds in repetition 141
tcp_ping received 524288 bytes back
Round trip time was 1.48994 milliseconds in repetition 142
tcp_ping received 524288 bytes back
Round trip time was 1.65222 milliseconds in repetition 143
tcp_ping received 524288 bytes back
Round trip time was 1.50093 milliseconds in repetition 144
tcp_ping received 524288 bytes back
Round trip time was 1.64806 milliseconds in repetition 145
tcp_ping received 524288 bytes back
Round trip time was 1.48355 milliseconds in repetition 146
tcp_ping received 524288 bytes back
Round trip time was 1.65514 milliseconds in repetition 147
tcp_ping received 524288 bytes back
Round trip time was 1.50479 milliseconds in repetition 148
tcp_ping received 524288 bytes back
Round trip time was 1.57845 milliseconds in repetition 149
tcp_ping received 524288 bytes back
Round trip time was 1.57723 milliseconds in repetition 150
tcp_ping received 524288 bytes back
Round trip time was 1.49021 milliseconds in repetition 151
tcp_ping received 524288 bytes back
Round trip time was 1.64662 milliseconds in repetition 152
tcp_ping received 524288 bytes back
Round trip time was 1.55979 milliseconds in repetition 153
tcp_ping received 524288 bytes back
Round trip time was 1.60532 milliseconds in repetition 154
tcp_ping received 524288 bytes back
Round trip time was 1.50529 milliseconds in repetition 155
tcp_ping received 524288 bytes back
Round trip time was 1.72162 milliseconds in repetition 156
tcp_ping received 524288 bytes back
Round trip time was 1.95013 milliseconds in repetition 157
tcp_ping received 524288 bytes back
Round trip time was 1.52226 milliseconds in repetition 158
tcp_ping received 524288 bytes back
Round trip time was 1.60143 milliseconds in repetition 159
tcp_ping received 524288 bytes back
Round trip time was 1.59204 milliseconds in repetition 160
tcp_ping received 524288 bytes back
Round trip time was 1.66279 milliseconds in repetition 161
tcp_ping received 524288 bytes back
Round trip time was 1.62148 milliseconds in repetition 162
tcp_ping received 524288 bytes back
Round trip time was 1.68013 milliseconds in repetition 163
tcp_ping received 524288 bytes back
Round trip time was 1.66757 milliseconds in repetition 164
tcp_ping received 524288 bytes back
Round trip time was 1.59373 milliseconds in repetition 165
tcp_ping received 524288 bytes back
Round trip time was 1.59427 milliseconds in repetition 166
tcp_ping received 524288 bytes back
Round trip time was 1.58293 milliseconds in repetition 167
tcp_ping received 524288 bytes back
Round trip time was 1.46068 milliseconds in repetition 168
tcp_ping received 524288 bytes back
Round trip time was 1.66196 milliseconds in repetition 169
tcp_ping received 524288 bytes back
Round trip time was 1.59268 milliseconds in repetition 170
tcp_ping received 524288 bytes back
Round trip time was 1.56545 milliseconds in repetition 171
tcp_ping received 524288 bytes back
Round trip time was 1.60209 milliseconds in repetition 172
tcp_ping received 524288 bytes back
Round trip time was 1.48664 milliseconds in repetition 173
tcp_ping received 524288 bytes back
Round trip time was 1.47786 milliseconds in repetition 174
tcp_ping received 524288 bytes back
Round trip time was 1.64146 milliseconds in repetition 175
tcp_ping received 524288 bytes back
Round trip time was 1.50818 milliseconds in repetition 176
tcp_ping received 524288 bytes back
Round trip time was 1.65926 milliseconds in repetition 177
tcp_ping received 524288 bytes back
Round trip time was 1.52721 milliseconds in repetition 178
tcp_ping received 524288 bytes back
Round trip time was 1.65759 milliseconds in repetition 179
tcp_ping received 524288 bytes back
Round trip time was 1.50983 milliseconds in repetition 180
tcp_ping received 524288 bytes back
Round trip time was 1.57827 milliseconds in repetition 181
tcp_ping received 524288 bytes back
Round trip time was 1.50274 milliseconds in repetition 182
tcp_ping received 524288 bytes back
Round trip time was 1.81826 milliseconds in repetition 183
tcp_ping received 524288 bytes back
Round trip time was 1.52465 milliseconds in repetition 184
tcp_ping received 524288 bytes back
Round trip time was 1.65633 milliseconds in repetition 185
tcp_ping received 524288 bytes back
Round trip time was 1.51624 milliseconds in repetition 186
tcp_ping received 524288 bytes back
Round trip time was 1.64501 milliseconds in repetition 187
tcp_ping received 524288 bytes back
Round trip time was 1.54025 milliseconds in repetition 188
tcp_ping received 524288 bytes back
Round trip time was 1.65077 milliseconds in repetition 189
tcp_ping received 524288 bytes back
Round trip time was 1.50594 milliseconds in repetition 190
tcp_ping received 524288 bytes back
Round trip time was 1.63856 milliseconds in repetition 191
tcp_ping received 524288 bytes back
Round trip time was 1.49534 milliseconds in repetition 192
tcp_ping received 524288 bytes back
Round trip time was 1.64102 milliseconds in repetition 193
tcp_ping received 524288 bytes back
Round trip time was 1.47537 milliseconds in repetition 194
tcp_ping received 524288 bytes back
Round trip time was 1.59079 milliseconds in repetition 195
tcp_ping received 524288 bytes back
Round trip time was 1.57828 milliseconds in repetition 196
tcp_ping received 524288 bytes back
Round trip time was 1.58558 milliseconds in repetition 197
tcp_ping received 524288 bytes back
Round trip time was 1.58301 milliseconds in repetition 198
tcp_ping received 524288 bytes back
Round trip time was 1.50044 milliseconds in repetition 199
tcp_ping received 524288 bytes back
Round trip time was 1.64084 milliseconds in repetition 200
tcp_ping received 524288 bytes back
Round trip time was 1.49938 milliseconds in repetition 201
tcp_ping received 524288 bytes back
Round trip time was 1.65274 milliseconds in repetition 202
tcp_ping received 524288 bytes back
Round trip time was 1.51172 milliseconds in repetition 203
tcp_ping received 524288 bytes back
Round trip time was 1.65241 milliseconds in repetition 204
tcp_ping received 524288 bytes back
Round trip time was 1.49159 milliseconds in repetition 205
tcp_ping received 524288 bytes back
Round trip time was 1.66029 milliseconds in repetition 206
tcp_ping received 524288 bytes back
Round trip time was 1.51282 milliseconds in repetition 207
tcp_ping received 524288 bytes back
Round trip time was 1.65642 milliseconds in repetition 208
tcp_ping received 524288 bytes back
Round trip time was 1.49426 milliseconds in repetition 209
tcp_ping received 524288 bytes back
Round trip time was 1.65442 milliseconds in repetition 210
tcp_ping received 524288 bytes back
Round trip time was 1.50658 milliseconds in repetition 211
tcp_ping received 524288 bytes back
Round trip time was 1.64162 milliseconds in repetition 212
tcp_ping received 524288 bytes back
Round trip time was 1.51286 milliseconds in repetition 213
tcp_ping received 524288 bytes back
Round trip time was 1.5672 milliseconds in repetition 214
tcp_ping received 524288 bytes back
Round trip time was 1.57447 milliseconds in repetition 215
tcp_ping received 524288 bytes back
Round trip time was 1.50271 milliseconds in repetition 216
tcp_ping received 524288 bytes back
Round trip time was 1.64589 milliseconds in repetition 217
tcp_ping received 524288 bytes back
Round trip time was 1.4796 milliseconds in repetition 218
tcp_ping received 524288 bytes back
Round trip time was 1.7363 milliseconds in repetition 219
tcp_ping received 524288 bytes back
Round trip time was 1.51083 milliseconds in repetition 220
tcp_ping received 524288 bytes back
Round trip time was 1.64936 milliseconds in repetition 221
tcp_ping received 524288 bytes back
Round trip time was 1.50617 milliseconds in repetition 222
tcp_ping received 524288 bytes back
Round trip time was 1.64671 milliseconds in repetition 223
tcp_ping received 524288 bytes back
Round trip time was 1.50709 milliseconds in repetition 224
tcp_ping received 524288 bytes back
Round trip time was 1.65448 milliseconds in repetition 225
tcp_ping received 524288 bytes back
Round trip time was 1.48418 milliseconds in repetition 226
tcp_ping received 524288 bytes back
Round trip time was 1.58985 milliseconds in repetition 227
tcp_ping received 524288 bytes back
Round trip time was 1.48816 milliseconds in repetition 228
tcp_ping received 524288 bytes back
Round trip time was 1.64662 milliseconds in repetition 229
tcp_ping received 524288 bytes back
Round trip time was 1.51709 milliseconds in repetition 230
tcp_ping received 524288 bytes back
Round trip time was 1.63681 milliseconds in repetition 231
tcp_ping received 524288 bytes back
Round trip time was 1.52361 milliseconds in repetition 232
tcp_ping received 524288 bytes back
Round trip time was 1.57593 milliseconds in repetition 233
tcp_ping received 524288 bytes back
Round trip time was 1.58204 milliseconds in repetition 234
tcp_ping received 524288 bytes back
Round trip time was 1.57065 milliseconds in repetition 235
tcp_ping received 524288 bytes back
Round trip time was 1.59016 milliseconds in repetition 236
tcp_ping received 524288 bytes back
Round trip time was 1.49012 milliseconds in repetition 237
tcp_ping received 524288 bytes back
Round trip time was 1.64943 milliseconds in repetition 238
tcp_ping received 524288 bytes back
Round trip time was 1.50068 milliseconds in repetition 239
tcp_ping received 524288 bytes back
Round trip time was 1.66763 milliseconds in repetition 240
tcp_ping received 524288 bytes back
Round trip time was 1.48833 milliseconds in repetition 241
tcp_ping received 524288 bytes back
Round trip time was 1.65797 milliseconds in repetition 242
tcp_ping received 524288 bytes back
Round trip time was 1.51722 milliseconds in repetition 243
tcp_ping received 524288 bytes back
Round trip time was 1.6182 milliseconds in repetition 244
tcp_ping received 524288 bytes back
Round trip time was 1.48267 milliseconds in repetition 245
tcp_ping received 524288 bytes back
Round trip time was 1.65103 milliseconds in repetition 246
tcp_ping received 524288 bytes back
Round trip time was 1.50668 milliseconds in repetition 247
tcp_ping received 524288 bytes back
Round trip time was 1.64396 milliseconds in repetition 248
tcp_ping received 524288 bytes back
Round trip time was 1.50058 milliseconds in repetition 249
tcp_ping received 524288 bytes back
Round trip time was 1.64087 milliseconds in repetition 250
tcp_ping received 524288 bytes back
Round trip time was 1.50304 milliseconds in repetition 251
tcp_ping received 524288 bytes back
Round trip time was 1.55595 milliseconds in repetition 252
tcp_ping received 524288 bytes back
Round trip time was 1.57757 milliseconds in repetition 253
tcp_ping received 524288 bytes back
Round trip time was 1.58526 milliseconds in repetition 254
tcp_ping received 524288 bytes back
Round trip time was 1.57586 milliseconds in repetition 255
tcp_ping received 524288 bytes back
Round trip time was 1.94621 milliseconds in repetition 256
tcp_ping received 524288 bytes back
Round trip time was 1.51514 milliseconds in repetition 257
tcp_ping received 524288 bytes back
Round trip time was 1.58261 milliseconds in repetition 258
tcp_ping received 524288 bytes back
Round trip time was 1.57627 milliseconds in repetition 259
tcp_ping received 524288 bytes back
Round trip time was 1.57731 milliseconds in repetition 260
tcp_ping received 524288 bytes back
Round trip time was 1.57743 milliseconds in repetition 261
tcp_ping received 524288 bytes back
Round trip time was 1.5646 milliseconds in repetition 262
tcp_ping received 524288 bytes back
Round trip time was 1.57119 milliseconds in repetition 263
tcp_ping received 524288 bytes back
Round trip time was 1.50034 milliseconds in repetition 264
tcp_ping received 524288 bytes back
Round trip time was 1.64629 milliseconds in repetition 265
tcp_ping received 524288 bytes back
Round trip time was 1.50375 milliseconds in repetition 266
tcp_ping received 524288 bytes back
Round trip time was 1.66274 milliseconds in repetition 267
tcp_ping received 524288 bytes back
Round trip time was 1.51075 milliseconds in repetition 268
tcp_ping received 524288 bytes back
Round trip time was 1.64762 milliseconds in repetition 269
tcp_ping received 524288 bytes back
Round trip time was 1.51222 milliseconds in repetition 270
tcp_ping received 524288 bytes back
Round trip time was 1.63576 milliseconds in repetition 271
tcp_ping received 524288 bytes back
Round trip time was 1.51532 milliseconds in repetition 272
tcp_ping received 524288 bytes back
Round trip time was 1.55795 milliseconds in repetition 273
tcp_ping received 524288 bytes back
Round trip time was 1.60023 milliseconds in repetition 274
tcp_ping received 524288 bytes back
Round trip time was 1.49447 milliseconds in repetition 275
tcp_ping received 524288 bytes back
Round trip time was 1.64207 milliseconds in repetition 276
tcp_ping received 524288 bytes back
Round trip time was 1.49224 milliseconds in repetition 277
tcp_ping received 524288 bytes back
Round trip time was 1.65563 milliseconds in repetition 278
tcp_ping received 524288 bytes back
Round trip time was 1.48636 milliseconds in repetition 279
tcp_ping received 524288 bytes back
Round trip time was 1.64104 milliseconds in repetition 280
tcp_ping received 524288 bytes back
Round trip time was 1.49693 milliseconds in repetition 281
tcp_ping received 524288 bytes back
Round trip time was 1.65675 milliseconds in repetition 282
tcp_ping received 524288 bytes back
Round trip time was 1.4954 milliseconds in repetition 283
tcp_ping received 524288 bytes back
Round trip time was 1.65208 milliseconds in repetition 284
tcp_ping received 524288 bytes back
Round trip time was 1.50665 milliseconds in repetition 285
tcp_ping received 524288 bytes back
Round trip time was 1.65356 milliseconds in repetition 286
tcp_ping received 524288 bytes back
Round trip time was 1.49776 milliseconds in repetition 287
tcp_ping received 524288 bytes back
Round trip time was 1.63412 milliseconds in repetition 288
tcp_ping received 524288 bytes back
Round trip time was 1.60093 milliseconds in repetition 289
tcp_ping received 524288 bytes back
Round trip time was 1.51861 milliseconds in repetition 290
tcp_ping received 524288 bytes back
Round trip time was 1.64221 milliseconds in repetition 291
tcp_ping received 524288 bytes back
Round trip time was 1.49346 milliseconds in repetition 292
tcp_ping received 524288 bytes back
Round trip time was 1.66332 milliseconds in repetition 293
tcp_ping received 524288 bytes back
Round trip time was 1.49303 milliseconds in repetition 294
tcp_ping received 524288 bytes back
Round trip time was 1.63942 milliseconds in repetition 295
tcp_ping received 524288 bytes back
Round trip time was 1.50903 milliseconds in repetition 296
tcp_ping received 524288 bytes back
Round trip time was 1.64462 milliseconds in repetition 297
tcp_ping received 524288 bytes back
Round trip time was 1.50338 milliseconds in repetition 298
tcp_ping received 524288 bytes back
Round trip time was 1.64168 milliseconds in repetition 299
tcp_ping received 524288 bytes back
Round trip time was 1.49104 milliseconds in repetition 300
tcp_ping received 524288 bytes back
Round trip time was 1.63749 milliseconds in repetition 301
tcp_ping received 524288 bytes back
Round trip time was 1.53333 milliseconds in repetition 302
tcp_ping received 524288 bytes back
Round trip time was 1.60675 milliseconds in repetition 303
tcp_ping received 524288 bytes back
Round trip time was 1.48869 milliseconds in repetition 304
tcp_ping received 524288 bytes back
Round trip time was 1.64522 milliseconds in repetition 305
tcp_ping received 524288 bytes back
Round trip time was 1.50888 milliseconds in repetition 306
tcp_ping received 524288 bytes back
Round trip time was 1.64495 milliseconds in repetition 307
tcp_ping received 524288 bytes back
Round trip time was 1.50622 milliseconds in repetition 308
tcp_ping received 524288 bytes back
Round trip time was 1.5771 milliseconds in repetition 309
tcp_ping received 524288 bytes back
Round trip time was 1.57843 milliseconds in repetition 310
tcp_ping received 524288 bytes back
Round trip time was 1.51703 milliseconds in repetition 311
tcp_ping received 524288 bytes back
Round trip time was 1.64802 milliseconds in repetition 312
tcp_ping received 524288 bytes back
Round trip time was 1.49432 milliseconds in repetition 313
tcp_ping received 524288 bytes back
Round trip time was 1.64122 milliseconds in repetition 314
tcp_ping received 524288 bytes back
Round trip time was 1.50224 milliseconds in repetition 315
tcp_ping received 524288 bytes back
Round trip time was 1.50194 milliseconds in repetition 316
tcp_ping received 524288 bytes back
Round trip time was 1.57573 milliseconds in repetition 317
tcp_ping received 524288 bytes back
Round trip time was 1.60895 milliseconds in repetition 318
tcp_ping received 524288 bytes back
Round trip time was 1.49785 milliseconds in repetition 319
tcp_ping received 524288 bytes back
Round trip time was 1.64773 milliseconds in repetition 320
tcp_ping received 524288 bytes back
Round trip time was 1.5784 milliseconds in repetition 321
tcp_ping received 524288 bytes back
Round trip time was 1.58197 milliseconds in repetition 322
tcp_ping received 524288 bytes back
Round trip time was 1.90841 milliseconds in repetition 323
tcp_ping received 524288 bytes back
Round trip time was 1.50643 milliseconds in repetition 324
tcp_ping received 524288 bytes back
Round trip time was 1.50301 milliseconds in repetition 325
tcp_ping received 524288 bytes back
Round trip time was 1.63762 milliseconds in repetition 326
tcp_ping received 524288 bytes back
Round trip time was 1.49208 milliseconds in repetition 327
tcp_ping received 524288 bytes back
Round trip time was 1.51831 milliseconds in repetition 328
tcp_ping received 524288 bytes back
Round trip time was 1.64741 milliseconds in repetition 329
tcp_ping received 524288 bytes back
Round trip time was 1.51159 milliseconds in repetition 330
tcp_ping received 524288 bytes back
Round trip time was 1.63922 milliseconds in repetition 331
tcp_ping received 524288 bytes back
Round trip time was 1.49406 milliseconds in repetition 332
tcp_ping received 524288 bytes back
Round trip time was 1.85707 milliseconds in repetition 333
tcp_ping received 524288 bytes back
Round trip time was 1.53584 milliseconds in repetition 334
tcp_ping received 524288 bytes back
Round trip time was 1.67166 milliseconds in repetition 335
tcp_ping received 524288 bytes back
Round trip time was 1.55421 milliseconds in repetition 336
tcp_ping received 524288 bytes back
Round trip time was 1.63168 milliseconds in repetition 337
tcp_ping received 524288 bytes back
Round trip time was 1.57769 milliseconds in repetition 338
tcp_ping received 524288 bytes back
Round trip time was 1.58742 milliseconds in repetition 339
tcp_ping received 524288 bytes back
Round trip time was 1.63696 milliseconds in repetition 340
tcp_ping received 524288 bytes back
Round trip time was 1.53464 milliseconds in repetition 341
tcp_ping received 524288 bytes back
Round trip time was 1.47207 milliseconds in repetition 342
tcp_ping received 524288 bytes back
Round trip time was 1.53135 milliseconds in repetition 343
tcp_ping received 524288 bytes back
Round trip time was 1.62866 milliseconds in repetition 344
tcp_ping received 524288 bytes back
Round trip time was 1.5872 milliseconds in repetition 345
tcp_ping received 524288 bytes back
Round trip time was 1.57041 milliseconds in repetition 346
tcp_ping received 524288 bytes back
Round trip time was 1.56112 milliseconds in repetition 347
tcp_ping received 524288 bytes back
Round trip time was 1.60678 milliseconds in repetition 348
tcp_ping received 524288 bytes back
Round trip time was 1.57827 milliseconds in repetition 349
tcp_ping received 524288 bytes back
Round trip time was 1.49248 milliseconds in repetition 350
tcp_ping received 524288 bytes back
Round trip time was 1.46921 milliseconds in repetition 351
tcp_ping received 524288 bytes back
Round trip time was 1.46771 milliseconds in repetition 352
tcp_ping received 524288 bytes back
Round trip time was 1.53428 milliseconds in repetition 353
tcp_ping received 524288 bytes back
Round trip time was 1.48308 milliseconds in repetition 354
tcp_ping received 524288 bytes back
Round trip time was 1.47395 milliseconds in repetition 355
tcp_ping received 524288 bytes back
Round trip time was 1.51903 milliseconds in repetition 356
tcp_ping received 524288 bytes back
Round trip time was 1.47061 milliseconds in repetition 357
tcp_ping received 524288 bytes back
Round trip time was 1.48288 milliseconds in repetition 358
tcp_ping received 524288 bytes back
Round trip time was 1.48116 milliseconds in repetition 359
tcp_ping received 524288 bytes back
Round trip time was 1.53588 milliseconds in repetition 360
tcp_ping received 524288 bytes back
Round trip time was 1.50262 milliseconds in repetition 361
tcp_ping received 524288 bytes back
Round trip time was 1.47661 milliseconds in repetition 362
tcp_ping received 524288 bytes back
Round trip time was 1.48693 milliseconds in repetition 363
tcp_ping received 524288 bytes back
Round trip time was 1.48328 milliseconds in repetition 364
tcp_ping received 524288 bytes back
Round trip time was 1.48736 milliseconds in repetition 365
tcp_ping received 524288 bytes back
Round trip time was 1.47267 milliseconds in repetition 366
tcp_ping received 524288 bytes back
Round trip time was 1.4782 milliseconds in repetition 367
tcp_ping received 524288 bytes back
Round trip time was 4.92327 milliseconds in repetition 368
tcp_ping received 524288 bytes back
Round trip time was 1.54117 milliseconds in repetition 369
tcp_ping received 524288 bytes back
Round trip time was 1.58361 milliseconds in repetition 370
tcp_ping received 524288 bytes back
Round trip time was 1.53995 milliseconds in repetition 371
tcp_ping received 524288 bytes back
Round trip time was 1.60343 milliseconds in repetition 372
tcp_ping received 524288 bytes back
Round trip time was 1.49676 milliseconds in repetition 373
tcp_ping received 524288 bytes back
Round trip time was 1.65106 milliseconds in repetition 374
tcp_ping received 524288 bytes back
Round trip time was 1.49568 milliseconds in repetition 375
tcp_ping received 524288 bytes back
Round trip time was 1.65382 milliseconds in repetition 376
tcp_ping received 524288 bytes back
Round trip time was 1.50587 milliseconds in repetition 377
tcp_ping received 524288 bytes back
Round trip time was 1.84575 milliseconds in repetition 378
tcp_ping received 524288 bytes back
Round trip time was 2.2125 milliseconds in repetition 379
tcp_ping received 524288 bytes back
Round trip time was 1.63712 milliseconds in repetition 380
tcp_ping received 524288 bytes back
Round trip time was 1.51801 milliseconds in repetition 381
tcp_ping received 524288 bytes back
Round trip time was 1.71708 milliseconds in repetition 382
tcp_ping received 524288 bytes back
Round trip time was 1.50512 milliseconds in repetition 383
tcp_ping received 524288 bytes back
Round trip time was 1.53647 milliseconds in repetition 384
tcp_ping received 524288 bytes back
Round trip time was 2.03153 milliseconds in repetition 385
tcp_ping received 524288 bytes back
Round trip time was 2.0837 milliseconds in repetition 386
tcp_ping received 524288 bytes back
Round trip time was 1.54413 milliseconds in repetition 387
tcp_ping received 524288 bytes back
Round trip time was 1.5644 milliseconds in repetition 388
tcp_ping received 524288 bytes back
Round trip time was 1.57511 milliseconds in repetition 389
tcp_ping received 524288 bytes back
Round trip time was 1.57126 milliseconds in repetition 390
tcp_ping received 524288 bytes back
Round trip time was 1.57025 milliseconds in repetition 391
tcp_ping received 524288 bytes back
Round trip time was 1.57036 milliseconds in repetition 392
tcp_ping received 524288 bytes back
Round trip time was 1.54808 milliseconds in repetition 393
tcp_ping received 524288 bytes back
Round trip time was 1.53332 milliseconds in repetition 394
tcp_ping received 524288 bytes back
Round trip time was 1.55572 milliseconds in repetition 395
tcp_ping received 524288 bytes back
Round trip time was 1.58586 milliseconds in repetition 396
tcp_ping received 524288 bytes back
Round trip time was 1.7656 milliseconds in repetition 397
tcp_ping received 524288 bytes back
Round trip time was 1.55937 milliseconds in repetition 398
tcp_ping received 524288 bytes back
Round trip time was 1.6346 milliseconds in repetition 399
tcp_ping received 524288 bytes back
Round trip time was 1.62619 milliseconds in repetition 400
tcp_ping received 524288 bytes back
Round trip time was 2.59946 milliseconds in repetition 401
tcp_ping received 524288 bytes back
Round trip time was 1.50209 milliseconds in repetition 402
tcp_ping received 524288 bytes back
Round trip time was 1.59654 milliseconds in repetition 403
tcp_ping received 524288 bytes back
Round trip time was 1.61281 milliseconds in repetition 404
tcp_ping received 524288 bytes back
Round trip time was 1.58785 milliseconds in repetition 405
tcp_ping received 524288 bytes back
Round trip time was 1.77774 milliseconds in repetition 406
tcp_ping received 524288 bytes back
Round trip time was 1.52078 milliseconds in repetition 407
tcp_ping received 524288 bytes back
Round trip time was 1.6677 milliseconds in repetition 408
tcp_ping received 524288 bytes back
Round trip time was 1.71925 milliseconds in repetition 409
tcp_ping received 524288 bytes back
Round trip time was 1.54907 milliseconds in repetition 410
tcp_ping received 524288 bytes back
Round trip time was 1.52581 milliseconds in repetition 411
tcp_ping received 524288 bytes back
Round trip time was 1.61246 milliseconds in repetition 412
tcp_ping received 524288 bytes back
Round trip time was 1.49849 milliseconds in repetition 413
tcp_ping received 524288 bytes back
Round trip time was 1.52504 milliseconds in repetition 414
tcp_ping received 524288 bytes back
Round trip time was 1.50402 milliseconds in repetition 415
tcp_ping received 524288 bytes back
Round trip time was 1.51208 milliseconds in repetition 416
tcp_ping received 524288 bytes back
Round trip time was 1.59349 milliseconds in repetition 417
tcp_ping received 524288 bytes back
Round trip time was 1.59147 milliseconds in repetition 418
tcp_ping received 524288 bytes back
Round trip time was 1.50681 milliseconds in repetition 419
tcp_ping received 524288 bytes back
Round trip time was 1.64898 milliseconds in repetition 420
tcp_ping received 524288 bytes back
Round trip time was 1.50219 milliseconds in repetition 421
tcp_ping received 524288 bytes back
Round trip time was 1.65383 milliseconds in repetition 422
tcp_ping received 524288 bytes back
Round trip time was 1.50391 milliseconds in repetition 423
tcp_ping received 524288 bytes back
Round trip time was 1.65421 milliseconds in repetition 424
tcp_ping received 524288 bytes back
Round trip time was 1.51536 milliseconds in repetition 425
tcp_ping received 524288 bytes back
Round trip time was 1.57456 milliseconds in repetition 426
tcp_ping received 524288 bytes back
Round trip time was 1.57868 milliseconds in repetition 427
tcp_ping received 524288 bytes back
Round trip time was 1.48927 milliseconds in repetition 428
tcp_ping received 524288 bytes back
Round trip time was 1.65131 milliseconds in repetition 429
tcp_ping received 524288 bytes back
Round trip time was 1.50003 milliseconds in repetition 430
tcp_ping received 524288 bytes back
Round trip time was 1.64538 milliseconds in repetition 431
tcp_ping received 524288 bytes back
Round trip time was 1.49841 milliseconds in repetition 432
tcp_ping received 524288 bytes back
Round trip time was 1.65539 milliseconds in repetition 433
tcp_ping received 524288 bytes back
Round trip time was 1.50513 milliseconds in repetition 434
tcp_ping received 524288 bytes back
Round trip time was 1.65301 milliseconds in repetition 435
tcp_ping received 524288 bytes back
Round trip time was 1.50065 milliseconds in repetition 436
tcp_ping received 524288 bytes back
Round trip time was 1.64955 milliseconds in repetition 437
tcp_ping received 524288 bytes back
Round trip time was 1.50163 milliseconds in repetition 438
tcp_ping received 524288 bytes back
Round trip time was 1.68903 milliseconds in repetition 439
tcp_ping received 524288 bytes back
Round trip time was 1.49913 milliseconds in repetition 440
tcp_ping received 524288 bytes back
Round trip time was 1.50784 milliseconds in repetition 441
tcp_ping received 524288 bytes back
Round trip time was 1.64566 milliseconds in repetition 442
tcp_ping received 524288 bytes back
Round trip time was 1.49571 milliseconds in repetition 443
tcp_ping received 524288 bytes back
Round trip time was 1.63925 milliseconds in repetition 444
tcp_ping received 524288 bytes back
Round trip time was 1.54826 milliseconds in repetition 445
tcp_ping received 524288 bytes back
Round trip time was 1.52592 milliseconds in repetition 446
tcp_ping received 524288 bytes back
Round trip time was 1.59816 milliseconds in repetition 447
tcp_ping received 524288 bytes back
Round trip time was 1.59451 milliseconds in repetition 448
tcp_ping received 524288 bytes back
Round trip time was 1.49401 milliseconds in repetition 449
tcp_ping received 524288 bytes back
Round trip time was 1.6439 milliseconds in repetition 450
tcp_ping received 524288 bytes back
Round trip time was 1.49896 milliseconds in repetition 451
tcp_ping received 524288 bytes back
Round trip time was 1.65686 milliseconds in repetition 452
tcp_ping received 524288 bytes back
Round trip time was 1.50938 milliseconds in repetition 453
tcp_ping received 524288 bytes back
Round trip time was 1.64672 milliseconds in repetition 454
tcp_ping received 524288 bytes back
Round trip time was 1.50198 milliseconds in repetition 455
tcp_ping received 524288 bytes back
Round trip time was 1.78225 milliseconds in repetition 456
tcp_ping received 524288 bytes back
Round trip time was 1.50512 milliseconds in repetition 457
tcp_ping received 524288 bytes back
Round trip time was 1.5122 milliseconds in repetition 458
tcp_ping received 524288 bytes back
Round trip time was 1.4985 milliseconds in repetition 459
tcp_ping received 524288 bytes back
Round trip time was 1.63868 milliseconds in repetition 460
tcp_ping received 524288 bytes back
Round trip time was 1.5284 milliseconds in repetition 461
tcp_ping received 524288 bytes back
Round trip time was 1.5635 milliseconds in repetition 462
tcp_ping received 524288 bytes back
Round trip time was 1.57811 milliseconds in repetition 463
tcp_ping received 524288 bytes back
Round trip time was 1.49089 milliseconds in repetition 464
tcp_ping received 524288 bytes back
Round trip time was 1.49707 milliseconds in repetition 465
tcp_ping received 524288 bytes back
Round trip time was 1.56346 milliseconds in repetition 466
tcp_ping received 524288 bytes back
Round trip time was 1.57488 milliseconds in repetition 467
tcp_ping received 524288 bytes back
Round trip time was 1.56548 milliseconds in repetition 468
tcp_ping received 524288 bytes back
Round trip time was 1.57545 milliseconds in repetition 469
tcp_ping received 524288 bytes back
Round trip time was 1.57861 milliseconds in repetition 470
tcp_ping received 524288 bytes back
Round trip time was 1.57823 milliseconds in repetition 471
tcp_ping received 524288 bytes back
Round trip time was 1.48823 milliseconds in repetition 472
tcp_ping received 524288 bytes back
Round trip time was 1.64495 milliseconds in repetition 473
tcp_ping received 524288 bytes back
Round trip time was 1.50657 milliseconds in repetition 474
tcp_ping received 524288 bytes back
Round trip time was 1.64736 milliseconds in repetition 475
tcp_ping received 524288 bytes back
Round trip time was 1.61421 milliseconds in repetition 476
tcp_ping received 524288 bytes back
Round trip time was 1.5941 milliseconds in repetition 477
tcp_ping received 524288 bytes back
Round trip time was 1.57948 milliseconds in repetition 478
tcp_ping received 524288 bytes back
Round trip time was 1.55315 milliseconds in repetition 479
tcp_ping received 524288 bytes back
Round trip time was 1.55655 milliseconds in repetition 480
tcp_ping received 524288 bytes back
Round trip time was 1.58762 milliseconds in repetition 481
tcp_ping received 524288 bytes back
Round trip time was 1.56003 milliseconds in repetition 482
tcp_ping received 524288 bytes back
Round trip time was 1.56009 milliseconds in repetition 483
tcp_ping received 524288 bytes back
Round trip time was 1.57892 milliseconds in repetition 484
tcp_ping received 524288 bytes back
Round trip time was 1.58948 milliseconds in repetition 485
tcp_ping received 524288 bytes back
Round trip time was 1.54419 milliseconds in repetition 486
tcp_ping received 524288 bytes back
Round trip time was 1.54244 milliseconds in repetition 487
tcp_ping received 524288 bytes back
Round trip time was 1.55201 milliseconds in repetition 488
tcp_ping received 524288 bytes back
Round trip time was 1.54544 milliseconds in repetition 489
tcp_ping received 524288 bytes back
Round trip time was 1.57072 milliseconds in repetition 490
tcp_ping received 524288 bytes back
Round trip time was 1.54891 milliseconds in repetition 491
tcp_ping received 524288 bytes back
Round trip time was 1.5621 milliseconds in repetition 492
tcp_ping received 524288 bytes back
Round trip time was 1.55959 milliseconds in repetition 493
tcp_ping received 524288 bytes back
Round trip time was 1.56328 milliseconds in repetition 494
tcp_ping received 524288 bytes back
Round trip time was 1.528 milliseconds in repetition 495
tcp_ping received 524288 bytes back
Round trip time was 1.5856 milliseconds in repetition 496
tcp_ping received 524288 bytes back
Round trip time was 1.54425 milliseconds in repetition 497
tcp_ping received 524288 bytes back
Round trip time was 1.56647 milliseconds in repetition 498
tcp_ping received 524288 bytes back
Round trip time was 1.57659 milliseconds in repetition 499
tcp_ping received 524288 bytes back
Round trip time was 1.55665 milliseconds in repetition 500
tcp_ping received 524288 bytes back
Round trip time was 1.59415 milliseconds in repetition 501

 ... clock resolution was 1e-06
TCP Ping:  Statistics over 501 repetitions of 524288 byte messages

RTT : percentile 10: 1.49303, median: 1.5672, percentile 90: 1.65633, average: 1.59496, variance: 0.0385678

RTT histogram:
1.46068 197
1.63381 277
1.80693 11
1.98006 5
2.15319 6
2.32632 2
2.49945 1
2.67258 1
2.84571 0
3.01884 0
3.19197 0
3.3651 0
3.53823 0
3.71136 0
3.88449 0
4.05762 0
4.23075 0
4.40388 0
4.57701 0
4.75014 0
4.92327 1

   median Throughput : 669074 KB/s   overall Throughput : 657432 KB/s

