TCP Ping trying to connect to server localhost (127.0.0.1) on port 1491
 ... connected to Pong server: asking for 501 repetitions of 196608 bytes TCP messages
 ... Pong server agreed :-)
tcp_ping received 196608 bytes back
Round trip time was 0.747548 milliseconds in repetition 1
tcp_ping received 196608 bytes back
Round trip time was 0.667186 milliseconds in repetition 2
tcp_ping received 196608 bytes back
Round trip time was 0.610619 milliseconds in repetition 3
tcp_ping received 196608 bytes back
Round trip time was 0.613151 milliseconds in repetition 4
tcp_ping received 196608 bytes back
Round trip time was 0.583503 milliseconds in repetition 5
tcp_ping received 196608 bytes back
Round trip time was 0.604718 milliseconds in repetition 6
tcp_ping received 196608 bytes back
Round trip time was 0.616443 milliseconds in repetition 7
tcp_ping received 196608 bytes back
Round trip time was 0.58021 milliseconds in repetition 8
tcp_ping received 196608 bytes back
Round trip time was 0.59742 milliseconds in repetition 9
tcp_ping received 196608 bytes back
Round trip time was 0.622057 milliseconds in repetition 10
tcp_ping received 196608 bytes back
Round trip time was 0.564736 milliseconds in repetition 11
tcp_ping received 196608 bytes back
Round trip time was 0.598394 milliseconds in repetition 12
tcp_ping received 196608 bytes back
Round trip time was 0.573251 milliseconds in repetition 13
tcp_ping received 196608 bytes back
Round trip time was 0.601023 milliseconds in repetition 14
tcp_ping received 196608 bytes back
Round trip time was 0.579914 milliseconds in repetition 15
tcp_ping received 196608 bytes back
Round trip time was 0.563467 milliseconds in repetition 16
tcp_ping received 196608 bytes back
Round trip time was 0.566616 milliseconds in repetition 17
tcp_ping received 196608 bytes back
Round trip time was 0.590996 milliseconds in repetition 18
tcp_ping received 196608 bytes back
Round trip time was 0.59246 milliseconds in repetition 19
tcp_ping received 196608 bytes back
Round trip time was 0.577796 milliseconds in repetition 20
tcp_ping received 196608 bytes back
Round trip time was 0.590168 milliseconds in repetition 21
tcp_ping received 196608 bytes back
Round trip time was 0.624563 milliseconds in repetition 22
tcp_ping received 196608 bytes back
Round trip time was 0.622645 milliseconds in repetition 23
tcp_ping received 196608 bytes back
Round trip time was 0.611402 milliseconds in repetition 24
tcp_ping received 196608 bytes back
Round trip time was 0.604408 milliseconds in repetition 25
tcp_ping received 196608 bytes back
Round trip time was 0.590725 milliseconds in repetition 26
tcp_ping received 196608 bytes back
Round trip time was 0.580427 milliseconds in repetition 27
tcp_ping received 196608 bytes back
Round trip time was 0.610252 milliseconds in repetition 28
tcp_ping received 196608 bytes back
Round trip time was 0.624207 milliseconds in repetition 29
tcp_ping received 196608 bytes back
Round trip time was 0.633509 milliseconds in repetition 30
tcp_ping received 196608 bytes back
Round trip time was 0.615836 milliseconds in repetition 31
tcp_ping received 196608 bytes back
Round trip time was 0.608686 milliseconds in repetition 32
tcp_ping received 196608 bytes back
Round trip time was 0.596523 milliseconds in repetition 33
tcp_ping received 196608 bytes back
Round trip time was 0.606507 milliseconds in repetition 34
tcp_ping received 196608 bytes back
Round trip time was 0.652979 milliseconds in repetition 35
tcp_ping received 196608 bytes back
Round trip time was 0.603982 milliseconds in repetition 36
tcp_ping received 196608 bytes back
Round trip time was 0.63547 milliseconds in repetition 37
tcp_ping received 196608 bytes back
Round trip time was 0.614689 milliseconds in repetition 38
tcp_ping received 196608 bytes back
Round trip time was 0.598847 milliseconds in repetition 39
tcp_ping received 196608 bytes back
Round trip time was 0.607766 milliseconds in repetition 40
tcp_ping received 196608 bytes back
Round trip time was 0.614162 milliseconds in repetition 41
tcp_ping received 196608 bytes back
Round trip time was 0.609326 milliseconds in repetition 42
tcp_ping received 196608 bytes back
Round trip time was 0.603168 milliseconds in repetition 43
tcp_ping received 196608 bytes back
Round trip time was 0.555539 milliseconds in repetition 44
tcp_ping received 196608 bytes back
Round trip time was 0.607708 milliseconds in repetition 45
tcp_ping received 196608 bytes back
Round trip time was 0.604465 milliseconds in repetition 46
tcp_ping received 196608 bytes back
Round trip time was 0.615387 milliseconds in repetition 47
tcp_ping received 196608 bytes back
Round trip time was 0.597181 milliseconds in repetition 48
tcp_ping received 196608 bytes back
Round trip time was 0.585141 milliseconds in repetition 49
tcp_ping received 196608 bytes back
Round trip time was 0.569123 milliseconds in repetition 50
tcp_ping received 196608 bytes back
Round trip time was 0.578112 milliseconds in repetition 51
tcp_ping received 196608 bytes back
Round trip time was 0.576446 milliseconds in repetition 52
tcp_ping received 196608 bytes back
Round trip time was 0.582014 milliseconds in repetition 53
tcp_ping received 196608 bytes back
Round trip time was 0.540918 milliseconds in repetition 54
tcp_ping received 196608 bytes back
Round trip time was 0.582105 milliseconds in repetition 55
tcp_ping received 196608 bytes back
Round trip time was 0.627353 milliseconds in repetition 56
tcp_ping received 196608 bytes back
Round trip time was 0.613928 milliseconds in repetition 57
tcp_ping received 196608 bytes back
Round trip time was 0.55332 milliseconds in repetition 58
tcp_ping received 196608 bytes back
Round trip time was 0.598211 milliseconds in repetition 59
tcp_ping received 196608 bytes back
Round trip time was 0.628628 milliseconds in repetition 60
tcp_ping received 196608 bytes back
Round trip time was 0.581595 milliseconds in repetition 61
tcp_ping received 196608 bytes back
Round trip time was 0.60197 milliseconds in repetition 62
tcp_ping received 196608 bytes back
Round trip time was 0.619598 milliseconds in repetition 63
tcp_ping received 196608 bytes back
Round trip time was 0.713333 milliseconds in repetition 64
tcp_ping received 196608 bytes back
Round trip time was 0.652504 milliseconds in repetition 65
tcp_ping received 196608 bytes back
Round trip time was 0.601799 milliseconds in repetition 66
tcp_ping received 196608 bytes back
Round trip time was 0.616682 milliseconds in repetition 67
tcp_ping received 196608 bytes back
Round trip time was 0.602413 milliseconds in repetition 68
tcp_ping received 196608 bytes back
Round trip time was 0.642542 milliseconds in repetition 69
tcp_ping received 196608 bytes back
Round trip time was 0.615481 milliseconds in repetition 70
tcp_ping received 196608 bytes back
Round trip time was 0.571141 milliseconds in repetition 71
tcp_ping received 196608 bytes back
Round trip time was 0.606489 milliseconds in repetition 72
tcp_ping received 196608 bytes back
Round trip time was 0.610847 milliseconds in repetition 73
tcp_ping received 196608 bytes back
Round trip time was 0.580865 milliseconds in repetition 74
tcp_ping received 196608 bytes back
Round trip time was 0.59759 milliseconds in repetition 75
tcp_ping received 196608 bytes back
Round trip time was 0.578861 milliseconds in repetition 76
tcp_ping received 196608 bytes back
Round trip time was 0.552599 milliseconds in repetition 77
tcp_ping received 196608 bytes back
Round trip time was 0.586442 milliseconds in repetition 78
tcp_ping received 196608 bytes back
Round trip time was 0.59956 milliseconds in repetition 79
tcp_ping received 196608 bytes back
Round trip time was 0.573228 milliseconds in repetition 80
tcp_ping received 196608 bytes back
Round trip time was 0.570663 milliseconds in repetition 81
tcp_ping received 196608 bytes back
Round trip time was 0.577903 milliseconds in repetition 82
tcp_ping received 196608 bytes back
Round trip time was 0.579356 milliseconds in repetition 83
tcp_ping received 196608 bytes back
Round trip time was 0.599148 milliseconds in repetition 84
tcp_ping received 196608 bytes back
Round trip time was 0.617995 milliseconds in repetition 85
tcp_ping received 196608 bytes back
Round trip time was 0.62021 milliseconds in repetition 86
tcp_ping received 196608 bytes back
Round trip time was 0.600665 milliseconds in repetition 87
tcp_ping received 196608 bytes back
Round trip time was 0.600111 milliseconds in repetition 88
tcp_ping received 196608 bytes back
Round trip time was 0.608301 milliseconds in repetition 89
tcp_ping received 196608 bytes back
Round trip time was 0.607383 milliseconds in repetition 90
tcp_ping received 196608 bytes back
Round trip time was 0.594309 milliseconds in repetition 91
tcp_ping received 196608 bytes back
Round trip time was 0.606861 milliseconds in repetition 92
tcp_ping received 196608 bytes back
Round trip time was 0.619305 milliseconds in repetition 93
tcp_ping received 196608 bytes back
Round trip time was 0.629177 milliseconds in repetition 94
tcp_ping received 196608 bytes back
Round trip time was 0.624426 milliseconds in repetition 95
tcp_ping received 196608 bytes back
Round trip time was 0.581978 milliseconds in repetition 96
tcp_ping received 196608 bytes back
Round trip time was 0.581078 milliseconds in repetition 97
tcp_ping received 196608 bytes back
Round trip time was 0.593559 milliseconds in repetition 98
tcp_ping received 196608 bytes back
Round trip time was 0.608642 milliseconds in repetition 99
tcp_ping received 196608 bytes back
Round trip time was 0.598817 milliseconds in repetition 100
tcp_ping received 196608 bytes back
Round trip time was 0.665434 milliseconds in repetition 101
tcp_ping received 196608 bytes back
Round trip time was 0.559505 milliseconds in repetition 102
tcp_ping received 196608 bytes back
Round trip time was 0.61752 milliseconds in repetition 103
tcp_ping received 196608 bytes back
Round trip time was 0.619812 milliseconds in repetition 104
tcp_ping received 196608 bytes back
Round trip time was 0.580659 milliseconds in repetition 105
tcp_ping received 196608 bytes back
Round trip time was 0.582076 milliseconds in repetition 106
tcp_ping received 196608 bytes back
Round trip time was 0.612053 milliseconds in repetition 107
tcp_ping received 196608 bytes back
Round trip time was 0.585732 milliseconds in repetition 108
tcp_ping received 196608 bytes back
Round trip time was 0.586836 milliseconds in repetition 109
tcp_ping received 196608 bytes back
Round trip time was 0.574951 milliseconds in repetition 110
tcp_ping received 196608 bytes back
Round trip time was 0.6238 milliseconds in repetition 111
tcp_ping received 196608 bytes back
Round trip time was 0.617059 milliseconds in repetition 112
tcp_ping received 196608 bytes back
Round trip time was 0.599763 milliseconds in repetition 113
tcp_ping received 196608 bytes back
Round trip time was 0.605578 milliseconds in repetition 114
tcp_ping received 196608 bytes back
Round trip time was 0.602495 milliseconds in repetition 115
tcp_ping received 196608 bytes back
Round trip time was 0.607331 milliseconds in repetition 116
tcp_ping received 196608 bytes back
Round trip time was 0.584079 milliseconds in repetition 117
tcp_ping received 196608 bytes back
Round trip time was 0.567825 milliseconds in repetition 118
tcp_ping received 196608 bytes back
Round trip time was 0.585153 milliseconds in repetition 119
tcp_ping received 196608 bytes back
Round trip time was 0.61188 milliseconds in repetition 120
tcp_ping received 196608 bytes back
Round trip time was 0.582712 milliseconds in repetition 121
tcp_ping received 196608 bytes back
Round trip time was 0.642777 milliseconds in repetition 122
tcp_ping received 196608 bytes back
Round trip time was 0.601958 milliseconds in repetition 123
tcp_ping received 196608 bytes back
Round trip time was 0.609122 milliseconds in repetition 124
tcp_ping received 196608 bytes back
Round trip time was 0.599822 milliseconds in repetition 125
tcp_ping received 196608 bytes back
Round trip time was 0.600882 milliseconds in repetition 126
tcp_ping received 196608 bytes back
Round trip time was 0.583818 milliseconds in repetition 127
tcp_ping received 196608 bytes back
Round trip time was 0.609562 milliseconds in repetition 128
tcp_ping received 196608 bytes back
Round trip time was 0.602436 milliseconds in repetition 129
tcp_ping received 196608 bytes back
Round trip time was 0.604888 milliseconds in repetition 130
tcp_ping received 196608 bytes back
Round trip time was 0.640371 milliseconds in repetition 131
tcp_ping received 196608 bytes back
Round trip time was 0.621099 milliseconds in repetition 132
tcp_ping received 196608 bytes back
Round trip time was 0.606561 milliseconds in repetition 133
tcp_ping received 196608 bytes back
Round trip time was 0.607419 milliseconds in repetition 134
tcp_ping received 196608 bytes back
Round trip time was 0.611113 milliseconds in repetition 135
tcp_ping received 196608 bytes back
Round trip time was 0.606845 milliseconds in repetition 136
tcp_ping received 196608 bytes back
Round trip time was 0.576674 milliseconds in repetition 137
tcp_ping received 196608 bytes back
Round trip time was 0.56809 milliseconds in repetition 138
tcp_ping received 196608 bytes back
Round trip time was 0.621558 milliseconds in repetition 139
tcp_ping received 196608 bytes back
Round trip time was 0.607914 milliseconds in repetition 140
tcp_ping received 196608 bytes back
Round trip time was 0.608015 milliseconds in repetition 141
tcp_ping received 196608 bytes back
Round trip time was 0.603502 milliseconds in repetition 142
tcp_ping received 196608 bytes back
Round trip time was 0.62823 milliseconds in repetition 143
tcp_ping received 196608 bytes back
Round trip time was 0.607624 milliseconds in repetition 144
tcp_ping received 196608 bytes back
Round trip time was 0.583544 milliseconds in repetition 145
tcp_ping received 196608 bytes back
Round trip time was 0.605342 milliseconds in repetition 146
tcp_ping received 196608 bytes back
Round trip time was 0.589683 milliseconds in repetition 147
tcp_ping received 196608 bytes back
Round trip time was 0.594963 milliseconds in repetition 148
tcp_ping received 196608 bytes back
Round trip time was 0.580522 milliseconds in repetition 149
tcp_ping received 196608 bytes back
Round trip time was 0.60451 milliseconds in repetition 150
tcp_ping received 196608 bytes back
Round trip time was 0.619923 milliseconds in repetition 151
tcp_ping received 196608 bytes back
Round trip time was 0.609198 milliseconds in repetition 152
tcp_ping received 196608 bytes back
Round trip time was 0.634378 milliseconds in repetition 153
tcp_ping received 196608 bytes back
Round trip time was 0.643786 milliseconds in repetition 154
tcp_ping received 196608 bytes back
Round trip time was 0.596679 milliseconds in repetition 155
tcp_ping received 196608 bytes back
Round trip time was 0.672689 milliseconds in repetition 156
tcp_ping received 196608 bytes back
Round trip time was 0.656871 milliseconds in repetition 157
tcp_ping received 196608 bytes back
Round trip time was 0.659561 milliseconds in repetition 158
tcp_ping received 196608 bytes back
Round trip time was 0.580357 milliseconds in repetition 159
tcp_ping received 196608 bytes back
Round trip time was 0.595496 milliseconds in repetition 160
tcp_ping received 196608 bytes back
Round trip time was 0.660251 milliseconds in repetition 161
tcp_ping received 196608 bytes back
Round trip time was 0.604713 milliseconds in repetition 162
tcp_ping received 196608 bytes back
Round trip time was 0.602498 milliseconds in repetition 163
tcp_ping received 196608 bytes back
Round trip time was 0.622228 milliseconds in repetition 164
tcp_ping received 196608 bytes back
Round trip time was 0.607992 milliseconds in repetition 165
tcp_ping received 196608 bytes back
Round trip time was 0.593604 milliseconds in repetition 166
tcp_ping received 196608 bytes back
Round trip time was 0.574247 milliseconds in repetition 167
tcp_ping received 196608 bytes back
Round trip time was 0.593063 milliseconds in repetition 168
tcp_ping received 196608 bytes back
Round trip time was 0.607344 milliseconds in repetition 169
tcp_ping received 196608 bytes back
Round trip time was 0.583684 milliseconds in repetition 170
tcp_ping received 196608 bytes back
Round trip time was 0.597209 milliseconds in repetition 171
tcp_ping received 196608 bytes back
Round trip time was 0.607252 milliseconds in repetition 172
tcp_ping received 196608 bytes back
Round trip time was 0.611775 milliseconds in repetition 173
tcp_ping received 196608 bytes back
Round trip time was 0.61383 milliseconds in repetition 174
tcp_ping received 196608 bytes back
Round trip time was 0.608225 milliseconds in repetition 175
tcp_ping received 196608 bytes back
Round trip time was 0.572396 milliseconds in repetition 176
tcp_ping received 196608 bytes back
Round trip time was 0.615189 milliseconds in repetition 177
tcp_ping received 196608 bytes back
Round trip time was 0.612211 milliseconds in repetition 178
tcp_ping received 196608 bytes back
Round trip time was 0.616818 milliseconds in repetition 179
tcp_ping received 196608 bytes back
Round trip time was 0.606163 milliseconds in repetition 180
tcp_ping received 196608 bytes back
Round trip time was 0.607022 milliseconds in repetition 181
tcp_ping received 196608 bytes back
Round trip time was 0.623498 milliseconds in repetition 182
tcp_ping received 196608 bytes back
Round trip time was 0.612357 milliseconds in repetition 183
tcp_ping received 196608 bytes back
Round trip time was 0.601572 milliseconds in repetition 184
tcp_ping received 196608 bytes back
Round trip time was 0.583869 milliseconds in repetition 185
tcp_ping received 196608 bytes back
Round trip time was 0.591485 milliseconds in repetition 186
tcp_ping received 196608 bytes back
Round trip time was 0.572819 milliseconds in repetition 187
tcp_ping received 196608 bytes back
Round trip time was 0.564241 milliseconds in repetition 188
tcp_ping received 196608 bytes back
Round trip time was 0.608411 milliseconds in repetition 189
tcp_ping received 196608 bytes back
Round trip time was 0.62475 milliseconds in repetition 190
tcp_ping received 196608 bytes back
Round trip time was 0.632789 milliseconds in repetition 191
tcp_ping received 196608 bytes back
Round trip time was 0.608655 milliseconds in repetition 192
tcp_ping received 196608 bytes back
Round trip time was 0.602144 milliseconds in repetition 193
tcp_ping received 196608 bytes back
Round trip time was 0.605462 milliseconds in repetition 194
tcp_ping received 196608 bytes back
Round trip time was 0.605286 milliseconds in repetition 195
tcp_ping received 196608 bytes back
Round trip time was 0.594434 milliseconds in repetition 196
tcp_ping received 196608 bytes back
Round trip time was 0.649523 milliseconds in repetition 197
tcp_ping received 196608 bytes back
Round trip time was 0.57315 milliseconds in repetition 198
tcp_ping received 196608 bytes back
Round trip time was 0.61603 milliseconds in repetition 199
tcp_ping received 196608 bytes back
Round trip time was 0.599016 milliseconds in repetition 200
tcp_ping received 196608 bytes back
Round trip time was 0.616398 milliseconds in repetition 201
tcp_ping received 196608 bytes back
Round trip time was 0.604414 milliseconds in repetition 202
tcp_ping received 196608 bytes back
Round trip time was 0.606738 milliseconds in repetition 203
tcp_ping received 196608 bytes back
Round trip time was 0.617007 milliseconds in repetition 204
tcp_ping received 196608 bytes back
Round trip time was 0.611489 milliseconds in repetition 205
tcp_ping received 196608 bytes back
Round trip time was 0.608594 milliseconds in repetition 206
tcp_ping received 196608 bytes back
Round trip time was 0.585092 milliseconds in repetition 207
tcp_ping received 196608 bytes back
Round trip time was 0.582482 milliseconds in repetition 208
tcp_ping received 196608 bytes back
Round trip time was 0.53415 milliseconds in repetition 209
tcp_ping received 196608 bytes back
Round trip time was 0.600024 milliseconds in repetition 210
tcp_ping received 196608 bytes back
Round trip time was 0.607641 milliseconds in repetition 211
tcp_ping received 196608 bytes back
Round trip time was 0.612169 milliseconds in repetition 212
tcp_ping received 196608 bytes back
Round trip time was 0.607777 milliseconds in repetition 213
tcp_ping received 196608 bytes back
Round trip time was 0.575819 milliseconds in repetition 214
tcp_ping received 196608 bytes back
Round trip time was 0.568512 milliseconds in repetition 215
tcp_ping received 196608 bytes back
Round trip time was 0.611365 milliseconds in repetition 216
tcp_ping received 196608 bytes back
Round trip time was 0.602327 milliseconds in repetition 217
tcp_ping received 196608 bytes back
Round trip time was 0.604511 milliseconds in repetition 218
tcp_ping received 196608 bytes back
Round trip time was 0.613967 milliseconds in repetition 219
tcp_ping received 196608 bytes back
Round trip time was 0.611293 milliseconds in repetition 220
tcp_ping received 196608 bytes back
Round trip time was 0.609359 milliseconds in repetition 221
tcp_ping received 196608 bytes back
Round trip time was 0.591456 milliseconds in repetition 222
tcp_ping received 196608 bytes back
Round trip time was 0.57871 milliseconds in repetition 223
tcp_ping received 196608 bytes back
Round trip time was 0.584386 milliseconds in repetition 224
tcp_ping received 196608 bytes back
Round trip time was 0.598831 milliseconds in repetition 225
tcp_ping received 196608 bytes back
Round trip time was 0.597232 milliseconds in repetition 226
tcp_ping received 196608 bytes back
Round trip time was 0.637063 milliseconds in repetition 227
tcp_ping received 196608 bytes back
Round trip time was 0.607454 milliseconds in repetition 228
tcp_ping received 196608 bytes back
Round trip time was 0.663782 milliseconds in repetition 229
tcp_ping received 196608 bytes back
Round trip time was 0.59351 milliseconds in repetition 230
tcp_ping received 196608 bytes back
Round trip time was 0.541838 milliseconds in repetition 231
tcp_ping received 196608 bytes back
Round trip time was 0.609153 milliseconds in repetition 232
tcp_ping received 196608 bytes back
Round trip time was 0.60202 milliseconds in repetition 233
tcp_ping received 196608 bytes back
Round trip time was 0.603156 milliseconds in repetition 234
tcp_ping received 196608 bytes back
Round trip time was 0.607609 milliseconds in repetition 235
tcp_ping received 196608 bytes back
Round trip time was 0.611355 milliseconds in repetition 236
tcp_ping received 196608 bytes back
Round trip time was 0.623986 milliseconds in repetition 237
tcp_ping received 196608 bytes back
Round trip time was 0.610559 milliseconds in repetition 238
tcp_ping received 196608 bytes back
Round trip time was 0.602339 milliseconds in repetition 239
tcp_ping received 196608 bytes back
Round trip time was 0.586688 milliseconds in repetition 240
tcp_ping received 196608 bytes back
Round trip time was 0.576994 milliseconds in repetition 241
tcp_ping received 196608 bytes back
Round trip time was 0.546818 milliseconds in repetition 242
tcp_ping received 196608 bytes back
Round trip time was 0.604292 milliseconds in repetition 243
tcp_ping received 196608 bytes back
Round trip time was 0.609376 milliseconds in repetition 244
tcp_ping received 196608 bytes back
Round trip time was 0.626918 milliseconds in repetition 245
tcp_ping received 196608 bytes back
Round trip time was 0.60298 milliseconds in repetition 246
tcp_ping received 196608 bytes back
Round trip time was 0.596782 milliseconds in repetition 247
tcp_ping received 196608 bytes back
Round trip time was 0.62203 milliseconds in repetition 248
tcp_ping received 196608 bytes back
Round trip time was 0.617825 milliseconds in repetition 249
tcp_ping received 196608 bytes back
Round trip time was 0.616122 milliseconds in repetition 250
tcp_ping received 196608 bytes back
Round trip time was 0.579198 milliseconds in repetition 251
tcp_ping received 196608 bytes back
Round trip time was 0.606247 milliseconds in repetition 252
tcp_ping received 196608 bytes back
Round trip time was 0.543046 milliseconds in repetition 253
tcp_ping received 196608 bytes back
Round trip time was 0.602602 milliseconds in repetition 254
tcp_ping received 196608 bytes back
Round trip time was 0.611451 milliseconds in repetition 255
tcp_ping received 196608 bytes back
Round trip time was 0.628499 milliseconds in repetition 256
tcp_ping received 196608 bytes back
Round trip time was 0.608191 milliseconds in repetition 257
tcp_ping received 196608 bytes back
Round trip time was 0.602798 milliseconds in repetition 258
tcp_ping received 196608 bytes back
Round trip time was 0.572645 milliseconds in repetition 259
tcp_ping received 196608 bytes back
Round trip time was 0.60479 milliseconds in repetition 260
tcp_ping received 196608 bytes back
Round trip time was 0.585872 milliseconds in repetition 261
tcp_ping received 196608 bytes back
Round trip time was 0.574289 milliseconds in repetition 262
tcp_ping received 196608 bytes back
Round trip time was 0.609455 milliseconds in repetition 263
tcp_ping received 196608 bytes back
Round trip time was 0.621256 milliseconds in repetition 264
tcp_ping received 196608 bytes back
Round trip time was 0.612709 milliseconds in repetition 265
tcp_ping received 196608 bytes back
Round trip time was 0.676038 milliseconds in repetition 266
tcp_ping received 196608 bytes back
Round trip time was 0.645779 milliseconds in repetition 267
tcp_ping received 196608 bytes back
Round trip time was 0.668176 milliseconds in repetition 268
tcp_ping received 196608 bytes back
Round trip time was 0.598362 milliseconds in repetition 269
tcp_ping received 196608 bytes back
Round trip time was 0.582701 milliseconds in repetition 270
tcp_ping received 196608 bytes back
Round trip time was 0.666622 milliseconds in repetition 271
tcp_ping received 196608 bytes back
Round trip time was 0.616587 milliseconds in repetition 272
tcp_ping received 196608 bytes back
Round trip time was 0.635149 milliseconds in repetition 273
tcp_ping received 196608 bytes back
Round trip time was 0.612127 milliseconds in repetition 274
tcp_ping received 196608 bytes back
Round trip time was 0.605743 milliseconds in repetition 275
tcp_ping received 196608 bytes back
Round trip time was 0.604744 milliseconds in repetition 276
tcp_ping received 196608 bytes back
Round trip time was 0.583155 milliseconds in repetition 277
tcp_ping received 196608 bytes back
Round trip time was 0.57395 milliseconds in repetition 278
tcp_ping received 196608 bytes back
Round trip time was 0.577744 milliseconds in repetition 279
tcp_ping received 196608 bytes back
Round trip time was 0.571326 milliseconds in repetition 280
tcp_ping received 196608 bytes back
Round trip time was 0.581673 milliseconds in repetition 281
tcp_ping received 196608 bytes back
Round trip time was 0.599494 milliseconds in repetition 282
tcp_ping received 196608 bytes back
Round trip time was 0.599317 milliseconds in repetition 283
tcp_ping received 196608 bytes back
Round trip time was 0.612602 milliseconds in repetition 284
tcp_ping received 196608 bytes back
Round trip time was 0.636088 milliseconds in repetition 285
tcp_ping received 196608 bytes back
Round trip time was 0.538865 milliseconds in repetition 286
tcp_ping received 196608 bytes back
Round trip time was 0.604306 milliseconds in repetition 287
tcp_ping received 196608 bytes back
Round trip time was 0.604608 milliseconds in repetition 288
tcp_ping received 196608 bytes back
Round trip time was 0.596493 milliseconds in repetition 289
tcp_ping received 196608 bytes back
Round trip time was 0.575255 milliseconds in repetition 290
tcp_ping received 196608 bytes back
Round trip time was 0.58297 milliseconds in repetition 291
tcp_ping received 196608 bytes back
Round trip time was 0.563229 milliseconds in repetition 292
tcp_ping received 196608 bytes back
Round trip time was 0.624283 milliseconds in repetition 293
tcp_ping received 196608 bytes back
Round trip time was 0.610768 milliseconds in repetition 294
tcp_ping received 196608 bytes back
Round trip time was 0.625323 milliseconds in repetition 295
tcp_ping received 196608 bytes back
Round trip time was 0.6007 milliseconds in repetition 296
tcp_ping received 196608 bytes back
Round trip time was 0.616535 milliseconds in repetition 297
tcp_ping received 196608 bytes back
Round trip time was 0.582439 milliseconds in repetition 298
tcp_ping received 196608 bytes back
Round trip time was 0.575481 milliseconds in repetition 299
tcp_ping received 196608 bytes back
Round trip time was 0.580698 milliseconds in repetition 300
tcp_ping received 196608 bytes back
Round trip time was 0.613583 milliseconds in repetition 301
tcp_ping received 196608 bytes back
Round trip time was 0.601892 milliseconds in repetition 302
tcp_ping received 196608 bytes back
Round trip time was 0.624638 milliseconds in repetition 303
tcp_ping received 196608 bytes back
Round trip time was 0.629487 milliseconds in repetition 304
tcp_ping received 196608 bytes back
Round trip time was 0.615483 milliseconds in repetition 305
tcp_ping received 196608 bytes back
Round trip time was 0.602146 milliseconds in repetition 306
tcp_ping received 196608 bytes back
Round trip time was 0.592102 milliseconds in repetition 307
tcp_ping received 196608 bytes back
Round trip time was 0.54879 milliseconds in repetition 308
tcp_ping received 196608 bytes back
Round trip time was 0.594544 milliseconds in repetition 309
tcp_ping received 196608 bytes back
Round trip time was 0.60921 milliseconds in repetition 310
tcp_ping received 196608 bytes back
Round trip time was 0.601922 milliseconds in repetition 311
tcp_ping received 196608 bytes back
Round trip time was 0.621943 milliseconds in repetition 312
tcp_ping received 196608 bytes back
Round trip time was 0.656087 milliseconds in repetition 313
tcp_ping received 196608 bytes back
Round trip time was 0.565938 milliseconds in repetition 314
tcp_ping received 196608 bytes back
Round trip time was 0.628316 milliseconds in repetition 315
tcp_ping received 196608 bytes back
Round trip time was 0.545925 milliseconds in repetition 316
tcp_ping received 196608 bytes back
Round trip time was 0.611832 milliseconds in repetition 317
tcp_ping received 196608 bytes back
Round trip time was 0.611049 milliseconds in repetition 318
tcp_ping received 196608 bytes back
Round trip time was 0.600004 milliseconds in repetition 319
tcp_ping received 196608 bytes back
Round trip time was 0.607138 milliseconds in repetition 320
tcp_ping received 196608 bytes back
Round trip time was 0.60339 milliseconds in repetition 321
tcp_ping received 196608 bytes back
Round trip time was 0.580606 milliseconds in repetition 322
tcp_ping received 196608 bytes back
Round trip time was 0.583025 milliseconds in repetition 323
tcp_ping received 196608 bytes back
Round trip time was 0.595532 milliseconds in repetition 324
tcp_ping received 196608 bytes back
Round trip time was 0.615951 milliseconds in repetition 325
tcp_ping received 196608 bytes back
Round trip time was 0.61109 milliseconds in repetition 326
tcp_ping received 196608 bytes back
Round trip time was 0.60951 milliseconds in repetition 327
tcp_ping received 196608 bytes back
Round trip time was 0.605294 milliseconds in repetition 328
tcp_ping received 196608 bytes back
Round trip time was 0.59501 milliseconds in repetition 329
tcp_ping received 196608 bytes back
Round trip time was 0.555268 milliseconds in repetition 330
tcp_ping received 196608 bytes back
Round trip time was 0.60404 milliseconds in repetition 331
tcp_ping received 196608 bytes back
Round trip time was 0.604895 milliseconds in repetition 332
tcp_ping received 196608 bytes back
Round trip time was 0.610858 milliseconds in repetition 333
tcp_ping received 196608 bytes back
Round trip time was 0.618866 milliseconds in repetition 334
tcp_ping received 196608 bytes back
Round trip time was 0.607943 milliseconds in repetition 335
tcp_ping received 196608 bytes back
Round trip time was 0.534145 milliseconds in repetition 336
tcp_ping received 196608 bytes back
Round trip time was 0.622605 milliseconds in repetition 337
tcp_ping received 196608 bytes back
Round trip time was 0.714777 milliseconds in repetition 338
tcp_ping received 196608 bytes back
Round trip time was 0.702284 milliseconds in repetition 339
tcp_ping received 196608 bytes back
Round trip time was 0.650484 milliseconds in repetition 340
tcp_ping received 196608 bytes back
Round trip time was 0.678317 milliseconds in repetition 341
tcp_ping received 196608 bytes back
Round trip time was 0.71426 milliseconds in repetition 342
tcp_ping received 196608 bytes back
Round trip time was 0.706917 milliseconds in repetition 343
tcp_ping received 196608 bytes back
Round trip time was 0.678981 milliseconds in repetition 344
tcp_ping received 196608 bytes back
Round trip time was 0.65936 milliseconds in repetition 345
tcp_ping received 196608 bytes back
Round trip time was 0.691674 milliseconds in repetition 346
tcp_ping received 196608 bytes back
Round trip time was 0.64499 milliseconds in repetition 347
tcp_ping received 196608 bytes back
Round trip time was 0.63226 milliseconds in repetition 348
tcp_ping received 196608 bytes back
Round trip time was 0.60569 milliseconds in repetition 349
tcp_ping received 196608 bytes back
Round trip time was 0.614628 milliseconds in repetition 350
tcp_ping received 196608 bytes back
Round trip time was 0.613341 milliseconds in repetition 351
tcp_ping received 196608 bytes back
Round trip time was 0.63785 milliseconds in repetition 352
tcp_ping received 196608 bytes back
Round trip time was 0.606104 milliseconds in repetition 353
tcp_ping received 196608 bytes back
Round trip time was 0.622235 milliseconds in repetition 354
tcp_ping received 196608 bytes back
Round trip time was 0.769195 milliseconds in repetition 355
tcp_ping received 196608 bytes back
Round trip time was 0.920619 milliseconds in repetition 356
tcp_ping received 196608 bytes back
Round trip time was 0.896418 milliseconds in repetition 357
tcp_ping received 196608 bytes back
Round trip time was 0.873393 milliseconds in repetition 358
tcp_ping received 196608 bytes back
Round trip time was 0.900451 milliseconds in repetition 359
tcp_ping received 196608 bytes back
Round trip time was 0.882613 milliseconds in repetition 360
tcp_ping received 196608 bytes back
Round trip time was 0.894854 milliseconds in repetition 361
tcp_ping received 196608 bytes back
Round trip time was 0.901714 milliseconds in repetition 362
tcp_ping received 196608 bytes back
Round trip time was 0.709706 milliseconds in repetition 363
tcp_ping received 196608 bytes back
Round trip time was 0.563538 milliseconds in repetition 364
tcp_ping received 196608 bytes back
Round trip time was 0.542857 milliseconds in repetition 365
tcp_ping received 196608 bytes back
Round trip time was 0.533224 milliseconds in repetition 366
tcp_ping received 196608 bytes back
Round trip time was 0.563702 milliseconds in repetition 367
tcp_ping received 196608 bytes back
Round trip time was 0.5256 milliseconds in repetition 368
tcp_ping received 196608 bytes back
Round trip time was 0.522777 milliseconds in repetition 369
tcp_ping received 196608 bytes back
Round trip time was 0.554537 milliseconds in repetition 370
tcp_ping received 196608 bytes back
Round trip time was 0.538907 milliseconds in repetition 371
tcp_ping received 196608 bytes back
Round trip time was 0.665548 milliseconds in repetition 372
tcp_ping received 196608 bytes back
Round trip time was 0.748339 milliseconds in repetition 373
tcp_ping received 196608 bytes back
Round trip time was 0.60567 milliseconds in repetition 374
tcp_ping received 196608 bytes back
Round trip time was 0.58087 milliseconds in repetition 375
tcp_ping received 196608 bytes back
Round trip time was 0.606198 milliseconds in repetition 376
tcp_ping received 196608 bytes back
Round trip time was 0.611813 milliseconds in repetition 377
tcp_ping received 196608 bytes back
Round trip time was 0.602491 milliseconds in repetition 378
tcp_ping received 196608 bytes back
Round trip time was 0.602829 milliseconds in repetition 379
tcp_ping received 196608 bytes back
Round trip time was 3.44188 milliseconds in repetition 380
tcp_ping received 196608 bytes back
Round trip time was 0.6044 milliseconds in repetition 381
tcp_ping received 196608 bytes back
Round trip time was 0.59024 milliseconds in repetition 382
tcp_ping received 196608 bytes back
Round trip time was 0.59694 milliseconds in repetition 383
tcp_ping received 196608 bytes back
Round trip time was 0.547341 milliseconds in repetition 384
tcp_ping received 196608 bytes back
Round trip time was 0.674512 milliseconds in repetition 385
tcp_ping received 196608 bytes back
Round trip time was 0.586325 milliseconds in repetition 386
tcp_ping received 196608 bytes back
Round trip time was 0.61005 milliseconds in repetition 387
tcp_ping received 196608 bytes back
Round trip time was 0.599727 milliseconds in repetition 388
tcp_ping received 196608 bytes back
Round trip time was 0.582911 milliseconds in repetition 389
tcp_ping received 196608 bytes back
Round trip time was 0.572054 milliseconds in repetition 390
tcp_ping received 196608 bytes back
Round trip time was 0.605131 milliseconds in repetition 391
tcp_ping received 196608 bytes back
Round trip time was 0.586499 milliseconds in repetition 392
tcp_ping received 196608 bytes back
Round trip time was 0.584053 milliseconds in repetition 393
tcp_ping received 196608 bytes back
Round trip time was 0.586592 milliseconds in repetition 394
tcp_ping received 196608 bytes back
Round trip time was 0.574313 milliseconds in repetition 395
tcp_ping received 196608 bytes back
Round trip time was 0.540562 milliseconds in repetition 396
tcp_ping received 196608 bytes back
Round trip time was 0.662126 milliseconds in repetition 397
tcp_ping received 196608 bytes back
Round trip time was 0.548551 milliseconds in repetition 398
tcp_ping received 196608 bytes back
Round trip time was 0.527392 milliseconds in repetition 399
tcp_ping received 196608 bytes back
Round trip time was 0.544994 milliseconds in repetition 400
tcp_ping received 196608 bytes back
Round trip time was 0.532559 milliseconds in repetition 401
tcp_ping received 196608 bytes back
Round trip time was 0.545779 milliseconds in repetition 402
tcp_ping received 196608 bytes back
Round trip time was 0.555682 milliseconds in repetition 403
tcp_ping received 196608 bytes back
Round trip time was 0.566909 milliseconds in repetition 404
tcp_ping received 196608 bytes back
Round trip time was 0.530672 milliseconds in repetition 405
tcp_ping received 196608 bytes back
Round trip time was 0.5359 milliseconds in repetition 406
tcp_ping received 196608 bytes back
Round trip time was 0.568442 milliseconds in repetition 407
tcp_ping received 196608 bytes back
Round trip time was 0.529575 milliseconds in repetition 408
tcp_ping received 196608 bytes back
Round trip time was 0.528943 milliseconds in repetition 409
tcp_ping received 196608 bytes back
Round trip time was 0.537218 milliseconds in repetition 410
tcp_ping received 196608 bytes back
Round trip time was 0.529377 milliseconds in repetition 411
tcp_ping received 196608 bytes back
Round trip time was 0.585462 milliseconds in repetition 412
tcp_ping received 196608 bytes back
Round trip time was 0.535413 milliseconds in repetition 413
tcp_ping received 196608 bytes back
Round trip time was 0.523877 milliseconds in repetition 414
tcp_ping received 196608 bytes back
Round trip time was 0.524234 milliseconds in repetition 415
tcp_ping received 196608 bytes back
Round trip time was 0.532238 milliseconds in repetition 416
tcp_ping received 196608 bytes back
Round trip time was 0.543525 milliseconds in repetition 417
tcp_ping received 196608 bytes back
Round trip time was 0.536652 milliseconds in repetition 418
tcp_ping received 196608 bytes back
Round trip time was 0.536137 milliseconds in repetition 419
tcp_ping received 196608 bytes back
Round trip time was 0.530651 milliseconds in repetition 420
tcp_ping received 196608 bytes back
Round trip time was 0.534313 milliseconds in repetition 421
tcp_ping received 196608 bytes back
Round trip time was 0.537049 milliseconds in repetition 422
tcp_ping received 196608 bytes back
Round trip time was 0.54947 milliseconds in repetition 423
tcp_ping received 196608 bytes back
Round trip time was 0.536551 milliseconds in repetition 424
tcp_ping received 196608 bytes back
Round trip time was 0.543582 milliseconds in repetition 425
tcp_ping received 196608 bytes back
Round trip time was 0.548196 milliseconds in repetition 426
tcp_ping received 196608 bytes back
Round trip time was 0.535781 milliseconds in repetition 427
tcp_ping received 196608 bytes back
Round trip time was 0.550444 milliseconds in repetition 428
tcp_ping received 196608 bytes back
Round trip time was 0.531754 milliseconds in repetition 429
tcp_ping received 196608 bytes back
Round trip time was 0.531361 milliseconds in repetition 430
tcp_ping received 196608 bytes back
Round trip time was 0.537889 milliseconds in repetition 431
tcp_ping received 196608 bytes back
Round trip time was 0.537156 milliseconds in repetition 432
tcp_ping received 196608 bytes back
Round trip time was 0.528305 milliseconds in repetition 433
tcp_ping received 196608 bytes back
Round trip time was 0.574817 milliseconds in repetition 434
tcp_ping received 196608 bytes back
Round trip time was 0.554189 milliseconds in repetition 435
tcp_ping received 196608 bytes back
Round trip time was 0.539519 milliseconds in repetition 436
tcp_ping received 196608 bytes back
Round trip time was 0.532929 milliseconds in repetition 437
tcp_ping received 196608 bytes back
Round trip time was 0.533374 milliseconds in repetition 438
tcp_ping received 196608 bytes back
Round trip time was 0.527376 milliseconds in repetition 439
tcp_ping received 196608 bytes back
Round trip time was 0.541436 milliseconds in repetition 440
tcp_ping received 196608 bytes back
Round trip time was 0.542242 milliseconds in repetition 441
tcp_ping received 196608 bytes back
Round trip time was 0.524729 milliseconds in repetition 442
tcp_ping received 196608 bytes back
Round trip time was 0.545409 milliseconds in repetition 443
tcp_ping received 196608 bytes back
Round trip time was 0.525119 milliseconds in repetition 444
tcp_ping received 196608 bytes back
Round trip time was 0.53165 milliseconds in repetition 445
tcp_ping received 196608 bytes back
Round trip time was 0.533268 milliseconds in repetition 446
tcp_ping received 196608 bytes back
Round trip time was 0.530063 milliseconds in repetition 447
tcp_ping received 196608 bytes back
Round trip time was 0.538788 milliseconds in repetition 448
tcp_ping received 196608 bytes back
Round trip time was 0.526769 milliseconds in repetition 449
tcp_ping received 196608 bytes back
Round trip time was 0.537568 milliseconds in repetition 450
tcp_ping received 196608 bytes back
Round trip time was 0.529418 milliseconds in repetition 451
tcp_ping received 196608 bytes back
Round trip time was 0.547541 milliseconds in repetition 452
tcp_ping received 196608 bytes back
Round trip time was 0.532786 milliseconds in repetition 453
tcp_ping received 196608 bytes back
Round trip time was 0.53448 milliseconds in repetition 454
tcp_ping received 196608 bytes back
Round trip time was 0.531559 milliseconds in repetition 455
tcp_ping received 196608 bytes back
Round trip time was 0.521475 milliseconds in repetition 456
tcp_ping received 196608 bytes back
Round trip time was 0.524614 milliseconds in repetition 457
tcp_ping received 196608 bytes back
Round trip time was 0.555671 milliseconds in repetition 458
tcp_ping received 196608 bytes back
Round trip time was 0.532148 milliseconds in repetition 459
tcp_ping received 196608 bytes back
Round trip time was 0.53414 milliseconds in repetition 460
tcp_ping received 196608 bytes back
Round trip time was 0.540968 milliseconds in repetition 461
tcp_ping received 196608 bytes back
Round trip time was 0.532109 milliseconds in repetition 462
tcp_ping received 196608 bytes back
Round trip time was 0.531561 milliseconds in repetition 463
tcp_ping received 196608 bytes back
Round trip time was 0.53145 milliseconds in repetition 464
tcp_ping received 196608 bytes back
Round trip time was 0.530918 milliseconds in repetition 465
tcp_ping received 196608 bytes back
Round trip time was 0.538011 milliseconds in repetition 466
tcp_ping received 196608 bytes back
Round trip time was 0.547361 milliseconds in repetition 467
tcp_ping received 196608 bytes back
Round trip time was 0.528546 milliseconds in repetition 468
tcp_ping received 196608 bytes back
Round trip time was 0.525729 milliseconds in repetition 469
tcp_ping received 196608 bytes back
Round trip time was 0.535536 milliseconds in repetition 470
tcp_ping received 196608 bytes back
Round trip time was 0.528834 milliseconds in repetition 471
tcp_ping received 196608 bytes back
Round trip time was 0.5307 milliseconds in repetition 472
tcp_ping received 196608 bytes back
Round trip time was 0.530392 milliseconds in repetition 473
tcp_ping received 196608 bytes back
Round trip time was 0.533108 milliseconds in repetition 474
tcp_ping received 196608 bytes back
Round trip time was 0.52509 milliseconds in repetition 475
tcp_ping received 196608 bytes back
Round trip time was 0.530977 milliseconds in repetition 476
tcp_ping received 196608 bytes back
Round trip time was 0.554964 milliseconds in repetition 477
tcp_ping received 196608 bytes back
Round trip time was 0.559913 milliseconds in repetition 478
tcp_ping received 196608 bytes back
Round trip time was 0.529329 milliseconds in repetition 479
tcp_ping received 196608 bytes back
Round trip time was 0.526675 milliseconds in repetition 480
tcp_ping received 196608 bytes back
Round trip time was 0.52477 milliseconds in repetition 481
tcp_ping received 196608 bytes back
Round trip time was 0.5292 milliseconds in repetition 482
tcp_ping received 196608 bytes back
Round trip time was 0.544443 milliseconds in repetition 483
tcp_ping received 196608 bytes back
Round trip time was 0.524284 milliseconds in repetition 484
tcp_ping received 196608 bytes back
Round trip time was 0.542134 milliseconds in repetition 485
tcp_ping received 196608 bytes back
Round trip time was 0.527164 milliseconds in repetition 486
tcp_ping received 196608 bytes back
Round trip time was 0.527772 milliseconds in repetition 487
tcp_ping received 196608 bytes back
Round trip time was 0.53315 milliseconds in repetition 488
tcp_ping received 196608 bytes back
Round trip time was 0.523918 milliseconds in repetition 489
tcp_ping received 196608 bytes back
Round trip time was 0.545476 milliseconds in repetition 490
tcp_ping received 196608 bytes back
Round trip time was 0.538694 milliseconds in repetition 491
tcp_ping received 196608 bytes back
Round trip time was 0.527692 milliseconds in repetition 492
tcp_ping received 196608 bytes back
Round trip time was 0.533969 milliseconds in repetition 493
tcp_ping received 196608 bytes back
Round trip time was 0.532496 milliseconds in repetition 494
tcp_ping received 196608 bytes back
Round trip time was 0.525804 milliseconds in repetition 495
tcp_ping received 196608 bytes back
Round trip time was 0.525797 milliseconds in repetition 496
tcp_ping received 196608 bytes back
Round trip time was 0.557873 milliseconds in repetition 497
tcp_ping received 196608 bytes back
Round trip time was 0.525135 milliseconds in repetition 498
tcp_ping received 196608 bytes back
Round trip time was 0.525508 milliseconds in repetition 499
tcp_ping received 196608 bytes back
Round trip time was 0.532848 milliseconds in repetition 500
tcp_ping received 196608 bytes back
Round trip time was 0.53463 milliseconds in repetition 501

 ... clock resolution was 1e-06
TCP Ping:  Statistics over 501 repetitions of 196608 byte messages

RTT : percentile 10: 0.532559, median: 0.599494, percentile 90: 0.634378, average: 0.600464, variance: 0.0190765

RTT histogram:
0.521475 226
0.667495 264
0.813515 5
0.959536 5
1.10556 0
1.25158 0
1.3976 0
1.54362 0
1.68964 0
1.83566 0
1.98168 0
2.1277 0
2.27372 0
2.41974 0
2.56576 0
2.71178 0
2.8578 0
3.00382 0
3.14984 0
3.29586 0
3.44188 1

   median Throughput : 655913 KB/s   overall Throughput : 654853 KB/s

