TCP Ping trying to connect to server localhost (127.0.0.1) on port 1491
 ... connected to Pong server: asking for 501 repetitions of 12288 bytes TCP messages
 ... Pong server agreed :-)
tcp_ping received 12288 bytes back
Round trip time was 0.050444 milliseconds in repetition 1
tcp_ping received 12288 bytes back
Round trip time was 0.040378 milliseconds in repetition 2
tcp_ping received 12288 bytes back
Round trip time was 0.039471 milliseconds in repetition 3
tcp_ping received 12288 bytes back
Round trip time was 0.03936 milliseconds in repetition 4
tcp_ping received 12288 bytes back
Round trip time was 0.040101 milliseconds in repetition 5
tcp_ping received 12288 bytes back
Round trip time was 0.040668 milliseconds in repetition 6
tcp_ping received 12288 bytes back
Round trip time was 0.043592 milliseconds in repetition 7
tcp_ping received 12288 bytes back
Round trip time was 0.038652 milliseconds in repetition 8
tcp_ping received 12288 bytes back
Round trip time was 0.039206 milliseconds in repetition 9
tcp_ping received 12288 bytes back
Round trip time was 0.039036 milliseconds in repetition 10
tcp_ping received 12288 bytes back
Round trip time was 0.039056 milliseconds in repetition 11
tcp_ping received 12288 bytes back
Round trip time was 0.039767 milliseconds in repetition 12
tcp_ping received 12288 bytes back
Round trip time was 0.039262 milliseconds in repetition 13
tcp_ping received 12288 bytes back
Round trip time was 0.038598 milliseconds in repetition 14
tcp_ping received 12288 bytes back
Round trip time was 0.039129 milliseconds in repetition 15
tcp_ping received 12288 bytes back
Round trip time was 0.039741 milliseconds in repetition 16
tcp_ping received 12288 bytes back
Round trip time was 0.03915 milliseconds in repetition 17
tcp_ping received 12288 bytes back
Round trip time was 0.039274 milliseconds in repetition 18
tcp_ping received 12288 bytes back
Round trip time was 0.039463 milliseconds in repetition 19
tcp_ping received 12288 bytes back
Round trip time was 0.039565 milliseconds in repetition 20
tcp_ping received 12288 bytes back
Round trip time was 0.039669 milliseconds in repetition 21
tcp_ping received 12288 bytes back
Round trip time was 0.039289 milliseconds in repetition 22
tcp_ping received 12288 bytes back
Round trip time was 0.039 milliseconds in repetition 23
tcp_ping received 12288 bytes back
Round trip time was 0.039024 milliseconds in repetition 24
tcp_ping received 12288 bytes back
Round trip time was 0.038077 milliseconds in repetition 25
tcp_ping received 12288 bytes back
Round trip time was 0.039076 milliseconds in repetition 26
tcp_ping received 12288 bytes back
Round trip time was 0.039562 milliseconds in repetition 27
tcp_ping received 12288 bytes back
Round trip time was 0.039585 milliseconds in repetition 28
tcp_ping received 12288 bytes back
Round trip time was 0.039288 milliseconds in repetition 29
tcp_ping received 12288 bytes back
Round trip time was 0.042484 milliseconds in repetition 30
tcp_ping received 12288 bytes back
Round trip time was 0.039067 milliseconds in repetition 31
tcp_ping received 12288 bytes back
Round trip time was 0.039056 milliseconds in repetition 32
tcp_ping received 12288 bytes back
Round trip time was 0.0412 milliseconds in repetition 33
tcp_ping received 12288 bytes back
Round trip time was 0.039447 milliseconds in repetition 34
tcp_ping received 12288 bytes back
Round trip time was 0.039003 milliseconds in repetition 35
tcp_ping received 12288 bytes back
Round trip time was 0.038933 milliseconds in repetition 36
tcp_ping received 12288 bytes back
Round trip time was 0.039002 milliseconds in repetition 37
tcp_ping received 12288 bytes back
Round trip time was 0.039161 milliseconds in repetition 38
tcp_ping received 12288 bytes back
Round trip time was 0.038914 milliseconds in repetition 39
tcp_ping received 12288 bytes back
Round trip time was 0.039127 milliseconds in repetition 40
tcp_ping received 12288 bytes back
Round trip time was 0.039571 milliseconds in repetition 41
tcp_ping received 12288 bytes back
Round trip time was 0.038873 milliseconds in repetition 42
tcp_ping received 12288 bytes back
Round trip time was 0.045813 milliseconds in repetition 43
tcp_ping received 12288 bytes back
Round trip time was 0.040597 milliseconds in repetition 44
tcp_ping received 12288 bytes back
Round trip time was 0.039757 milliseconds in repetition 45
tcp_ping received 12288 bytes back
Round trip time was 0.040078 milliseconds in repetition 46
tcp_ping received 12288 bytes back
Round trip time was 0.040305 milliseconds in repetition 47
tcp_ping received 12288 bytes back
Round trip time was 0.039619 milliseconds in repetition 48
tcp_ping received 12288 bytes back
Round trip time was 0.038871 milliseconds in repetition 49
tcp_ping received 12288 bytes back
Round trip time was 0.038957 milliseconds in repetition 50
tcp_ping received 12288 bytes back
Round trip time was 0.040051 milliseconds in repetition 51
tcp_ping received 12288 bytes back
Round trip time was 0.039812 milliseconds in repetition 52
tcp_ping received 12288 bytes back
Round trip time was 0.039738 milliseconds in repetition 53
tcp_ping received 12288 bytes back
Round trip time was 0.03966 milliseconds in repetition 54
tcp_ping received 12288 bytes back
Round trip time was 0.039467 milliseconds in repetition 55
tcp_ping received 12288 bytes back
Round trip time was 0.039485 milliseconds in repetition 56
tcp_ping received 12288 bytes back
Round trip time was 0.040192 milliseconds in repetition 57
tcp_ping received 12288 bytes back
Round trip time was 0.040238 milliseconds in repetition 58
tcp_ping received 12288 bytes back
Round trip time was 0.039483 milliseconds in repetition 59
tcp_ping received 12288 bytes back
Round trip time was 0.039404 milliseconds in repetition 60
tcp_ping received 12288 bytes back
Round trip time was 0.039553 milliseconds in repetition 61
tcp_ping received 12288 bytes back
Round trip time was 0.039887 milliseconds in repetition 62
tcp_ping received 12288 bytes back
Round trip time was 0.039507 milliseconds in repetition 63
tcp_ping received 12288 bytes back
Round trip time was 0.038845 milliseconds in repetition 64
tcp_ping received 12288 bytes back
Round trip time was 0.039427 milliseconds in repetition 65
tcp_ping received 12288 bytes back
Round trip time was 0.039019 milliseconds in repetition 66
tcp_ping received 12288 bytes back
Round trip time was 0.039862 milliseconds in repetition 67
tcp_ping received 12288 bytes back
Round trip time was 0.040564 milliseconds in repetition 68
tcp_ping received 12288 bytes back
Round trip time was 0.040053 milliseconds in repetition 69
tcp_ping received 12288 bytes back
Round trip time was 0.038661 milliseconds in repetition 70
tcp_ping received 12288 bytes back
Round trip time was 0.038729 milliseconds in repetition 71
tcp_ping received 12288 bytes back
Round trip time was 0.039387 milliseconds in repetition 72
tcp_ping received 12288 bytes back
Round trip time was 0.039533 milliseconds in repetition 73
tcp_ping received 12288 bytes back
Round trip time was 0.049052 milliseconds in repetition 74
tcp_ping received 12288 bytes back
Round trip time was 0.040815 milliseconds in repetition 75
tcp_ping received 12288 bytes back
Round trip time was 0.039604 milliseconds in repetition 76
tcp_ping received 12288 bytes back
Round trip time was 0.039525 milliseconds in repetition 77
tcp_ping received 12288 bytes back
Round trip time was 0.039516 milliseconds in repetition 78
tcp_ping received 12288 bytes back
Round trip time was 0.039528 milliseconds in repetition 79
tcp_ping received 12288 bytes back
Round trip time was 0.03936 milliseconds in repetition 80
tcp_ping received 12288 bytes back
Round trip time was 0.039972 milliseconds in repetition 81
tcp_ping received 12288 bytes back
Round trip time was 0.039409 milliseconds in repetition 82
tcp_ping received 12288 bytes back
Round trip time was 0.039495 milliseconds in repetition 83
tcp_ping received 12288 bytes back
Round trip time was 0.039424 milliseconds in repetition 84
tcp_ping received 12288 bytes back
Round trip time was 0.039715 milliseconds in repetition 85
tcp_ping received 12288 bytes back
Round trip time was 0.03943 milliseconds in repetition 86
tcp_ping received 12288 bytes back
Round trip time was 0.06172 milliseconds in repetition 87
tcp_ping received 12288 bytes back
Round trip time was 0.040495 milliseconds in repetition 88
tcp_ping received 12288 bytes back
Round trip time was 0.039212 milliseconds in repetition 89
tcp_ping received 12288 bytes back
Round trip time was 0.039536 milliseconds in repetition 90
tcp_ping received 12288 bytes back
Round trip time was 0.038381 milliseconds in repetition 91
tcp_ping received 12288 bytes back
Round trip time was 0.03918 milliseconds in repetition 92
tcp_ping received 12288 bytes back
Round trip time was 0.0393 milliseconds in repetition 93
tcp_ping received 12288 bytes back
Round trip time was 0.039797 milliseconds in repetition 94
tcp_ping received 12288 bytes back
Round trip time was 0.039159 milliseconds in repetition 95
tcp_ping received 12288 bytes back
Round trip time was 0.038999 milliseconds in repetition 96
tcp_ping received 12288 bytes back
Round trip time was 0.03894 milliseconds in repetition 97
tcp_ping received 12288 bytes back
Round trip time was 0.038954 milliseconds in repetition 98
tcp_ping received 12288 bytes back
Round trip time was 0.039036 milliseconds in repetition 99
tcp_ping received 12288 bytes back
Round trip time was 0.039748 milliseconds in repetition 100
tcp_ping received 12288 bytes back
Round trip time was 0.039051 milliseconds in repetition 101
tcp_ping received 12288 bytes back
Round trip time was 0.039152 milliseconds in repetition 102
tcp_ping received 12288 bytes back
Round trip time was 0.039003 milliseconds in repetition 103
tcp_ping received 12288 bytes back
Round trip time was 0.039088 milliseconds in repetition 104
tcp_ping received 12288 bytes back
Round trip time was 0.039267 milliseconds in repetition 105
tcp_ping received 12288 bytes back
Round trip time was 0.039042 milliseconds in repetition 106
tcp_ping received 12288 bytes back
Round trip time was 0.039061 milliseconds in repetition 107
tcp_ping received 12288 bytes back
Round trip time was 0.039592 milliseconds in repetition 108
tcp_ping received 12288 bytes back
Round trip time was 0.039486 milliseconds in repetition 109
tcp_ping received 12288 bytes back
Round trip time was 0.039319 milliseconds in repetition 110
tcp_ping received 12288 bytes back
Round trip time was 0.039132 milliseconds in repetition 111
tcp_ping received 12288 bytes back
Round trip time was 0.039021 milliseconds in repetition 112
tcp_ping received 12288 bytes back
Round trip time was 0.039056 milliseconds in repetition 113
tcp_ping received 12288 bytes back
Round trip time was 0.03913 milliseconds in repetition 114
tcp_ping received 12288 bytes back
Round trip time was 0.038988 milliseconds in repetition 115
tcp_ping received 12288 bytes back
Round trip time was 0.039514 milliseconds in repetition 116
tcp_ping received 12288 bytes back
Round trip time was 0.03917 milliseconds in repetition 117
tcp_ping received 12288 bytes back
Round trip time was 0.038979 milliseconds in repetition 118
tcp_ping received 12288 bytes back
Round trip time was 0.03933 milliseconds in repetition 119
tcp_ping received 12288 bytes back
Round trip time was 0.039255 milliseconds in repetition 120
tcp_ping received 12288 bytes back
Round trip time was 0.039472 milliseconds in repetition 121
tcp_ping received 12288 bytes back
Round trip time was 0.038951 milliseconds in repetition 122
tcp_ping received 12288 bytes back
Round trip time was 0.039548 milliseconds in repetition 123
tcp_ping received 12288 bytes back
Round trip time was 0.039239 milliseconds in repetition 124
tcp_ping received 12288 bytes back
Round trip time was 0.039008 milliseconds in repetition 125
tcp_ping received 12288 bytes back
Round trip time was 0.039108 milliseconds in repetition 126
tcp_ping received 12288 bytes back
Round trip time was 0.039205 milliseconds in repetition 127
tcp_ping received 12288 bytes back
Round trip time was 0.038275 milliseconds in repetition 128
tcp_ping received 12288 bytes back
Round trip time was 0.038981 milliseconds in repetition 129
tcp_ping received 12288 bytes back
Round trip time was 0.0434 milliseconds in repetition 130
tcp_ping received 12288 bytes back
Round trip time was 0.039464 milliseconds in repetition 131
tcp_ping received 12288 bytes back
Round trip time was 0.040611 milliseconds in repetition 132
tcp_ping received 12288 bytes back
Round trip time was 0.039255 milliseconds in repetition 133
tcp_ping received 12288 bytes back
Round trip time was 0.040223 milliseconds in repetition 134
tcp_ping received 12288 bytes back
Round trip time was 0.039429 milliseconds in repetition 135
tcp_ping received 12288 bytes back
Round trip time was 0.038461 milliseconds in repetition 136
tcp_ping received 12288 bytes back
Round trip time was 0.039002 milliseconds in repetition 137
tcp_ping received 12288 bytes back
Round trip time was 0.039004 milliseconds in repetition 138
tcp_ping received 12288 bytes back
Round trip time was 0.038573 milliseconds in repetition 139
tcp_ping received 12288 bytes back
Round trip time was 0.043496 milliseconds in repetition 140
tcp_ping received 12288 bytes back
Round trip time was 0.042446 milliseconds in repetition 141
tcp_ping received 12288 bytes back
Round trip time was 0.039197 milliseconds in repetition 142
tcp_ping received 12288 bytes back
Round trip time was 0.040256 milliseconds in repetition 143
tcp_ping received 12288 bytes back
Round trip time was 0.039023 milliseconds in repetition 144
tcp_ping received 12288 bytes back
Round trip time was 0.039144 milliseconds in repetition 145
tcp_ping received 12288 bytes back
Round trip time was 0.039536 milliseconds in repetition 146
tcp_ping received 12288 bytes back
Round trip time was 0.039372 milliseconds in repetition 147
tcp_ping received 12288 bytes back
Round trip time was 0.039013 milliseconds in repetition 148
tcp_ping received 12288 bytes back
Round trip time was 0.039795 milliseconds in repetition 149
tcp_ping received 12288 bytes back
Round trip time was 0.042679 milliseconds in repetition 150
tcp_ping received 12288 bytes back
Round trip time was 0.043919 milliseconds in repetition 151
tcp_ping received 12288 bytes back
Round trip time was 0.039044 milliseconds in repetition 152
tcp_ping received 12288 bytes back
Round trip time was 0.038266 milliseconds in repetition 153
tcp_ping received 12288 bytes back
Round trip time was 0.039831 milliseconds in repetition 154
tcp_ping received 12288 bytes back
Round trip time was 0.041872 milliseconds in repetition 155
tcp_ping received 12288 bytes back
Round trip time was 0.040503 milliseconds in repetition 156
tcp_ping received 12288 bytes back
Round trip time was 0.039381 milliseconds in repetition 157
tcp_ping received 12288 bytes back
Round trip time was 0.03953 milliseconds in repetition 158
tcp_ping received 12288 bytes back
Round trip time was 0.039378 milliseconds in repetition 159
tcp_ping received 12288 bytes back
Round trip time was 0.03921 milliseconds in repetition 160
tcp_ping received 12288 bytes back
Round trip time was 0.039225 milliseconds in repetition 161
tcp_ping received 12288 bytes back
Round trip time was 0.040175 milliseconds in repetition 162
tcp_ping received 12288 bytes back
Round trip time was 0.043786 milliseconds in repetition 163
tcp_ping received 12288 bytes back
Round trip time was 0.038995 milliseconds in repetition 164
tcp_ping received 12288 bytes back
Round trip time was 0.039116 milliseconds in repetition 165
tcp_ping received 12288 bytes back
Round trip time was 0.038322 milliseconds in repetition 166
tcp_ping received 12288 bytes back
Round trip time was 0.039498 milliseconds in repetition 167
tcp_ping received 12288 bytes back
Round trip time was 0.039261 milliseconds in repetition 168
tcp_ping received 12288 bytes back
Round trip time was 0.039041 milliseconds in repetition 169
tcp_ping received 12288 bytes back
Round trip time was 0.039085 milliseconds in repetition 170
tcp_ping received 12288 bytes back
Round trip time was 0.038905 milliseconds in repetition 171
tcp_ping received 12288 bytes back
Round trip time was 0.039246 milliseconds in repetition 172
tcp_ping received 12288 bytes back
Round trip time was 0.043524 milliseconds in repetition 173
tcp_ping received 12288 bytes back
Round trip time was 0.039584 milliseconds in repetition 174
tcp_ping received 12288 bytes back
Round trip time was 0.03938 milliseconds in repetition 175
tcp_ping received 12288 bytes back
Round trip time was 0.049761 milliseconds in repetition 176
tcp_ping received 12288 bytes back
Round trip time was 0.059405 milliseconds in repetition 177
tcp_ping received 12288 bytes back
Round trip time was 0.059406 milliseconds in repetition 178
tcp_ping received 12288 bytes back
Round trip time was 0.040674 milliseconds in repetition 179
tcp_ping received 12288 bytes back
Round trip time was 0.041248 milliseconds in repetition 180
tcp_ping received 12288 bytes back
Round trip time was 0.041871 milliseconds in repetition 181
tcp_ping received 12288 bytes back
Round trip time was 0.048592 milliseconds in repetition 182
tcp_ping received 12288 bytes back
Round trip time was 0.042977 milliseconds in repetition 183
tcp_ping received 12288 bytes back
Round trip time was 0.040854 milliseconds in repetition 184
tcp_ping received 12288 bytes back
Round trip time was 0.040772 milliseconds in repetition 185
tcp_ping received 12288 bytes back
Round trip time was 0.039842 milliseconds in repetition 186
tcp_ping received 12288 bytes back
Round trip time was 0.042905 milliseconds in repetition 187
tcp_ping received 12288 bytes back
Round trip time was 0.040712 milliseconds in repetition 188
tcp_ping received 12288 bytes back
Round trip time was 0.041232 milliseconds in repetition 189
tcp_ping received 12288 bytes back
Round trip time was 0.040607 milliseconds in repetition 190
tcp_ping received 12288 bytes back
Round trip time was 0.041746 milliseconds in repetition 191
tcp_ping received 12288 bytes back
Round trip time was 0.049653 milliseconds in repetition 192
tcp_ping received 12288 bytes back
Round trip time was 0.064575 milliseconds in repetition 193
tcp_ping received 12288 bytes back
Round trip time was 0.048153 milliseconds in repetition 194
tcp_ping received 12288 bytes back
Round trip time was 0.047313 milliseconds in repetition 195
tcp_ping received 12288 bytes back
Round trip time was 0.0407 milliseconds in repetition 196
tcp_ping received 12288 bytes back
Round trip time was 0.041571 milliseconds in repetition 197
tcp_ping received 12288 bytes back
Round trip time was 0.060674 milliseconds in repetition 198
tcp_ping received 12288 bytes back
Round trip time was 0.064952 milliseconds in repetition 199
tcp_ping received 12288 bytes back
Round trip time was 0.059567 milliseconds in repetition 200
tcp_ping received 12288 bytes back
Round trip time was 0.051171 milliseconds in repetition 201
tcp_ping received 12288 bytes back
Round trip time was 0.042022 milliseconds in repetition 202
tcp_ping received 12288 bytes back
Round trip time was 0.040114 milliseconds in repetition 203
tcp_ping received 12288 bytes back
Round trip time was 0.040158 milliseconds in repetition 204
tcp_ping received 12288 bytes back
Round trip time was 0.03934 milliseconds in repetition 205
tcp_ping received 12288 bytes back
Round trip time was 0.042956 milliseconds in repetition 206
tcp_ping received 12288 bytes back
Round trip time was 0.042537 milliseconds in repetition 207
tcp_ping received 12288 bytes back
Round trip time was 0.039684 milliseconds in repetition 208
tcp_ping received 12288 bytes back
Round trip time was 0.03942 milliseconds in repetition 209
tcp_ping received 12288 bytes back
Round trip time was 0.039316 milliseconds in repetition 210
tcp_ping received 12288 bytes back
Round trip time was 0.039637 milliseconds in repetition 211
tcp_ping received 12288 bytes back
Round trip time was 0.040759 milliseconds in repetition 212
tcp_ping received 12288 bytes back
Round trip time was 0.039326 milliseconds in repetition 213
tcp_ping received 12288 bytes back
Round trip time was 0.040121 milliseconds in repetition 214
tcp_ping received 12288 bytes back
Round trip time was 0.039377 milliseconds in repetition 215
tcp_ping received 12288 bytes back
Round trip time was 0.039328 milliseconds in repetition 216
tcp_ping received 12288 bytes back
Round trip time was 0.039452 milliseconds in repetition 217
tcp_ping received 12288 bytes back
Round trip time was 0.0397 milliseconds in repetition 218
tcp_ping received 12288 bytes back
Round trip time was 0.039864 milliseconds in repetition 219
tcp_ping received 12288 bytes back
Round trip time was 0.039421 milliseconds in repetition 220
tcp_ping received 12288 bytes back
Round trip time was 0.039494 milliseconds in repetition 221
tcp_ping received 12288 bytes back
Round trip time was 0.039415 milliseconds in repetition 222
tcp_ping received 12288 bytes back
Round trip time was 0.040596 milliseconds in repetition 223
tcp_ping received 12288 bytes back
Round trip time was 0.039543 milliseconds in repetition 224
tcp_ping received 12288 bytes back
Round trip time was 0.040073 milliseconds in repetition 225
tcp_ping received 12288 bytes back
Round trip time was 0.03992 milliseconds in repetition 226
tcp_ping received 12288 bytes back
Round trip time was 0.039085 milliseconds in repetition 227
tcp_ping received 12288 bytes back
Round trip time was 0.039712 milliseconds in repetition 228
tcp_ping received 12288 bytes back
Round trip time was 0.040367 milliseconds in repetition 229
tcp_ping received 12288 bytes back
Round trip time was 0.043986 milliseconds in repetition 230
tcp_ping received 12288 bytes back
Round trip time was 0.041378 milliseconds in repetition 231
tcp_ping received 12288 bytes back
Round trip time was 0.040119 milliseconds in repetition 232
tcp_ping received 12288 bytes back
Round trip time was 0.039419 milliseconds in repetition 233
tcp_ping received 12288 bytes back
Round trip time was 0.039551 milliseconds in repetition 234
tcp_ping received 12288 bytes back
Round trip time was 0.040102 milliseconds in repetition 235
tcp_ping received 12288 bytes back
Round trip time was 0.040099 milliseconds in repetition 236
tcp_ping received 12288 bytes back
Round trip time was 0.039839 milliseconds in repetition 237
tcp_ping received 12288 bytes back
Round trip time was 0.040024 milliseconds in repetition 238
tcp_ping received 12288 bytes back
Round trip time was 0.039241 milliseconds in repetition 239
tcp_ping received 12288 bytes back
Round trip time was 0.040036 milliseconds in repetition 240
tcp_ping received 12288 bytes back
Round trip time was 0.039275 milliseconds in repetition 241
tcp_ping received 12288 bytes back
Round trip time was 0.040547 milliseconds in repetition 242
tcp_ping received 12288 bytes back
Round trip time was 0.039754 milliseconds in repetition 243
tcp_ping received 12288 bytes back
Round trip time was 0.039467 milliseconds in repetition 244
tcp_ping received 12288 bytes back
Round trip time was 0.039301 milliseconds in repetition 245
tcp_ping received 12288 bytes back
Round trip time was 0.039334 milliseconds in repetition 246
tcp_ping received 12288 bytes back
Round trip time was 0.039489 milliseconds in repetition 247
tcp_ping received 12288 bytes back
Round trip time was 0.040022 milliseconds in repetition 248
tcp_ping received 12288 bytes back
Round trip time was 0.039457 milliseconds in repetition 249
tcp_ping received 12288 bytes back
Round trip time was 0.040024 milliseconds in repetition 250
tcp_ping received 12288 bytes back
Round trip time was 0.039392 milliseconds in repetition 251
tcp_ping received 12288 bytes back
Round trip time was 0.039982 milliseconds in repetition 252
tcp_ping received 12288 bytes back
Round trip time was 0.039356 milliseconds in repetition 253
tcp_ping received 12288 bytes back
Round trip time was 0.039553 milliseconds in repetition 254
tcp_ping received 12288 bytes back
Round trip time was 0.038683 milliseconds in repetition 255
tcp_ping received 12288 bytes back
Round trip time was 0.039507 milliseconds in repetition 256
tcp_ping received 12288 bytes back
Round trip time was 0.039465 milliseconds in repetition 257
tcp_ping received 12288 bytes back
Round trip time was 0.039452 milliseconds in repetition 258
tcp_ping received 12288 bytes back
Round trip time was 0.040808 milliseconds in repetition 259
tcp_ping received 12288 bytes back
Round trip time was 0.04027 milliseconds in repetition 260
tcp_ping received 12288 bytes back
Round trip time was 0.040149 milliseconds in repetition 261
tcp_ping received 12288 bytes back
Round trip time was 0.040547 milliseconds in repetition 262
tcp_ping received 12288 bytes back
Round trip time was 0.040137 milliseconds in repetition 263
tcp_ping received 12288 bytes back
Round trip time was 0.039415 milliseconds in repetition 264
tcp_ping received 12288 bytes back
Round trip time was 0.040002 milliseconds in repetition 265
tcp_ping received 12288 bytes back
Round trip time was 0.040005 milliseconds in repetition 266
tcp_ping received 12288 bytes back
Round trip time was 0.040188 milliseconds in repetition 267
tcp_ping received 12288 bytes back
Round trip time was 0.040005 milliseconds in repetition 268
tcp_ping received 12288 bytes back
Round trip time was 0.040111 milliseconds in repetition 269
tcp_ping received 12288 bytes back
Round trip time was 0.04035 milliseconds in repetition 270
tcp_ping received 12288 bytes back
Round trip time was 0.038766 milliseconds in repetition 271
tcp_ping received 12288 bytes back
Round trip time was 0.039874 milliseconds in repetition 272
tcp_ping received 12288 bytes back
Round trip time was 0.040026 milliseconds in repetition 273
tcp_ping received 12288 bytes back
Round trip time was 0.04002 milliseconds in repetition 274
tcp_ping received 12288 bytes back
Round trip time was 0.040109 milliseconds in repetition 275
tcp_ping received 12288 bytes back
Round trip time was 0.039264 milliseconds in repetition 276
tcp_ping received 12288 bytes back
Round trip time was 0.039103 milliseconds in repetition 277
tcp_ping received 12288 bytes back
Round trip time was 0.039698 milliseconds in repetition 278
tcp_ping received 12288 bytes back
Round trip time was 0.039718 milliseconds in repetition 279
tcp_ping received 12288 bytes back
Round trip time was 0.040068 milliseconds in repetition 280
tcp_ping received 12288 bytes back
Round trip time was 0.039955 milliseconds in repetition 281
tcp_ping received 12288 bytes back
Round trip time was 0.039451 milliseconds in repetition 282
tcp_ping received 12288 bytes back
Round trip time was 0.039877 milliseconds in repetition 283
tcp_ping received 12288 bytes back
Round trip time was 0.039495 milliseconds in repetition 284
tcp_ping received 12288 bytes back
Round trip time was 0.04099 milliseconds in repetition 285
tcp_ping received 12288 bytes back
Round trip time was 0.039463 milliseconds in repetition 286
tcp_ping received 12288 bytes back
Round trip time was 0.039434 milliseconds in repetition 287
tcp_ping received 12288 bytes back
Round trip time was 0.040566 milliseconds in repetition 288
tcp_ping received 12288 bytes back
Round trip time was 0.040038 milliseconds in repetition 289
tcp_ping received 12288 bytes back
Round trip time was 0.039354 milliseconds in repetition 290
tcp_ping received 12288 bytes back
Round trip time was 0.039465 milliseconds in repetition 291
tcp_ping received 12288 bytes back
Round trip time was 0.040042 milliseconds in repetition 292
tcp_ping received 12288 bytes back
Round trip time was 0.039343 milliseconds in repetition 293
tcp_ping received 12288 bytes back
Round trip time was 0.039717 milliseconds in repetition 294
tcp_ping received 12288 bytes back
Round trip time was 0.040466 milliseconds in repetition 295
tcp_ping received 12288 bytes back
Round trip time was 0.040107 milliseconds in repetition 296
tcp_ping received 12288 bytes back
Round trip time was 0.040359 milliseconds in repetition 297
tcp_ping received 12288 bytes back
Round trip time was 0.039493 milliseconds in repetition 298
tcp_ping received 12288 bytes back
Round trip time was 0.039614 milliseconds in repetition 299
tcp_ping received 12288 bytes back
Round trip time was 0.039302 milliseconds in repetition 300
tcp_ping received 12288 bytes back
Round trip time was 0.039998 milliseconds in repetition 301
tcp_ping received 12288 bytes back
Round trip time was 0.040483 milliseconds in repetition 302
tcp_ping received 12288 bytes back
Round trip time was 0.040698 milliseconds in repetition 303
tcp_ping received 12288 bytes back
Round trip time was 0.040033 milliseconds in repetition 304
tcp_ping received 12288 bytes back
Round trip time was 0.039425 milliseconds in repetition 305
tcp_ping received 12288 bytes back
Round trip time was 0.039879 milliseconds in repetition 306
tcp_ping received 12288 bytes back
Round trip time was 0.039367 milliseconds in repetition 307
tcp_ping received 12288 bytes back
Round trip time was 0.039356 milliseconds in repetition 308
tcp_ping received 12288 bytes back
Round trip time was 0.039825 milliseconds in repetition 309
tcp_ping received 12288 bytes back
Round trip time was 0.039349 milliseconds in repetition 310
tcp_ping received 12288 bytes back
Round trip time was 0.054663 milliseconds in repetition 311
tcp_ping received 12288 bytes back
Round trip time was 0.040933 milliseconds in repetition 312
tcp_ping received 12288 bytes back
Round trip time was 0.039512 milliseconds in repetition 313
tcp_ping received 12288 bytes back
Round trip time was 0.040187 milliseconds in repetition 314
tcp_ping received 12288 bytes back
Round trip time was 0.039437 milliseconds in repetition 315
tcp_ping received 12288 bytes back
Round trip time was 0.039451 milliseconds in repetition 316
tcp_ping received 12288 bytes back
Round trip time was 0.039345 milliseconds in repetition 317
tcp_ping received 12288 bytes back
Round trip time was 0.038339 milliseconds in repetition 318
tcp_ping received 12288 bytes back
Round trip time was 0.040128 milliseconds in repetition 319
tcp_ping received 12288 bytes back
Round trip time was 0.040043 milliseconds in repetition 320
tcp_ping received 12288 bytes back
Round trip time was 0.040063 milliseconds in repetition 321
tcp_ping received 12288 bytes back
Round trip time was 0.040143 milliseconds in repetition 322
tcp_ping received 12288 bytes back
Round trip time was 0.039319 milliseconds in repetition 323
tcp_ping received 12288 bytes back
Round trip time was 0.04013 milliseconds in repetition 324
tcp_ping received 12288 bytes back
Round trip time was 0.040509 milliseconds in repetition 325
tcp_ping received 12288 bytes back
Round trip time was 0.039732 milliseconds in repetition 326
tcp_ping received 12288 bytes back
Round trip time was 0.039474 milliseconds in repetition 327
tcp_ping received 12288 bytes back
Round trip time was 0.039418 milliseconds in repetition 328
tcp_ping received 12288 bytes back
Round trip time was 0.040013 milliseconds in repetition 329
tcp_ping received 12288 bytes back
Round trip time was 0.040021 milliseconds in repetition 330
tcp_ping received 12288 bytes back
Round trip time was 0.040018 milliseconds in repetition 331
tcp_ping received 12288 bytes back
Round trip time was 0.061093 milliseconds in repetition 332
tcp_ping received 12288 bytes back
Round trip time was 0.071733 milliseconds in repetition 333
tcp_ping received 12288 bytes back
Round trip time was 0.057685 milliseconds in repetition 334
tcp_ping received 12288 bytes back
Round trip time was 0.040695 milliseconds in repetition 335
tcp_ping received 12288 bytes back
Round trip time was 0.039789 milliseconds in repetition 336
tcp_ping received 12288 bytes back
Round trip time was 0.039673 milliseconds in repetition 337
tcp_ping received 12288 bytes back
Round trip time was 0.040626 milliseconds in repetition 338
tcp_ping received 12288 bytes back
Round trip time was 0.039422 milliseconds in repetition 339
tcp_ping received 12288 bytes back
Round trip time was 0.041442 milliseconds in repetition 340
tcp_ping received 12288 bytes back
Round trip time was 0.039155 milliseconds in repetition 341
tcp_ping received 12288 bytes back
Round trip time was 0.039213 milliseconds in repetition 342
tcp_ping received 12288 bytes back
Round trip time was 0.038265 milliseconds in repetition 343
tcp_ping received 12288 bytes back
Round trip time was 0.039201 milliseconds in repetition 344
tcp_ping received 12288 bytes back
Round trip time was 0.039196 milliseconds in repetition 345
tcp_ping received 12288 bytes back
Round trip time was 0.047677 milliseconds in repetition 346
tcp_ping received 12288 bytes back
Round trip time was 0.04006 milliseconds in repetition 347
tcp_ping received 12288 bytes back
Round trip time was 0.038573 milliseconds in repetition 348
tcp_ping received 12288 bytes back
Round trip time was 0.039383 milliseconds in repetition 349
tcp_ping received 12288 bytes back
Round trip time was 0.039762 milliseconds in repetition 350
tcp_ping received 12288 bytes back
Round trip time was 0.039146 milliseconds in repetition 351
tcp_ping received 12288 bytes back
Round trip time was 0.039342 milliseconds in repetition 352
tcp_ping received 12288 bytes back
Round trip time was 0.040016 milliseconds in repetition 353
tcp_ping received 12288 bytes back
Round trip time was 0.039485 milliseconds in repetition 354
tcp_ping received 12288 bytes back
Round trip time was 0.040646 milliseconds in repetition 355
tcp_ping received 12288 bytes back
Round trip time was 0.039159 milliseconds in repetition 356
tcp_ping received 12288 bytes back
Round trip time was 0.039158 milliseconds in repetition 357
tcp_ping received 12288 bytes back
Round trip time was 0.038976 milliseconds in repetition 358
tcp_ping received 12288 bytes back
Round trip time was 0.041548 milliseconds in repetition 359
tcp_ping received 12288 bytes back
Round trip time was 0.044246 milliseconds in repetition 360
tcp_ping received 12288 bytes back
Round trip time was 0.03908 milliseconds in repetition 361
tcp_ping received 12288 bytes back
Round trip time was 0.039084 milliseconds in repetition 362
tcp_ping received 12288 bytes back
Round trip time was 0.041859 milliseconds in repetition 363
tcp_ping received 12288 bytes back
Round trip time was 0.044762 milliseconds in repetition 364
tcp_ping received 12288 bytes back
Round trip time was 0.039318 milliseconds in repetition 365
tcp_ping received 12288 bytes back
Round trip time was 0.03918 milliseconds in repetition 366
tcp_ping received 12288 bytes back
Round trip time was 0.039183 milliseconds in repetition 367
tcp_ping received 12288 bytes back
Round trip time was 0.039808 milliseconds in repetition 368
tcp_ping received 12288 bytes back
Round trip time was 0.041549 milliseconds in repetition 369
tcp_ping received 12288 bytes back
Round trip time was 0.039125 milliseconds in repetition 370
tcp_ping received 12288 bytes back
Round trip time was 0.039093 milliseconds in repetition 371
tcp_ping received 12288 bytes back
Round trip time was 0.039218 milliseconds in repetition 372
tcp_ping received 12288 bytes back
Round trip time was 0.039082 milliseconds in repetition 373
tcp_ping received 12288 bytes back
Round trip time was 0.040153 milliseconds in repetition 374
tcp_ping received 12288 bytes back
Round trip time was 0.038442 milliseconds in repetition 375
tcp_ping received 12288 bytes back
Round trip time was 0.039348 milliseconds in repetition 376
tcp_ping received 12288 bytes back
Round trip time was 0.039131 milliseconds in repetition 377
tcp_ping received 12288 bytes back
Round trip time was 0.03899 milliseconds in repetition 378
tcp_ping received 12288 bytes back
Round trip time was 0.03916 milliseconds in repetition 379
tcp_ping received 12288 bytes back
Round trip time was 0.044193 milliseconds in repetition 380
tcp_ping received 12288 bytes back
Round trip time was 0.039046 milliseconds in repetition 381
tcp_ping received 12288 bytes back
Round trip time was 0.04122 milliseconds in repetition 382
tcp_ping received 12288 bytes back
Round trip time was 0.039364 milliseconds in repetition 383
tcp_ping received 12288 bytes back
Round trip time was 0.039234 milliseconds in repetition 384
tcp_ping received 12288 bytes back
Round trip time was 0.042538 milliseconds in repetition 385
tcp_ping received 12288 bytes back
Round trip time was 0.038629 milliseconds in repetition 386
tcp_ping received 12288 bytes back
Round trip time was 0.041466 milliseconds in repetition 387
tcp_ping received 12288 bytes back
Round trip time was 0.040354 milliseconds in repetition 388
tcp_ping received 12288 bytes back
Round trip time was 0.0526 milliseconds in repetition 389
tcp_ping received 12288 bytes back
Round trip time was 0.040942 milliseconds in repetition 390
tcp_ping received 12288 bytes back
Round trip time was 0.039148 milliseconds in repetition 391
tcp_ping received 12288 bytes back
Round trip time was 0.046852 milliseconds in repetition 392
tcp_ping received 12288 bytes back
Round trip time was 0.041711 milliseconds in repetition 393
tcp_ping received 12288 bytes back
Round trip time was 0.039389 milliseconds in repetition 394
tcp_ping received 12288 bytes back
Round trip time was 0.044322 milliseconds in repetition 395
tcp_ping received 12288 bytes back
Round trip time was 0.03916 milliseconds in repetition 396
tcp_ping received 12288 bytes back
Round trip time was 0.039936 milliseconds in repetition 397
tcp_ping received 12288 bytes back
Round trip time was 0.039332 milliseconds in repetition 398
tcp_ping received 12288 bytes back
Round trip time was 0.039185 milliseconds in repetition 399
tcp_ping received 12288 bytes back
Round trip time was 0.039967 milliseconds in repetition 400
tcp_ping received 12288 bytes back
Round trip time was 0.040203 milliseconds in repetition 401
tcp_ping received 12288 bytes back
Round trip time was 0.040429 milliseconds in repetition 402
tcp_ping received 12288 bytes back
Round trip time was 0.039146 milliseconds in repetition 403
tcp_ping received 12288 bytes back
Round trip time was 0.040407 milliseconds in repetition 404
tcp_ping received 12288 bytes back
Round trip time was 0.038562 milliseconds in repetition 405
tcp_ping received 12288 bytes back
Round trip time was 0.03911 milliseconds in repetition 406
tcp_ping received 12288 bytes back
Round trip time was 0.038983 milliseconds in repetition 407
tcp_ping received 12288 bytes back
Round trip time was 0.039005 milliseconds in repetition 408
tcp_ping received 12288 bytes back
Round trip time was 0.039284 milliseconds in repetition 409
tcp_ping received 12288 bytes back
Round trip time was 0.042151 milliseconds in repetition 410
tcp_ping received 12288 bytes back
Round trip time was 0.040078 milliseconds in repetition 411
tcp_ping received 12288 bytes back
Round trip time was 0.039834 milliseconds in repetition 412
tcp_ping received 12288 bytes back
Round trip time was 0.040661 milliseconds in repetition 413
tcp_ping received 12288 bytes back
Round trip time was 0.039382 milliseconds in repetition 414
tcp_ping received 12288 bytes back
Round trip time was 0.044035 milliseconds in repetition 415
tcp_ping received 12288 bytes back
Round trip time was 0.039184 milliseconds in repetition 416
tcp_ping received 12288 bytes back
Round trip time was 0.039042 milliseconds in repetition 417
tcp_ping received 12288 bytes back
Round trip time was 0.038331 milliseconds in repetition 418
tcp_ping received 12288 bytes back
Round trip time was 0.039322 milliseconds in repetition 419
tcp_ping received 12288 bytes back
Round trip time was 0.039443 milliseconds in repetition 420
tcp_ping received 12288 bytes back
Round trip time was 0.039019 milliseconds in repetition 421
tcp_ping received 12288 bytes back
Round trip time was 0.039059 milliseconds in repetition 422
tcp_ping received 12288 bytes back
Round trip time was 0.039425 milliseconds in repetition 423
tcp_ping received 12288 bytes back
Round trip time was 0.039342 milliseconds in repetition 424
tcp_ping received 12288 bytes back
Round trip time was 0.039225 milliseconds in repetition 425
tcp_ping received 12288 bytes back
Round trip time was 0.038957 milliseconds in repetition 426
tcp_ping received 12288 bytes back
Round trip time was 0.038994 milliseconds in repetition 427
tcp_ping received 12288 bytes back
Round trip time was 0.039286 milliseconds in repetition 428
tcp_ping received 12288 bytes back
Round trip time was 0.03978 milliseconds in repetition 429
tcp_ping received 12288 bytes back
Round trip time was 0.037798 milliseconds in repetition 430
tcp_ping received 12288 bytes back
Round trip time was 0.040253 milliseconds in repetition 431
tcp_ping received 12288 bytes back
Round trip time was 0.043499 milliseconds in repetition 432
tcp_ping received 12288 bytes back
Round trip time was 0.039832 milliseconds in repetition 433
tcp_ping received 12288 bytes back
Round trip time was 0.039024 milliseconds in repetition 434
tcp_ping received 12288 bytes back
Round trip time was 0.040223 milliseconds in repetition 435
tcp_ping received 12288 bytes back
Round trip time was 0.03981 milliseconds in repetition 436
tcp_ping received 12288 bytes back
Round trip time was 0.040668 milliseconds in repetition 437
tcp_ping received 12288 bytes back
Round trip time was 0.040253 milliseconds in repetition 438
tcp_ping received 12288 bytes back
Round trip time was 0.039239 milliseconds in repetition 439
tcp_ping received 12288 bytes back
Round trip time was 0.039289 milliseconds in repetition 440
tcp_ping received 12288 bytes back
Round trip time was 0.038957 milliseconds in repetition 441
tcp_ping received 12288 bytes back
Round trip time was 0.039114 milliseconds in repetition 442
tcp_ping received 12288 bytes back
Round trip time was 0.039143 milliseconds in repetition 443
tcp_ping received 12288 bytes back
Round trip time was 0.042094 milliseconds in repetition 444
tcp_ping received 12288 bytes back
Round trip time was 0.039732 milliseconds in repetition 445
tcp_ping received 12288 bytes back
Round trip time was 0.039038 milliseconds in repetition 446
tcp_ping received 12288 bytes back
Round trip time was 0.039424 milliseconds in repetition 447
tcp_ping received 12288 bytes back
Round trip time was 0.039145 milliseconds in repetition 448
tcp_ping received 12288 bytes back
Round trip time was 0.039193 milliseconds in repetition 449
tcp_ping received 12288 bytes back
Round trip time was 0.039139 milliseconds in repetition 450
tcp_ping received 12288 bytes back
Round trip time was 0.038961 milliseconds in repetition 451
tcp_ping received 12288 bytes back
Round trip time was 0.039205 milliseconds in repetition 452
tcp_ping received 12288 bytes back
Round trip time was 0.04244 milliseconds in repetition 453
tcp_ping received 12288 bytes back
Round trip time was 0.039507 milliseconds in repetition 454
tcp_ping received 12288 bytes back
Round trip time was 0.038695 milliseconds in repetition 455
tcp_ping received 12288 bytes back
Round trip time was 0.039818 milliseconds in repetition 456
tcp_ping received 12288 bytes back
Round trip time was 0.039166 milliseconds in repetition 457
tcp_ping received 12288 bytes back
Round trip time was 0.039026 milliseconds in repetition 458
tcp_ping received 12288 bytes back
Round trip time was 0.039726 milliseconds in repetition 459
tcp_ping received 12288 bytes back
Round trip time was 0.039289 milliseconds in repetition 460
tcp_ping received 12288 bytes back
Round trip time was 0.038629 milliseconds in repetition 461
tcp_ping received 12288 bytes back
Round trip time was 0.03918 milliseconds in repetition 462
tcp_ping received 12288 bytes back
Round trip time was 0.039274 milliseconds in repetition 463
tcp_ping received 12288 bytes back
Round trip time was 0.040528 milliseconds in repetition 464
tcp_ping received 12288 bytes back
Round trip time was 0.044132 milliseconds in repetition 465
tcp_ping received 12288 bytes back
Round trip time was 0.039785 milliseconds in repetition 466
tcp_ping received 12288 bytes back
Round trip time was 0.039432 milliseconds in repetition 467
tcp_ping received 12288 bytes back
Round trip time was 0.039248 milliseconds in repetition 468
tcp_ping received 12288 bytes back
Round trip time was 0.040372 milliseconds in repetition 469
tcp_ping received 12288 bytes back
Round trip time was 0.043827 milliseconds in repetition 470
tcp_ping received 12288 bytes back
Round trip time was 0.039726 milliseconds in repetition 471
tcp_ping received 12288 bytes back
Round trip time was 0.039393 milliseconds in repetition 472
tcp_ping received 12288 bytes back
Round trip time was 0.03934 milliseconds in repetition 473
tcp_ping received 12288 bytes back
Round trip time was 0.039676 milliseconds in repetition 474
tcp_ping received 12288 bytes back
Round trip time was 0.044276 milliseconds in repetition 475
tcp_ping received 12288 bytes back
Round trip time was 0.039545 milliseconds in repetition 476
tcp_ping received 12288 bytes back
Round trip time was 0.041656 milliseconds in repetition 477
tcp_ping received 12288 bytes back
Round trip time was 0.03931 milliseconds in repetition 478
tcp_ping received 12288 bytes back
Round trip time was 0.039527 milliseconds in repetition 479
tcp_ping received 12288 bytes back
Round trip time was 0.03948 milliseconds in repetition 480
tcp_ping received 12288 bytes back
Round trip time was 0.039844 milliseconds in repetition 481
tcp_ping received 12288 bytes back
Round trip time was 0.039956 milliseconds in repetition 482
tcp_ping received 12288 bytes back
Round trip time was 0.039212 milliseconds in repetition 483
tcp_ping received 12288 bytes back
Round trip time was 0.039703 milliseconds in repetition 484
tcp_ping received 12288 bytes back
Round trip time was 0.039339 milliseconds in repetition 485
tcp_ping received 12288 bytes back
Round trip time was 0.039533 milliseconds in repetition 486
tcp_ping received 12288 bytes back
Round trip time was 0.038455 milliseconds in repetition 487
tcp_ping received 12288 bytes back
Round trip time was 0.038666 milliseconds in repetition 488
tcp_ping received 12288 bytes back
Round trip time was 0.040147 milliseconds in repetition 489
tcp_ping received 12288 bytes back
Round trip time was 0.039243 milliseconds in repetition 490
tcp_ping received 12288 bytes back
Round trip time was 0.039316 milliseconds in repetition 491
tcp_ping received 12288 bytes back
Round trip time was 0.039923 milliseconds in repetition 492
tcp_ping received 12288 bytes back
Round trip time was 0.043562 milliseconds in repetition 493
tcp_ping received 12288 bytes back
Round trip time was 0.039176 milliseconds in repetition 494
tcp_ping received 12288 bytes back
Round trip time was 0.039203 milliseconds in repetition 495
tcp_ping received 12288 bytes back
Round trip time was 0.039221 milliseconds in repetition 496
tcp_ping received 12288 bytes back
Round trip time was 0.039126 milliseconds in repetition 497
tcp_ping received 12288 bytes back
Round trip time was 0.039114 milliseconds in repetition 498
tcp_ping received 12288 bytes back
Round trip time was 0.039252 milliseconds in repetition 499
tcp_ping received 12288 bytes back
Round trip time was 0.039345 milliseconds in repetition 500
tcp_ping received 12288 bytes back
Round trip time was 0.040151 milliseconds in repetition 501

 ... clock resolution was 1e-06
TCP Ping:  Statistics over 501 repetitions of 12288 byte messages

RTT : percentile 10: 0.039003, median: 0.039495, percentile 90: 0.042094, average: 0.0405105, variance: 1.34278e-05

RTT histogram:
0.0377975 18
0.0394943 375
0.0411911 57
0.0428879 17
0.0445847 11
0.0462815 2
0.0479783 4
0.0496751 4
0.0513719 1
0.0530687 1
0.0547655 1
0.0564623 0
0.0581591 1
0.0598559 4
0.0615527 2
0.0632495 0
0.0649463 2
0.0666431 0
0.0683399 0
0.0700367 0
0.0717335 1

   median Throughput : 622256 KB/s   overall Throughput : 606658 KB/s

