UDP Ping trying to connect to server localhost (127.0.0.1) on TCP port 1491
 ... connected to Pong server: asking for 501 repetitions of 2048 _bytes UDP messages
 ... Pong server agreed to ping-pong using port 49152 :-)
Round trip time was  0.016 milliseconds in repetition 1
Round trip time was 565.063 milliseconds in repetition 2
Round trip time was  0.005 milliseconds in repetition 3
Round trip time was 565.076 milliseconds in repetition 4
Round trip time was  0.005 milliseconds in repetition 5
Round trip time was 565.089 milliseconds in repetition 6
Round trip time was  0.005 milliseconds in repetition 7
Round trip time was 565.101 milliseconds in repetition 8
Round trip time was  0.005 milliseconds in repetition 9
Round trip time was 565.113 milliseconds in repetition 10
Round trip time was  0.005 milliseconds in repetition 11
Round trip time was 565.124 milliseconds in repetition 12
Round trip time was  0.005 milliseconds in repetition 13
Round trip time was 565.136 milliseconds in repetition 14
Round trip time was  0.005 milliseconds in repetition 15
Round trip time was 565.147 milliseconds in repetition 16
Round trip time was  0.005 milliseconds in repetition 17
Round trip time was 565.159 milliseconds in repetition 18
Round trip time was  0.005 milliseconds in repetition 19
Round trip time was 565.171 milliseconds in repetition 20
Round trip time was  0.005 milliseconds in repetition 21
Round trip time was 565.182 milliseconds in repetition 22
Round trip time was  0.005 milliseconds in repetition 23
Round trip time was 565.194 milliseconds in repetition 24
Round trip time was  0.005 milliseconds in repetition 25
Round trip time was 565.206 milliseconds in repetition 26
Round trip time was  0.005 milliseconds in repetition 27
Round trip time was 565.218 milliseconds in repetition 28
Round trip time was  0.005 milliseconds in repetition 29
Round trip time was 565.229 milliseconds in repetition 30
Round trip time was  0.005 milliseconds in repetition 31
Round trip time was 565.240 milliseconds in repetition 32
Round trip time was  0.005 milliseconds in repetition 33
Round trip time was 565.252 milliseconds in repetition 34
Round trip time was  0.005 milliseconds in repetition 35
Round trip time was 565.264 milliseconds in repetition 36
Round trip time was  0.005 milliseconds in repetition 37
Round trip time was 565.275 milliseconds in repetition 38
Round trip time was  0.005 milliseconds in repetition 39
Round trip time was 565.287 milliseconds in repetition 40
Round trip time was  0.005 milliseconds in repetition 41
Round trip time was 565.298 milliseconds in repetition 42
Round trip time was  0.005 milliseconds in repetition 43
Round trip time was 565.310 milliseconds in repetition 44
Round trip time was  0.005 milliseconds in repetition 45
Round trip time was 565.321 milliseconds in repetition 46
Round trip time was  0.005 milliseconds in repetition 47
Round trip time was 565.333 milliseconds in repetition 48
Round trip time was  0.005 milliseconds in repetition 49
Round trip time was 565.345 milliseconds in repetition 50
Round trip time was  0.005 milliseconds in repetition 51
Round trip time was 565.356 milliseconds in repetition 52
Round trip time was  0.005 milliseconds in repetition 53
Round trip time was 565.368 milliseconds in repetition 54
Round trip time was  0.005 milliseconds in repetition 55
Round trip time was 565.379 milliseconds in repetition 56
Round trip time was  0.005 milliseconds in repetition 57
Round trip time was 565.391 milliseconds in repetition 58
Round trip time was  0.005 milliseconds in repetition 59
Round trip time was 565.402 milliseconds in repetition 60
Round trip time was  0.005 milliseconds in repetition 61
Round trip time was 565.413 milliseconds in repetition 62
Round trip time was  0.005 milliseconds in repetition 63
Round trip time was 565.425 milliseconds in repetition 64
Round trip time was  0.005 milliseconds in repetition 65
Round trip time was 565.436 milliseconds in repetition 66
Round trip time was  0.005 milliseconds in repetition 67
Round trip time was 565.447 milliseconds in repetition 68
Round trip time was  0.013 milliseconds in repetition 69
Round trip time was 565.501 milliseconds in repetition 70
Round trip time was  0.006 milliseconds in repetition 71
Round trip time was 565.515 milliseconds in repetition 72
Round trip time was  0.005 milliseconds in repetition 73
Round trip time was 565.528 milliseconds in repetition 74
Round trip time was  0.005 milliseconds in repetition 75
Round trip time was 565.539 milliseconds in repetition 76
Round trip time was  0.005 milliseconds in repetition 77
Round trip time was 565.551 milliseconds in repetition 78
Round trip time was  0.005 milliseconds in repetition 79
Round trip time was 565.563 milliseconds in repetition 80
Round trip time was  0.005 milliseconds in repetition 81
Round trip time was 565.574 milliseconds in repetition 82
Round trip time was  0.005 milliseconds in repetition 83
Round trip time was 565.586 milliseconds in repetition 84
Round trip time was  0.005 milliseconds in repetition 85
Round trip time was 565.598 milliseconds in repetition 86
Round trip time was  0.005 milliseconds in repetition 87
Round trip time was 565.609 milliseconds in repetition 88
Round trip time was  0.005 milliseconds in repetition 89
Round trip time was 565.621 milliseconds in repetition 90
Round trip time was  0.005 milliseconds in repetition 91
Round trip time was 565.633 milliseconds in repetition 92
Round trip time was  0.005 milliseconds in repetition 93
Round trip time was 565.644 milliseconds in repetition 94
Round trip time was  0.005 milliseconds in repetition 95
Round trip time was 565.655 milliseconds in repetition 96
Round trip time was  0.005 milliseconds in repetition 97
Round trip time was 565.667 milliseconds in repetition 98
Round trip time was  0.005 milliseconds in repetition 99
Round trip time was 565.678 milliseconds in repetition 100
Round trip time was  0.005 milliseconds in repetition 101
Round trip time was 565.690 milliseconds in repetition 102
Round trip time was  0.005 milliseconds in repetition 103
Round trip time was 565.701 milliseconds in repetition 104
Round trip time was  0.005 milliseconds in repetition 105
Round trip time was 565.713 milliseconds in repetition 106
Round trip time was  0.005 milliseconds in repetition 107
Round trip time was 565.724 milliseconds in repetition 108
Round trip time was  0.005 milliseconds in repetition 109
Round trip time was 565.736 milliseconds in repetition 110
Round trip time was  0.005 milliseconds in repetition 111
Round trip time was 565.747 milliseconds in repetition 112
Round trip time was  0.005 milliseconds in repetition 113
Round trip time was 565.760 milliseconds in repetition 114
Round trip time was  0.005 milliseconds in repetition 115
Round trip time was 565.771 milliseconds in repetition 116
Round trip time was  0.005 milliseconds in repetition 117
Round trip time was 565.783 milliseconds in repetition 118
Round trip time was  0.005 milliseconds in repetition 119
Round trip time was 565.795 milliseconds in repetition 120
Round trip time was  0.005 milliseconds in repetition 121
Round trip time was 565.806 milliseconds in repetition 122
Round trip time was  0.005 milliseconds in repetition 123
Round trip time was 565.818 milliseconds in repetition 124
Round trip time was  0.005 milliseconds in repetition 125
Round trip time was 565.829 milliseconds in repetition 126
Round trip time was  0.005 milliseconds in repetition 127
Round trip time was 565.840 milliseconds in repetition 128
Round trip time was  0.005 milliseconds in repetition 129
Round trip time was 565.852 milliseconds in repetition 130
Round trip time was  0.005 milliseconds in repetition 131
Round trip time was 565.863 milliseconds in repetition 132
Round trip time was  0.005 milliseconds in repetition 133
Round trip time was 565.875 milliseconds in repetition 134
Round trip time was  0.005 milliseconds in repetition 135
Round trip time was 565.886 milliseconds in repetition 136
Round trip time was  0.005 milliseconds in repetition 137
Round trip time was 565.898 milliseconds in repetition 138
Round trip time was  0.005 milliseconds in repetition 139
Round trip time was 565.919 milliseconds in repetition 140
Round trip time was  0.006 milliseconds in repetition 141
Round trip time was 565.933 milliseconds in repetition 142
Round trip time was  0.005 milliseconds in repetition 143
Round trip time was 565.945 milliseconds in repetition 144
Round trip time was  0.005 milliseconds in repetition 145
Round trip time was 565.957 milliseconds in repetition 146
Round trip time was  0.005 milliseconds in repetition 147
Round trip time was 565.969 milliseconds in repetition 148
Round trip time was  0.005 milliseconds in repetition 149
Round trip time was 565.981 milliseconds in repetition 150
Round trip time was  0.005 milliseconds in repetition 151
Round trip time was 565.992 milliseconds in repetition 152
Round trip time was  0.005 milliseconds in repetition 153
Round trip time was 566.004 milliseconds in repetition 154
Round trip time was  0.005 milliseconds in repetition 155
Round trip time was 566.016 milliseconds in repetition 156
Round trip time was  0.005 milliseconds in repetition 157
Round trip time was 566.028 milliseconds in repetition 158
Round trip time was  0.005 milliseconds in repetition 159
Round trip time was 566.039 milliseconds in repetition 160
Round trip time was  0.005 milliseconds in repetition 161
Round trip time was 566.051 milliseconds in repetition 162
Round trip time was  0.005 milliseconds in repetition 163
Round trip time was 566.063 milliseconds in repetition 164
Round trip time was  0.005 milliseconds in repetition 165
Round trip time was 566.074 milliseconds in repetition 166
Round trip time was  0.005 milliseconds in repetition 167
Round trip time was 566.086 milliseconds in repetition 168
Round trip time was  0.005 milliseconds in repetition 169
Round trip time was 566.097 milliseconds in repetition 170
Round trip time was  0.005 milliseconds in repetition 171
Round trip time was 566.109 milliseconds in repetition 172
Round trip time was  0.005 milliseconds in repetition 173
Round trip time was 566.120 milliseconds in repetition 174
Round trip time was  0.005 milliseconds in repetition 175
Round trip time was 566.132 milliseconds in repetition 176
Round trip time was  0.005 milliseconds in repetition 177
Round trip time was 566.144 milliseconds in repetition 178
Round trip time was  0.005 milliseconds in repetition 179
Round trip time was 566.155 milliseconds in repetition 180
Round trip time was  0.005 milliseconds in repetition 181
Round trip time was 566.166 milliseconds in repetition 182
Round trip time was  0.005 milliseconds in repetition 183
Round trip time was 566.178 milliseconds in repetition 184
Round trip time was  0.005 milliseconds in repetition 185
Round trip time was 566.190 milliseconds in repetition 186
Round trip time was  0.005 milliseconds in repetition 187
Round trip time was 566.202 milliseconds in repetition 188
Round trip time was  0.005 milliseconds in repetition 189
Round trip time was 566.213 milliseconds in repetition 190
Round trip time was  0.005 milliseconds in repetition 191
Round trip time was 566.224 milliseconds in repetition 192
Round trip time was  0.005 milliseconds in repetition 193
Round trip time was 566.236 milliseconds in repetition 194
Round trip time was  0.005 milliseconds in repetition 195
Round trip time was 566.248 milliseconds in repetition 196
Round trip time was  0.005 milliseconds in repetition 197
Round trip time was 566.259 milliseconds in repetition 198
Round trip time was  0.005 milliseconds in repetition 199
Round trip time was 566.270 milliseconds in repetition 200
Round trip time was  0.005 milliseconds in repetition 201
Round trip time was 566.282 milliseconds in repetition 202
Round trip time was  0.005 milliseconds in repetition 203
Round trip time was 566.294 milliseconds in repetition 204
Round trip time was  0.005 milliseconds in repetition 205
Round trip time was 566.305 milliseconds in repetition 206
Round trip time was  0.005 milliseconds in repetition 207
Round trip time was 566.316 milliseconds in repetition 208
Round trip time was  0.005 milliseconds in repetition 209
Round trip time was 566.335 milliseconds in repetition 210
Round trip time was  0.006 milliseconds in repetition 211
Round trip time was 566.349 milliseconds in repetition 212
Round trip time was  0.005 milliseconds in repetition 213
Round trip time was 566.360 milliseconds in repetition 214
Round trip time was  0.005 milliseconds in repetition 215
Round trip time was 566.372 milliseconds in repetition 216
Round trip time was  0.005 milliseconds in repetition 217
Round trip time was 566.384 milliseconds in repetition 218
Round trip time was  0.005 milliseconds in repetition 219
Round trip time was 566.395 milliseconds in repetition 220
Round trip time was  0.005 milliseconds in repetition 221
Round trip time was 566.407 milliseconds in repetition 222
Round trip time was  0.005 milliseconds in repetition 223
Round trip time was 566.418 milliseconds in repetition 224
Round trip time was  0.005 milliseconds in repetition 225
Round trip time was 566.430 milliseconds in repetition 226
Round trip time was  0.005 milliseconds in repetition 227
Round trip time was 566.441 milliseconds in repetition 228
Round trip time was  0.005 milliseconds in repetition 229
Round trip time was 566.453 milliseconds in repetition 230
Round trip time was  0.005 milliseconds in repetition 231
Round trip time was 566.464 milliseconds in repetition 232
Round trip time was  0.005 milliseconds in repetition 233
Round trip time was 566.476 milliseconds in repetition 234
Round trip time was  0.005 milliseconds in repetition 235
Round trip time was 566.487 milliseconds in repetition 236
Round trip time was  0.005 milliseconds in repetition 237
Round trip time was 566.499 milliseconds in repetition 238
Round trip time was  0.005 milliseconds in repetition 239
Round trip time was 566.510 milliseconds in repetition 240
Round trip time was  0.005 milliseconds in repetition 241
Round trip time was 566.522 milliseconds in repetition 242
Round trip time was  0.005 milliseconds in repetition 243
Round trip time was 566.533 milliseconds in repetition 244
Round trip time was  0.005 milliseconds in repetition 245
Round trip time was 566.545 milliseconds in repetition 246
Round trip time was  0.005 milliseconds in repetition 247
Round trip time was 566.556 milliseconds in repetition 248
Round trip time was  0.005 milliseconds in repetition 249
Round trip time was 566.567 milliseconds in repetition 250
Round trip time was  0.005 milliseconds in repetition 251
Round trip time was 566.579 milliseconds in repetition 252
Round trip time was  0.005 milliseconds in repetition 253
Round trip time was 566.590 milliseconds in repetition 254
Round trip time was  0.005 milliseconds in repetition 255
Round trip time was 566.602 milliseconds in repetition 256
Round trip time was  0.005 milliseconds in repetition 257
Round trip time was 566.613 milliseconds in repetition 258
Round trip time was  0.005 milliseconds in repetition 259
Round trip time was 566.625 milliseconds in repetition 260
Round trip time was  0.005 milliseconds in repetition 261
Round trip time was 566.636 milliseconds in repetition 262
Round trip time was  0.005 milliseconds in repetition 263
Round trip time was 566.648 milliseconds in repetition 264
Round trip time was  0.005 milliseconds in repetition 265
Round trip time was 566.659 milliseconds in repetition 266
Round trip time was  0.005 milliseconds in repetition 267
Round trip time was 566.671 milliseconds in repetition 268
Round trip time was  0.005 milliseconds in repetition 269
Round trip time was 566.683 milliseconds in repetition 270
Round trip time was  0.005 milliseconds in repetition 271
Round trip time was 566.694 milliseconds in repetition 272
Round trip time was  0.005 milliseconds in repetition 273
Round trip time was 566.706 milliseconds in repetition 274
Round trip time was  0.005 milliseconds in repetition 275
Round trip time was 566.717 milliseconds in repetition 276
Round trip time was  0.005 milliseconds in repetition 277
Round trip time was 566.729 milliseconds in repetition 278
Round trip time was  0.005 milliseconds in repetition 279
Round trip time was 566.748 milliseconds in repetition 280
Round trip time was  0.006 milliseconds in repetition 281
Round trip time was 566.761 milliseconds in repetition 282
Round trip time was  0.005 milliseconds in repetition 283
Round trip time was 566.773 milliseconds in repetition 284
Round trip time was  0.005 milliseconds in repetition 285
Round trip time was 566.784 milliseconds in repetition 286
Round trip time was  0.005 milliseconds in repetition 287
Round trip time was 566.796 milliseconds in repetition 288
Round trip time was  0.005 milliseconds in repetition 289
Round trip time was 566.807 milliseconds in repetition 290
Round trip time was  0.005 milliseconds in repetition 291
Round trip time was 566.819 milliseconds in repetition 292
Round trip time was  0.005 milliseconds in repetition 293
Round trip time was 566.830 milliseconds in repetition 294
Round trip time was  0.005 milliseconds in repetition 295
Round trip time was 566.842 milliseconds in repetition 296
Round trip time was  0.005 milliseconds in repetition 297
Round trip time was 566.853 milliseconds in repetition 298
Round trip time was  0.005 milliseconds in repetition 299
Round trip time was 566.865 milliseconds in repetition 300
Round trip time was  0.005 milliseconds in repetition 301
Round trip time was 566.876 milliseconds in repetition 302
Round trip time was  0.005 milliseconds in repetition 303
Round trip time was 566.888 milliseconds in repetition 304
Round trip time was  0.005 milliseconds in repetition 305
Round trip time was 566.899 milliseconds in repetition 306
Round trip time was  0.005 milliseconds in repetition 307
Round trip time was 566.911 milliseconds in repetition 308
Round trip time was  0.005 milliseconds in repetition 309
Round trip time was 566.922 milliseconds in repetition 310
Round trip time was  0.005 milliseconds in repetition 311
Round trip time was 566.934 milliseconds in repetition 312
Round trip time was  0.005 milliseconds in repetition 313
Round trip time was 566.946 milliseconds in repetition 314
Round trip time was  0.005 milliseconds in repetition 315
Round trip time was 566.957 milliseconds in repetition 316
Round trip time was  0.005 milliseconds in repetition 317
Round trip time was 566.968 milliseconds in repetition 318
Round trip time was  0.005 milliseconds in repetition 319
Round trip time was 566.980 milliseconds in repetition 320
Round trip time was  0.005 milliseconds in repetition 321
Round trip time was 566.991 milliseconds in repetition 322
Round trip time was  0.005 milliseconds in repetition 323
Round trip time was 567.003 milliseconds in repetition 324
Round trip time was  0.005 milliseconds in repetition 325
Round trip time was 567.014 milliseconds in repetition 326
Round trip time was  0.005 milliseconds in repetition 327
Round trip time was 567.026 milliseconds in repetition 328
Round trip time was  0.005 milliseconds in repetition 329
Round trip time was 567.037 milliseconds in repetition 330
Round trip time was  0.005 milliseconds in repetition 331
Round trip time was 567.049 milliseconds in repetition 332
Round trip time was  0.005 milliseconds in repetition 333
Round trip time was 567.061 milliseconds in repetition 334
Round trip time was  0.005 milliseconds in repetition 335
Round trip time was 567.072 milliseconds in repetition 336
Round trip time was  0.005 milliseconds in repetition 337
Round trip time was 567.084 milliseconds in repetition 338
Round trip time was  0.005 milliseconds in repetition 339
Round trip time was 567.095 milliseconds in repetition 340
Round trip time was  0.005 milliseconds in repetition 341
Round trip time was 567.107 milliseconds in repetition 342
Round trip time was  0.005 milliseconds in repetition 343
Round trip time was 567.119 milliseconds in repetition 344
Round trip time was  0.005 milliseconds in repetition 345
Round trip time was 567.130 milliseconds in repetition 346
Round trip time was  0.005 milliseconds in repetition 347
Round trip time was 567.142 milliseconds in repetition 348
Round trip time was  0.005 milliseconds in repetition 349
Round trip time was 567.160 milliseconds in repetition 350
Round trip time was  0.005 milliseconds in repetition 351
Round trip time was 567.173 milliseconds in repetition 352
Round trip time was  0.005 milliseconds in repetition 353
Round trip time was 567.185 milliseconds in repetition 354
Round trip time was  0.005 milliseconds in repetition 355
Round trip time was 567.197 milliseconds in repetition 356
Round trip time was  0.023 milliseconds in repetition 357
Round trip time was 567.227 milliseconds in repetition 358
Round trip time was  0.005 milliseconds in repetition 359
Round trip time was 567.240 milliseconds in repetition 360
Round trip time was  0.005 milliseconds in repetition 361
Round trip time was 567.252 milliseconds in repetition 362
Round trip time was  0.005 milliseconds in repetition 363
Round trip time was 567.264 milliseconds in repetition 364
Round trip time was  0.005 milliseconds in repetition 365
Round trip time was 567.276 milliseconds in repetition 366
Round trip time was  0.005 milliseconds in repetition 367
Round trip time was 567.287 milliseconds in repetition 368
Round trip time was  0.005 milliseconds in repetition 369
Round trip time was 567.299 milliseconds in repetition 370
Round trip time was  0.005 milliseconds in repetition 371
Round trip time was 567.310 milliseconds in repetition 372
Round trip time was  0.005 milliseconds in repetition 373
Round trip time was 567.321 milliseconds in repetition 374
Round trip time was  0.005 milliseconds in repetition 375
Round trip time was 567.333 milliseconds in repetition 376
Round trip time was  0.005 milliseconds in repetition 377
Round trip time was 567.344 milliseconds in repetition 378
Round trip time was  0.005 milliseconds in repetition 379
Round trip time was 567.356 milliseconds in repetition 380
Round trip time was  0.005 milliseconds in repetition 381
Round trip time was 567.367 milliseconds in repetition 382
Round trip time was  0.005 milliseconds in repetition 383
Round trip time was 567.379 milliseconds in repetition 384
Round trip time was  0.005 milliseconds in repetition 385
Round trip time was 567.390 milliseconds in repetition 386
Round trip time was  0.005 milliseconds in repetition 387
Round trip time was 567.401 milliseconds in repetition 388
Round trip time was  0.005 milliseconds in repetition 389
Round trip time was 567.413 milliseconds in repetition 390
Round trip time was  0.005 milliseconds in repetition 391
Round trip time was 567.424 milliseconds in repetition 392
Round trip time was  0.005 milliseconds in repetition 393
Round trip time was 567.436 milliseconds in repetition 394
Round trip time was  0.005 milliseconds in repetition 395
Round trip time was 567.447 milliseconds in repetition 396
Round trip time was  0.005 milliseconds in repetition 397
Round trip time was 567.459 milliseconds in repetition 398
Round trip time was  0.005 milliseconds in repetition 399
Round trip time was 567.470 milliseconds in repetition 400
Round trip time was  0.005 milliseconds in repetition 401
Round trip time was 567.482 milliseconds in repetition 402
Round trip time was  0.005 milliseconds in repetition 403
Round trip time was 567.493 milliseconds in repetition 404
Round trip time was  0.005 milliseconds in repetition 405
Round trip time was 567.505 milliseconds in repetition 406
Round trip time was  0.005 milliseconds in repetition 407
Round trip time was 567.516 milliseconds in repetition 408
Round trip time was  0.005 milliseconds in repetition 409
Round trip time was 567.527 milliseconds in repetition 410
Round trip time was  0.005 milliseconds in repetition 411
Round trip time was 567.539 milliseconds in repetition 412
Round trip time was  0.005 milliseconds in repetition 413
Round trip time was 567.550 milliseconds in repetition 414
Round trip time was  0.005 milliseconds in repetition 415
Round trip time was 567.561 milliseconds in repetition 416
Round trip time was  0.005 milliseconds in repetition 417
Round trip time was 567.573 milliseconds in repetition 418
Round trip time was  0.005 milliseconds in repetition 419
Round trip time was 567.593 milliseconds in repetition 420
Round trip time was  0.006 milliseconds in repetition 421
Round trip time was 567.607 milliseconds in repetition 422
Round trip time was  0.005 milliseconds in repetition 423
Round trip time was 567.619 milliseconds in repetition 424
Round trip time was  0.005 milliseconds in repetition 425
Round trip time was 567.631 milliseconds in repetition 426
Round trip time was  0.005 milliseconds in repetition 427
Round trip time was 567.643 milliseconds in repetition 428
Round trip time was  0.005 milliseconds in repetition 429
Round trip time was 567.654 milliseconds in repetition 430
Round trip time was  0.005 milliseconds in repetition 431
Round trip time was 567.665 milliseconds in repetition 432
Round trip time was  0.005 milliseconds in repetition 433
Round trip time was 567.677 milliseconds in repetition 434
Round trip time was  0.005 milliseconds in repetition 435
Round trip time was 567.688 milliseconds in repetition 436
Round trip time was  0.005 milliseconds in repetition 437
Round trip time was 567.700 milliseconds in repetition 438
Round trip time was  0.005 milliseconds in repetition 439
Round trip time was 567.711 milliseconds in repetition 440
Round trip time was  0.005 milliseconds in repetition 441
Round trip time was 567.723 milliseconds in repetition 442
Round trip time was  0.005 milliseconds in repetition 443
Round trip time was 567.734 milliseconds in repetition 444
Round trip time was  0.005 milliseconds in repetition 445
Round trip time was 567.746 milliseconds in repetition 446
Round trip time was  0.005 milliseconds in repetition 447
Round trip time was 567.757 milliseconds in repetition 448
Round trip time was  0.005 milliseconds in repetition 449
Round trip time was 567.768 milliseconds in repetition 450
Round trip time was  0.005 milliseconds in repetition 451
Round trip time was 567.780 milliseconds in repetition 452
Round trip time was  0.005 milliseconds in repetition 453
Round trip time was 567.791 milliseconds in repetition 454
Round trip time was  0.005 milliseconds in repetition 455
Round trip time was 567.803 milliseconds in repetition 456
Round trip time was  0.005 milliseconds in repetition 457
Round trip time was 567.814 milliseconds in repetition 458
Round trip time was  0.005 milliseconds in repetition 459
Round trip time was 567.826 milliseconds in repetition 460
Round trip time was  0.005 milliseconds in repetition 461
Round trip time was 567.837 milliseconds in repetition 462
Round trip time was  0.005 milliseconds in repetition 463
Round trip time was 567.849 milliseconds in repetition 464
Round trip time was  0.005 milliseconds in repetition 465
Round trip time was 567.860 milliseconds in repetition 466
Round trip time was  0.005 milliseconds in repetition 467
Round trip time was 567.871 milliseconds in repetition 468
Round trip time was  0.005 milliseconds in repetition 469
Round trip time was 567.883 milliseconds in repetition 470
Round trip time was  0.005 milliseconds in repetition 471
Round trip time was 567.894 milliseconds in repetition 472
Round trip time was  0.005 milliseconds in repetition 473
Round trip time was 567.906 milliseconds in repetition 474
Round trip time was  0.005 milliseconds in repetition 475
Round trip time was 567.917 milliseconds in repetition 476
Round trip time was  0.005 milliseconds in repetition 477
Round trip time was 567.928 milliseconds in repetition 478
Round trip time was  0.005 milliseconds in repetition 479
Round trip time was 567.940 milliseconds in repetition 480
Round trip time was  0.005 milliseconds in repetition 481
Round trip time was 567.951 milliseconds in repetition 482
Round trip time was  0.005 milliseconds in repetition 483
Round trip time was 567.963 milliseconds in repetition 484
Round trip time was  0.005 milliseconds in repetition 485
Round trip time was 567.974 milliseconds in repetition 486
Round trip time was  0.005 milliseconds in repetition 487
Round trip time was 567.985 milliseconds in repetition 488
Round trip time was  0.005 milliseconds in repetition 489
Round trip time was 568.003 milliseconds in repetition 490
Round trip time was  0.006 milliseconds in repetition 491
Round trip time was 568.017 milliseconds in repetition 492
Round trip time was  0.005 milliseconds in repetition 493
Round trip time was 568.029 milliseconds in repetition 494
Round trip time was  0.005 milliseconds in repetition 495
Round trip time was 568.041 milliseconds in repetition 496
Round trip time was  0.005 milliseconds in repetition 497
Round trip time was 568.053 milliseconds in repetition 498
Round trip time was  0.005 milliseconds in repetition 499
Round trip time was 568.064 milliseconds in repetition 500
Round trip time was  0.005 milliseconds in repetition 501

 ... clock resolution was 1e-06
UDP Ping:  Statistics over 501 repetitions of 2048 byte messages

RTT : percentile 10: 0.004855, median: 0.023012, percentile 90: 567.47, average: 282.724, variance: 80410.4

RTT histogram:
0.0047465 251
28.4077 0
56.8107 0
85.2136 0
113.617 0
142.02 0
170.422 0
198.825 0
227.228 0
255.631 0
284.034 0
312.437 0
340.84 0
369.243 0
397.646 0
426.049 0
454.452 0
482.855 0
511.258 0
539.661 0
568.064 250

   median Throughput : 177994 KB/s   overall Throughput : 14.4876 KB/s

